#
# There is insufficient memory for the Java Runtime Environment to continue.
# Native memory allocation (malloc) failed to allocate 132736 bytes for Chunk::new
# Possible reasons:
#   The system is out of physical RAM or swap space
#   In 32 bit mode, the process size limit was hit
# Possible solutions:
#   Reduce memory load on the system
#   Increase physical memory or swap space
#   Check if swap backing store is full
#   Use 64 bit Java on a 64 bit OS
#   Decrease Java heap size (-Xmx/-Xms)
#   Decrease number of Java threads
#   Decrease Java thread stack sizes (-Xss)
#   Set larger code cache with -XX:ReservedCodeCacheSize=
# This output file may be truncated or incomplete.
#
#  Out of Memory Error (allocation.cpp:390), pid=17980, tid=0x0000000000004694
#
# JRE version: Java(TM) SE Runtime Environment (8.0_144-b01) (build 1.8.0_144-b01)
# Java VM: Java HotSpot(TM) 64-Bit Server VM (25.144-b01 mixed mode windows-amd64 compressed oops)
# Failed to write core dump. Minidumps are not enabled by default on client versions of Windows
#

---------------  T H R E A D  ---------------

Current thread (0x000000001c575000):  JavaThread "C2 CompilerThread0" daemon [_thread_in_native, id=18068, stack(0x000000001dc10000,0x000000001dd10000)]

Stack: [0x000000001dc10000,0x000000001dd10000]
[error occurred during error reporting (printing stack bounds), id 0xc0000005]

Native frames: (J=compiled Java code, j=interpreted, Vv=VM code, C=native code)


Current CompileTask:
C2:    502  220   !   4       sun.misc.URLClassPath$JarLoader::getResource (85 bytes)


---------------  P R O C E S S  ---------------

Java Threads: ( => current thread )
  0x000000001e197000 JavaThread "Unknown thread" [_thread_blocked, id=18084, stack(0x000000001ed10000,0x000000001ee10000)]
  0x000000001df48800 JavaThread "Unknown thread" [_thread_blocked, id=18080, stack(0x000000001e310000,0x000000001e410000)]
  0x000000001c580000 JavaThread "Unknown thread" [_thread_blocked, id=18076, stack(0x000000001de10000,0x000000001df10000)]
  0x000000001c57c800 JavaThread "Unknown thread" [_thread_blocked, id=18072, stack(0x000000001dd10000,0x000000001de10000)]
=>0x000000001c575000 JavaThread "Unknown thread" [_thread_in_native, id=18068, stack(0x000000001dc10000,0x000000001dd10000)]
  0x000000001c573800 JavaThread "Unknown thread" [_thread_blocked, id=18060, stack(0x000000001db10000,0x000000001dc10000)]
  0x000000001c570800 JavaThread "Unknown thread" [_thread_blocked, id=18052, stack(0x000000001da10000,0x000000001db10000)]
  0x000000001c559800 
[error occurred during error reporting (printing all threads), id 0xc0000005]

VM state:not at safepoint (normal execution)

VM Mutex/Monitor currently owned by a thread: None

Heap:
 PSYoungGen      total 76288K, used 1310K [0x000000076b300000, 0x0000000770800000, 0x00000007c0000000)
  eden space 65536K, 2% used [0x000000076b300000,0x000000076b447bd8,0x000000076f300000)
  from space 10752K, 0% used [0x000000076f300000,0x000000076f300000,0x000000076fd80000)
  to   space 10752K, 0% used [0x000000076fd80000,0x000000076fd80000,0x0000000770800000)
 ParOldGen       total 117760K, used 1404K [0x00000006c1800000, 0x00000006c8b00000, 0x000000076b300000)
  object space 117760K, 1% used [0x00000006c1800000,0x00000006c195f310,0x00000006c8b00000)
 Metaspace       used 4290K, capacity 5152K, committed 5504K, reserved 1058816K
  class space    used 490K, capacity 528K, committed 640K, reserved 1048576K

Card table byte_map: [0x0000000012340000,0x0000000012b40000] byte_map_base: 0x000000000ed34000

Marking Bits: (ParMarkBitMap*) 0x000000005bd5d850
 Begin Bits: [0x0000000013490000, 0x0000000017430000)
 End Bits:   [0x0000000017430000, 0x000000001b3d0000)

Polling page: 0x0000000001350000

CodeCache: size=245760Kb used=1759Kb max_used=1767Kb free=244000Kb
 bounds [0x0000000002f80000, 0x00000000031f0000, 0x0000000011f80000]
 total_blobs=496 nmethods=248 adapters=161
 compilation: enabled

Compilation events (10 events):
Event: 0.449 Thread 0x000000001c580000  221   !   3       java.util.zip.InflaterInputStream::read (138 bytes)
Event: 0.450 Thread 0x000000001c57c800  223       4       java.lang.String::indexOf (166 bytes)
Event: 0.450 Thread 0x000000001c580000 nmethod 221 0x000000000312df10 code [0x000000000312e180, 0x000000000312f248]
Event: 0.450 Thread 0x000000001c580000  222       3       java.util.zip.InflaterInputStream::ensureOpen (18 bytes)
Event: 0.450 Thread 0x000000001c580000 nmethod 222 0x0000000003125c90 code [0x0000000003125e00, 0x0000000003126048]
Event: 0.456 Thread 0x000000001c57c800 nmethod 223 0x0000000003125290 code [0x00000000031253e0, 0x0000000003125958]
Event: 0.457 Thread 0x000000001c57c800  225       4       java.lang.AbstractStringBuilder::append (50 bytes)
Event: 0.459 Thread 0x000000001c580000  226       3       java.lang.String::indexOf (166 bytes)
Event: 0.460 Thread 0x000000001c580000 nmethod 226 0x0000000003129190 code [0x0000000003129340, 0x0000000003129990]
Event: 0.462 Thread 0x000000001c57c800 nmethod 225 0x0000000003124910 code [0x0000000003124a80, 0x0000000003124ee8]

GC Heap History (0 events):
No events

Deoptimization events (2 events):
Event: 0.390 Thread 0x0000000002e84000 Uncommon trap: reason=unstable_if action=reinterpret pc=0x00000000030cc748 method=java.lang.String.indexOf([CII[CIII)I @ 3
Event: 0.458 Thread 0x000000001e197000 Uncommon trap: reason=unstable_if action=reinterpret pc=0x0000000003125874 method=java.lang.String.indexOf([CII[CIII)I @ 134

Internal exceptions (6 events):
Event: 0.048 Thread 0x0000000002e84000 Exception <a 'java/lang/NoSuchMethodError': Method sun.misc.Unsafe.defineClass(Ljava/lang/String;[BII)Ljava/lang/Class; name or signature does not match> (0x000000076b307ca8) thrown at [C:\re\workspace\8-2-build-windows-amd64-cygwin\jdk8u144\9417\hotspot\
Event: 0.048 Thread 0x0000000002e84000 Exception <a 'java/lang/NoSuchMethodError': Method sun.misc.Unsafe.prefetchRead(Ljava/lang/Object;J)V name or signature does not match> (0x000000076b307f90) thrown at [C:\re\workspace\8-2-build-windows-amd64-cygwin\jdk8u144\9417\hotspot\src\share\vm\prims
Event: 0.235 Thread 0x0000000002e84000 Exception <a 'java/security/PrivilegedActionException'> (0x000000076b755140) thrown at [C:\re\workspace\8-2-build-windows-amd64-cygwin\jdk8u144\9417\hotspot\src\share\vm\prims\jvm.cpp, line 1390]
Event: 0.235 Thread 0x0000000002e84000 Exception <a 'java/security/PrivilegedActionException'> (0x000000076b755350) thrown at [C:\re\workspace\8-2-build-windows-amd64-cygwin\jdk8u144\9417\hotspot\src\share\vm\prims\jvm.cpp, line 1390]
Event: 0.236 Thread 0x0000000002e84000 Exception <a 'java/security/PrivilegedActionException'> (0x000000076b759448) thrown at [C:\re\workspace\8-2-build-windows-amd64-cygwin\jdk8u144\9417\hotspot\src\share\vm\prims\jvm.cpp, line 1390]
Event: 0.236 Thread 0x0000000002e84000 Exception <a 'java/security/PrivilegedActionException'> (0x000000076b759658) thrown at [C:\re\workspace\8-2-build-windows-amd64-cygwin\jdk8u144\9417\hotspot\src\share\vm\prims\jvm.cpp, line 1390]

Events (10 events):
Event: 0.465 loading class com/ning/http/client/providers/netty/chmv8/ConcurrentHashMapV8$Fun
Event: 0.465 loading class com/ning/http/client/providers/netty/chmv8/ConcurrentHashMapV8$Fun done
Event: 0.468 loading class org/jboss/netty/channel/socket/ClientSocketChannelFactory
Event: 0.468 loading class org/jboss/netty/channel/socket/ClientSocketChannelFactory done
Event: 0.469 loading class org/jboss/netty/channel/ChannelFactory
Event: 0.469 loading class org/jboss/netty/channel/ChannelFactory done
Event: 0.469 Thread 0x0000000002e84000 DEOPT PACKING pc=0x0000000003129876 sp=0x0000000002e79150
Event: 0.469 Thread 0x0000000002e84000 DEOPT UNPACKING pc=0x0000000002fc787f sp=0x0000000002e78e28 mode 0
Event: 0.470 loading class org/jboss/netty/util/ExternalResourceReleasable
Event: 0.470 loading class org/jboss/netty/util/ExternalResourceReleasable done


Dynamic libraries:
0x00007ff6b7ae0000 - 0x00007ff6b7b17000 	C:\Program Files\Java\jdk1.8.0_144\jre\bin\javaw.exe
0x00007fffa42a0000 - 0x00007fffa4490000 	C:\WINDOWS\SYSTEM32\ntdll.dll
0x00007fffa2380000 - 0x00007fffa2432000 	C:\WINDOWS\System32\KERNEL32.DLL
0x00007fffa18b0000 - 0x00007fffa1b53000 	C:\WINDOWS\System32\KERNELBASE.dll
0x00007fffa2690000 - 0x00007fffa2733000 	C:\WINDOWS\System32\ADVAPI32.dll
0x00007fffa2960000 - 0x00007fffa29fe000 	C:\WINDOWS\System32\msvcrt.dll
0x00007fffa3920000 - 0x00007fffa39b7000 	C:\WINDOWS\System32\sechost.dll
0x00007fffa4130000 - 0x00007fffa4250000 	C:\WINDOWS\System32\RPCRT4.dll
0x00007fffa24f0000 - 0x00007fffa2684000 	C:\WINDOWS\System32\USER32.dll
0x00007fffa12b0000 - 0x00007fffa12d1000 	C:\WINDOWS\System32\win32u.dll
0x00007fffa2350000 - 0x00007fffa2376000 	C:\WINDOWS\System32\GDI32.dll
0x00007fffa16e0000 - 0x00007fffa1874000 	C:\WINDOWS\System32\gdi32full.dll
0x00007fffa1340000 - 0x00007fffa13de000 	C:\WINDOWS\System32\msvcp_win.dll
0x00007fffa1530000 - 0x00007fffa162a000 	C:\WINDOWS\System32\ucrtbase.dll
0x00007fff97040000 - 0x00007fff972c5000 	C:\WINDOWS\WinSxS\amd64_microsoft.windows.common-controls_6595b64144ccf1df_6.0.18362.476_none_e6c4b11b130f2595\COMCTL32.dll
0x00007fffa2ad0000 - 0x00007fffa2e06000 	C:\WINDOWS\System32\combase.dll
0x00007fffa1230000 - 0x00007fffa12b0000 	C:\WINDOWS\System32\bcryptPrimitives.dll
0x00007fffa38f0000 - 0x00007fffa391e000 	C:\WINDOWS\System32\IMM32.DLL
0x000000005ed30000 - 0x000000005ee02000 	C:\Program Files\Java\jdk1.8.0_144\jre\bin\msvcr100.dll
0x000000005b540000 - 0x000000005bddd000 	C:\Program Files\Java\jdk1.8.0_144\jre\bin\server\jvm.dll
0x00007fffa2950000 - 0x00007fffa2958000 	C:\WINDOWS\System32\PSAPI.DLL
0x00007fff9bab0000 - 0x00007fff9bad4000 	C:\WINDOWS\SYSTEM32\WINMM.dll
0x00007fff9afa0000 - 0x00007fff9afaa000 	C:\WINDOWS\SYSTEM32\VERSION.dll
0x00007fff9ba80000 - 0x00007fff9baad000 	C:\WINDOWS\SYSTEM32\WINMMBASE.dll
0x00007fffa2300000 - 0x00007fffa234a000 	C:\WINDOWS\System32\cfgmgr32.dll
0x00007fff94e80000 - 0x00007fff94e89000 	C:\WINDOWS\SYSTEM32\WSOCK32.dll
0x00007fffa32b0000 - 0x00007fffa331f000 	C:\WINDOWS\System32\WS2_32.dll
0x0000000060e70000 - 0x0000000060e7f000 	C:\Program Files\Java\jdk1.8.0_144\jre\bin\verify.dll
0x0000000060de0000 - 0x0000000060e09000 	C:\Program Files\Java\jdk1.8.0_144\jre\bin\java.dll
0x0000000060dc0000 - 0x0000000060dd6000 	C:\Program Files\Java\jdk1.8.0_144\jre\bin\zip.dll
0x00007fffa3a40000 - 0x00007fffa4125000 	C:\WINDOWS\System32\SHELL32.dll
0x00007fffa3030000 - 0x00007fffa30d9000 	C:\WINDOWS\System32\shcore.dll
0x00007fffa1b60000 - 0x00007fffa22de000 	C:\WINDOWS\System32\windows.storage.dll
0x00007fffa11a0000 - 0x00007fffa11bf000 	C:\WINDOWS\System32\profapi.dll
0x00007fffa11c0000 - 0x00007fffa120a000 	C:\WINDOWS\System32\powrprof.dll
0x00007fffa1170000 - 0x00007fffa1180000 	C:\WINDOWS\System32\UMPDC.dll
0x00007fffa28f0000 - 0x00007fffa2942000 	C:\WINDOWS\System32\shlwapi.dll
0x00007fffa1180000 - 0x00007fffa1191000 	C:\WINDOWS\System32\kernel.appcore.dll
0x00007fffa22e0000 - 0x00007fffa22f7000 	C:\WINDOWS\System32\cryptsp.dll

VM Arguments:
jvm_args: -Dfile.encoding=Cp1252 
java_command: coletapreco.app.NotificadorCosmeticCenterApp
java_class_path (initial): C:\Program Files\Java\jdk1.8.0_144\jre\lib\resources.jar;C:\Program Files\Java\jdk1.8.0_144\jre\lib\rt.jar;C:\Program Files\Java\jdk1.8.0_144\jre\lib\jsse.jar;C:\Program Files\Java\jdk1.8.0_144\jre\lib\jce.jar;C:\Program Files\Java\jdk1.8.0_144\jre\lib\charsets.jar;C:\Program Files\Java\jdk1.8.0_144\jre\lib\jfr.jar;C:\Program Files\Java\jdk1.8.0_144\jre\lib\ext\access-bridge-64.jar;C:\Program Files\Java\jdk1.8.0_144\jre\lib\ext\cldrdata.jar;C:\Program Files\Java\jdk1.8.0_144\jre\lib\ext\dnsns.jar;C:\Program Files\Java\jdk1.8.0_144\jre\lib\ext\jaccess.jar;C:\Program Files\Java\jdk1.8.0_144\jre\lib\ext\jfxrt.jar;C:\Program Files\Java\jdk1.8.0_144\jre\lib\ext\localedata.jar;C:\Program Files\Java\jdk1.8.0_144\jre\lib\ext\nashorn.jar;C:\Program Files\Java\jdk1.8.0_144\jre\lib\ext\sunec.jar;C:\Program Files\Java\jdk1.8.0_144\jre\lib\ext\sunjce_provider.jar;C:\Program Files\Java\jdk1.8.0_144\jre\lib\ext\sunmscapi.jar;C:\Program Files\Java\jdk1.8.0_144\jre\lib\ext\sunpkcs11.jar;C:\Program Files\Java\jdk1.8.0_144\jre\lib\ext\zipfs.jar;C:\Aplicacoes\coletor-java-fonte-01\ProjetosJava2\ColetorGeralPrecos\bin;C:\Aplicacoes\coletor-java-fonte-01\Java-Terceiros\log4j-1.2.14.jar;C:\Aplicacoes\coletor-java-fonte-01\Java-Terceiros\quartz-all-2.0.2.jar;C:\Aplicacoes\coletor-java-fonte-01\Java-Terceiros\slf4j-api-1.6.1.jar;C:\Aplicacoes\coletor-java-fonte-01\Java-Terceiros\slf4j-log4j12-1.6.1.jar;C:\Aplicacoes\coletor-java-fonte-01\ProjetosJava2\ColetorGeralPrecos\lib\commons-io-2.4.jar;C:\Aplicacoes\coletor-java-fonte-01\ProjetosJava2\ColetorGeralPrecos\lib\org.json-20120521.jar;C:\Aplicacoes\coletor-java-fonte-01\ProjetosJava2\DaoLib-Rec\bin;C:\Aplicacoes\coletor-java-fonte-01\ProjetosJava2\DaoLib-Rec\lib\mysql-connector-java-3.0.17-ga-bin.jar;C:\Aplicacoes\coletor-java-fonte-01\ProjetosJava2\ColetorBoaDica\bin;C:\Aplicacoes\coletor-java-fonte-01\Java-Terceiros\org.json-20120521.jar;C:\Aplicacoes\coletor-java-fonte-01\ProjetosJava2\TesteConectorMaven\col
Launcher Type: SUN_STANDARD

Environment Variables:
JAVA_HOME=C:\Program Files\Java\jdk1.8.0_144
PATH=C:/Program Files/Java/jre1.8.0_181/bin/server;C:/Program Files/Java/jre1.8.0_181/bin;C:/Program Files/Java/jre1.8.0_181/lib/amd64;C:\Program Files (x86)\Common Files\Oracle\Java\javapath;C:\ProgramData\Oracle\Java\javapath;C:\Program Files\Intel\iCLS Client\;C:\Windows\system32;C:\Windows;C:\Windows\System32\Wbem;C:\Windows\System32\WindowsPowerShell\v1.0\;C:\Program Files (x86)\NVIDIA Corporation\PhysX\Common;C:\apache-maven-3.5.0\bin;C:\Program Files\Java\jdk1.8.0_144\bin;C:\Program Files\PuTTY\;C:\Program Files\MIT\Kerberos\bin;C:\Program Files (x86)\Skype\Phone\;C:\Program Files\Git\cmd;C:\Program Files (x86)\sbt\bin;C:\Program Files\nodejs\;C:\Program Files\Microsoft Network Monitor 3\;c:\Scala\bin;;C:\WINDOWS\system32;C:\WINDOWS;C:\WINDOWS\System32\Wbem;C:\WINDOWS\System32\WindowsPowerShell\v1.0\;C:\WINDOWS\System32\OpenSSH\;C:\Program Files (x86)\Intel\Intel(R) Management Engine Components\DAL;C:\Program Files\Intel\Intel(R) Management Engine Components\DAL;C:\Users\Stefanini\AppData\Local\Microsoft\WindowsApps;C:\Python\Python35;C:\Python\Python35\Scripts;C:\Program Files\Microsoft VS Code\bin;C:\Users\Stefanini\AppData\Roaming\npm;C:\Users\Stefanini\.gradle;C:\Gradle\bin;;C:\Users\Stefanini\eclipse\java-oxygen2\eclipse;
USERNAME=Stefanini
OS=Windows_NT
PROCESSOR_IDENTIFIER=Intel64 Family 6 Model 142 Stepping 9, GenuineIntel



---------------  S Y S T E M  ---------------

OS: Windows 10.0 , 64 bit Build 18362 (10.0.18362.329)

CPU:total 4 (initial active 4) (2 cores per cpu, 2 threads per core) family 6 model 142 stepping 9, cmov, cx8, fxsr, mmx, sse, sse2, sse3, ssse3, sse4.1, sse4.2, popcnt, avx, avx2, aes, clmul, erms, 3dnowpref, lzcnt, ht, tsc, tscinvbit, bmi1, bmi2, adx

Memory: 4k page, physical 16673240k(4274344k free), swap 17328600k(59488k free)

vm_info: Java HotSpot(TM) 64-Bit Server VM (25.144-b01) for windows-amd64 JRE (1.8.0_144-b01), built on Jul 21 2017 21:57:33 by "java_re" with MS VC++ 10.0 (VS2010)

time: Thu Dec 05 15:18:33 2019
elapsed time: 0 seconds (0d 0h 0m 0s)

