(2020-11-5 16:35:32) - Um C 85-265 V 60 W 105 Grânulos 3 Painéis deformável 275nm uvc garagem Luz dobrável dobrável ajustável 6000-6500K iluminação da lâmpada do teto E26 / E27 Base de Dados de Detentor do soquete para Oficina Armazém porão Academia posto de gasolina Cozinha Preto Preto portátil ( https://www.americanas.com.br/produto/1995847532?pfm_carac=Notebooks&pfm_index=12&pfm_page=category&pfm_pos=grid&pfm_type=vit_product_grid ) 
(2020-11-5 16:35:32) - br.com.digicom.lib.dao.DaoException: insert into  produto ( id_produto  ,url_origem  ,imagem_local  ,data_inclusao  ,url  ,nome  ,posicao_produto  ,imagem  ,verificacao_nome_ok  ,id_loja_virtual_le  ,id_marca_p  )  values  ( '0'   ,'https://www.americanas.com.br/categoria/informatica/notebooks/pagina-124'   ,'null'   ,'2020-11-05'   ,'https://www.americanas.com.br/produto/1995847532?pfm_carac=Notebooks&pfm_index=12&pfm_page=category&pfm_pos=grid&pfm_type=vit_product_grid'   ,'Um C 85-265 V 60 W 105 Grânulos 3 Painéis deformável 275nm uvc garagem Luz dobrável dobrável ajustável 6000-6500K iluminação da lâmpada do teto E26 / E27 Base de Dados de Detentor do soquete para Oficina Armazém porão Academia posto de gasolina Cozinha Preto Preto portátil'   ,'2962'   ,'null'   ,'N'   ,1   ,12   ) Data too long for column 'nome' at row 1 insert into  produto ( id_produto  ,url_origem  ,imagem_local  ,data_inclusao  ,url  ,nome  ,posicao_produto  ,imagem  ,verificacao_nome_ok  ,id_loja_virtual_le  ,id_marca_p  )  values  ( '0'   ,'https://www.americanas.com.br/categoria/informatica/notebooks/pagina-124'   ,'null'   ,'2020-11-05'   ,'https://www.americanas.com.br/produto/1995847532?pfm_carac=Notebooks&pfm_index=12&pfm_page=category&pfm_pos=grid&pfm_type=vit_product_grid'   ,'Um C 85-265 V 60 W 105 Grânulos 3 Painéis deformável 275nm uvc garagem Luz dobrável dobrável ajustável 6000-6500K iluminação da lâmpada do teto E26 / E27 Base de Dados de Detentor do soquete para Oficina Armazém porão Academia posto de gasolina Cozinha Preto Preto portátil'   ,'2962'   ,'null'   ,'N'   ,1   ,12   ) Data too long for column 'nome' at row 1
	at br.com.digicom.lib.dao.MySqlDataSource.executaSql(MySqlDataSource.java:69)
	at br.com.digicom.lib.dao.MySqlDataSource.executaSql(MySqlDataSource.java:40)
	at br.com.digicom.lib.dao.DaoBase.executaSql(DaoBase.java:125)
	at br.com.digicom.lib.dao.DaoBase.executaSql(DaoBase.java:117)
	at coletapreco.dao.basica.ProdutoDaoBase.insereItemLoad(ProdutoDaoBase.java:119)
	at coletapreco.regracolecao.ProdutoRegraColecao.insereItemLoad(ProdutoRegraColecao.java:351)
	at coletapreco.parse.dados.CategoriaLojaDadosParse.processaProduto(CategoriaLojaDadosParse.java:100)
	at coletapreco.parse.dados.CategoriaLojaDadosParse.finalizacaoOkDetalhe(CategoriaLojaDadosParse.java:53)
	at coletapreco.parse.callback.basico.CategoriaLojaDetalheCallbackHtmlBase.finalizacaoOk(CategoriaLojaDetalheCallbackHtmlBase.java:72)
	at br.com.digicom.parse.ExecutadorParseApache.main(ExecutadorParseApache.java:126)
	at br.com.digicom.parse.ExecutadorParseApache.executa(ExecutadorParseApache.java:66)
	at coletapreco.parse.regracolecaoadaptador.CategoriaLojaRegraColecaoAdaptador.atualizaDetalhe(CategoriaLojaRegraColecaoAdaptador.java:100)
	at coletapreco.regracolecao.impl.LojaVirtualRegraColecaoImpl.ExecutaNaturezaLoja(LojaVirtualRegraColecaoImpl.java:133)
	at coletapreco.regracolecao.impl.LojaVirtualRegraColecaoImpl.atualizaNatureza(LojaVirtualRegraColecaoImpl.java:92)
	at coletapreco.regracolecao.impl.LojaVirtualRegraColecaoImpl.AtualizaNotebook(LojaVirtualRegraColecaoImpl.java:186)
	at coletapreco.regracolecao.LojaVirtualRegraColecao.AtualizaNotebook(LojaVirtualRegraColecao.java:178)
	at coletapreco.desen.ColetaComputadorApp.main(ColetaComputadorApp.java:19)
(2020-11-5 16:39:20) - Um C 85-265 V 60 W 105 Grânulos 3 Painéis deformável 275nm uvc garagem Luz dobrável dobrável ajustável 6000-6500K iluminação da lâmpada do teto E26 / E27 Base de tomada de suporte para Oficina Armazém porão Academia Cozinha posto de gasolina Prata Prata portátil ( https://www.americanas.com.br/produto/2004732612?pfm_carac=Notebooks&pfm_index=5&pfm_page=category&pfm_pos=grid&pfm_type=vit_product_grid ) 
(2020-11-5 16:39:20) - br.com.digicom.lib.dao.DaoException: insert into  produto ( id_produto  ,url_origem  ,imagem_local  ,data_inclusao  ,url  ,nome  ,posicao_produto  ,imagem  ,verificacao_nome_ok  ,id_loja_virtual_le  ,id_marca_p  )  values  ( '0'   ,'https://www.americanas.com.br/categoria/informatica/notebooks/pagina-125'   ,'null'   ,'2020-11-05'   ,'https://www.americanas.com.br/produto/2004732612?pfm_carac=Notebooks&pfm_index=5&pfm_page=category&pfm_pos=grid&pfm_type=vit_product_grid'   ,'Um C 85-265 V 60 W 105 Grânulos 3 Painéis deformável 275nm uvc garagem Luz dobrável dobrável ajustável 6000-6500K iluminação da lâmpada do teto E26 / E27 Base de tomada de suporte para Oficina Armazém porão Academia Cozinha posto de gasolina Prata Prata portátil'   ,'2979'   ,'null'   ,'N'   ,1   ,12   ) Data too long for column 'nome' at row 1 insert into  produto ( id_produto  ,url_origem  ,imagem_local  ,data_inclusao  ,url  ,nome  ,posicao_produto  ,imagem  ,verificacao_nome_ok  ,id_loja_virtual_le  ,id_marca_p  )  values  ( '0'   ,'https://www.americanas.com.br/categoria/informatica/notebooks/pagina-125'   ,'null'   ,'2020-11-05'   ,'https://www.americanas.com.br/produto/2004732612?pfm_carac=Notebooks&pfm_index=5&pfm_page=category&pfm_pos=grid&pfm_type=vit_product_grid'   ,'Um C 85-265 V 60 W 105 Grânulos 3 Painéis deformável 275nm uvc garagem Luz dobrável dobrável ajustável 6000-6500K iluminação da lâmpada do teto E26 / E27 Base de tomada de suporte para Oficina Armazém porão Academia Cozinha posto de gasolina Prata Prata portátil'   ,'2979'   ,'null'   ,'N'   ,1   ,12   ) Data too long for column 'nome' at row 1
	at br.com.digicom.lib.dao.MySqlDataSource.executaSql(MySqlDataSource.java:69)
	at br.com.digicom.lib.dao.MySqlDataSource.executaSql(MySqlDataSource.java:40)
	at br.com.digicom.lib.dao.DaoBase.executaSql(DaoBase.java:125)
	at br.com.digicom.lib.dao.DaoBase.executaSql(DaoBase.java:117)
	at coletapreco.dao.basica.ProdutoDaoBase.insereItemLoad(ProdutoDaoBase.java:119)
	at coletapreco.regracolecao.ProdutoRegraColecao.insereItemLoad(ProdutoRegraColecao.java:351)
	at coletapreco.parse.dados.CategoriaLojaDadosParse.processaProduto(CategoriaLojaDadosParse.java:100)
	at coletapreco.parse.dados.CategoriaLojaDadosParse.finalizacaoOkDetalhe(CategoriaLojaDadosParse.java:53)
	at coletapreco.parse.callback.basico.CategoriaLojaDetalheCallbackHtmlBase.finalizacaoOk(CategoriaLojaDetalheCallbackHtmlBase.java:72)
	at br.com.digicom.parse.ExecutadorParseApache.main(ExecutadorParseApache.java:126)
	at br.com.digicom.parse.ExecutadorParseApache.executa(ExecutadorParseApache.java:66)
	at coletapreco.parse.regracolecaoadaptador.CategoriaLojaRegraColecaoAdaptador.atualizaDetalhe(CategoriaLojaRegraColecaoAdaptador.java:100)
	at coletapreco.regracolecao.impl.LojaVirtualRegraColecaoImpl.ExecutaNaturezaLoja(LojaVirtualRegraColecaoImpl.java:133)
	at coletapreco.regracolecao.impl.LojaVirtualRegraColecaoImpl.atualizaNatureza(LojaVirtualRegraColecaoImpl.java:92)
	at coletapreco.regracolecao.impl.LojaVirtualRegraColecaoImpl.AtualizaNotebook(LojaVirtualRegraColecaoImpl.java:186)
	at coletapreco.regracolecao.LojaVirtualRegraColecao.AtualizaNotebook(LojaVirtualRegraColecao.java:178)
	at coletapreco.desen.ColetaComputadorApp.main(ColetaComputadorApp.java:19)
