(2020-11-9 11:01:41) - Notebook lenovo idea s145 15.6 n4000 4gb 500gb w10 - 81wt0000br ( https://www.americanas.com.br/produto/2390816565?pfm_carac=Notebooks&pfm_index=22&pfm_page=category&pfm_pos=grid&pfm_type=vit_product_grid ) 
(2020-11-9 11:01:41) - br.com.digicom.lib.dao.DaoException: select  produto.id_produto  ,produto.url_origem  ,produto.imagem_local  , DATE_FORMAT(produto.data_inclusao,'%d-%m-%Y %H:%i:%s')  ,produto.url  ,produto.nome  ,produto.posicao_produto  ,produto.imagem  ,produto.verificacao_nome_ok  ,produto.id_loja_virtual_le  ,produto.id_marca_p  from  produto where url = 'https://www.americanas.com.br/produto/2390816565?pfm_carac=Notebooks&pfm_index=22&pfm_page=category&pfm_pos=grid&pfm_type=vit_product_grid'Communication link failure message from server: "Server shutdown in progress" select  produto.id_produto  ,produto.url_origem  ,produto.imagem_local  , DATE_FORMAT(produto.data_inclusao,'%d-%m-%Y %H:%i:%s')  ,produto.url  ,produto.nome  ,produto.posicao_produto  ,produto.imagem  ,produto.verificacao_nome_ok  ,produto.id_loja_virtual_le  ,produto.id_marca_p  from  produto where url = 'https://www.americanas.com.br/produto/2390816565?pfm_carac=Notebooks&pfm_index=22&pfm_page=category&pfm_pos=grid&pfm_type=vit_product_grid'Communication link failure message from server: "Server shutdown in progress"
	at br.com.digicom.lib.dao.MySqlDataSource.getListaSql(MySqlDataSource.java:58)
	at br.com.digicom.lib.dao.MySqlDataSource.getListaSql(MySqlDataSource.java:37)
	at br.com.digicom.lib.dao.DaoBase.getObjeto(DaoBase.java:143)
	at br.com.digicom.lib.dao.DaoBase.getObjeto(DaoBase.java:134)
	at coletapreco.dao.ProdutoDaoExtendida.ObtemPorUrlProduto(ProdutoDaoExtendida.java:64)
	at coletapreco.regracolecao.impl.ProdutoRegraColecaoImpl.ObtemPorUrlProduto(ProdutoRegraColecaoImpl.java:53)
	at coletapreco.parse.dados.CategoriaLojaDadosParse.processaProduto(CategoriaLojaDadosParse.java:87)
	at coletapreco.parse.dados.CategoriaLojaDadosParse.finalizacaoOkDetalhe(CategoriaLojaDadosParse.java:53)
	at coletapreco.parse.callback.basico.CategoriaLojaDetalheCallbackHtmlBase.finalizacaoOk(CategoriaLojaDetalheCallbackHtmlBase.java:72)
	at br.com.digicom.parse.ExecutadorParseApache.main(ExecutadorParseApache.java:126)
	at br.com.digicom.parse.ExecutadorParseApache.executa(ExecutadorParseApache.java:66)
	at coletapreco.parse.regracolecaoadaptador.CategoriaLojaRegraColecaoAdaptador.atualizaDetalhe(CategoriaLojaRegraColecaoAdaptador.java:100)
	at coletapreco.regracolecao.impl.LojaVirtualRegraColecaoImpl.ExecutaNaturezaLoja(LojaVirtualRegraColecaoImpl.java:133)
	at coletapreco.regracolecao.impl.LojaVirtualRegraColecaoImpl.atualizaNatureza(LojaVirtualRegraColecaoImpl.java:92)
	at coletapreco.regracolecao.impl.LojaVirtualRegraColecaoImpl.AtualizaNotebook(LojaVirtualRegraColecaoImpl.java:186)
	at coletapreco.regracolecao.LojaVirtualRegraColecao.AtualizaNotebook(LojaVirtualRegraColecao.java:178)
	at coletapreco.desen.ColetaComputadorApp.main(ColetaComputadorApp.java:19)
(11:01:41) - br.com.digicom.lib.dao.DaoException: select  categoria_loja_produto.id_categoria_loja_produto  , DATE_FORMAT(categoria_loja_produto.data_ultima_visita,'%d-%m-%Y')  ,categoria_loja_produto.id_categoria_loja_ra  ,categoria_loja_produto.id_produto_ra  from  categoria_loja_produto where id_categoria_loja_ra = 817 and  id_produto_ra = 0No operations allowed after connection closed.

Connection was closed due to the following exception:

** BEGIN NESTED EXCEPTION ** 

java.sql.SQLException
MESSAGE: Communication link failure message from server: "Server shutdown in progress"

STACKTRACE:

java.sql.SQLException: Communication link failure message from server: "Server shutdown in progress"
	at com.mysql.jdbc.MysqlIO.checkErrorPacket(MysqlIO.java:2001)
	at com.mysql.jdbc.MysqlIO.checkErrorPacket(MysqlIO.java:1907)
	at com.mysql.jdbc.MysqlIO.nextRow(MysqlIO.java:998)
	at com.mysql.jdbc.MysqlIO.getResultSet(MysqlIO.java:296)
	at com.mysql.jdbc.MysqlIO.sqlQueryDirect(MysqlIO.java:1326)
	at com.mysql.jdbc.MysqlIO.sqlQuery(MysqlIO.java:1225)
	at com.mysql.jdbc.Connection.execSQL(Connection.java:2278)
	at com.mysql.jdbc.Connection.execSQL(Connection.java:2225)
	at com.mysql.jdbc.Statement.execute(Statement.java:906)
	at br.com.digicom.lib.dao.MySqlDataSource.getListaSql(MySqlDataSource.java:49)
	at br.com.digicom.lib.dao.MySqlDataSource.getListaSql(MySqlDataSource.java:37)
	at br.com.digicom.lib.dao.DaoBase.getObjeto(DaoBase.java:143)
	at br.com.digicom.lib.dao.DaoBase.getObjeto(DaoBase.java:134)
	at coletapreco.dao.ProdutoDaoExtendida.ObtemPorUrlProduto(ProdutoDaoExtendida.java:64)
	at coletapreco.regracolecao.impl.ProdutoRegraColecaoImpl.ObtemPorUrlProduto(ProdutoRegraColecaoImpl.java:53)
	at coletapreco.parse.dados.CategoriaLojaDadosParse.processaProduto(CategoriaLojaDadosParse.java:87)
	at coletapreco.parse.dados.CategoriaLojaDadosParse.finalizacaoOkDetalhe(CategoriaLojaDadosParse.java:53)
	at coletapreco.parse.callback.basico.CategoriaLojaDetalheCallbackHtmlBase.finalizacaoOk(CategoriaLojaDetalheCallbackHtmlBase.java:72)
	at br.com.digicom.parse.ExecutadorParseApache.main(ExecutadorParseApache.java:126)
	at br.com.digicom.parse.ExecutadorParseApache.executa(ExecutadorParseApache.java:66)
	at coletapreco.parse.regracolecaoadaptador.CategoriaLojaRegraColecaoAdaptador.atualizaDetalhe(CategoriaLojaRegraColecaoAdaptador.java:100)
	at coletapreco.regracolecao.impl.LojaVirtualRegraColecaoImpl.ExecutaNaturezaLoja(LojaVirtualRegraColecaoImpl.java:133)
	at coletapreco.regracolecao.impl.LojaVirtualRegraColecaoImpl.atualizaNatureza(LojaVirtualRegraColecaoImpl.java:92)
	at coletapreco.regracolecao.impl.LojaVirtualRegraColecaoImpl.AtualizaNotebook(LojaVirtualRegraColecaoImpl.java:186)
	at coletapreco.regracolecao.LojaVirtualRegraColecao.AtualizaNotebook(LojaVirtualRegraColecao.java:178)
	at coletapreco.desen.ColetaComputadorApp.main(ColetaComputadorApp.java:19)


** END NESTED EXCEPTION **

 select  categoria_loja_produto.id_categoria_loja_produto  , DATE_FORMAT(categoria_loja_produto.data_ultima_visita,'%d-%m-%Y')  ,categoria_loja_produto.id_categoria_loja_ra  ,categoria_loja_produto.id_produto_ra  from  categoria_loja_produto where id_categoria_loja_ra = 817 and  id_produto_ra = 0No operations allowed after connection closed.

Connection was closed due to the following exception:

** BEGIN NESTED EXCEPTION ** 

java.sql.SQLException
MESSAGE: Communication link failure message from server: "Server shutdown in progress"

STACKTRACE:

java.sql.SQLException: Communication link failure message from server: "Server shutdown in progress"
	at com.mysql.jdbc.MysqlIO.checkErrorPacket(MysqlIO.java:2001)
	at com.mysql.jdbc.MysqlIO.checkErrorPacket(MysqlIO.java:1907)
	at com.mysql.jdbc.MysqlIO.nextRow(MysqlIO.java:998)
	at com.mysql.jdbc.MysqlIO.getResultSet(MysqlIO.java:296)
	at com.mysql.jdbc.MysqlIO.sqlQueryDirect(MysqlIO.java:1326)
	at com.mysql.jdbc.MysqlIO.sqlQuery(MysqlIO.java:1225)
	at com.mysql.jdbc.Connection.execSQL(Connection.java:2278)
	at com.mysql.jdbc.Connection.execSQL(Connection.java:2225)
	at com.mysql.jdbc.Statement.execute(Statement.java:906)
	at br.com.digicom.lib.dao.MySqlDataSource.getListaSql(MySqlDataSource.java:49)
	at br.com.digicom.lib.dao.MySqlDataSource.getListaSql(MySqlDataSource.java:37)
	at br.com.digicom.lib.dao.DaoBase.getObjeto(DaoBase.java:143)
	at br.com.digicom.lib.dao.DaoBase.getObjeto(DaoBase.java:134)
	at coletapreco.dao.ProdutoDaoExtendida.ObtemPorUrlProduto(ProdutoDaoExtendida.java:64)
	at coletapreco.regracolecao.impl.ProdutoRegraColecaoImpl.ObtemPorUrlProduto(ProdutoRegraColecaoImpl.java:53)
	at coletapreco.parse.dados.CategoriaLojaDadosParse.processaProduto(CategoriaLojaDadosParse.java:87)
	at coletapreco.parse.dados.CategoriaLojaDadosParse.finalizacaoOkDetalhe(CategoriaLojaDadosParse.java:53)
	at coletapreco.parse.callback.basico.CategoriaLojaDetalheCallbackHtmlBase.finalizacaoOk(CategoriaLojaDetalheCallbackHtmlBase.java:72)
	at br.com.digicom.parse.ExecutadorParseApache.main(ExecutadorParseApache.java:126)
	at br.com.digicom.parse.ExecutadorParseApache.executa(ExecutadorParseApache.java:66)
	at coletapreco.parse.regracolecaoadaptador.CategoriaLojaRegraColecaoAdaptador.atualizaDetalhe(CategoriaLojaRegraColecaoAdaptador.java:100)
	at coletapreco.regracolecao.impl.LojaVirtualRegraColecaoImpl.ExecutaNaturezaLoja(LojaVirtualRegraColecaoImpl.java:133)
	at coletapreco.regracolecao.impl.LojaVirtualRegraColecaoImpl.atualizaNatureza(LojaVirtualRegraColecaoImpl.java:92)
	at coletapreco.regracolecao.impl.LojaVirtualRegraColecaoImpl.AtualizaNotebook(LojaVirtualRegraColecaoImpl.java:186)
	at coletapreco.regracolecao.LojaVirtualRegraColecao.AtualizaNotebook(LojaVirtualRegraColecao.java:178)
	at coletapreco.desen.ColetaComputadorApp.main(ColetaComputadorApp.java:19)


** END NESTED EXCEPTION **


	at br.com.digicom.lib.dao.MySqlDataSource.getListaSql(MySqlDataSource.java:58)
	at br.com.digicom.lib.dao.MySqlDataSource.getListaSql(MySqlDataSource.java:37)
	at br.com.digicom.lib.dao.DaoBase.getObjeto(DaoBase.java:143)
	at br.com.digicom.lib.dao.DaoBase.getObjeto(DaoBase.java:134)
	at coletapreco.dao.CategoriaLojaProdutoDaoExtendida.ObtemPorRelacionamento(CategoriaLojaProdutoDaoExtendida.java:28)
	at coletapreco.regracolecao.impl.CategoriaLojaProdutoRegraColecaoImpl.AtualizaRelacionamento(CategoriaLojaProdutoRegraColecaoImpl.java:21)
	at coletapreco.parse.dados.CategoriaLojaDadosParse.finalizacaoOkDetalhe(CategoriaLojaDadosParse.java:57)
	at coletapreco.parse.callback.basico.CategoriaLojaDetalheCallbackHtmlBase.finalizacaoOk(CategoriaLojaDetalheCallbackHtmlBase.java:72)
	at br.com.digicom.parse.ExecutadorParseApache.main(ExecutadorParseApache.java:126)
	at br.com.digicom.parse.ExecutadorParseApache.executa(ExecutadorParseApache.java:66)
	at coletapreco.parse.regracolecaoadaptador.CategoriaLojaRegraColecaoAdaptador.atualizaDetalhe(CategoriaLojaRegraColecaoAdaptador.java:100)
	at coletapreco.regracolecao.impl.LojaVirtualRegraColecaoImpl.ExecutaNaturezaLoja(LojaVirtualRegraColecaoImpl.java:133)
	at coletapreco.regracolecao.impl.LojaVirtualRegraColecaoImpl.atualizaNatureza(LojaVirtualRegraColecaoImpl.java:92)
	at coletapreco.regracolecao.impl.LojaVirtualRegraColecaoImpl.AtualizaNotebook(LojaVirtualRegraColecaoImpl.java:186)
	at coletapreco.regracolecao.LojaVirtualRegraColecao.AtualizaNotebook(LojaVirtualRegraColecao.java:178)
	at coletapreco.desen.ColetaComputadorApp.main(ColetaComputadorApp.java:19)
