(02:20:04) Loja:Americanas
(02:21:34) Categoria:Notebooks
(02:21:34) CategoriaLoja(detalhe):CategoriaLoja {IdCategoriaLoja:817;Nome:Notebooks;Url:https://www.americanas.com.br/categoria/informatica/notebooks?pagina-1;DataInclusao:20-03-2015;IdCategoriaLojaF:0;IdNaturezaProdutoRa:10;IdLojaVirtualPa:1;}
(02:21:35) URL: https://www.americanas.com.br/categoria/informatica/notebooks?pagina-1
(02:21:38) Produto: Notebook Multilaser Pc133 Legacy Cloud Atom Z8350 2gb 32gb 14" ( https://www.americanas.com.br/produto/2428655665 )  cont: 1
(02:21:38) Origem: https://www.americanas.com.br/categoria/informatica/notebooks?pagina-1
(02:21:41) Produto existe (id:1778958)
(02:21:41) Preço Produto: Venda: 1549,99 ( 0 x 0,00 ) Id PrecoProduto: 0
(02:21:41) Preçco mais recente: Venda: 1549,99 ( 0 x 0,00 ) Id PrecoProduto: 7180356
(02:21:41) Mesmo preço
(02:21:41) Produto: Notebook Positivo Motion I54240A Intel Core i5 4GB 240GB SSSD 14  W10 Cinza escuro ( https://www.americanas.com.br/produto/1752917524 )  cont: 2
(02:21:41) Origem: https://www.americanas.com.br/categoria/informatica/notebooks?pagina-1
(02:21:44) Produto existe (id:1778960)
(02:21:44) Preço Produto: Venda: 2899,99 ( 0 x 0,00 ) Id PrecoProduto: 0
(02:21:44) Preçco mais recente: Venda: 2899,99 ( 0 x 0,00 ) Id PrecoProduto: 7184201
(02:21:44) Mesmo preço
(02:21:44) Produto: Notebook Vaio FE15 Intel Core I5 8GB 256GB SSD 15.6" Linux Chumbo Escuro ( https://www.americanas.com.br/produto/1961678689 )  cont: 3
(02:21:44) Origem: https://www.americanas.com.br/categoria/informatica/notebooks?pagina-1
(02:21:47) Produto existe (id:1778964)
(02:21:47) Preço Produto: Venda: 3699,99 ( 0 x 0,00 ) Id PrecoProduto: 0
(02:21:47) Preçco mais recente: Venda: 3699,99 ( 0 x 0,00 ) Id PrecoProduto: 7184202
(02:21:47) Mesmo preço
(02:21:47) Produto: Notebook Compaq Presario CQ-25 4GB 120GB SSD 14   ( https://www.americanas.com.br/produto/1818873801 )  cont: 4
(02:21:47) Origem: https://www.americanas.com.br/categoria/informatica/notebooks?pagina-1
(02:21:49) Produto existe (id:1778968)
(02:21:49) Preço Produto: Venda: 1629,99 ( 0 x 0,00 ) Id PrecoProduto: 0
(02:21:49) Preçco mais recente: Venda: 1629,99 ( 0 x 0,00 ) Id PrecoProduto: 7180359
(02:21:49) Mesmo preço
(02:21:49) Produto: Notebook Asus X509FA-BR876T 8ª Intel Core i5 8GB 256GB SSD 15,6" W10 Cinza Escuro ( https://www.americanas.com.br/produto/1823625044 )  cont: 5
(02:21:49) Origem: https://www.americanas.com.br/categoria/informatica/notebooks?pagina-1
(02:21:52) Produto existe (id:1778969)
(02:21:52) Preço Produto: Venda: 3999,00 ( 0 x 0,00 ) Id PrecoProduto: 0
(02:21:52) Preçco mais recente: Venda: 3999,00 ( 0 x 0,00 ) Id PrecoProduto: 7169775
(02:21:52) Mesmo preço
(02:21:52) Produto: Notebook Acer Aspire 3 A315-56-35ET 10ª Intel Core i3 8GB 512GB SSD W10 15,6   ( https://www.americanas.com.br/produto/1824323427 )  cont: 6
(02:21:52) Origem: https://www.americanas.com.br/categoria/informatica/notebooks?pagina-1
(02:21:54) Produto existe (id:1778967)
(02:21:54) Preço Produto: Venda: 3199,99 ( 0 x 0,00 ) Id PrecoProduto: 0
(02:21:54) Preçco mais recente: Venda: 3199,99 ( 0 x 0,00 ) Id PrecoProduto: 7169773
(02:21:54) Mesmo preço
(02:21:55) Produto: Notebook Dell Inspiron I15-3583-AS90P 8ª Intel Core I7 8GB 256GB SSD 15,6" W10 ( https://www.americanas.com.br/produto/1936036537 )  cont: 7
(02:21:55) Origem: https://www.americanas.com.br/categoria/informatica/notebooks?pagina-1
(02:21:57) Produto existe (id:1778973)
(02:21:57) Preço Produto: Venda: 4699,99 ( 0 x 0,00 ) Id PrecoProduto: 0
(02:21:57) Preçco mais recente: Venda: 4699,99 ( 0 x 0,00 ) Id PrecoProduto: 7184204
(02:21:57) Mesmo preço
(02:21:57) Produto: Notebook Dell Inspiron I15-3583-AS100P 8ª Intel Core I7 8GB (Placa AMD Radeon 520 com 2GB) 256GB SSD 15,6" W10 ( https://www.americanas.com.br/produto/1936036502 )  cont: 8
(02:21:57) Origem: https://www.americanas.com.br/categoria/informatica/notebooks?pagina-1
(02:22:00) Produto existe (id:1778971)
(02:22:00) Preço Produto: Venda: 4599,99 ( 0 x 0,00 ) Id PrecoProduto: 0
(02:22:00) Preçco mais recente: Venda: 4599,99 ( 0 x 0,00 ) Id PrecoProduto: 7184203
(02:22:00) Mesmo preço
(02:22:00) Produto: Notebook Gamer 2AM E550 Intel Core I7 8GB (GeForce GTX 1050 com 3GB) 256GB SSD IPS Full HD 15,6" Freedos Cinza Escuro ( https://www.americanas.com.br/produto/1885942791 )  cont: 9
(02:22:00) Origem: https://www.americanas.com.br/categoria/informatica/notebooks?pagina-1
(02:22:02) Produto existe (id:1778974)
(02:22:02) Preço Produto: Venda: 5999,99 ( 0 x 0,00 ) Id PrecoProduto: 0
(02:22:02) Preçco mais recente: Venda: 5999,99 ( 0 x 0,00 ) Id PrecoProduto: 7184205
(02:22:02) Mesmo preço
(02:22:02) Produto: Notebook Ultrafino Lenovo Ideapad S145 Intel Core i3-8130U 8GB 1TB 15.6" W10 - Prata ( https://www.americanas.com.br/produto/2051525501 )  cont: 10
(02:22:02) Origem: https://www.americanas.com.br/categoria/informatica/notebooks?pagina-1
(02:22:05) Produto existe (id:1778975)
(02:22:05) Preço Produto: Venda: 2759,99 ( 0 x 0,00 ) Id PrecoProduto: 0
(02:22:05) Preçco mais recente: Venda: 2759,99 ( 0 x 0,00 ) Id PrecoProduto: 7184206
(02:22:05) Mesmo preço
(02:22:05) Produto: Notebook Vaio FE15 Intel Core I7 8GB 256GB SSD 15.6" Linux Chumbo Escuro ( https://www.americanas.com.br/produto/1961678523 )  cont: 11
(02:22:05) Origem: https://www.americanas.com.br/categoria/informatica/notebooks?pagina-1
(02:22:07) Produto existe (id:1778972)
(02:22:07) Preço Produto: Venda: 4299,99 ( 0 x 0,00 ) Id PrecoProduto: 0
(02:22:07) Preçco mais recente: Venda: 4299,99 ( 0 x 0,00 ) Id PrecoProduto: 7184207
(02:22:07) Mesmo preço
(02:22:08) Produto: Notebook Acer Aspire 5 A515-54-59X2 Intel Corei5 8GB 512GB SSD 15.6 W10 ( https://www.americanas.com.br/produto/1824323591 )  cont: 12
(02:22:08) Origem: https://www.americanas.com.br/categoria/informatica/notebooks?pagina-1
(02:22:10) Produto existe (id:1778976)
(02:22:10) Preço Produto: Venda: 3849,99 ( 0 x 0,00 ) Id PrecoProduto: 0
(02:22:10) Preçco mais recente: Venda: 3849,99 ( 0 x 0,00 ) Id PrecoProduto: 7182894
(02:22:10) Mesmo preço
(02:22:10) Produto: Notebook Gamer 2AM E550 Intel Core I5 8GB (GeForce GTX 1050 com 3GB) 1TB HD+128GB SSD IPS Full HD 15,6" Freedos Cinza Escuro ( https://www.americanas.com.br/produto/1885941683 )  cont: 13
(02:22:10) Origem: https://www.americanas.com.br/categoria/informatica/notebooks?pagina-1
(02:22:13) Produto existe (id:1778977)
(02:22:13) Preço Produto: Venda: 5199,99 ( 0 x 0,00 ) Id PrecoProduto: 0
(02:22:13) Preçco mais recente: Venda: 5199,99 ( 0 x 0,00 ) Id PrecoProduto: 7184208
(02:22:13) Mesmo preço
(02:22:13) Produto: Notebook Asus Zenbook UX434FAC-A6339T 10ª Intel Core I7 8GB 256GB SSD 14   W10 Prata ( https://www.americanas.com.br/produto/1776840541 )  cont: 14
(02:22:13) Origem: https://www.americanas.com.br/categoria/informatica/notebooks?pagina-1
(02:22:15) Produto existe (id:1778978)
(02:22:15) Preço Produto: Venda: 7299,00 ( 0 x 0,00 ) Id PrecoProduto: 0
(02:22:15) Preçco mais recente: Venda: 7299,00 ( 0 x 0,00 ) Id PrecoProduto: 7169784
(02:22:15) Mesmo preço
(02:22:15) Produto: Notebook Asus Zenbook UX431FA-AN203T 10ª Intel Core I7 8GB 256GB SSD 14   W10 Azul Claro Metálico ( https://www.americanas.com.br/produto/1793707988 )  cont: 15
(02:22:15) Origem: https://www.americanas.com.br/categoria/informatica/notebooks?pagina-1
(02:22:18) Produto existe (id:1778980)
(02:22:18) Preço Produto: Venda: 7399,99 ( 0 x 0,00 ) Id PrecoProduto: 0
(02:22:18) Preçco mais recente: Venda: 7399,99 ( 0 x 0,00 ) Id PrecoProduto: 7169786
(02:22:18) Mesmo preço
(02:22:18) Produto: Notebook Asus Vivobook X512FB-BR501T 10ª Intel Core I5 8GB (Geforce MX110 com 2GB) 1TB 15,6" W10 Cinza ( https://www.americanas.com.br/produto/1871867304 )  cont: 16
(02:22:18) Origem: https://www.americanas.com.br/categoria/informatica/notebooks?pagina-1
(02:22:20) Produto existe (id:1778981)
(02:22:20) Preço Produto: Venda: 4499,00 ( 0 x 0,00 ) Id PrecoProduto: 0
(02:22:20) Preçco mais recente: Venda: 4499,00 ( 0 x 0,00 ) Id PrecoProduto: 7180362
(02:22:20) Mesmo preço
(02:22:21) Produto: MacBook Air MQD32BZ/A com Intel Core i5 Dual Core 8GB 128GB SSD 13   Prata - Apple ( https://www.americanas.com.br/produto/132490742 )  cont: 17
(02:22:21) Origem: https://www.americanas.com.br/categoria/informatica/notebooks?pagina-1
(02:22:23) Produto existe (id:1778983)
(02:22:23) Preço Produto: Venda: 5599,99 ( 0 x 0,00 ) Id PrecoProduto: 0
(02:22:23) Preçco mais recente: Venda: 5799,99 ( 0 x 0,00 ) Id PrecoProduto: 7169789
(02:22:23) Mudança de preço
(02:22:23) Mudança de preço (Ajuste:3.4482818)
(02:22:23) Produto: Notebook Positivo Motion C41TDI Intel Celeron 4GB 1TB 14   Linux ( https://www.americanas.com.br/produto/1724501847 )  cont: 18
(02:22:23) Origem: https://www.americanas.com.br/categoria/informatica/notebooks?pagina-1
(02:22:26) Produto existe (id:1778984)
(02:22:26) Preço Produto: Venda: 1649,99 ( 0 x 0,00 ) Id PrecoProduto: 0
(02:22:26) Preçco mais recente: Venda: 2099,00 ( 0 x 0,00 ) Id PrecoProduto: 7184209
(02:22:26) Mudança de preço
(02:22:26) Mudança de preço (Ajuste:21.391615)
(02:22:26) Produto: Notebook Dell Inspiron I15-3583-A2XP 8ª Intel Core I5 4GB 1TB LED HD 15,6" W10 Preto ( https://www.americanas.com.br/produto/134521709 )  cont: 19
(02:22:26) Origem: https://www.americanas.com.br/categoria/informatica/notebooks?pagina-1
(02:22:28) Produto existe (id:1778986)
(02:22:28) Preço Produto: Venda: 3599,99 ( 0 x 0,00 ) Id PrecoProduto: 0
(02:22:28) Preçco mais recente: Venda: 3464,00 ( 0 x 0,00 ) Id PrecoProduto: 7180365
(02:22:28) Mudança de preço
(02:22:28) Mudança de preço (Ajuste:-3.9258082)
(02:22:29) Produto: Notebook Lenovo Ideapad S145 R5 12GB 1TB W10 15.6" Prata ( https://www.americanas.com.br/produto/1608469552 )  cont: 20
(02:22:29) Origem: https://www.americanas.com.br/categoria/informatica/notebooks?pagina-1
(02:22:31) Produto existe (id:1778988)
(02:22:31) Preço Produto: Venda: 3574,67 ( 0 x 0,00 ) Id PrecoProduto: 0
(02:22:31) Preçco mais recente: Venda: 3599,00 ( 0 x 0,00 ) Id PrecoProduto: 7182897
(02:22:31) Mudança de preço
(02:22:31) Mudança de preço (Ajuste:0.6760233)
(02:22:31) Produto: Notebook Samsung Book E30 10ª Intel Core i3 4GB 1TB W10 15,6" FHD - Prata ( https://www.americanas.com.br/produto/1772549925 )  cont: 21
(02:22:31) Origem: https://www.americanas.com.br/categoria/informatica/notebooks?pagina-1
(02:22:34) Produto existe (id:1778991)
(02:22:34) Preço Produto: Venda: 3199,00 ( 0 x 0,00 ) Id PrecoProduto: 0
(02:22:34) Preçco mais recente: Venda: 3199,00 ( 0 x 0,00 ) Id PrecoProduto: 7183675
(02:22:34) Mesmo preço
(02:22:34) Produto: Notebook Samsung Book X40 10ª Intel Core i5 8GB (Geforce MX110 com 2GB) 1TB W10 15,6" Prata ( https://www.americanas.com.br/produto/1772549028 )  cont: 22
(02:22:34) Origem: https://www.americanas.com.br/categoria/informatica/notebooks?pagina-1
(02:22:36) Produto existe (id:1778990)
(02:22:36) Preço Produto: Venda: 3949,99 ( 0 x 0,00 ) Id PrecoProduto: 0
(02:22:36) Preçco mais recente: Venda: 3949,99 ( 0 x 0,00 ) Id PrecoProduto: 7169796
(02:22:36) Mesmo preço
(02:22:36) Produto: Notebook Dell Inspiron 3583-US55P 15.6" 8ª geração Intel Core i3 4GB 256GB SSD Linux Preto ( https://www.americanas.com.br/produto/2632668965 )  cont: 23
(02:22:36) Origem: https://www.americanas.com.br/categoria/informatica/notebooks?pagina-1
(02:22:39) Produto nao existe
(02:22:39) Codigo Produto:1792096
(02:22:39) Preço Produto: Venda: 3149,00 ( 0 x 0,00 ) Id PrecoProduto: 0
(02:22:39) Não existe preço
(02:22:39) Produto: Notebook Samsung Book E30 10ª Intel Core i3 4GB 1TB W10 15,6   FHD Branco ( https://www.americanas.com.br/produto/1772548990 )  cont: 24
(02:22:39) Origem: https://www.americanas.com.br/categoria/informatica/notebooks?pagina-1
(02:22:42) Produto existe (id:1779011)
(02:22:42) Preço Produto: Venda: 3099,99 ( 0 x 0,00 ) Id PrecoProduto: 0
(02:22:42) Preçco mais recente: Venda: 3099,99 ( 0 x 0,00 ) Id PrecoProduto: 7180371
(02:22:42) Mesmo preço
(02:22:43) Produto: Vaio Fe14 Vjfe41f11x-b1021h Intel Core I5 Linux 12gb Ssd 256 Gb Lcd 14" ( https://www.americanas.com.br/produto/2103995354 )  cont: 25
(02:22:43) Origem: https://www.americanas.com.br/categoria/informatica/notebooks/pagina-2
(02:22:46) Produto existe (id:1778993)
(02:22:46) Preço Produto: Venda: 3399,99 ( 0 x 0,00 ) Id PrecoProduto: 0
(02:22:46) Preçco mais recente: Venda: 3399,99 ( 0 x 0,00 ) Id PrecoProduto: 7184210
(02:22:46) Mesmo preço
(02:22:46) Produto: Notebook Acer Aspire 5 A515-54G-59C0 10ª Intel Core i5 8GB (GeForce MX250 com 2GB) 512GB SSD 15.6 W10 Prata ( https://www.americanas.com.br/produto/2203752835 )  cont: 26
(02:22:46) Origem: https://www.americanas.com.br/categoria/informatica/notebooks/pagina-2
(02:22:49) Produto existe (id:1778997)
(02:22:49) Preço Produto: Venda: 4149,99 ( 0 x 0,00 ) Id PrecoProduto: 0
(02:22:49) Preçco mais recente: Venda: 4149,99 ( 0 x 0,00 ) Id PrecoProduto: 7182898
(02:22:49) Mesmo preço
(02:22:49) Produto: Notebook Multilaser Legacy Cloud Intel Z8530 2GB RAM HD 32GB Windows 10 Home 14" Cinza PC130 ( https://www.americanas.com.br/produto/1753257468 )  cont: 27
(02:22:49) Origem: https://www.americanas.com.br/categoria/informatica/notebooks/pagina-2
(02:22:51) Produto existe (id:1779005)
(02:22:51) Preço Produto: Venda: 1399,00 ( 0 x 0,00 ) Id PrecoProduto: 0
(02:22:51) Preçco mais recente: Venda: 1399,00 ( 0 x 0,00 ) Id PrecoProduto: 7180370
(02:22:51) Mesmo preço
(02:22:51) Produto: Notebook Asus VivoBook 15, Intel® CoreT i3 6100U, 4 GB, 1 TB, Tela de 15,6", Cinza Escuro, X543 - X543UA-GQ3153T ( https://www.americanas.com.br/produto/1867497427 )  cont: 28
(02:22:51) Origem: https://www.americanas.com.br/categoria/informatica/notebooks/pagina-2
(02:22:54) Produto existe (id:1779000)
(02:22:54) Preço Produto: Venda: 2685,56 ( 0 x 0,00 ) Id PrecoProduto: 0
(02:22:54) Preçco mais recente: Venda: 2685,56 ( 0 x 0,00 ) Id PrecoProduto: 7169806
(02:22:54) Mesmo preço
(02:22:54) Produto: Notebook Samsung Book X30 10ª Intel Core I5 8GB 1TB Windows 10 15,6" - Prata ( https://www.americanas.com.br/produto/1772551056 )  cont: 29
(02:22:54) Origem: https://www.americanas.com.br/categoria/informatica/notebooks/pagina-2
(02:22:56) Produto existe (id:1779001)
(02:22:56) Preço Produto: Venda: 3799,99 ( 0 x 0,00 ) Id PrecoProduto: 0
(02:22:56) Preçco mais recente: Venda: 3799,99 ( 0 x 0,00 ) Id PrecoProduto: 7180369
(02:22:56) Mesmo preço
(02:22:57) Produto: Notebook Gamer Lenovo Ideapad 3i 10ª Intel Core i7 (Geforce GTX1650 com 4GB) 8GB 256GB SSD 15,6   FHD IPS Windows 10 - Azul ( https://www.americanas.com.br/produto/1803603542 )  cont: 30
(02:22:57) Origem: https://www.americanas.com.br/categoria/informatica/notebooks/pagina-2
(02:22:59) Produto existe (id:1779014)
(02:22:59) Preço Produto: Venda: 7168,00 ( 0 x 0,00 ) Id PrecoProduto: 0
(02:22:59) Preçco mais recente: Venda: 7168,00 ( 0 x 0,00 ) Id PrecoProduto: 7184211
(02:22:59) Mesmo preço
(02:22:59) Produto: Notebook Acer Aspire 5 A515-54G-53GP Intel Core I5 8GB 256GB SSD 15.6 W10 ( https://www.americanas.com.br/produto/1683269796 )  cont: 31
(02:22:59) Origem: https://www.americanas.com.br/categoria/informatica/notebooks/pagina-2
(02:23:02) Produto existe (id:1779007)
(02:23:02) Preço Produto: Venda: 4075,48 ( 0 x 0,00 ) Id PrecoProduto: 0
(02:23:02) Preçco mais recente: Venda: 3899,99 ( 0 x 0,00 ) Id PrecoProduto: 7169813
(02:23:02) Mudança de preço
(02:23:02) Mudança de preço (Ajuste:-4.499755)
(02:23:02) Produto: Notebook Dell Inspiron I15-3584-AS50P 8ª Intel Core I3 4GB 256GB SSD 15,6" W10 Preto ( https://www.americanas.com.br/produto/1809973106 )  cont: 32
(02:23:02) Origem: https://www.americanas.com.br/categoria/informatica/notebooks/pagina-2
(02:23:04) Produto existe (id:1779006)
(02:23:04) Preço Produto: Venda: 3199,99 ( 0 x 0,00 ) Id PrecoProduto: 0
(02:23:04) Preçco mais recente: Venda: 3399,99 ( 0 x 0,00 ) Id PrecoProduto: 7169812
(02:23:04) Mudança de preço
(02:23:04) Mudança de preço (Ajuste:5.88237)
(02:23:04) Produto: Notebook Acer Aspire 5 A515-54G-73Y1 Intel Core I7 8GB 512GB SSD MX250 15,6  Endless Os ( https://www.americanas.com.br/produto/2100846564 )  cont: 33
(02:23:04) Origem: https://www.americanas.com.br/categoria/informatica/notebooks/pagina-2
(02:23:07) Produto existe (id:1779018)
(02:23:07) Preço Produto: Venda: 4499,00 ( 0 x 0,00 ) Id PrecoProduto: 0
(02:23:07) Preçco mais recente: Venda: 4499,00 ( 0 x 0,00 ) Id PrecoProduto: 7180374
(02:23:07) Mesmo preço
(02:23:07) Produto: Notebook Lenovo Ultrafino ideapad S145 i7-1065G7 8GB 256GB SSD W10 15.6   FHD (Placa de Vídeo Intel Iris Plus) Prata ( https://www.americanas.com.br/produto/1961678662 )  cont: 34
(02:23:07) Origem: https://www.americanas.com.br/categoria/informatica/notebooks/pagina-2
(02:23:09) Produto existe (id:1779012)
(02:23:09) Preço Produto: Venda: 4199,99 ( 0 x 0,00 ) Id PrecoProduto: 0
(02:23:09) Preçco mais recente: Venda: 4499,99 ( 0 x 0,00 ) Id PrecoProduto: 7169818
(02:23:09) Mudança de preço
(02:23:09) Mudança de preço (Ajuste:6.6666813)
(02:23:09) Produto: Notebook Lenovo Ideapad S145 8ª Intel Core i5 8GB (GeForce MX110 com 2GB) 256GB SSD 15,6" Windows 10 - Prata ( https://www.americanas.com.br/produto/1823634995 )  cont: 35
(02:23:09) Origem: https://www.americanas.com.br/categoria/informatica/notebooks/pagina-2
(02:23:12) Produto existe (id:1779021)
(02:23:12) Preço Produto: Venda: 3749,99 ( 0 x 0,00 ) Id PrecoProduto: 0
(02:23:12) Preçco mais recente: Venda: 3749,99 ( 0 x 0,00 ) Id PrecoProduto: 7169827
(02:23:12) Mesmo preço
(02:23:12) Produto: Notebook Gamer Predator PH315-52-79VM Intel Core i7 16GB 256GB SDD 1TB HD RTX 2060 15,6 Endless ( https://www.americanas.com.br/produto/1876922211 )  cont: 36
(02:23:12) Origem: https://www.americanas.com.br/categoria/informatica/notebooks/pagina-2
(02:23:14) Produto existe (id:1779038)
(02:23:14) Preço Produto: Venda: 8599,00 ( 0 x 0,00 ) Id PrecoProduto: 0
(02:23:14) Preçco mais recente: Venda: 8599,00 ( 0 x 0,00 ) Id PrecoProduto: 7180376
(02:23:14) Mesmo preço
(02:23:14) Produto: Notebook Acer Aspire 5 A514-53-59QJ Intel Core I5 8GB 256GB SSD 14  Windows 10 ( https://www.americanas.com.br/produto/2587924658 )  cont: 37
(02:23:14) Origem: https://www.americanas.com.br/categoria/informatica/notebooks/pagina-2
(02:23:17) Produto existe (id:1778998)
(02:23:17) Preço Produto: Venda: 3799,00 ( 0 x 0,00 ) Id PrecoProduto: 0
(02:23:17) Preçco mais recente: Venda: 3799,00 ( 0 x 0,00 ) Id PrecoProduto: 7169804
(02:23:17) Mesmo preço
(02:23:17) Produto: Notebook Dell Inspiron I15-3583-A3XP 8ª Intel Core I5 8GB 1TB Tela 15,6" Windows 10 - Preto ( https://www.americanas.com.br/produto/134544345 )  cont: 38
(02:23:17) Origem: https://www.americanas.com.br/categoria/informatica/notebooks/pagina-2
(02:23:19) Produto existe (id:1779017)
(02:23:19) Preço Produto: Venda: 4139,00 ( 0 x 0,00 ) Id PrecoProduto: 0
(02:23:19) Preçco mais recente: Venda: 4139,00 ( 0 x 0,00 ) Id PrecoProduto: 7169823
(02:23:19) Mesmo preço
(02:23:19) Produto: Chromebook Samsung AD2BR Intel Celeron 4GB 16GB LED HD 11,6" Chrome OS Grafite ( https://www.americanas.com.br/produto/209927739 )  cont: 39
(02:23:19) Origem: https://www.americanas.com.br/categoria/informatica/notebooks/pagina-2
(02:23:22) Produto existe (id:1779024)
(02:23:22) Preço Produto: Venda: 2244,20 ( 0 x 0,00 ) Id PrecoProduto: 0
(02:23:22) Preçco mais recente: Venda: 2244,20 ( 0 x 0,00 ) Id PrecoProduto: 7183682
(02:23:22) Mesmo preço
(02:23:22) Produto: Notebook Positivo Motion C4500A 4GB 500GB Tela 14” HD Intel Celeron Dual-Core Windows 10 Home – Cinz ( https://www.americanas.com.br/produto/444742443 )  cont: 40
(02:23:22) Origem: https://www.americanas.com.br/categoria/informatica/notebooks/pagina-2
(02:23:24) Produto existe (id:1779050)
(02:23:24) Preço Produto: Venda: 1999,00 ( 0 x 0,00 ) Id PrecoProduto: 0
(02:23:24) Preçco mais recente: Venda: 1999,00 ( 0 x 0,00 ) Id PrecoProduto: 7182906
(02:23:24) Mesmo preço
(02:23:24) Produto: Notebook Dell Inspiron 3583-MS80P 8ª Geração Intel Core i5 8GB 256GB SSD 15.6" Placa de vídeo AMD Windows 10 Preto ( https://www.americanas.com.br/produto/1869301037 )  cont: 41
(02:23:24) Origem: https://www.americanas.com.br/categoria/informatica/notebooks/pagina-2
(02:23:27) Produto existe (id:1779031)
(02:23:27) Preço Produto: Venda: 4399,00 ( 0 x 0,00 ) Id PrecoProduto: 0
(02:23:27) Preçco mais recente: Venda: 4399,00 ( 0 x 0,00 ) Id PrecoProduto: 7169837
(02:23:27) Mesmo preço
(02:23:27) Produto: Notebook Gamer Acer PH315-52-748U 9ª Intel Core I7 16GB (Geforce GTX1660TI com 6GB) 1TB + 128GB SSD 15.6" W10 ( https://www.americanas.com.br/produto/1335823228 )  cont: 42
(02:23:27) Origem: https://www.americanas.com.br/categoria/informatica/notebooks/pagina-2
(02:23:29) Produto existe (id:1779033)
(02:23:29) Preço Produto: Venda: 8399,99 ( 0 x 0,00 ) Id PrecoProduto: 0
(02:23:29) Preçco mais recente: Venda: 8294,00 ( 0 x 0,00 ) Id PrecoProduto: 7183683
(02:23:29) Mudança de preço
(02:23:29) Mudança de preço (Ajuste:-1.2779145)
(02:23:29) Produto: Notebook Acer Aspire 5 A514-53G-571X Intel Core I5 8GB 512GB SSD MX 350 14  Windows 10 ( https://www.americanas.com.br/produto/2563681268 )  cont: 43
(02:23:29) Origem: https://www.americanas.com.br/categoria/informatica/notebooks/pagina-2
(02:23:32) Produto existe (id:1779027)
(02:23:32) Preço Produto: Venda: 4399,00 ( 0 x 0,00 ) Id PrecoProduto: 0
(02:23:32) Preçco mais recente: Venda: 4399,00 ( 0 x 0,00 ) Id PrecoProduto: 7169833
(02:23:32) Mesmo preço
(02:23:32) Produto: Notebook Gamer 2AM E550 Intel Core I7 16GB (GeForce GTX 1050 com 3 GB) 1TB HD +128GB SSD IPS Full HD 15,6" W10 ( https://www.americanas.com.br/produto/1885942643 )  cont: 44
(02:23:32) Origem: https://www.americanas.com.br/categoria/informatica/notebooks/pagina-2
(02:23:35) Produto existe (id:1779030)
(02:23:35) Preço Produto: Venda: 7499,99 ( 0 x 0,00 ) Id PrecoProduto: 0
(02:23:35) Preçco mais recente: Venda: 7499,99 ( 0 x 0,00 ) Id PrecoProduto: 7169836
(02:23:35) Mesmo preço
(02:23:35) Produto: Notebook Acer Aspire A315-54K-53ZP Intel Core i5 4GB 1TB 15,6 Windows 10 - Cinza ( https://www.americanas.com.br/produto/1832110608 )  cont: 45
(02:23:35) Origem: https://www.americanas.com.br/categoria/informatica/notebooks/pagina-2
(02:23:37) Produto existe (id:1779034)
(02:23:37) Preço Produto: Venda: 3449,00 ( 0 x 0,00 ) Id PrecoProduto: 0
(02:23:37) Preçco mais recente: Venda: 3449,00 ( 0 x 0,00 ) Id PrecoProduto: 7169840
(02:23:37) Mesmo preço
(02:23:37) Produto: Notebook Gamer Dell G3 3500-U10P 15.6" 10ª Geração Intel Core i5 8GB 256GB SSD NVIDIA GTX 1650 Linux ( https://www.americanas.com.br/produto/2261505728 )  cont: 46
(02:23:37) Origem: https://www.americanas.com.br/categoria/informatica/notebooks/pagina-2
(02:23:40) Produto existe (id:1779040)
(02:23:40) Preço Produto: Venda: 6049,00 ( 0 x 0,00 ) Id PrecoProduto: 0
(02:23:40) Preçco mais recente: Venda: 6049,00 ( 0 x 0,00 ) Id PrecoProduto: 7169846
(02:23:40) Mesmo preço
(02:23:40) Produto: Notebook Gamer Dell G3-3590-A50P 9ª Intel Core I5 8GB (Geforce GTX1650 com 4GB) 512GB SSD 15,6" W10 Preto ( https://www.americanas.com.br/produto/1578905703 )  cont: 47
(02:23:40) Origem: https://www.americanas.com.br/categoria/informatica/notebooks/pagina-2
(02:23:42) Produto existe (id:1779036)
(02:23:42) Preço Produto: Venda: 6299,99 ( 0 x 0,00 ) Id PrecoProduto: 0
(02:23:42) Preçco mais recente: Venda: 6299,99 ( 0 x 0,00 ) Id PrecoProduto: 7184212
(02:23:42) Mesmo preço
(02:23:42) Produto: Notebook Dell Inspiron I15-3583-A5XP 8ª Intel Core i7 8GB 2TB Tela LED 15,6" Windows 10 - Preto ( https://www.americanas.com.br/produto/612449052 )  cont: 48
(02:23:42) Origem: https://www.americanas.com.br/categoria/informatica/notebooks/pagina-2
(02:23:45) Produto existe (id:1779046)
(02:23:45) Preço Produto: Venda: 5066,00 ( 0 x 0,00 ) Id PrecoProduto: 0
(02:23:45) Preçco mais recente: Venda: 5066,00 ( 0 x 0,00 ) Id PrecoProduto: 7180380
(02:23:45) Mesmo preço
(02:23:47) Produto: Notebook Gamer Dell G3 3500-M10P 15.6" 10ª Geração Intel Core i5 8GB 256GB SSD NVIDIA GTX 1650 Windows 10 ( https://www.americanas.com.br/produto/2261512127 )  cont: 49
(02:23:47) Origem: https://www.americanas.com.br/categoria/informatica/notebooks/pagina-3
(02:23:49) Produto existe (id:1779045)
(02:23:49) Preço Produto: Venda: 6199,00 ( 0 x 0,00 ) Id PrecoProduto: 0
(02:23:49) Preçco mais recente: Venda: 6199,00 ( 0 x 0,00 ) Id PrecoProduto: 7169851
(02:23:49) Mesmo preço
(02:23:49) Produto: Notebook Dell Inspiron i15-3583-M3XB 8ª Geração Intel Core i5 8GB 1TB 15.6" Windows 10 McAfee Branco ( https://www.americanas.com.br/produto/195867084 )  cont: 50
(02:23:49) Origem: https://www.americanas.com.br/categoria/informatica/notebooks/pagina-3
(02:23:52) Produto existe (id:1779048)
(02:23:52) Preço Produto: Venda: 4089,00 ( 0 x 0,00 ) Id PrecoProduto: 0
(02:23:52) Preçco mais recente: Venda: 4089,00 ( 0 x 0,00 ) Id PrecoProduto: 7169854
(02:23:52) Mesmo preço
(02:23:52) Produto: Notebook Acer A315-34-C6ZS Intel Celeron N4000 4gb 1tb 15,6" Linux ( https://www.americanas.com.br/produto/1871867291 )  cont: 51
(02:23:52) Origem: https://www.americanas.com.br/categoria/informatica/notebooks/pagina-3
(02:23:54) Produto existe (id:1779028)
(02:23:54) Preço Produto: Venda: 2599,00 ( 0 x 0,00 ) Id PrecoProduto: 0
(02:23:54) Preçco mais recente: Venda: 2599,00 ( 0 x 0,00 ) Id PrecoProduto: 7180379
(02:23:54) Mesmo preço
(02:23:54) Produto: Notebook Legacy Multilaser 14 Polegadas 2gb 32gb - Pc 131 ( https://www.americanas.com.br/produto/2048676165 )  cont: 52
(02:23:54) Origem: https://www.americanas.com.br/categoria/informatica/notebooks/pagina-3
(02:23:57) Produto existe (id:1779049)
(02:23:57) Preço Produto: Venda: 1399,00 ( 0 x 0,00 ) Id PrecoProduto: 0
(02:23:57) Preçco mais recente: Venda: 1399,00 ( 0 x 0,00 ) Id PrecoProduto: 7169855
(02:23:57) Mesmo preço
(02:23:57) Produto: Notebook Gamer Legion 5i i7-10750H 16GB 512GB SSD RTX2060 6GB W10 15.6" Full HD WVA 82CF0002BR ( https://www.americanas.com.br/produto/1877142777 )  cont: 53
(02:23:57) Origem: https://www.americanas.com.br/categoria/informatica/notebooks/pagina-3
(02:23:59) Produto existe (id:1791960)
(02:23:59) Preço Produto: Venda: 9899,00 ( 0 x 0,00 ) Id PrecoProduto: 0
(02:23:59) Preçco mais recente: Venda: 9899,00 ( 0 x 0,00 ) Id PrecoProduto: 7184214
(02:23:59) Mesmo preço
(02:23:59) Produto: Notebook Gamer Dell G3-3590-A40P 9ª Intel Core I5 8GB (Geforce GTX1050 com 3GB) 256GB SSD 15,6" W10 ( https://www.americanas.com.br/produto/1535257700 )  cont: 54
(02:23:59) Origem: https://www.americanas.com.br/categoria/informatica/notebooks/pagina-3
(02:24:02) Produto existe (id:1779047)
(02:24:02) Preço Produto: Venda: 5999,99 ( 0 x 0,00 ) Id PrecoProduto: 0
(02:24:02) Preçco mais recente: Venda: 5999,99 ( 0 x 0,00 ) Id PrecoProduto: 7169853
(02:24:02) Mesmo preço
(02:24:02) Produto: Notebook Positivo Motion C4500A Intel Celeron 4GB 500GB HD 14" Windows 10 - Prata ( https://www.americanas.com.br/produto/134335068 )  cont: 55
(02:24:02) Origem: https://www.americanas.com.br/categoria/informatica/notebooks/pagina-3
(02:24:05) Produto existe (id:1779056)
(02:24:05) Preço Produto: Venda: 2099,00 ( 0 x 0,00 ) Id PrecoProduto: 0
(02:24:05) Preçco mais recente: Venda: 2099,00 ( 0 x 0,00 ) Id PrecoProduto: 7169862
(02:24:05) Mesmo preço
(02:24:05) Produto: Notebook Lenovo Ideapad S145 81xm0002br I3-8130u 4gb 1tb W10 Prata ( https://www.americanas.com.br/produto/2085165874 )  cont: 56
(02:24:05) Origem: https://www.americanas.com.br/categoria/informatica/notebooks/pagina-3
(02:24:07) Produto existe (id:1779058)
(02:24:07) Preço Produto: Venda: 2999,00 ( 0 x 0,00 ) Id PrecoProduto: 0
(02:24:07) Preçco mais recente: Venda: 2999,00 ( 0 x 0,00 ) Id PrecoProduto: 7169864
(02:24:07) Mesmo preço
(02:24:07) Produto: Notebook Asus X543UA-GQ3213T Intel Core I5 8GB 256GB SSD W10 Cinza Escuro ( https://www.americanas.com.br/produto/1774800790 )  cont: 57
(02:24:07) Origem: https://www.americanas.com.br/categoria/informatica/notebooks/pagina-3
(02:24:10) Produto existe (id:1779051)
(02:24:10) Preço Produto: Venda: 3581,08 ( 0 x 0,00 ) Id PrecoProduto: 0
(02:24:10) Preçco mais recente: Venda: 3282,57 ( 0 x 0,00 ) Id PrecoProduto: 7184216
(02:24:10) Mudança de preço
(02:24:10) Mudança de preço (Ajuste:-9.09379)
(02:24:10) Produto: Computador-S500 Quad Core 7 polegadas Netbook Android 1g + 15g Mini Computer Netbook Android ( https://www.americanas.com.br/produto/2141745241 )  cont: 58
(02:24:10) Origem: https://www.americanas.com.br/categoria/informatica/notebooks/pagina-3
(02:24:12) Produto existe (id:1779063)
(02:24:12) Preço Produto: Venda: 1056,92 ( 0 x 0,00 ) Id PrecoProduto: 0
(02:24:12) Preçco mais recente: Venda: 1056,92 ( 0 x 0,00 ) Id PrecoProduto: 7169869
(02:24:12) Mesmo preço
(02:24:12) Produto: Notebook Lenovo Ideapad S145 Celeron 4gb - Linux 15.6" Prata ( https://www.americanas.com.br/produto/1588368868 )  cont: 59
(02:24:12) Origem: https://www.americanas.com.br/categoria/informatica/notebooks/pagina-3
(02:24:15) Produto existe (id:1779054)
(02:24:15) Preço Produto: Venda: 2890,00 ( 0 x 0,00 ) Id PrecoProduto: 0
(02:24:15) Preçco mais recente: Venda: 2890,00 ( 0 x 0,00 ) Id PrecoProduto: 7169860
(02:24:15) Mesmo preço
(02:24:15) Produto: Notebook Gamer Acer Aspire Nitro AN515-54-58CL 9ª Intel Core i5 8GB (Geforce GTX1650 com 4GB) 1TB + 128GB SSD 15,6   Endless Os ( https://www.americanas.com.br/produto/1683468138 )  cont: 60
(02:24:15) Origem: https://www.americanas.com.br/categoria/informatica/notebooks/pagina-3
(02:24:17) Produto existe (id:1779057)
(02:24:17) Preço Produto: Venda: 5482,42 ( 0 x 0,00 ) Id PrecoProduto: 0
(02:24:17) Preçco mais recente: Venda: 5482,42 ( 0 x 0,00 ) Id PrecoProduto: 7184215
(02:24:17) Mesmo preço
(02:24:17) Produto: Notebook Acer Aspire 3 Intel Celeron 4GB 1TB Endless ( https://www.americanas.com.br/produto/1850094189 )  cont: 61
(02:24:17) Origem: https://www.americanas.com.br/categoria/informatica/notebooks/pagina-3
(02:24:20) Produto existe (id:1779062)
(02:24:20) Preço Produto: Venda: 2699,90 ( 0 x 0,00 ) Id PrecoProduto: 0
(02:24:20) Preçco mais recente: Venda: 2699,90 ( 0 x 0,00 ) Id PrecoProduto: 7182910
(02:24:20) Mesmo preço
(02:24:20) Produto: Notebook Acer Aspire 3 A315-42G-R1FT AMD Ryzen 7 8GB 256GB SSD Radeon 540X 15,6  Windows 10 ( https://www.americanas.com.br/produto/1938460631 )  cont: 62
(02:24:20) Origem: https://www.americanas.com.br/categoria/informatica/notebooks/pagina-3
(02:24:23) Produto existe (id:1791499)
(02:24:23) Preço Produto: Venda: 4099,00 ( 0 x 0,00 ) Id PrecoProduto: 0
(02:24:23) Preçco mais recente: Venda: 4099,00 ( 0 x 0,00 ) Id PrecoProduto: 7182905
(02:24:23) Mesmo preço
(02:24:23) Produto: Notebook Dell Inspiron I15-3584-A10P Intel Core I3 4GB 1TB LED 15,6" W10 Preto ( https://www.americanas.com.br/produto/134529524 )  cont: 63
(02:24:23) Origem: https://www.americanas.com.br/categoria/informatica/notebooks/pagina-3
(02:24:25) Produto existe (id:1779060)
(02:24:25) Preço Produto: Venda: 3299,00 ( 0 x 0,00 ) Id PrecoProduto: 0
(02:24:25) Preçco mais recente: Venda: 3299,00 ( 0 x 0,00 ) Id PrecoProduto: 7169866
(02:24:25) Mesmo preço
(02:24:25) Produto: Notebook Lenovo Ideapad S145 8ª Intel Core i5 8GB (GeForce MX110 com 2GB) 1TB 15,6" Windows 10 - Prata ( https://www.americanas.com.br/produto/1824484458 )  cont: 64
(02:24:25) Origem: https://www.americanas.com.br/categoria/informatica/notebooks/pagina-3
(02:24:28) Produto existe (id:1779072)
(02:24:28) Preço Produto: Venda: 5199,00 ( 0 x 0,00 ) Id PrecoProduto: 0
(02:24:28) Preçco mais recente: Venda: 5199,00 ( 0 x 0,00 ) Id PrecoProduto: 7169878
(02:24:28) Mesmo preço
(02:24:28) Produto: Notebook Acer Aspire Nitro 5 AN515-54-528V Intel Core i5 8GB 1TB 128GB SSD 15.6 W10 ( https://www.americanas.com.br/produto/2205323461 )  cont: 65
(02:24:28) Origem: https://www.americanas.com.br/categoria/informatica/notebooks/pagina-3
(02:24:30) Produto existe (id:1779076)
(02:24:30) Preço Produto: Venda: 5699,99 ( 0 x 0,00 ) Id PrecoProduto: 0
(02:24:30) Preçco mais recente: Venda: 5699,99 ( 0 x 0,00 ) Id PrecoProduto: 7169882
(02:24:30) Mesmo preço
(02:24:30) Produto: Notebook Gamer Dell G3-3590-A60P 9ª Intel Core i7 8GB (Geforce GTX1660TI com 6GB) 512GB SSD 15,6" W10 Preto ( https://www.americanas.com.br/produto/1535234111 )  cont: 66
(02:24:30) Origem: https://www.americanas.com.br/categoria/informatica/notebooks/pagina-3
(02:24:33) Produto existe (id:1779067)
(02:24:33) Preço Produto: Venda: 7699,00 ( 0 x 0,00 ) Id PrecoProduto: 0
(02:24:33) Preçco mais recente: Venda: 7699,00 ( 0 x 0,00 ) Id PrecoProduto: 7169873
(02:24:33) Mesmo preço
(02:24:33) Produto: Notebook Acer Aspire 3 Intel Core i3-1035G1 4GB SSD 256GB Endless OS 15.6" - A315-56-569F ( https://www.americanas.com.br/produto/2452234991 )  cont: 67
(02:24:33) Origem: https://www.americanas.com.br/categoria/informatica/notebooks/pagina-3
(02:24:36) Produto existe (id:1779070)
(02:24:36) Preço Produto: Venda: 3359,00 ( 0 x 0,00 ) Id PrecoProduto: 0
(02:24:36) Preçco mais recente: Venda: 3359,00 ( 0 x 0,00 ) Id PrecoProduto: 7169876
(02:24:36) Mesmo preço
(02:24:36) Produto: Notebook Asus M509DA-BR324T AMD Ryzen 5 8GB 1TB 15,6   Windows 10 - Cinza Escuro ( https://www.americanas.com.br/produto/1674686441 )  cont: 68
(02:24:36) Origem: https://www.americanas.com.br/categoria/informatica/notebooks/pagina-3
(02:24:38) Produto existe (id:1779035)
(02:24:38) Preço Produto: Venda: 3898,00 ( 0 x 0,00 ) Id PrecoProduto: 0
(02:24:38) Preçco mais recente: Venda: 3898,00 ( 0 x 0,00 ) Id PrecoProduto: 7184213
(02:24:38) Mesmo preço
(02:24:38) Produto: Notebook Dell Inspiron i15-3583-U3XP 8ª Geração Intel Core i5 8GB 1TB 15.6" Linux McAfee Preto ( https://www.americanas.com.br/produto/80805391 )  cont: 69
(02:24:38) Origem: https://www.americanas.com.br/categoria/informatica/notebooks/pagina-3
(02:24:41) Produto existe (id:1779071)
(02:24:41) Preço Produto: Venda: 3889,00 ( 0 x 0,00 ) Id PrecoProduto: 0
(02:24:41) Preçco mais recente: Venda: 3889,00 ( 0 x 0,00 ) Id PrecoProduto: 7169877
(02:24:41) Mesmo preço
(02:24:41) Produto: Notebook Dell Inspiron i15-3583-M3XP 8ª Geração Intel Core i5 8GB 1TB 15.6" Windows 10 McAfee Preto ( https://www.americanas.com.br/produto/80805338 )  cont: 70
(02:24:41) Origem: https://www.americanas.com.br/categoria/informatica/notebooks/pagina-3
(02:24:43) Produto existe (id:1779089)
(02:24:43) Preço Produto: Venda: 4039,00 ( 0 x 0,00 ) Id PrecoProduto: 0
(02:24:43) Preçco mais recente: Venda: 4039,00 ( 0 x 0,00 ) Id PrecoProduto: 7169895
(02:24:43) Mesmo preço
(02:24:43) Produto: Notebook Lenovo Ideapad S145 IntelCore7 -8565U 8GB 256GB SSD (Geforce Mx110) W10 15.6" Prata ( https://www.americanas.com.br/produto/1786897761 )  cont: 71
(02:24:43) Origem: https://www.americanas.com.br/categoria/informatica/notebooks/pagina-3
(02:24:46) Produto existe (id:1779087)
(02:24:46) Preço Produto: Venda: 4149,99 ( 0 x 0,00 ) Id PrecoProduto: 0
(02:24:46) Preçco mais recente: Venda: 4299,99 ( 0 x 0,00 ) Id PrecoProduto: 7169893
(02:24:46) Mudança de preço
(02:24:46) Mudança de preço (Ajuste:3.4883802)
(02:24:46) Produto: Notebook Acer Aspire 3, Intel Celeron N4000, 4GB, 1TB, Tela 15.6", Placa de Vídeo Intel HD Graphics® 600 e Endless OS ( https://www.americanas.com.br/produto/2061915562 )  cont: 72
(02:24:46) Origem: https://www.americanas.com.br/categoria/informatica/notebooks/pagina-3
(02:24:48) Produto existe (id:1779077)
(02:24:48) Preço Produto: Venda: 2790,00 ( 0 x 0,00 ) Id PrecoProduto: 0
(02:24:48) Preçco mais recente: Venda: 2790,00 ( 0 x 0,00 ) Id PrecoProduto: 7182911
(02:24:48) Mesmo preço
(02:24:50) Loja:Magazine Luiza
(02:26:14) Categoria:Notebooks
(02:26:14) CategoriaLoja(detalhe):CategoriaLoja {IdCategoriaLoja:820;Nome:Notebooks;Url:http://www.magazineluiza.com.br/notebook/informatica/s/in/note/;DataInclusao:27-03-2015;IdCategoriaLojaF:0;IdNaturezaProdutoRa:10;IdLojaVirtualPa:2;}
(02:26:14) URL: http://www.magazineluiza.com.br/notebook/informatica/s/in/note/
(02:26:15) Loja:Extra
(02:27:40) Categoria:Notebooks
(02:27:40) CategoriaLoja(detalhe):CategoriaLoja {IdCategoriaLoja:818;Nome:Notebooks;Url:https://www.extra.com.br/Informatica/Notebook/?Filtro=C56_C57;DataInclusao:20-03-2015;IdCategoriaLojaF:0;IdNaturezaProdutoRa:10;IdLojaVirtualPa:3;}
(02:27:40) URL: https://www.extra.com.br/Informatica/Notebook/?Filtro=C56_C57
(02:27:43) Produto: Notebook Acer Core i3-1005G1 8GB 256GB SSD Tela 15.6” Windows 10 Aspire 3 A315-56-3090 ( https://www.extra.com.br/Informatica/Notebook/notebook-acer-core-i3-1005g1-8gb-256gb-ssd-tela-15-6-windows-10-aspire-3-a315-56-3090-55010097.html )  cont: 1
(02:27:43) Origem: https://www.extra.com.br/Informatica/Notebook/?Filtro=C56_C57
(02:27:45) Produto existe (id:1750009)
(02:27:45) Preço Produto: Venda: 3399,00 ( 10 x 339,90 ) Id PrecoProduto: 0
(02:27:45) Preçco mais recente: Venda: 3399,00 ( 10 x 339,90 ) Id PrecoProduto: 7183704
(02:27:45) Mesmo preço
(02:27:45) Produto: Notebook Samsung Book X30 Intel Core i5-10210U 10ª Geração 8GB 1TB 15.6   Windows 10 Home NP550XCJ-KF1BR - Prata ( https://www.extra.com.br/Informatica/Notebook/notebook-samsung-book-x30-intel-core-i5-10210u-10-geracao-8gb-1tb-15-6-windows-10-home-np550xcj-kf1br-prata-55008238.html )  cont: 2
(02:27:45) Origem: https://www.extra.com.br/Informatica/Notebook/?Filtro=C56_C57
(02:27:47) Produto existe (id:1750010)
(02:27:47) Preço Produto: Venda: 3799,00 ( 10 x 379,90 ) Id PrecoProduto: 0
(02:27:47) Preçco mais recente: Venda: 3799,00 ( 10 x 379,90 ) Id PrecoProduto: 7127489
(02:27:47) Mesmo preço
(02:27:47) Produto: Notebook Dell Pentium Gold 4GB 500GB Tela 15.6” Windows 10 Inspiron I15-3583-A05P ( https://www.extra.com.br/Informatica/Notebook/notebook-dell-pentium-gold-4gb-500gb-tela-15-6-windows-10-inspiron-i15-3583-a05p-50005139.html )  cont: 3
(02:27:47) Origem: https://www.extra.com.br/Informatica/Notebook/?Filtro=C56_C57
(02:27:49) Produto existe (id:1750011)
(02:27:49) Preço Produto: Venda: 2699,00 ( 10 x 269,90 ) Id PrecoProduto: 0
(02:27:49) Preçco mais recente: Venda: 2699,00 ( 10 x 269,90 ) Id PrecoProduto: 7127490
(02:27:49) Mesmo preço
(02:27:49) Produto: Notebook Positivo Dual Core 4GB 1TB Tela 14” Windows 10 Motion C41TD ( https://www.extra.com.br/Informatica/Notebook/notebook-positivo-dual-core-4gb-1tb-tela-14-windows-10-motion-c41td-55008805.html )  cont: 4
(02:27:49) Origem: https://www.extra.com.br/Informatica/Notebook/?Filtro=C56_C57
(02:27:51) Produto existe (id:1750012)
(02:27:51) Preço Produto: Venda: 2399,00 ( 10 x 239,90 ) Id PrecoProduto: 0
(02:27:51) Preçco mais recente: Venda: 2399,00 ( 10 x 239,90 ) Id PrecoProduto: 7127491
(02:27:51) Mesmo preço
(02:27:51) Produto: Notebook Positivo Quad Core 4GB 64GB SSD Tela 14” Windows 10 Motion Plus Q464B ( https://www.extra.com.br/Informatica/Notebook/notebook-positivo-quad-core-4gb-64gb-ssd-tela-14-windows-10-motion-plus-q464b-50004960.html )  cont: 5
(02:27:51) Origem: https://www.extra.com.br/Informatica/Notebook/?Filtro=C56_C57
(02:27:53) Produto existe (id:1750013)
(02:27:53) Preço Produto: Venda: 1599,00 ( 10 x 159,90 ) Id PrecoProduto: 0
(02:27:53) Preçco mais recente: Venda: 1599,00 ( 10 x 159,90 ) Id PrecoProduto: 7184224
(02:27:53) Mesmo preço
(02:27:53) Produto: Notebook Acer Core i5-10210U 8GB 512GB SSD Tela 15.6” Windows 10 Aspire 5 A515-54-59X2 ( https://www.extra.com.br/Informatica/Notebook/notebook-acer-core-i5-10210u-8gb-512gb-ssd-tela-15-6-windows-10-aspire-5-a515-54-59x2-55010096.html )  cont: 6
(02:27:53) Origem: https://www.extra.com.br/Informatica/Notebook/?Filtro=C56_C57
(02:27:55) Produto existe (id:1750014)
(02:27:55) Preço Produto: Venda: 3849,00 ( 10 x 384,90 ) Id PrecoProduto: 0
(02:27:55) Preçco mais recente: Venda: 3849,00 ( 10 x 384,90 ) Id PrecoProduto: 7183008
(02:27:55) Mesmo preço
(02:27:55) Produto: Notebook Positivo Quad Core 2GB 32GB SSD Tela 14” Windows 10 Motion Gray Q232 ( https://www.extra.com.br/Informatica/Notebook/notebook-positivo-quad-core-2gb-32gb-ssd-tela-14-windows-10-motion-gray-q232-50000828.html )  cont: 7
(02:27:55) Origem: https://www.extra.com.br/Informatica/Notebook/?Filtro=C56_C57
(02:27:57) Produto existe (id:1750015)
(02:27:57) Preço Produto: Venda: 1399,00 ( 10 x 139,90 ) Id PrecoProduto: 0
(02:27:57) Preçco mais recente: Venda: 1399,00 ( 10 x 139,90 ) Id PrecoProduto: 7184225
(02:27:57) Mesmo preço
(02:27:57) Produto: Notebook Lenovo AMD Ryzen 5-3500U 12GB 1TB Tela 15.6” Windows 10 Ideapad S145 ( https://www.extra.com.br/Informatica/Notebook/notebook-lenovo-amd-ryzen-5-3500u-12gb-1tb-tela-15-6-windows-10-ideapad-s145-55008960.html )  cont: 8
(02:27:57) Origem: https://www.extra.com.br/Informatica/Notebook/?Filtro=C56_C57
(02:27:59) Produto existe (id:1750016)
(02:27:59) Preço Produto: Venda: 3199,00 ( 10 x 319,90 ) Id PrecoProduto: 0
(02:27:59) Preçco mais recente: Venda: 3199,00 ( 10 x 319,90 ) Id PrecoProduto: 7183009
(02:27:59) Mesmo preço
(02:27:59) Produto: Notebook Acer Core i5-10210U 8GB 256GB SSD Placa de Vídeo 2GB Tela 15.6” Windows 10 Aspire 5 A515-54G-53GP ( https://www.extra.com.br/Informatica/Notebook/notebook-acer-core-i5-10210u-8gb-256gb-ssd-placa-de-video-2gb-tela-15-6-windows-10-aspire-5-a515-54g-53gp-55010093.html )  cont: 9
(02:27:59) Origem: https://www.extra.com.br/Informatica/Notebook/?Filtro=C56_C57
(02:28:01) Produto existe (id:1750017)
(02:28:01) Preço Produto: Venda: 3899,00 ( 10 x 389,90 ) Id PrecoProduto: 0
(02:28:01) Preçco mais recente: Venda: 3899,00 ( 10 x 389,90 ) Id PrecoProduto: 7183010
(02:28:01) Mesmo preço
(02:28:01) Produto: Notebook Lenovo AMD Ryzen 5-3500U 8GB 1TB Tela 15.6” Windows 10 Ideapad S145 81V70004BR ( https://www.extra.com.br/Informatica/Notebook/notebook-lenovo-amd-ryzen-5-3500u-8gb-1tb-tela-15-6-windows-10-ideapad-s145-81v70004br-55003873.html )  cont: 10
(02:28:01) Origem: https://www.extra.com.br/Informatica/Notebook/?Filtro=C56_C57
(02:28:03) Produto existe (id:1791742)
(02:28:03) Preço Produto: Venda: 3099,00 ( 10 x 309,90 ) Id PrecoProduto: 0
(02:28:03) Preçco mais recente: Venda: 3099,00 ( 10 x 309,90 ) Id PrecoProduto: 7183705
(02:28:03) Mesmo preço
(02:28:03) Produto: Notebook Positivo Dual Core 4GB 500GB Tela 14” Windows 10 Motion C4500D ( https://www.extra.com.br/Informatica/Notebook/notebook-positivo-dual-core-4gb-500gb-tela-14-windows-10-motion-c4500d-55009824.html )  cont: 11
(02:28:03) Origem: https://www.extra.com.br/Informatica/Notebook/?Filtro=C56_C57
(02:28:05) Produto existe (id:1750019)
(02:28:05) Preço Produto: Venda: 2399,00 ( 10 x 239,90 ) Id PrecoProduto: 0
(02:28:05) Preçco mais recente: Venda: 2399,00 ( 10 x 239,90 ) Id PrecoProduto: 7127498
(02:28:05) Mesmo preço
(02:28:05) Produto: Notebook Acer Core i3-1005G1 8GB 512GB SSD Tela 15.6” Windows 10 Aspire 3 A315-56-35ET ( https://www.extra.com.br/Informatica/Notebook/notebook-acer-core-i3-1005g1-8gb-512gb-ssd-tela-15-6-windows-10-aspire-3-a315-56-35et-55010095.html )  cont: 12
(02:28:05) Origem: https://www.extra.com.br/Informatica/Notebook/?Filtro=C56_C57
(02:28:07) Produto existe (id:1750020)
(02:28:07) Preço Produto: Venda: 3399,00 ( 10 x 339,90 ) Id PrecoProduto: 0
(02:28:07) Preçco mais recente: Venda: 3399,00 ( 10 x 339,90 ) Id PrecoProduto: 7172313
(02:28:07) Mesmo preço
(02:28:08) Produto: Notebook Samsung Book X50 Intel Core i7-10510U 10ª Geração 8GB, 1TB, Placa de Vídeo 2GB, 15.6   Windows 10 Home NP550XCJ-XS1BR - Prata ( https://www.extra.com.br/Informatica/Notebook/notebook-samsung-book-x50-intel-core-i7-10510u-10-geracao-8gb-1tb-placa-de-video-2gb-15-6-windows-10-home-np550xcj-xs1br-prata-55008242.html )  cont: 13
(02:28:08) Origem: https://www.extra.com.br/Informatica/Notebook/?Filtro=C56_C57
(02:28:10) Produto existe (id:1750021)
(02:28:10) Preço Produto: Venda: 4999,00 ( 10 x 499,90 ) Id PrecoProduto: 0
(02:28:10) Preçco mais recente: Venda: 4999,00 ( 10 x 499,90 ) Id PrecoProduto: 7127500
(02:28:10) Mesmo preço
(02:28:10) Produto: Notebook Samsung Dual Core 4GB 500GB Tela 15.6" Windows 10 Book E20 NP550XCJ-KO1BR ( https://www.extra.com.br/Informatica/Notebook/notebook-samsung-dual-core-4gb-500gb-tela-15-6-windows-10-book-e20-np550xcj-ko1br-55008233.html )  cont: 14
(02:28:10) Origem: https://www.extra.com.br/Informatica/Notebook/?Filtro=C56_C57
(02:28:12) Produto existe (id:1750022)
(02:28:12) Preço Produto: Venda: 2349,00 ( 10 x 234,90 ) Id PrecoProduto: 0
(02:28:12) Preçco mais recente: Venda: 2349,00 ( 10 x 234,90 ) Id PrecoProduto: 7127501
(02:28:12) Mesmo preço
(02:28:12) Produto: Notebook Gamer Acer NVIDIA GeForce GTX 1650 AMD Ryzen 7-3750H 8GB 1TB 128GB SSD Tela Full HD 15.6” Endless OS Aspire Nitro 5 AN515-43-R4C3 ( https://www.extra.com.br/Informatica/Notebook/notebook-gamer-acer-nvidia-geforce-gtx-1650-amd-ryzen-7-3750h-8gb-1tb-128gb-ssd-tela-full-hd-15-6-endless-os-aspire-nitro-5-an515-43-r4c3-55010090.html )  cont: 15
(02:28:12) Origem: https://www.extra.com.br/Informatica/Notebook/?Filtro=C56_C57
(02:28:14) Produto existe (id:1750023)
(02:28:14) Preço Produto: Venda: 5399,00 ( 10 x 539,90 ) Id PrecoProduto: 0
(02:28:14) Preçco mais recente: Venda: 5399,00 ( 10 x 539,90 ) Id PrecoProduto: 7172314
(02:28:14) Mesmo preço
(02:28:14) Produto: Notebook Samsung Book E30 Intel Core i3-10110U 10ª Geração 4GB 1TB 15.6   Windows 10 Home NP550XCJ-KT1BR - Prata ( https://www.extra.com.br/Informatica/Notebook/notebook-samsung-book-e30-intel-core-i3-10110u-10-geracao-4gb-1tb-15-6-windows-10-home-np550xcj-kt1br-prata-55008235.html )  cont: 16
(02:28:14) Origem: https://www.extra.com.br/Informatica/Notebook/?Filtro=C56_C57
(02:28:16) Produto existe (id:1750024)
(02:28:16) Preço Produto: Venda: 3049,00 ( 10 x 304,90 ) Id PrecoProduto: 0
(02:28:16) Preçco mais recente: Venda: 3049,00 ( 10 x 304,90 ) Id PrecoProduto: 7127503
(02:28:16) Mesmo preço
(02:28:16) Produto: Notebook Lenovo Core i5-1035G1 8GB 1TB Tela 15.6” Windows 10 Ideapad S145 ( https://www.extra.com.br/Informatica/Notebook/notebook-lenovo-core-i5-1035g1-8gb-1tb-tela-15-6-windows-10-ideapad-s145-55007372.html )  cont: 17
(02:28:16) Origem: https://www.extra.com.br/Informatica/Notebook/?Filtro=C56_C57
(02:28:18) Produto existe (id:1750025)
(02:28:18) Preço Produto: Venda: 3599,00 ( 10 x 359,90 ) Id PrecoProduto: 0
(02:28:18) Preçco mais recente: Venda: 3599,00 ( 10 x 359,90 ) Id PrecoProduto: 7172315
(02:28:18) Mesmo preço
(02:28:18) Produto: Notebook Lenovo Core i5-8265U 8GB 256GB SSD Placa de Vídeo 2GB Tela 15.6” Windows 10 Ideapad S145 ( https://www.extra.com.br/Informatica/Notebook/notebook-lenovo-core-i5-8265u-8gb-256gb-ssd-placa-de-video-2gb-tela-15-6-windows-10-ideapad-s145-55010085.html )  cont: 18
(02:28:18) Origem: https://www.extra.com.br/Informatica/Notebook/?Filtro=C56_C57
(02:28:20) Produto existe (id:1750028)
(02:28:20) Preço Produto: Venda: 3599,00 ( 10 x 359,90 ) Id PrecoProduto: 0
(02:28:20) Preçco mais recente: Venda: 3599,00 ( 10 x 359,90 ) Id PrecoProduto: 7127507
(02:28:20) Mesmo preço
(02:28:20) Produto: Notebook Acer Aspire 5 A514-53G-571X Intel Core I5 8GB 512GB SSD MX 350 14` Windows 10 ( https://www.extra.com.br/Informatica/Notebook/notebook-acer-aspire-5-a514-53g-571x-intel-core-i5-8gb-512gb-ssd-mx-350-14-windows-10-1506840412.html )  cont: 19
(02:28:20) Origem: https://www.extra.com.br/Informatica/Notebook/?Filtro=C56_C57
(02:28:22) Produto existe (id:1750029)
(02:28:22) Preço Produto: Venda: 3899,00 ( 10 x 389,90 ) Id PrecoProduto: 0
(02:28:22) Preçco mais recente: Venda: 3899,00 ( 10 x 389,90 ) Id PrecoProduto: 7183706
(02:28:22) Mesmo preço
(02:28:22) Produto: Notebook VAIO Core i3-8130U 4GB 1TB Tela 15.6” Windows 10 FE15 VJFE51F11X-B0111H ( https://www.extra.com.br/Informatica/Notebook/notebook-vaio-core-i3-8130u-4gb-1tb-tela-15-6-windows-10-fe15-vjfe51f11x-b0111h-55004116.html )  cont: 20
(02:28:22) Origem: https://www.extra.com.br/Informatica/Notebook/?Filtro=C56_C57
(02:28:24) Produto existe (id:1781506)
(02:28:24) Preço Produto: Venda: 3199,00 ( 10 x 319,90 ) Id PrecoProduto: 0
(02:28:24) Preçco mais recente: Venda: 3199,00 ( 10 x 319,90 ) Id PrecoProduto: 7182050
(02:28:24) Mesmo preço
(02:28:24) Produto: Notebook Lenovo Core i7-8565U 8GB 1TB Placa de Vídeo 2GB Tela Full HD 15.6” Windows 10 Ideapad S145 ( https://www.extra.com.br/Informatica/Notebook/notebook-lenovo-core-i7-8565u-8gb-1tb-placa-de-video-2gb-tela-full-hd-15-6-windows-10-ideapad-s145-55004395.html )  cont: 21
(02:28:24) Origem: https://www.extra.com.br/Informatica/Notebook/?Filtro=C56_C57
(02:28:26) Produto existe (id:1781507)
(02:28:26) Preço Produto: Venda: 3999,00 ( 10 x 399,90 ) Id PrecoProduto: 0
(02:28:26) Preçco mais recente: Venda: 3999,00 ( 10 x 399,90 ) Id PrecoProduto: 7172318
(02:28:26) Mesmo preço
(02:28:26) Loja:Walmart
(02:29:50) Categoria:Notebooks
(02:29:50) CategoriaLoja(detalhe):CategoriaLoja {IdCategoriaLoja:821;Nome:Notebooks;Url:https://www.walmart.com.br/categoria/informatica/notebooks-e-ultrabooks/?fq=C:4699/4701/;DataInclusao:27-03-2015;IdCategoriaLojaF:0;IdNaturezaProdutoRa:10;IdLojaVirtualPa:4;}
(02:29:50) URL: https://www.walmart.com.br/categoria/informatica/notebooks-e-ultrabooks/?fq=C:4699/4701/
(02:29:50) Loja:Submarino
(02:31:17) Categoria:Notebooks
(02:31:17) CategoriaLoja(detalhe):CategoriaLoja {IdCategoriaLoja:819;Nome:Notebooks;Url:http://www.submarino.com.br/linha/271288/informatica/notebook;DataInclusao:20-03-2015;IdCategoriaLojaF:0;IdNaturezaProdutoRa:10;IdLojaVirtualPa:5;}
(02:31:17) URL: http://www.submarino.com.br/linha/271288/informatica/notebook
(02:32:17) Loja:Ricardo Eletro
(02:33:41) Categoria:Notebooks
(02:33:41) CategoriaLoja(detalhe):CategoriaLoja {IdCategoriaLoja:822;Nome:Notebooks;Url:http://www.ricardoeletro.com.br/Loja/Informatica/Notebooks-Ultrabooks/49-82;DataInclusao:27-03-2015;IdCategoriaLojaF:0;IdNaturezaProdutoRa:10;IdLojaVirtualPa:6;}
(02:33:41) URL: http://www.ricardoeletro.com.br/Loja/Informatica/Notebooks-Ultrabooks/49-82
(02:33:50) Loja:Ponto Frio
(02:35:15) Categoria:Notebooks
(02:35:15) CategoriaLoja(detalhe):CategoriaLoja {IdCategoriaLoja:823;Nome:Notebooks;Url:http://www.pontofrio.com.br/Informatica/Notebook/?Filtro=C56_C57;DataInclusao:27-03-2015;IdCategoriaLojaF:0;IdNaturezaProdutoRa:10;IdLojaVirtualPa:7;}
(02:35:15) URL: http://www.pontofrio.com.br/Informatica/Notebook/?Filtro=C56_C57
(02:35:16) Produto: Notebook Positivo Quad Core 4GB 64GB SSD Tela 14” Windows 10 Motion Plus Q464B ( https://www.pontofrio.com.br/Informatica/Notebook/notebook-positivo-quad-core-4gb-64gb-ssd-tela-14-windows-10-motion-plus-q464b-50004960.html )  cont: 1
(02:35:16) Origem: http://www.pontofrio.com.br/Informatica/Notebook/?Filtro=C56_C57
(02:35:18) Produto existe (id:1555501)
(02:35:18) Preço Produto: Venda: 1599,00 ( 10 x 159,90 ) Id PrecoProduto: 0
(02:35:18) Preçco mais recente: Venda: 1599,00 ( 10 x 159,90 ) Id PrecoProduto: 7184226
(02:35:18) Mesmo preço
(02:35:18) Produto: Notebook Samsung Book X30 Intel Core i5-10210U 10ª Geração 8GB 1TB 15.6   Windows 10 Home NP550XCJ-KF1BR - Prata ( https://www.pontofrio.com.br/Informatica/Notebook/notebook-samsung-book-x30-intel-core-i5-10210u-10-geracao-8gb-1tb-15-6-windows-10-home-np550xcj-kf1br-prata-55008238.html )  cont: 2
(02:35:18) Origem: http://www.pontofrio.com.br/Informatica/Notebook/?Filtro=C56_C57
(02:35:20) Produto existe (id:1555502)
(02:35:20) Preço Produto: Venda: 3699,00 ( 10 x 369,90 ) Id PrecoProduto: 0
(02:35:20) Preçco mais recente: Venda: 3699,00 ( 10 x 369,90 ) Id PrecoProduto: 7127510
(02:35:20) Mesmo preço
(02:35:20) Produto: Notebook Lenovo AMD Ryzen 5-3500U 8GB 1TB Tela 15.6” Windows 10 Ideapad S145 81V70004BR ( https://www.pontofrio.com.br/Informatica/Notebook/notebook-lenovo-amd-ryzen-5-3500u-8gb-1tb-tela-15-6-windows-10-ideapad-s145-81v70004br-55003873.html )  cont: 3
(02:35:20) Origem: http://www.pontofrio.com.br/Informatica/Notebook/?Filtro=C56_C57
(02:35:22) Produto existe (id:1791520)
(02:35:22) Preço Produto: Venda: 2999,00 ( 10 x 299,90 ) Id PrecoProduto: 0
(02:35:22) Preçco mais recente: Venda: 2999,00 ( 10 x 299,90 ) Id PrecoProduto: 7183014
(02:35:22) Mesmo preço
(02:35:22) Produto: Notebook Lenovo AMD Ryzen 5-3500U 12GB 1TB Tela 15.6” Windows 10 Ideapad S145 ( https://www.pontofrio.com.br/Informatica/Notebook/notebook-lenovo-amd-ryzen-5-3500u-12gb-1tb-tela-15-6-windows-10-ideapad-s145-55008960.html )  cont: 4
(02:35:22) Origem: http://www.pontofrio.com.br/Informatica/Notebook/?Filtro=C56_C57
(02:35:24) Produto existe (id:1555504)
(02:35:24) Preço Produto: Venda: 3299,00 ( 10 x 329,90 ) Id PrecoProduto: 0
(02:35:24) Preçco mais recente: Venda: 3299,00 ( 10 x 329,90 ) Id PrecoProduto: 7127512
(02:35:24) Mesmo preço
(02:35:24) Produto: Notebook Acer Core i5-10210U 8GB 256GB SSD Placa de Vídeo 2GB Tela 15.6” Windows 10 Aspire 5 A515-54G-53GP ( https://www.pontofrio.com.br/Informatica/Notebook/notebook-acer-core-i5-10210u-8gb-256gb-ssd-placa-de-video-2gb-tela-15-6-windows-10-aspire-5-a515-54g-53gp-55010093.html )  cont: 5
(02:35:24) Origem: http://www.pontofrio.com.br/Informatica/Notebook/?Filtro=C56_C57
(02:35:26) Produto existe (id:1750031)
(02:35:26) Preço Produto: Venda: 3799,00 ( 10 x 379,90 ) Id PrecoProduto: 0
(02:35:26) Preçco mais recente: Venda: 3799,00 ( 12 x 316,58 ) Id PrecoProduto: 7172322
(02:35:26) Mesmo preço
(02:35:26) Produto: Notebook Samsung Book X30 Intel Core i5-10210U 10ª Geração 8GB 1TB 15.6   Windows 10 Home NP550XCJ-KF2BR - Branco ( https://www.pontofrio.com.br/Informatica/Notebook/notebook-samsung-book-x30-intel-core-i5-10210u-10-geracao-8gb-1tb-15-6-windows-10-home-np550xcj-kf2br-branco-55008239.html )  cont: 6
(02:35:26) Origem: http://www.pontofrio.com.br/Informatica/Notebook/?Filtro=C56_C57
(02:35:28) Produto existe (id:1750032)
(02:35:28) Preço Produto: Venda: 3649,00 ( 10 x 364,90 ) Id PrecoProduto: 0
(02:35:28) Preçco mais recente: Venda: 3649,00 ( 10 x 364,90 ) Id PrecoProduto: 7127514
(02:35:28) Mesmo preço
(02:35:28) Produto: Notebook Samsung Book E30 Intel Core i3-10110U 10ª Geração 4GB 1TB 15.6   Windows 10 Home NP550XCJ-KT1BR - Prata ( https://www.pontofrio.com.br/Informatica/Notebook/notebook-samsung-book-e30-intel-core-i3-10110u-10-geracao-4gb-1tb-15-6-windows-10-home-np550xcj-kt1br-prata-55008235.html )  cont: 7
(02:35:28) Origem: http://www.pontofrio.com.br/Informatica/Notebook/?Filtro=C56_C57
(02:35:30) Produto existe (id:1555509)
(02:35:30) Preço Produto: Venda: 2997,60 ( 10 x 299,76 ) Id PrecoProduto: 0
(02:35:30) Preçco mais recente: Venda: 2997,60 ( 10 x 299,76 ) Id PrecoProduto: 7172323
(02:35:30) Mesmo preço
(02:35:31) Produto: Notebook Acer Core i5-10210U 8GB 512GB SSD Tela 15.6” Windows 10 Aspire 5 A515-54-59X2 ( https://www.pontofrio.com.br/Informatica/Notebook/notebook-acer-core-i5-10210u-8gb-512gb-ssd-tela-15-6-windows-10-aspire-5-a515-54-59x2-55010096.html )  cont: 8
(02:35:31) Origem: http://www.pontofrio.com.br/Informatica/Notebook/?Filtro=C56_C57
(02:35:33) Produto existe (id:1750035)
(02:35:33) Preço Produto: Venda: 3899,00 ( 10 x 389,90 ) Id PrecoProduto: 0
(02:35:33) Preçco mais recente: Venda: 3899,00 ( 10 x 389,90 ) Id PrecoProduto: 7183015
(02:35:33) Mesmo preço
(02:35:33) Produto: Notebook Lenovo Core i5-1035G1 8GB 1TB Tela 15.6” Windows 10 Ideapad S145 ( https://www.pontofrio.com.br/Informatica/Notebook/notebook-lenovo-core-i5-1035g1-8gb-1tb-tela-15-6-windows-10-ideapad-s145-55007372.html )  cont: 9
(02:35:33) Origem: http://www.pontofrio.com.br/Informatica/Notebook/?Filtro=C56_C57
(02:35:35) Produto existe (id:1555507)
(02:35:35) Preço Produto: Venda: 3699,00 ( 10 x 369,90 ) Id PrecoProduto: 0
(02:35:35) Preçco mais recente: Venda: 3699,00 ( 12 x 308,25 ) Id PrecoProduto: 6814358
(02:35:35) Mesmo preço
(02:35:35) Produto: MacBook Air 13" Apple Intel Core i5 8GB RAM 128GB SSD Prateado ( https://www.pontofrio.com.br/Informatica/Notebook/macbook-air-13-apple-intel-core-i5-8gb-ram-128gb-ssd-prateado-11639797.html )  cont: 10
(02:35:35) Origem: http://www.pontofrio.com.br/Informatica/Notebook/?Filtro=C56_C57
(02:35:37) Produto existe (id:1750036)
(02:35:37) Preço Produto: Venda: 5699,00 ( 10 x 569,90 ) Id PrecoProduto: 0
(02:35:37) Preçco mais recente: Venda: 5699,00 ( 10 x 569,90 ) Id PrecoProduto: 7172325
(02:35:37) Mesmo preço
(02:35:37) Produto: Notebook Gamer Acer NVIDIA GeForce GTX 1650 AMD Ryzen 7-3750H 8GB 1TB 128GB SSD Tela Full HD 15.6” Endless OS Aspire Nitro 5 AN515-43-R4C3 ( https://www.pontofrio.com.br/Informatica/Notebook/notebook-gamer-acer-nvidia-geforce-gtx-1650-amd-ryzen-7-3750h-8gb-1tb-128gb-ssd-tela-full-hd-15-6-endless-os-aspire-nitro-5-an515-43-r4c3-55010090.html )  cont: 11
(02:35:37) Origem: http://www.pontofrio.com.br/Informatica/Notebook/?Filtro=C56_C57
(02:35:39) Produto existe (id:1555518)
(02:35:39) Preço Produto: Venda: 5299,00 ( 10 x 529,90 ) Id PrecoProduto: 0
(02:35:39) Preçco mais recente: Venda: 5299,00 ( 10 x 529,90 ) Id PrecoProduto: 7172326
(02:35:39) Mesmo preço
(02:35:39) Produto: Notebook Acer Core i3-1005G1 8GB 512GB SSD Tela 15.6” Windows 10 Aspire 3 A315-56-35ET ( https://www.pontofrio.com.br/Informatica/Notebook/notebook-acer-core-i3-1005g1-8gb-512gb-ssd-tela-15-6-windows-10-aspire-3-a315-56-35et-55010095.html )  cont: 12
(02:35:39) Origem: http://www.pontofrio.com.br/Informatica/Notebook/?Filtro=C56_C57
(02:35:41) Produto existe (id:1555505)
(02:35:41) Preço Produto: Venda: 3299,00 ( 10 x 329,90 ) Id PrecoProduto: 0
(02:35:41) Preçco mais recente: Venda: 3299,00 ( 10 x 329,90 ) Id PrecoProduto: 7172327
(02:35:41) Mesmo preço
(02:35:41) Produto: Notebook Samsung Dual Core 4GB 64GB SSD Tela Full HD 13.3” Windows 10 Flash F30 NP530XBB-AD1BR ( https://www.pontofrio.com.br/Informatica/Notebook/notebook-samsung-dual-core-4gb-64gb-ssd-tela-full-hd-13-3-windows-10-flash-f30-np530xbb-ad1br-14536935.html )  cont: 13
(02:35:41) Origem: http://www.pontofrio.com.br/Informatica/Notebook/?Filtro=C56_C57
(02:35:43) Produto existe (id:1750037)
(02:35:43) Preço Produto: Venda: 2599,00 ( 10 x 259,90 ) Id PrecoProduto: 0
(02:35:43) Preçco mais recente: Venda: 2599,00 ( 10 x 259,90 ) Id PrecoProduto: 7172328
(02:35:43) Mesmo preço
(02:35:43) Produto: Notebook Lenovo Core i5-1035G1 20GB (4GB RAM + 16GB Optane) 1TB Tela 15.6” Windows 10 Ideapad S145 ( https://www.pontofrio.com.br/Informatica/Notebook/notebook-lenovo-core-i5-1035g1-20gb-4gb-ram-16gb-optane-1tb-tela-15-6-windows-10-ideapad-s145-55010086.html )  cont: 14
(02:35:43) Origem: http://www.pontofrio.com.br/Informatica/Notebook/?Filtro=C56_C57
(02:35:45) Produto existe (id:1750038)
(02:35:45) Preço Produto: Venda: 3199,00 ( 10 x 319,90 ) Id PrecoProduto: 0
(02:35:45) Preçco mais recente: Venda: 3199,00 ( 10 x 319,90 ) Id PrecoProduto: 7183016
(02:35:45) Mesmo preço
(02:35:45) Produto: Notebook Samsung Dual Core 4GB 500GB Tela 15.6" Windows 10 Book E20 NP550XCJ-KO1BR ( https://www.pontofrio.com.br/Informatica/Notebook/notebook-samsung-dual-core-4gb-500gb-tela-15-6-windows-10-book-e20-np550xcj-ko1br-55008233.html )  cont: 15
(02:35:45) Origem: http://www.pontofrio.com.br/Informatica/Notebook/?Filtro=C56_C57
(02:35:47) Produto existe (id:1555503)
(02:35:47) Preço Produto: Venda: 2699,00 ( 10 x 269,90 ) Id PrecoProduto: 0
(02:35:47) Preçco mais recente: Venda: 2699,00 ( 10 x 269,90 ) Id PrecoProduto: 7127524
(02:35:47) Mesmo preço
(02:35:47) Produto: Notebook Lenovo Core i5-8265U 8GB 256GB SSD Placa de Vídeo 2GB Tela 15.6” Windows 10 Ideapad S145 ( https://www.pontofrio.com.br/Informatica/Notebook/notebook-lenovo-core-i5-8265u-8gb-256gb-ssd-placa-de-video-2gb-tela-15-6-windows-10-ideapad-s145-55010085.html )  cont: 16
(02:35:47) Origem: http://www.pontofrio.com.br/Informatica/Notebook/?Filtro=C56_C57
(02:35:49) Produto existe (id:1750039)
(02:35:49) Preço Produto: Venda: 3599,00 ( 10 x 359,90 ) Id PrecoProduto: 0
(02:35:49) Preçco mais recente: Venda: 3599,00 ( 10 x 359,90 ) Id PrecoProduto: 7127525
(02:35:49) Mesmo preço
(02:35:49) Produto: Notebook Positivo Dual Core 4GB 500GB Tela 14” Windows 10 Motion C4500D ( https://www.pontofrio.com.br/Informatica/Notebook/notebook-positivo-dual-core-4gb-500gb-tela-14-windows-10-motion-c4500d-55009824.html )  cont: 17
(02:35:49) Origem: http://www.pontofrio.com.br/Informatica/Notebook/?Filtro=C56_C57
(02:35:51) Produto existe (id:1555506)
(02:35:51) Preço Produto: Venda: 2399,00 ( 10 x 239,90 ) Id PrecoProduto: 0
(02:35:51) Preçco mais recente: Venda: 2399,00 ( 10 x 239,90 ) Id PrecoProduto: 7127526
(02:35:51) Mesmo preço
(02:35:51) Produto: Notebook Dell Core i5-8265U 8GB 1TB Tela 15.6” Windows 10 Inspiron I15-3583-A3XP ( https://www.pontofrio.com.br/Informatica/Notebook/notebook-dell-core-i5-8265u-8gb-1tb-tela-15-6-windows-10-inspiron-i15-3583-a3xp-50005141.html )  cont: 18
(02:35:51) Origem: http://www.pontofrio.com.br/Informatica/Notebook/?Filtro=C56_C57
(02:35:53) Produto existe (id:1555516)
(02:35:53) Preço Produto: Venda: 3899,00 ( 10 x 389,90 ) Id PrecoProduto: 0
(02:35:53) Preçco mais recente: Venda: 3899,00 ( 10 x 389,90 ) Id PrecoProduto: 7172329
(02:35:53) Mesmo preço
(02:35:53) Produto: Notebook Acer Core i3-1005G1 8GB 256GB SSD Tela 15.6” Windows 10 Aspire 3 A315-56-3090 ( https://www.pontofrio.com.br/Informatica/Notebook/notebook-acer-core-i3-1005g1-8gb-256gb-ssd-tela-15-6-windows-10-aspire-3-a315-56-3090-55010097.html )  cont: 19
(02:35:53) Origem: http://www.pontofrio.com.br/Informatica/Notebook/?Filtro=C56_C57
(02:35:56) Produto existe (id:1781511)
(02:35:56) Preço Produto: Venda: 3299,00 ( 10 x 329,90 ) Id PrecoProduto: 0
(02:35:56) Preçco mais recente: Venda: 3299,00 ( 10 x 329,90 ) Id PrecoProduto: 7183707
(02:35:56) Mesmo preço
(02:35:56) Produto: Notebook Lenovo Core i7-8565U 8GB 1TB Placa de Vídeo 2GB Tela Full HD 15.6” Windows 10 Ideapad S145 ( https://www.pontofrio.com.br/Informatica/Notebook/notebook-lenovo-core-i7-8565u-8gb-1tb-placa-de-video-2gb-tela-full-hd-15-6-windows-10-ideapad-s145-55004395.html )  cont: 20
(02:35:56) Origem: http://www.pontofrio.com.br/Informatica/Notebook/?Filtro=C56_C57
(02:35:58) Produto existe (id:1781512)
(02:35:58) Preço Produto: Venda: 3879,00 ( 12 x 323,25 ) Id PrecoProduto: 0
(02:35:58) Preçco mais recente: Venda: 3999,00 ( 10 x 399,90 ) Id PrecoProduto: 7172331
(02:35:58) Mudança de preço
(02:35:58) Mudança de preço (Ajuste:3.0007503)
(02:35:58) Produto: Notebook Gamer Acer NVIDIA GeForce GTX 1650 Core i5-9300H 8GB 1TB 128GB SSD Tela Full HD 15.6" Windows 10 Aspire Nitro 5 AN515-54-528V ( https://www.pontofrio.com.br/Informatica/Notebook/notebook-gamer-acer-nvidia-geforce-gtx-1650-core-i5-9300h-8gb-1tb-128gb-ssd-tela-full-hd-15-6-windows-10-aspire-nitro-5-an515-54-528v-55007925.html )  cont: 21
(02:35:58) Origem: http://www.pontofrio.com.br/Informatica/Notebook/?Filtro=C56_C57
(02:36:00) Produto existe (id:1781513)
(02:36:00) Preço Produto: Venda: 5699,00 ( 10 x 569,90 ) Id PrecoProduto: 0
(02:36:00) Preçco mais recente: Venda: 5699,00 ( 10 x 569,90 ) Id PrecoProduto: 7172332
(02:36:00) Mesmo preço
(02:36:00) Loja:Casas Bahia
(02:37:25) Categoria:Notebooks
(02:37:25) CategoriaLoja(detalhe):CategoriaLoja {IdCategoriaLoja:824;Nome:Notebooks;Url:https://www.casasbahia.com.br/Informatica/Notebook/?Filtro=C56_C57;DataInclusao:27-03-2015;IdCategoriaLojaF:0;IdNaturezaProdutoRa:10;IdLojaVirtualPa:8;}
(02:37:25) URL: https://www.casasbahia.com.br/Informatica/Notebook/?Filtro=C56_C57
