(2020-12-21 04:53:39) - Um C 85-265 V 60 W 105 Grânulos 3 Painéis deformável 275nm uvc garagem Luz dobrável dobrável ajustável 6000-6500K iluminação da lâmpada do teto E26 / E27 Base de Dados de Detentor do soquete para Oficina Armazém porão Academia posto de gasolina Cozinha Preto Preto portátil ( https://www.americanas.com.br/produto/1995847532 ) 
(2020-12-21 04:53:39) - br.com.digicom.lib.dao.DaoException: insert into  produto ( id_produto  ,url_origem  ,imagem_local  ,data_inclusao  ,url  ,nome  ,posicao_produto  ,imagem  ,verificacao_nome_ok  ,id_loja_virtual_le  ,id_marca_p  )  values  ( '0'   ,'https://www.americanas.com.br/categoria/informatica/notebooks/pagina-128'   ,'null'   ,'2020-12-21'   ,'https://www.americanas.com.br/produto/1995847532'   ,'Um C 85-265 V 60 W 105 Grânulos 3 Painéis deformável 275nm uvc garagem Luz dobrável dobrável ajustável 6000-6500K iluminação da lâmpada do teto E26 / E27 Base de Dados de Detentor do soquete para Oficina Armazém porão Academia posto de gasolina Cozinha Preto Preto portátil'   ,'3058'   ,'null'   ,'N'   ,1   ,12   ) Data too long for column 'nome' at row 1 insert into  produto ( id_produto  ,url_origem  ,imagem_local  ,data_inclusao  ,url  ,nome  ,posicao_produto  ,imagem  ,verificacao_nome_ok  ,id_loja_virtual_le  ,id_marca_p  )  values  ( '0'   ,'https://www.americanas.com.br/categoria/informatica/notebooks/pagina-128'   ,'null'   ,'2020-12-21'   ,'https://www.americanas.com.br/produto/1995847532'   ,'Um C 85-265 V 60 W 105 Grânulos 3 Painéis deformável 275nm uvc garagem Luz dobrável dobrável ajustável 6000-6500K iluminação da lâmpada do teto E26 / E27 Base de Dados de Detentor do soquete para Oficina Armazém porão Academia posto de gasolina Cozinha Preto Preto portátil'   ,'3058'   ,'null'   ,'N'   ,1   ,12   ) Data too long for column 'nome' at row 1
	at br.com.digicom.lib.dao.MySqlDataSource.executaSql(MySqlDataSource.java:69)
	at br.com.digicom.lib.dao.MySqlDataSource.executaSql(MySqlDataSource.java:40)
	at br.com.digicom.lib.dao.DaoBase.executaSql(DaoBase.java:126)
	at br.com.digicom.lib.dao.DaoBase.executaSql(DaoBase.java:118)
	at coletapreco.dao.basica.ProdutoDaoBase.insereItemLoad(ProdutoDaoBase.java:119)
	at coletapreco.regracolecao.ProdutoRegraColecao.insereItemLoad(ProdutoRegraColecao.java:351)
	at coletapreco.parse.dados.CategoriaLojaDadosParse.processaProduto(CategoriaLojaDadosParse.java:101)
	at coletapreco.parse.dados.CategoriaLojaDadosParse.finalizacaoOkDetalhe(CategoriaLojaDadosParse.java:53)
	at coletapreco.parse.callback.basico.CategoriaLojaDetalheCallbackHtmlBase.finalizacaoOk(CategoriaLojaDetalheCallbackHtmlBase.java:73)
	at br.com.digicom.parse.ExecutadorParseApache.main(ExecutadorParseApache.java:139)
	at br.com.digicom.parse.ExecutadorParseApache.executa(ExecutadorParseApache.java:67)
	at coletapreco.parse.regracolecaoadaptador.CategoriaLojaRegraColecaoAdaptador.atualizaDetalhe(CategoriaLojaRegraColecaoAdaptador.java:100)
	at coletapreco.regracolecao.impl.LojaVirtualRegraColecaoImpl.ExecutaNaturezaLoja(LojaVirtualRegraColecaoImpl.java:136)
	at coletapreco.regracolecao.impl.LojaVirtualRegraColecaoImpl.atualizaNatureza(LojaVirtualRegraColecaoImpl.java:93)
	at coletapreco.regracolecao.impl.LojaVirtualRegraColecaoImpl.AtualizaNotebook(LojaVirtualRegraColecaoImpl.java:189)
	at coletapreco.regracolecao.LojaVirtualRegraColecao.AtualizaNotebook(LojaVirtualRegraColecao.java:178)
	at coletapreco.desen.ColetaComputadorApp.main(ColetaComputadorApp.java:19)
(2020-12-21 04:54:27) - Um C 85-265 V 60 W 105 Grânulos 3 Painéis deformável 275nm uvc garagem Luz dobrável dobrável ajustável 6000-6500K iluminação da lâmpada do teto E26 / E27 Base de tomada de suporte para Oficina Armazém porão Academia Cozinha posto de gasolina Prata Prata portátil ( https://www.americanas.com.br/produto/2004732612 ) 
(2020-12-21 04:54:27) - br.com.digicom.lib.dao.DaoException: insert into  produto ( id_produto  ,url_origem  ,imagem_local  ,data_inclusao  ,url  ,nome  ,posicao_produto  ,imagem  ,verificacao_nome_ok  ,id_loja_virtual_le  ,id_marca_p  )  values  ( '0'   ,'https://www.americanas.com.br/categoria/informatica/notebooks/pagina-129'   ,'null'   ,'2020-12-21'   ,'https://www.americanas.com.br/produto/2004732612'   ,'Um C 85-265 V 60 W 105 Grânulos 3 Painéis deformável 275nm uvc garagem Luz dobrável dobrável ajustável 6000-6500K iluminação da lâmpada do teto E26 / E27 Base de tomada de suporte para Oficina Armazém porão Academia Cozinha posto de gasolina Prata Prata portátil'   ,'3079'   ,'null'   ,'N'   ,1   ,12   ) Data too long for column 'nome' at row 1 insert into  produto ( id_produto  ,url_origem  ,imagem_local  ,data_inclusao  ,url  ,nome  ,posicao_produto  ,imagem  ,verificacao_nome_ok  ,id_loja_virtual_le  ,id_marca_p  )  values  ( '0'   ,'https://www.americanas.com.br/categoria/informatica/notebooks/pagina-129'   ,'null'   ,'2020-12-21'   ,'https://www.americanas.com.br/produto/2004732612'   ,'Um C 85-265 V 60 W 105 Grânulos 3 Painéis deformável 275nm uvc garagem Luz dobrável dobrável ajustável 6000-6500K iluminação da lâmpada do teto E26 / E27 Base de tomada de suporte para Oficina Armazém porão Academia Cozinha posto de gasolina Prata Prata portátil'   ,'3079'   ,'null'   ,'N'   ,1   ,12   ) Data too long for column 'nome' at row 1
	at br.com.digicom.lib.dao.MySqlDataSource.executaSql(MySqlDataSource.java:69)
	at br.com.digicom.lib.dao.MySqlDataSource.executaSql(MySqlDataSource.java:40)
	at br.com.digicom.lib.dao.DaoBase.executaSql(DaoBase.java:126)
	at br.com.digicom.lib.dao.DaoBase.executaSql(DaoBase.java:118)
	at coletapreco.dao.basica.ProdutoDaoBase.insereItemLoad(ProdutoDaoBase.java:119)
	at coletapreco.regracolecao.ProdutoRegraColecao.insereItemLoad(ProdutoRegraColecao.java:351)
	at coletapreco.parse.dados.CategoriaLojaDadosParse.processaProduto(CategoriaLojaDadosParse.java:101)
	at coletapreco.parse.dados.CategoriaLojaDadosParse.finalizacaoOkDetalhe(CategoriaLojaDadosParse.java:53)
	at coletapreco.parse.callback.basico.CategoriaLojaDetalheCallbackHtmlBase.finalizacaoOk(CategoriaLojaDetalheCallbackHtmlBase.java:73)
	at br.com.digicom.parse.ExecutadorParseApache.main(ExecutadorParseApache.java:139)
	at br.com.digicom.parse.ExecutadorParseApache.executa(ExecutadorParseApache.java:67)
	at coletapreco.parse.regracolecaoadaptador.CategoriaLojaRegraColecaoAdaptador.atualizaDetalhe(CategoriaLojaRegraColecaoAdaptador.java:100)
	at coletapreco.regracolecao.impl.LojaVirtualRegraColecaoImpl.ExecutaNaturezaLoja(LojaVirtualRegraColecaoImpl.java:136)
	at coletapreco.regracolecao.impl.LojaVirtualRegraColecaoImpl.atualizaNatureza(LojaVirtualRegraColecaoImpl.java:93)
	at coletapreco.regracolecao.impl.LojaVirtualRegraColecaoImpl.AtualizaNotebook(LojaVirtualRegraColecaoImpl.java:189)
	at coletapreco.regracolecao.LojaVirtualRegraColecao.AtualizaNotebook(LojaVirtualRegraColecao.java:178)
	at coletapreco.desen.ColetaComputadorApp.main(ColetaComputadorApp.java:19)
