(02:20:04) Loja:Americanas
(02:21:55) Categoria:Notebooks
(02:21:55) CategoriaLoja(detalhe):CategoriaLoja {IdCategoriaLoja:817;Nome:Notebooks;Url:https://www.americanas.com.br/categoria/informatica/notebooks?pagina-1;DataInclusao:20-03-2015;IdCategoriaLojaF:0;IdNaturezaProdutoRa:10;IdLojaVirtualPa:1;}
(02:21:56) URL: https://www.americanas.com.br/categoria/informatica/notebooks?pagina-1
(02:21:59) Produto: Notebook Positivo Motion Q464B Intel Atom Quad core 4GB 64GB SSD + 64GB Nuvem 14" W10 Vermelho ( https://www.americanas.com.br/produto/1506963998 )  cont: 1
(02:21:59) Origem: https://www.americanas.com.br/categoria/informatica/notebooks?pagina-1
(02:22:01) Produto existe (id:1778959)
(02:22:01) Preço Produto: Venda: 1449,99 ( 0 x 0,00 ) Id PrecoProduto: 0
(02:29:54) Preçco mais recente: Venda: 1449,99 ( 0 x 0,00 ) Id PrecoProduto: 7185241
(02:29:54) Mesmo preço
(02:48:50) Produto: Notebook Multilaser Pc133 Legacy Cloud Atom Z8350 2gb 32gb 14" ( https://www.americanas.com.br/produto/2428655665 )  cont: 2
(02:48:50) Origem: https://www.americanas.com.br/categoria/informatica/notebooks?pagina-1
(02:48:52) Produto existe (id:1778958)
(02:48:52) Preço Produto: Venda: 1549,99 ( 0 x 0,00 ) Id PrecoProduto: 0
(02:48:52) Preçco mais recente: Venda: 1549,99 ( 0 x 0,00 ) Id PrecoProduto: 7180356
(02:48:52) Mesmo preço
(02:48:52) Produto: Notebook Positivo Motion I54240A Intel Core i5 4GB 240GB SSSD 14  W10 Cinza escuro ( https://www.americanas.com.br/produto/1752917524 )  cont: 3
(02:48:52) Origem: https://www.americanas.com.br/categoria/informatica/notebooks?pagina-1
(02:48:54) Produto existe (id:1778960)
(02:48:54) Preço Produto: Venda: 2799,00 ( 0 x 0,00 ) Id PrecoProduto: 0
(02:48:54) Preçco mais recente: Venda: 2899,99 ( 0 x 0,00 ) Id PrecoProduto: 7184201
(02:48:54) Mudança de preço
(02:48:54) Mudança de preço (Ajuste:3.4824257)
(02:48:54) Produto: Notebook Vaio FE15 Intel Core I5 8GB 256GB SSD 15.6" Linux Chumbo Escuro ( https://www.americanas.com.br/produto/1961678689 )  cont: 4
(02:48:54) Origem: https://www.americanas.com.br/categoria/informatica/notebooks?pagina-1
(02:48:57) Produto existe (id:1778964)
(02:48:57) Preço Produto: Venda: 3699,99 ( 0 x 0,00 ) Id PrecoProduto: 0
(02:48:57) Preçco mais recente: Venda: 3699,99 ( 0 x 0,00 ) Id PrecoProduto: 7184202
(02:48:57) Mesmo preço
(02:48:57) Produto: Notebook Compaq Presario CQ-25 4GB 120GB SSD 14   ( https://www.americanas.com.br/produto/1818873801 )  cont: 5
(02:48:57) Origem: https://www.americanas.com.br/categoria/informatica/notebooks?pagina-1
(02:48:59) Produto existe (id:1778968)
(02:48:59) Preço Produto: Venda: 1629,99 ( 0 x 0,00 ) Id PrecoProduto: 0
(02:48:59) Preçco mais recente: Venda: 1629,99 ( 0 x 0,00 ) Id PrecoProduto: 7180359
(02:48:59) Mesmo preço
(02:48:59) Produto: Notebook Acer Aspire 3 A315-56-35ET 10ª Intel Core i3 8GB 512GB SSD W10 15,6   ( https://www.americanas.com.br/produto/1824323427 )  cont: 6
(02:48:59) Origem: https://www.americanas.com.br/categoria/informatica/notebooks?pagina-1
(02:49:02) Produto existe (id:1778967)
(02:49:02) Preço Produto: Venda: 3199,99 ( 0 x 0,00 ) Id PrecoProduto: 0
(02:49:02) Preçco mais recente: Venda: 3199,99 ( 0 x 0,00 ) Id PrecoProduto: 7169773
(02:49:02) Mesmo preço
(02:49:02) Produto: Notebook Asus X509FA-BR876T 8ª Intel Core i5 8GB 256GB SSD 15,6" W10 Cinza Escuro ( https://www.americanas.com.br/produto/1823625044 )  cont: 7
(02:49:02) Origem: https://www.americanas.com.br/categoria/informatica/notebooks?pagina-1
(02:49:04) Produto existe (id:1778969)
(02:49:04) Preço Produto: Venda: 3999,00 ( 0 x 0,00 ) Id PrecoProduto: 0
(02:49:04) Preçco mais recente: Venda: 3999,00 ( 0 x 0,00 ) Id PrecoProduto: 7169775
(02:49:04) Mesmo preço
(02:49:04) Produto: Notebook Dell Inspiron I15-3583-AS100P 8ª Intel Core I7 8GB (Placa AMD Radeon 520 com 2GB) 256GB SSD 15,6" W10 ( https://www.americanas.com.br/produto/1936036502 )  cont: 8
(02:49:04) Origem: https://www.americanas.com.br/categoria/informatica/notebooks?pagina-1
(02:49:07) Produto existe (id:1778971)
(02:49:07) Preço Produto: Venda: 4599,99 ( 0 x 0,00 ) Id PrecoProduto: 0
(02:49:07) Preçco mais recente: Venda: 4599,99 ( 0 x 0,00 ) Id PrecoProduto: 7184203
(02:49:07) Mesmo preço
(02:49:07) Produto: Notebook Gamer 2AM E550 Intel Core I7 8GB (GeForce GTX 1050 com 3GB) 256GB SSD IPS Full HD 15,6" Freedos Cinza Escuro ( https://www.americanas.com.br/produto/1885942791 )  cont: 9
(02:49:07) Origem: https://www.americanas.com.br/categoria/informatica/notebooks?pagina-1
(02:49:09) Produto existe (id:1778974)
(02:49:09) Preço Produto: Venda: 5999,99 ( 0 x 0,00 ) Id PrecoProduto: 0
(02:49:09) Preçco mais recente: Venda: 5999,99 ( 0 x 0,00 ) Id PrecoProduto: 7184205
(02:49:09) Mesmo preço
(02:49:09) Produto: Notebook Ultrafino Lenovo Ideapad S145 Intel Core i3-8130U 8GB 1TB 15.6" W10 - Prata ( https://www.americanas.com.br/produto/2051525501 )  cont: 10
(02:49:09) Origem: https://www.americanas.com.br/categoria/informatica/notebooks?pagina-1
(02:49:11) Produto existe (id:1778975)
(02:49:11) Preço Produto: Venda: 2759,99 ( 0 x 0,00 ) Id PrecoProduto: 0
(02:49:11) Preçco mais recente: Venda: 2759,99 ( 0 x 0,00 ) Id PrecoProduto: 7184206
(02:49:11) Mesmo preço
(02:49:11) Produto: Notebook Dell Inspiron I15-3583-AS90P 8ª Intel Core I7 8GB 256GB SSD 15,6" W10 ( https://www.americanas.com.br/produto/1936036537 )  cont: 11
(02:49:11) Origem: https://www.americanas.com.br/categoria/informatica/notebooks?pagina-1
(02:49:14) Produto existe (id:1778973)
(02:49:14) Preço Produto: Venda: 5199,99 ( 0 x 0,00 ) Id PrecoProduto: 0
(02:49:14) Preçco mais recente: Venda: 5199,99 ( 0 x 0,00 ) Id PrecoProduto: 7185242
(02:49:14) Mesmo preço
(02:49:14) Produto: Notebook Vaio FE15 Intel Core I7 8GB 256GB SSD 15.6" Linux Chumbo Escuro ( https://www.americanas.com.br/produto/1961678523 )  cont: 12
(02:49:14) Origem: https://www.americanas.com.br/categoria/informatica/notebooks?pagina-1
(02:49:16) Produto existe (id:1778972)
(02:49:16) Preço Produto: Venda: 4399,99 ( 0 x 0,00 ) Id PrecoProduto: 0
(02:49:16) Preçco mais recente: Venda: 4299,99 ( 0 x 0,00 ) Id PrecoProduto: 7184207
(02:49:16) Mudança de preço
(02:49:16) Mudança de preço (Ajuste:-2.3255866)
(02:49:16) Produto: Notebook Gamer 2AM E550 Intel Core I5 8GB (GeForce GTX 1050 com 3GB) 1TB HD+128GB SSD IPS Full HD 15,6" Freedos Cinza Escuro ( https://www.americanas.com.br/produto/1885941683 )  cont: 13
(02:49:16) Origem: https://www.americanas.com.br/categoria/informatica/notebooks?pagina-1
(02:49:19) Produto existe (id:1778977)
(02:49:19) Preço Produto: Venda: 4849,99 ( 0 x 0,00 ) Id PrecoProduto: 0
(02:49:19) Preçco mais recente: Venda: 5199,99 ( 0 x 0,00 ) Id PrecoProduto: 7184208
(02:49:19) Mudança de preço
(02:49:19) Mudança de preço (Ajuste:6.730782)
(02:49:19) Produto: Notebook Asus Zenbook UX434FAC-A6339T 10ª Intel Core I7 8GB 256GB SSD 14   W10 Prata ( https://www.americanas.com.br/produto/1776840541 )  cont: 14
(02:49:19) Origem: https://www.americanas.com.br/categoria/informatica/notebooks?pagina-1
(02:49:21) Produto existe (id:1778978)
(02:49:21) Preço Produto: Venda: 7299,00 ( 0 x 0,00 ) Id PrecoProduto: 0
(02:49:21) Preçco mais recente: Venda: 7299,00 ( 0 x 0,00 ) Id PrecoProduto: 7169784
(02:49:21) Mesmo preço
(02:49:21) Produto: Notebook Asus Zenbook UX431FA-AN203T 10ª Intel Core I7 8GB 256GB SSD 14   W10 Azul Claro Metálico ( https://www.americanas.com.br/produto/1793707988 )  cont: 15
(02:49:21) Origem: https://www.americanas.com.br/categoria/informatica/notebooks?pagina-1
(02:49:23) Produto existe (id:1778980)
(02:49:23) Preço Produto: Venda: 7399,99 ( 0 x 0,00 ) Id PrecoProduto: 0
(02:49:23) Preçco mais recente: Venda: 7399,99 ( 0 x 0,00 ) Id PrecoProduto: 7169786
(02:49:23) Mesmo preço
(02:49:23) Produto: Notebook Asus Vivobook X512FB-BR501T 10ª Intel Core I5 8GB (Geforce MX110 com 2GB) 1TB 15,6" W10 Cinza ( https://www.americanas.com.br/produto/1871867304 )  cont: 16
(02:49:23) Origem: https://www.americanas.com.br/categoria/informatica/notebooks?pagina-1
(02:49:26) Produto existe (id:1778981)
(02:49:26) Preço Produto: Venda: 4178,09 ( 0 x 0,00 ) Id PrecoProduto: 0
(02:49:26) Preçco mais recente: Venda: 4499,00 ( 0 x 0,00 ) Id PrecoProduto: 7180362
(02:49:26) Mudança de preço
(02:49:26) Mudança de preço (Ajuste:7.132922)
(02:49:26) Produto: Notebook Positivo Motion C41TDI Intel Celeron 4GB 1TB 14   Linux ( https://www.americanas.com.br/produto/1724501847 )  cont: 17
(02:49:26) Origem: https://www.americanas.com.br/categoria/informatica/notebooks?pagina-1
(02:49:28) Produto existe (id:1778984)
(02:49:28) Preço Produto: Venda: 1649,99 ( 0 x 0,00 ) Id PrecoProduto: 0
(02:49:28) Preçco mais recente: Venda: 1649,99 ( 0 x 0,00 ) Id PrecoProduto: 7184723
(02:49:28) Mesmo preço
(02:49:28) Produto: Notebook Acer Aspire 5 A515-54-59X2 Intel Corei5 8GB 512GB SSD 15.6 W10 ( https://www.americanas.com.br/produto/1824323591 )  cont: 18
(02:49:28) Origem: https://www.americanas.com.br/categoria/informatica/notebooks?pagina-1
(02:49:31) Produto existe (id:1778976)
(02:49:31) Preço Produto: Venda: 3849,99 ( 0 x 0,00 ) Id PrecoProduto: 0
(02:49:31) Preçco mais recente: Venda: 3849,99 ( 0 x 0,00 ) Id PrecoProduto: 7182894
(02:49:31) Mesmo preço
(02:49:31) Produto: Notebook Dell Inspiron I15-3583-A2XP 8ª Intel Core I5 4GB 1TB LED HD 15,6" W10 Preto ( https://www.americanas.com.br/produto/134521709 )  cont: 19
(02:49:31) Origem: https://www.americanas.com.br/categoria/informatica/notebooks?pagina-1
(02:49:33) Produto existe (id:1778986)
(02:49:33) Preço Produto: Venda: 3599,99 ( 0 x 0,00 ) Id PrecoProduto: 0
(02:49:33) Preçco mais recente: Venda: 3599,99 ( 0 x 0,00 ) Id PrecoProduto: 7184724
(02:49:33) Mesmo preço
(02:49:33) Produto: Notebook Lenovo Ideapad S145 Intel Celeron 4GB 500GB 15,6" W10 Prata ( https://www.americanas.com.br/produto/471642069 )  cont: 20
(02:49:33) Origem: https://www.americanas.com.br/categoria/informatica/notebooks?pagina-1
(02:49:36) Produto existe (id:1778994)
(02:49:36) Preço Produto: Venda: 2499,00 ( 0 x 0,00 ) Id PrecoProduto: 0
(02:49:36) Preçco mais recente: Venda: 2499,00 ( 0 x 0,00 ) Id PrecoProduto: 7180367
(02:49:36) Mesmo preço
(02:49:36) Produto: Notebook Samsung Book X40 10ª Intel Core i5 8GB (Geforce MX110 com 2GB) 1TB W10 15,6" Prata ( https://www.americanas.com.br/produto/1772549028 )  cont: 21
(02:49:36) Origem: https://www.americanas.com.br/categoria/informatica/notebooks?pagina-1
(02:49:38) Produto existe (id:1778990)
(02:49:38) Preço Produto: Venda: 3599,99 ( 0 x 0,00 ) Id PrecoProduto: 0
(02:49:38) Preçco mais recente: Venda: 3949,99 ( 0 x 0,00 ) Id PrecoProduto: 7169796
(02:49:38) Mudança de preço
(02:49:38) Mudança de preço (Ajuste:8.860782)
(02:49:38) Produto: Notebook Dell Inspiron 3583-US55P 15.6" 8ª geração Intel Core i3 4GB 256GB SSD Linux Preto ( https://www.americanas.com.br/produto/2632668965 )  cont: 22
(02:49:38) Origem: https://www.americanas.com.br/categoria/informatica/notebooks?pagina-1
(02:49:40) Produto existe (id:1792096)
(02:49:40) Preço Produto: Venda: 3149,00 ( 0 x 0,00 ) Id PrecoProduto: 0
(02:49:40) Preçco mais recente: Venda: 3149,00 ( 0 x 0,00 ) Id PrecoProduto: 7184726
(02:49:40) Mesmo preço
(02:49:40) Produto: Vaio Fe14 Vjfe41f11x-b1021h Intel Core I5 Linux 12gb Ssd 256 Gb Lcd 14" ( https://www.americanas.com.br/produto/2103995354 )  cont: 23
(02:49:40) Origem: https://www.americanas.com.br/categoria/informatica/notebooks?pagina-1
(02:49:43) Produto existe (id:1778993)
(02:49:43) Preço Produto: Venda: 3399,99 ( 0 x 0,00 ) Id PrecoProduto: 0
(02:49:43) Preçco mais recente: Venda: 3399,99 ( 0 x 0,00 ) Id PrecoProduto: 7184210
(02:49:43) Mesmo preço
(02:49:43) Produto: Notebook Asus VivoBook 15, Intel® CoreT i3 6100U, 4 GB, 1 TB, Tela de 15,6", Cinza Escuro, X543 - X543UA-GQ3153T ( https://www.americanas.com.br/produto/1867497427 )  cont: 24
(02:49:43) Origem: https://www.americanas.com.br/categoria/informatica/notebooks?pagina-1
(02:49:45) Produto existe (id:1779000)
(02:49:45) Preço Produto: Venda: 2685,56 ( 0 x 0,00 ) Id PrecoProduto: 0
(02:49:45) Preçco mais recente: Venda: 2685,56 ( 0 x 0,00 ) Id PrecoProduto: 7169806
(02:49:45) Mesmo preço
(02:49:47) Produto: Notebook Asus VivoBook 15, Intel® CoreT i3 6100U, 4 GB, 1 TB, Tela de 15,6", Cinza Escuro, X543 - X543UA-GQ3153T ( https://www.americanas.com.br/produto/1867497427 )  cont: 25
(02:49:47) Origem: https://www.americanas.com.br/categoria/informatica/notebooks/pagina-2
(02:49:49) Produto existe (id:1779000)
(02:49:49) Preço Produto: Venda: 2685,56 ( 0 x 0,00 ) Id PrecoProduto: 0
(02:49:49) Preçco mais recente: Venda: 2685,56 ( 0 x 0,00 ) Id PrecoProduto: 7169806
(02:49:49) Mesmo preço
(02:49:49) Produto: Notebook Gamer Lenovo Ideapad L340 9ª Intel Core i5 8GB (Geforce GTX1050 com 3GB) 1TB Tela FHD IPS 15,6" Windows 10 - Preto ( https://www.americanas.com.br/produto/462141836 )  cont: 26
(02:49:49) Origem: https://www.americanas.com.br/categoria/informatica/notebooks/pagina-2
(02:49:51) Produto existe (id:1779043)
(02:49:52) Preço Produto: Venda: 4499,99 ( 0 x 0,00 ) Id PrecoProduto: 0
(02:49:52) Preçco mais recente: Venda: 5299,00 ( 0 x 0,00 ) Id PrecoProduto: 7169849
(02:49:52) Mudança de preço
(02:49:52) Mudança de preço (Ajuste:15.078502)
(02:49:52) Produto: Notebook Lenovo Ultrafino ideapad S145 i7-1065G7 8GB 256GB SSD W10 15.6   FHD (Placa de Vídeo Intel Iris Plus) Prata ( https://www.americanas.com.br/produto/1961678662 )  cont: 27
(02:49:52) Origem: https://www.americanas.com.br/categoria/informatica/notebooks/pagina-2
(02:49:54) Produto existe (id:1779012)
(02:49:54) Preço Produto: Venda: 4199,99 ( 0 x 0,00 ) Id PrecoProduto: 0
(02:49:54) Preçco mais recente: Venda: 4199,99 ( 0 x 0,00 ) Id PrecoProduto: 7184729
(02:49:54) Mesmo preço
(02:49:54) Produto: Notebook Lenovo Ideapad S145 10ª Intel Core i5 8GB 1TB W10 15,6   Prata + Mochila Targus Intellect Essential 15,6" - Black ( https://www.americanas.com.br/produto/1858600331 )  cont: 28
(02:49:54) Origem: https://www.americanas.com.br/categoria/informatica/notebooks/pagina-2
(02:49:57) Produto existe (id:1779002)
(02:49:57) Preço Produto: Venda: 3399,99 ( 0 x 0,00 ) Id PrecoProduto: 0
(02:49:57) Preçco mais recente: Venda: 3399,99 ( 0 x 0,00 ) Id PrecoProduto: 7169808
(02:49:57) Mesmo preço
(02:49:57) Produto: Notebook Gamer Lenovo Ideapad 3i 10ª Intel Core i7 (Geforce GTX1650 com 4GB) 8GB 256GB SSD 15,6   FHD IPS Windows 10 - Azul ( https://www.americanas.com.br/produto/1803603542 )  cont: 29
(02:49:57) Origem: https://www.americanas.com.br/categoria/informatica/notebooks/pagina-2
(02:49:59) Produto existe (id:1779014)
(02:49:59) Preço Produto: Venda: 7168,00 ( 0 x 0,00 ) Id PrecoProduto: 0
(02:49:59) Preçco mais recente: Venda: 7168,00 ( 0 x 0,00 ) Id PrecoProduto: 7184211
(02:49:59) Mesmo preço
(02:49:59) Produto: Notebook Acer Aspire 5 A514-53-59QJ Intel Core I5 8GB 256GB SSD 14  Windows 10 ( https://www.americanas.com.br/produto/2587924658 )  cont: 30
(02:49:59) Origem: https://www.americanas.com.br/categoria/informatica/notebooks/pagina-2
(02:50:01) Produto existe (id:1778998)
(02:50:01) Preço Produto: Venda: 3799,00 ( 0 x 0,00 ) Id PrecoProduto: 0
(02:50:01) Preçco mais recente: Venda: 3799,00 ( 0 x 0,00 ) Id PrecoProduto: 7169804
(02:50:01) Mesmo preço
(02:50:01) Produto: Notebook Gamer Acer Predator Helios 300 PH315-52-7210 9ª Intel Core i7 16GB (Geforce RTX 2060 com 6GB ) 2TB + 256GB SSD 15,6" Windows 10 - Preto ( https://www.americanas.com.br/produto/1824928346 )  cont: 31
(02:50:01) Origem: https://www.americanas.com.br/categoria/informatica/notebooks/pagina-2
(02:50:04) Produto existe (id:1779022)
(02:50:04) Preço Produto: Venda: 9099,99 ( 0 x 0,00 ) Id PrecoProduto: 0
(02:50:04) Preçco mais recente: Venda: 9099,99 ( 0 x 0,00 ) Id PrecoProduto: 7169828
(02:50:04) Mesmo preço
(02:50:04) Produto: Notebook Dell Inspiron I15-3583-A3XP 8ª Intel Core I5 8GB 1TB Tela 15,6" Windows 10 - Preto ( https://www.americanas.com.br/produto/134544345 )  cont: 32
(02:50:04) Origem: https://www.americanas.com.br/categoria/informatica/notebooks/pagina-2
(02:50:06) Produto existe (id:1779017)
(02:50:06) Preço Produto: Venda: 4139,00 ( 0 x 0,00 ) Id PrecoProduto: 0
(02:50:06) Preçco mais recente: Venda: 4139,00 ( 0 x 0,00 ) Id PrecoProduto: 7169823
(02:50:06) Mesmo preço
(02:50:06) Produto: Notebook Positivo Motion C4500A 4GB 500GB Tela 14” HD Intel Celeron Dual-Core Windows 10 Home – Cinz ( https://www.americanas.com.br/produto/444742443 )  cont: 33
(02:50:06) Origem: https://www.americanas.com.br/categoria/informatica/notebooks/pagina-2
(02:50:09) Produto existe (id:1779050)
(02:50:09) Preço Produto: Venda: 1999,00 ( 0 x 0,00 ) Id PrecoProduto: 0
(02:50:09) Preçco mais recente: Venda: 1999,00 ( 0 x 0,00 ) Id PrecoProduto: 7182906
(02:50:09) Mesmo preço
(02:50:09) Produto: Notebook Gamer Predator PH315-52-79VM Intel Core i7 16GB 256GB SDD 1TB HD RTX 2060 15,6 Endless ( https://www.americanas.com.br/produto/1876922211 )  cont: 34
(02:50:09) Origem: https://www.americanas.com.br/categoria/informatica/notebooks/pagina-2
(02:50:11) Produto existe (id:1779038)
(02:50:11) Preço Produto: Venda: 8799,00 ( 0 x 0,00 ) Id PrecoProduto: 0
(02:50:11) Preçco mais recente: Venda: 8599,00 ( 0 x 0,00 ) Id PrecoProduto: 7180376
(02:50:11) Mudança de preço
(02:50:11) Mudança de preço (Ajuste:-2.325852)
(02:50:11) Produto: Chromebook Samsung AD2BR Intel Celeron 4GB 16GB LED HD 11,6" Chrome OS Grafite ( https://www.americanas.com.br/produto/209927739 )  cont: 35
(02:50:11) Origem: https://www.americanas.com.br/categoria/informatica/notebooks/pagina-2
(02:50:13) Produto existe (id:1779024)
(02:50:13) Preço Produto: Venda: 2786,78 ( 0 x 0,00 ) Id PrecoProduto: 0
(02:50:13) Preçco mais recente: Venda: 2244,20 ( 0 x 0,00 ) Id PrecoProduto: 7183682
(02:50:13) Mudança de preço
(02:50:13) Mudança de preço (Ajuste:-24.176994)
(02:50:13) Produto: Notebook Samsung Book X30 10ª Intel Core I5 8GB 1TB W10 15,6" Branco ( https://www.americanas.com.br/produto/1774660352 )  cont: 36
(02:50:13) Origem: https://www.americanas.com.br/categoria/informatica/notebooks/pagina-2
(02:50:16) Produto existe (id:1779026)
(02:50:16) Preço Produto: Venda: 3399,99 ( 0 x 0,00 ) Id PrecoProduto: 0
(02:50:16) Preçco mais recente: Venda: 3799,99 ( 0 x 0,00 ) Id PrecoProduto: 7180377
(02:50:16) Mudança de preço
(02:50:16) Mudança de preço (Ajuste:10.526343)
(02:50:16) Produto: Notebook Dell Inspiron 3583-MS80P 8ª Geração Intel Core i5 8GB 256GB SSD 15.6" Placa de vídeo AMD Windows 10 Preto ( https://www.americanas.com.br/produto/1869301037 )  cont: 37
(02:50:16) Origem: https://www.americanas.com.br/categoria/informatica/notebooks/pagina-2
(02:50:18) Produto existe (id:1779031)
(02:50:18) Preço Produto: Venda: 4399,00 ( 0 x 0,00 ) Id PrecoProduto: 0
(02:50:18) Preçco mais recente: Venda: 4399,00 ( 0 x 0,00 ) Id PrecoProduto: 7169837
(02:50:18) Mesmo preço
(02:50:18) Produto: Notebook Gamer 2AM E550 Intel Core I7 16GB (GeForce GTX 1050 com 3 GB) 1TB HD +128GB SSD IPS Full HD 15,6" W10 ( https://www.americanas.com.br/produto/1885942643 )  cont: 38
(02:50:18) Origem: https://www.americanas.com.br/categoria/informatica/notebooks/pagina-2
(02:50:21) Produto existe (id:1779030)
(02:50:21) Preço Produto: Venda: 7499,99 ( 0 x 0,00 ) Id PrecoProduto: 0
(02:50:21) Preçco mais recente: Venda: 7499,99 ( 0 x 0,00 ) Id PrecoProduto: 7169836
(02:50:21) Mesmo preço
(02:50:21) Produto: Notebook Acer Aspire 5 A514-53G-571X Intel Core I5 8GB 512GB SSD MX 350 14  Windows 10 ( https://www.americanas.com.br/produto/2563681268 )  cont: 39
(02:50:21) Origem: https://www.americanas.com.br/categoria/informatica/notebooks/pagina-2
(02:50:23) Produto existe (id:1779027)
(02:50:23) Preço Produto: Venda: 4599,00 ( 0 x 0,00 ) Id PrecoProduto: 0
(02:50:23) Preçco mais recente: Venda: 4399,00 ( 0 x 0,00 ) Id PrecoProduto: 7169833
(02:50:23) Mudança de preço
(02:50:23) Mudança de preço (Ajuste:-4.546488)
(02:50:23) Produto: Notebook Gamer Dell G3 3500-U10P 15.6" 10ª Geração Intel Core i5 8GB 256GB SSD NVIDIA GTX 1650 Linux ( https://www.americanas.com.br/produto/2261505728 )  cont: 40
(02:50:23) Origem: https://www.americanas.com.br/categoria/informatica/notebooks/pagina-2
(02:50:25) Produto existe (id:1779040)
(02:50:25) Preço Produto: Venda: 6049,00 ( 0 x 0,00 ) Id PrecoProduto: 0
(02:50:25) Preçco mais recente: Venda: 6049,00 ( 0 x 0,00 ) Id PrecoProduto: 7169846
(02:50:25) Mesmo preço
(02:50:25) Produto: Notebook Asus M509DA-BR324T AMD Ryzen 5 8GB 1TB 15,6   Windows 10 - Cinza Escuro ( https://www.americanas.com.br/produto/1674686441 )  cont: 41
(02:50:25) Origem: https://www.americanas.com.br/categoria/informatica/notebooks/pagina-2
(02:50:28) Produto existe (id:1779035)
(02:50:28) Preço Produto: Venda: 3995,00 ( 0 x 0,00 ) Id PrecoProduto: 0
(02:50:28) Preçco mais recente: Venda: 3898,00 ( 0 x 0,00 ) Id PrecoProduto: 7184213
(02:50:28) Mudança de preço
(02:50:28) Mudança de preço (Ajuste:-2.4884555)
(02:50:28) Produto: Notebook Dell Inspiron i15-3583-M3XB 8ª Geração Intel Core i5 8GB 1TB 15.6" Windows 10 McAfee Branco ( https://www.americanas.com.br/produto/195867084 )  cont: 42
(02:50:28) Origem: https://www.americanas.com.br/categoria/informatica/notebooks/pagina-2
(02:50:30) Produto existe (id:1779048)
(02:50:30) Preço Produto: Venda: 4089,00 ( 0 x 0,00 ) Id PrecoProduto: 0
(02:50:30) Preçco mais recente: Venda: 4089,00 ( 0 x 0,00 ) Id PrecoProduto: 7169854
(02:50:30) Mesmo preço
(02:50:30) Produto: Macbook Air MWTL2BZ/A Intel Core i3 8GB 256GB SSD 13,3" Dourado ( https://www.americanas.com.br/produto/1756855965 )  cont: 43
(02:50:30) Origem: https://www.americanas.com.br/categoria/informatica/notebooks/pagina-2
(02:50:33) Produto existe (id:1779064)
(02:50:33) Preço Produto: Venda: 8999,99 ( 0 x 0,00 ) Id PrecoProduto: 0
(02:50:33) Preçco mais recente: Venda: 10400,99 ( 0 x 0,00 ) Id PrecoProduto: 7180385
(02:50:33) Mudança de preço
(02:50:33) Mudança de preço (Ajuste:13.4698715)
(02:50:33) Produto: Notebook Gamer Dell G3 3500-M10P 15.6" 10ª Geração Intel Core i5 8GB 256GB SSD NVIDIA GTX 1650 Windows 10 ( https://www.americanas.com.br/produto/2261512127 )  cont: 44
(02:50:33) Origem: https://www.americanas.com.br/categoria/informatica/notebooks/pagina-2
(02:50:35) Produto existe (id:1779045)
(02:50:35) Preço Produto: Venda: 6199,00 ( 0 x 0,00 ) Id PrecoProduto: 0
(02:50:35) Preçco mais recente: Venda: 6199,00 ( 0 x 0,00 ) Id PrecoProduto: 7169851
(02:50:35) Mesmo preço
(02:50:35) Produto: Notebook Acer Aspire 3 A315-42G-R1FT AMD Ryzen 7 8GB 256GB SSD Radeon 540X 15,6  Windows 10 ( https://www.americanas.com.br/produto/1938460631 )  cont: 45
(02:50:35) Origem: https://www.americanas.com.br/categoria/informatica/notebooks/pagina-2
(02:50:38) Produto existe (id:1791499)
(02:50:38) Preço Produto: Venda: 4099,00 ( 0 x 0,00 ) Id PrecoProduto: 0
(02:50:38) Preçco mais recente: Venda: 4099,00 ( 0 x 0,00 ) Id PrecoProduto: 7182905
(02:50:38) Mesmo preço
(02:50:38) Produto: Notebook Legacy Multilaser 14 Polegadas 2gb 32gb - Pc 131 ( https://www.americanas.com.br/produto/2048676165 )  cont: 46
(02:50:38) Origem: https://www.americanas.com.br/categoria/informatica/notebooks/pagina-2
(02:50:40) Produto existe (id:1779049)
(02:50:40) Preço Produto: Venda: 1399,00 ( 0 x 0,00 ) Id PrecoProduto: 0
(02:50:40) Preçco mais recente: Venda: 1399,00 ( 0 x 0,00 ) Id PrecoProduto: 7169855
(02:50:40) Mesmo preço
(02:50:40) Produto: Notebook Gamer Acer Aspire Nitro AN515-54-58CL 9ª Intel Core i5 8GB (Geforce GTX1650 com 4GB) 1TB + 128GB SSD 15,6   Endless Os ( https://www.americanas.com.br/produto/1683468138 )  cont: 47
(02:50:40) Origem: https://www.americanas.com.br/categoria/informatica/notebooks/pagina-2
(02:50:42) Produto existe (id:1779057)
(02:50:42) Preço Produto: Venda: 5482,42 ( 0 x 0,00 ) Id PrecoProduto: 0
(02:50:42) Preçco mais recente: Venda: 5482,42 ( 0 x 0,00 ) Id PrecoProduto: 7184215
(02:50:42) Mesmo preço
(02:50:42) Produto: Notebook Lenovo Ideapad S145 81xm0002br I3-8130u 4gb 1tb W10 Prata ( https://www.americanas.com.br/produto/2085165874 )  cont: 48
(02:50:42) Origem: https://www.americanas.com.br/categoria/informatica/notebooks/pagina-2
(02:50:45) Produto existe (id:1779058)
(02:50:45) Preço Produto: Venda: 2999,00 ( 0 x 0,00 ) Id PrecoProduto: 0
(02:50:45) Preçco mais recente: Venda: 2999,00 ( 0 x 0,00 ) Id PrecoProduto: 7169864
(02:50:45) Mesmo preço
(02:50:47) Produto: Notebook Asus Zenbook UX431FA-AN202T 10ª Intel Core I5 8GB 256GB SSD 14   W10 Pro Azul Claro Metálico ( https://www.americanas.com.br/produto/1797116448 )  cont: 49
(02:50:47) Origem: https://www.americanas.com.br/categoria/informatica/notebooks/pagina-3
(02:50:49) Produto existe (id:1779052)
(02:50:49) Preço Produto: Venda: 5799,00 ( 0 x 0,00 ) Id PrecoProduto: 0
(02:50:49) Preçco mais recente: Venda: 5799,00 ( 0 x 0,00 ) Id PrecoProduto: 7185245
(02:50:49) Mesmo preço
(02:50:49) Produto: Notebook Asus X543UA-GQ3213T Intel Core I5 8GB 256GB SSD W10 Cinza Escuro ( https://www.americanas.com.br/produto/1774800790 )  cont: 50
(02:50:49) Origem: https://www.americanas.com.br/categoria/informatica/notebooks/pagina-3
(02:50:52) Produto existe (id:1779051)
(02:50:52) Preço Produto: Venda: 3581,08 ( 0 x 0,00 ) Id PrecoProduto: 0
(02:50:52) Preçco mais recente: Venda: 3581,08 ( 0 x 0,00 ) Id PrecoProduto: 7184731
(02:50:52) Mesmo preço
(02:50:52) Produto: Notebook Acer A315-34-C6ZS Intel Celeron N4000 4gb 1tb 15,6" Linux ( https://www.americanas.com.br/produto/1871867291 )  cont: 51
(02:50:52) Origem: https://www.americanas.com.br/categoria/informatica/notebooks/pagina-3
(02:50:54) Produto existe (id:1779028)
(02:50:54) Preço Produto: Venda: 2599,00 ( 0 x 0,00 ) Id PrecoProduto: 0
(02:50:54) Preçco mais recente: Venda: 2599,00 ( 0 x 0,00 ) Id PrecoProduto: 7180379
(02:50:54) Mesmo preço
(02:50:54) Produto: Notebook Lenovo Ideapad S145 Celeron 4gb - Linux 15.6" Prata ( https://www.americanas.com.br/produto/1588368868 )  cont: 52
(02:50:54) Origem: https://www.americanas.com.br/categoria/informatica/notebooks/pagina-3
(02:50:56) Produto existe (id:1779054)
(02:50:56) Preço Produto: Venda: 2890,00 ( 0 x 0,00 ) Id PrecoProduto: 0
(02:50:56) Preçco mais recente: Venda: 2890,00 ( 0 x 0,00 ) Id PrecoProduto: 7169860
(02:50:56) Mesmo preço
(02:50:56) Produto: Notebook Acer Aspire 3 Intel Celeron 4GB 1TB Endless ( https://www.americanas.com.br/produto/1850094189 )  cont: 53
(02:50:56) Origem: https://www.americanas.com.br/categoria/informatica/notebooks/pagina-3
(02:50:59) Produto existe (id:1779062)
(02:50:59) Preço Produto: Venda: 2790,00 ( 0 x 0,00 ) Id PrecoProduto: 0
(02:50:59) Preçco mais recente: Venda: 2699,90 ( 0 x 0,00 ) Id PrecoProduto: 7182910
(02:50:59) Mudança de preço
(02:50:59) Mudança de preço (Ajuste:-3.3371642)
(02:50:59) Produto: Notebook Dell Inspiron I15-3584-A10P Intel Core I3 4GB 1TB LED 15,6" W10 Preto ( https://www.americanas.com.br/produto/134529524 )  cont: 54
(02:50:59) Origem: https://www.americanas.com.br/categoria/informatica/notebooks/pagina-3
(02:51:01) Produto existe (id:1779060)
(02:51:01) Preço Produto: Venda: 3299,00 ( 0 x 0,00 ) Id PrecoProduto: 0
(02:51:01) Preçco mais recente: Venda: 3299,00 ( 0 x 0,00 ) Id PrecoProduto: 7169866
(02:51:01) Mesmo preço
(02:51:01) Produto: Notebook Acer Aspire 3 Intel Core i3-1035G1 4GB SSD 256GB Endless OS 15.6" - A315-56-569F ( https://www.americanas.com.br/produto/2452234991 )  cont: 55
(02:51:01) Origem: https://www.americanas.com.br/categoria/informatica/notebooks/pagina-3
(02:51:04) Produto existe (id:1779070)
(02:51:04) Preço Produto: Venda: 3359,00 ( 0 x 0,00 ) Id PrecoProduto: 0
(02:51:04) Preçco mais recente: Venda: 3359,00 ( 0 x 0,00 ) Id PrecoProduto: 7169876
(02:51:04) Mesmo preço
(02:51:04) Produto: Notebook 2 em 1 Duo Q232a Intel Atom 2GB 32GB LCD 14" W10 Prata - Positivo ( https://www.americanas.com.br/produto/133359703 )  cont: 56
(02:51:04) Origem: https://www.americanas.com.br/categoria/informatica/notebooks/pagina-3
(02:51:06) Produto existe (id:1790762)
(02:51:06) Preço Produto: Venda: 999,00 ( 0 x 0,00 ) Id PrecoProduto: 0
(02:51:06) Preçco mais recente: Venda: 999,00 ( 0 x 0,00 ) Id PrecoProduto: 7181728
(02:51:06) Mesmo preço
(02:51:06) Produto: Notebook Lenovo Ultrafino ideapad S145 i5-1035G1 8GB 256GB SSD SATA Win 10 15.6" 82DJ0009BR Prata ( https://www.americanas.com.br/produto/2405209996 )  cont: 57
(02:51:06) Origem: https://www.americanas.com.br/categoria/informatica/notebooks/pagina-3
(02:51:09) Produto existe (id:1789539)
(02:51:09) Preço Produto: Venda: 3799,00 ( 0 x 0,00 ) Id PrecoProduto: 0
(02:51:09) Preçco mais recente: Venda: 3899,00 ( 0 x 0,00 ) Id PrecoProduto: 7180386
(02:51:09) Mudança de preço
(02:51:09) Mudança de preço (Ajuste:2.5647602)
(02:51:09) Produto: Mini Notebook Preto 10,1 polegadas, Android 5.0, 1.5GHZ ( https://www.americanas.com.br/produto/2429978255 )  cont: 58
(02:51:09) Origem: https://www.americanas.com.br/categoria/informatica/notebooks/pagina-3
(02:51:11) Produto existe (id:1791502)
(02:51:11) Preço Produto: Venda: 780,55 ( 0 x 0,00 ) Id PrecoProduto: 0
(02:51:11) Preçco mais recente: Venda: 780,55 ( 0 x 0,00 ) Id PrecoProduto: 7182917
(02:51:11) Mesmo preço
(02:51:11) Produto: Chromebook Samsung XE500C13-AD2BR Intel Celeron 4GB 16GB Tela 11.6" LED HD Preto ( https://www.americanas.com.br/produto/49457455 )  cont: 59
(02:51:11) Origem: https://www.americanas.com.br/categoria/informatica/notebooks/pagina-3
(02:51:13) Produto existe (id:1779069)
(02:51:13) Preço Produto: Venda: 2364,97 ( 0 x 0,00 ) Id PrecoProduto: 0
(02:51:13) Preçco mais recente: Venda: 1950,20 ( 0 x 0,00 ) Id PrecoProduto: 7184218
(02:51:13) Mudança de preço
(02:51:13) Mudança de preço (Ajuste:-21.268078)
(02:51:13) Produto: Notebook Dell Inspiron i15-3583-M3XP 8ª Geração Intel Core i5 8GB 1TB 15.6" Windows 10 McAfee Preto ( https://www.americanas.com.br/produto/80805338 )  cont: 60
(02:51:13) Origem: https://www.americanas.com.br/categoria/informatica/notebooks/pagina-3
(02:51:16) Produto existe (id:1779089)
(02:51:16) Preço Produto: Venda: 4039,00 ( 0 x 0,00 ) Id PrecoProduto: 0
(02:51:16) Preçco mais recente: Venda: 4039,00 ( 0 x 0,00 ) Id PrecoProduto: 7169895
(02:51:16) Mesmo preço
(02:51:16) Produto: Notebook Dell Inspiron i15-3583-U3XP 8ª Geração Intel Core i5 8GB 1TB 15.6" Linux McAfee Preto ( https://www.americanas.com.br/produto/80805391 )  cont: 61
(02:51:16) Origem: https://www.americanas.com.br/categoria/informatica/notebooks/pagina-3
(02:51:18) Produto existe (id:1779071)
(02:51:18) Preço Produto: Venda: 3889,00 ( 0 x 0,00 ) Id PrecoProduto: 0
(02:51:18) Preçco mais recente: Venda: 3889,00 ( 0 x 0,00 ) Id PrecoProduto: 7169877
(02:51:18) Mesmo preço
(02:51:18) Produto: Notebook Gamer Dell G3 3500-U15P 15.6" 10ª Geração Intel Core i5 8GB 512GB SSD NVIDIA GTX 1650 Linux ( https://www.americanas.com.br/produto/2367103655 )  cont: 62
(02:51:18) Origem: https://www.americanas.com.br/categoria/informatica/notebooks/pagina-3
(02:51:21) Produto existe (id:1779079)
(02:51:21) Preço Produto: Venda: 6349,00 ( 0 x 0,00 ) Id PrecoProduto: 0
(02:51:21) Preçco mais recente: Venda: 6349,00 ( 0 x 0,00 ) Id PrecoProduto: 7169885
(02:51:21) Mesmo preço
(02:51:21) Produto: Notebook Acer Aspire 3, Intel Celeron N4000, 4GB, 1TB, Tela 15.6", Placa de Vídeo Intel HD Graphics® 600 e Endless OS ( https://www.americanas.com.br/produto/2061915562 )  cont: 63
(02:51:21) Origem: https://www.americanas.com.br/categoria/informatica/notebooks/pagina-3
(02:51:23) Produto existe (id:1779077)
(02:51:23) Preço Produto: Venda: 2790,00 ( 0 x 0,00 ) Id PrecoProduto: 0
(02:51:23) Preçco mais recente: Venda: 2790,00 ( 0 x 0,00 ) Id PrecoProduto: 7182911
(02:51:23) Mesmo preço
(02:51:23) Produto: Notebook Positivo Motion Q464B Intel Atom Quad core 4GB 64GB SSD + 64GB Nuvem 14¿ W10 Vermelho + Mochila Targus Geolite Essential 15,6" Cinza ( https://www.americanas.com.br/produto/2285633409 )  cont: 64
(02:51:23) Origem: https://www.americanas.com.br/categoria/informatica/notebooks/pagina-3
(02:51:25) Produto existe (id:1779061)
(02:51:25) Preço Produto: Venda: 1699,99 ( 0 x 0,00 ) Id PrecoProduto: 0
(02:51:25) Preçco mais recente: Venda: 1699,99 ( 0 x 0,00 ) Id PrecoProduto: 7169867
(02:51:25) Mesmo preço
(02:51:25) Produto: Notebook Gamer Legion 5i i7-10750H 16GB 512GB SSD RTX2060 6GB W10 15.6" Full HD WVA 82CF0002BR ( https://www.americanas.com.br/produto/1877142777 )  cont: 65
(02:51:25) Origem: https://www.americanas.com.br/categoria/informatica/notebooks/pagina-3
(02:51:28) Produto existe (id:1791960)
(02:51:28) Preço Produto: Venda: 9899,00 ( 0 x 0,00 ) Id PrecoProduto: 0
(02:51:28) Preçco mais recente: Venda: 9899,00 ( 0 x 0,00 ) Id PrecoProduto: 7184214
(02:51:28) Mesmo preço
(02:51:28) Produto: Notebook Gamer Dell G5-5590-M70P 9ª Geração Intel Core i7 16GB 512GB SSD Placa Vídeo NVIDIA GTX 1660Ti 15.6" Windows 10 ( https://www.americanas.com.br/produto/1508913126 )  cont: 66
(02:51:28) Origem: https://www.americanas.com.br/categoria/informatica/notebooks/pagina-3
(02:51:30) Produto existe (id:1779055)
(02:51:30) Preço Produto: Venda: 8789,00 ( 0 x 0,00 ) Id PrecoProduto: 0
(02:51:30) Preçco mais recente: Venda: 8789,00 ( 0 x 0,00 ) Id PrecoProduto: 7169861
(02:51:30) Mesmo preço
(02:51:30) Produto: Notebook Lenovo Ideapad S145 8ª Intel Core i5 8GB (GeForce MX110 com 2GB) 1TB 15,6" Windows 10 - Prata ( https://www.americanas.com.br/produto/1824484458 )  cont: 67
(02:51:30) Origem: https://www.americanas.com.br/categoria/informatica/notebooks/pagina-3
(02:51:33) Produto existe (id:1779072)
(02:51:33) Preço Produto: Venda: 5199,00 ( 0 x 0,00 ) Id PrecoProduto: 0
(02:51:33) Preçco mais recente: Venda: 5199,00 ( 0 x 0,00 ) Id PrecoProduto: 7169878
(02:51:33) Mesmo preço
(02:51:33) Produto: Computador-S500 Quad Core 7 polegadas Netbook Android 1g + 15g Mini Computer Netbook Android ( https://www.americanas.com.br/produto/2141745241 )  cont: 68
(02:51:33) Origem: https://www.americanas.com.br/categoria/informatica/notebooks/pagina-3
(02:51:35) Produto existe (id:1779063)
(02:51:35) Preço Produto: Venda: 1056,92 ( 0 x 0,00 ) Id PrecoProduto: 0
(02:51:35) Preçco mais recente: Venda: 1056,92 ( 0 x 0,00 ) Id PrecoProduto: 7169869
(02:51:35) Mesmo preço
(02:51:35) Produto: KIT Notebook Acer Predator Helios 300 – PH315-52-748U + Mochila Gray dual Tone ( https://www.americanas.com.br/produto/1572868358 )  cont: 69
(02:51:35) Origem: https://www.americanas.com.br/categoria/informatica/notebooks/pagina-3
(02:51:37) Produto existe (id:1779084)
(02:51:37) Preço Produto: Venda: 8699,00 ( 0 x 0,00 ) Id PrecoProduto: 0
(02:51:37) Preçco mais recente: Venda: 8699,00 ( 0 x 0,00 ) Id PrecoProduto: 7169890
(02:51:37) Mesmo preço
(02:51:37) Produto: Notebook Gamer Dell G5-5590-M80P 9ª Geração Intel Core i7 16GB 512GB SSD Placa Vídeo NVIDIA RTX 2060 15.6" Windows 10 ( https://www.americanas.com.br/produto/1508920908 )  cont: 70
(02:51:37) Origem: https://www.americanas.com.br/categoria/informatica/notebooks/pagina-3
(02:51:40) Produto existe (id:1779073)
(02:51:40) Preço Produto: Venda: 9809,00 ( 0 x 0,00 ) Id PrecoProduto: 0
(02:51:40) Preçco mais recente: Venda: 9809,00 ( 0 x 0,00 ) Id PrecoProduto: 7169879
(02:51:40) Mesmo preço
(02:51:40) Produto: Notebook Asus X509JA-BR424T 10ª Intel Core i5  8GB 1TB 15.6" W10 Prata Metálico ( https://www.americanas.com.br/produto/1797295415 )  cont: 71
(02:51:40) Origem: https://www.americanas.com.br/categoria/informatica/notebooks/pagina-3
(02:51:42) Produto existe (id:1779085)
(02:51:42) Preço Produto: Venda: 3849,99 ( 0 x 0,00 ) Id PrecoProduto: 0
(02:51:42) Preçco mais recente: Venda: 4080,99 ( 0 x 0,00 ) Id PrecoProduto: 7169891
(02:51:42) Mudança de preço
(02:51:42) Mudança de preço (Ajuste:5.6603913)
(02:51:42) Produto: 14 polegadas para o Windows 10 Redstone os Notebook pc Laptop 1920 * 1080p HD Display ( https://www.americanas.com.br/produto/2326906911 )  cont: 72
(02:51:42) Origem: https://www.americanas.com.br/categoria/informatica/notebooks/pagina-3
(02:51:45) Produto existe (id:1791501)
(02:51:45) Preço Produto: Venda: 1406,70 ( 0 x 0,00 ) Id PrecoProduto: 0
(02:51:45) Preçco mais recente: Venda: 1406,70 ( 0 x 0,00 ) Id PrecoProduto: 7183688
(02:51:45) Mesmo preço
(02:51:46) Produto: Notebook Asus VivoBook 15, Intel® CoreT i5 6200U, 8 GB, 1 TB, Tela de 15,6", Cinza Escuro, X543 - X543UA-GQ3154T ( https://www.americanas.com.br/produto/1867503250 )  cont: 73
(02:51:46) Origem: https://www.americanas.com.br/categoria/informatica/notebooks/pagina-4
(02:51:48) Produto existe (id:1779092)
(02:51:48) Preço Produto: Venda: 3481,58 ( 0 x 0,00 ) Id PrecoProduto: 0
(02:51:48) Preçco mais recente: Venda: 3481,58 ( 0 x 0,00 ) Id PrecoProduto: 7169898
(02:51:48) Mesmo preço
(02:51:48) Produto: Notebook Positivo Stilo XC3650 Intel Celeron Dual Core 4GB 500GB Tela LCD 14" Windows 10 - Cinza Escuro ( https://www.americanas.com.br/produto/29859261 )  cont: 74
(02:51:48) Origem: https://www.americanas.com.br/categoria/informatica/notebooks/pagina-4
(02:51:51) Produto existe (id:1790763)
(02:51:51) Preço Produto: Venda: 1499,00 ( 0 x 0,00 ) Id PrecoProduto: 0
(02:51:51) Preçco mais recente: Venda: 1499,00 ( 0 x 0,00 ) Id PrecoProduto: 7181729
(02:51:51) Mesmo preço
(02:51:51) Produto: Notebook 2 em 1 Inspiron I14-5481-A20S Intel Core i5 8GB 1TB 14" W10 Prata - Dell ( https://www.americanas.com.br/produto/134238188 )  cont: 75
(02:51:51) Origem: https://www.americanas.com.br/categoria/informatica/notebooks/pagina-4
(02:51:53) Produto existe (id:1779083)
(02:51:53) Preço Produto: Venda: 4699,00 ( 0 x 0,00 ) Id PrecoProduto: 0
(02:51:53) Preçco mais recente: Venda: 4699,00 ( 0 x 0,00 ) Id PrecoProduto: 7169889
(02:51:53) Mesmo preço
(02:51:53) Produto: Notebook Gamer Dell G5-5590-M50P 9ª Geração Intel Core i5 8GB 256GB SSD Placa Vídeo NVIDIA GTX 1650 15.6" Windows 10 ( https://www.americanas.com.br/produto/1489327489 )  cont: 76
(02:51:53) Origem: https://www.americanas.com.br/categoria/informatica/notebooks/pagina-4
(02:51:55) Produto existe (id:1779095)
(02:51:55) Preço Produto: Venda: 6799,00 ( 0 x 0,00 ) Id PrecoProduto: 0
(02:51:55) Preçco mais recente: Venda: 6799,00 ( 0 x 0,00 ) Id PrecoProduto: 7169901
(02:51:55) Mesmo preço
(02:51:55) Produto: Notebook Dell Inspiron 3583-FS1P 15.6" 8ª Geração Intel Core i5 8GB 256GB SSD Windows 10 Preto ( https://www.americanas.com.br/produto/2104418559 )  cont: 77
(02:51:55) Origem: https://www.americanas.com.br/categoria/informatica/notebooks/pagina-4
(02:51:58) Produto existe (id:1779088)
(02:51:58) Preço Produto: Venda: 4289,00 ( 0 x 0,00 ) Id PrecoProduto: 0
(02:51:58) Preçco mais recente: Venda: 4289,00 ( 0 x 0,00 ) Id PrecoProduto: 7169894
(02:51:58) Mesmo preço
(02:51:58) Produto: Notebook Dell Inspiron i15-3584-U30P 8ª geração Intel Core i3 4GB 1TB 15.6" Linux Preto ( https://www.americanas.com.br/produto/66243121 )  cont: 78
(02:51:58) Origem: https://www.americanas.com.br/categoria/informatica/notebooks/pagina-4
(02:52:00) Produto existe (id:1779066)
(02:52:00) Preço Produto: Venda: 4009,00 ( 0 x 0,00 ) Id PrecoProduto: 0
(02:52:00) Preçco mais recente: Venda: 4009,00 ( 0 x 0,00 ) Id PrecoProduto: 7180384
(02:52:00) Mesmo preço
(02:52:00) Produto: Notebook 10pol Microsoft Surface Go - MKK-00001 (Pentium Gold, 4GB RAM, 128GB SSD - s/ teclado) ( https://www.americanas.com.br/produto/419214585 )  cont: 79
(02:52:00) Origem: https://www.americanas.com.br/categoria/informatica/notebooks/pagina-4
(02:52:03) Produto existe (id:1779139)
(02:52:03) Preço Produto: Venda: 8399,99 ( 0 x 0,00 ) Id PrecoProduto: 0
(02:52:03) Preçco mais recente: Venda: 8399,99 ( 0 x 0,00 ) Id PrecoProduto: 7169945
(02:52:03) Mesmo preço
(02:52:03) Produto: Notebook Positivo Motion C464D 4GB 64 GB SSD Tela 14” HD Windows 10 Home ( https://www.americanas.com.br/produto/1952111365 )  cont: 80
(02:52:03) Origem: https://www.americanas.com.br/categoria/informatica/notebooks/pagina-4
(02:52:05) Produto existe (id:1779075)
(02:52:05) Preço Produto: Venda: 1689,00 ( 0 x 0,00 ) Id PrecoProduto: 0
(02:52:05) Preçco mais recente: Venda: 1999,00 ( 0 x 0,00 ) Id PrecoProduto: 7184219
(02:52:05) Mudança de preço
(02:52:05) Mudança de preço (Ajuste:15.507753)
(02:52:05) Produto: Notebook Lenovo Ultrafino ideapad S145 Dual Core N4000 Memória 8GB HD SSD 240GB Windows 10 - Super Rápido ( https://www.americanas.com.br/produto/1772462141 )  cont: 81
(02:52:05) Origem: https://www.americanas.com.br/categoria/informatica/notebooks/pagina-4
(02:52:07) Produto existe (id:1779096)
(02:52:07) Preço Produto: Venda: 3190,00 ( 0 x 0,00 ) Id PrecoProduto: 0
(02:52:07) Preçco mais recente: Venda: 3190,00 ( 0 x 0,00 ) Id PrecoProduto: 7169902
(02:52:07) Mesmo preço
(02:52:07) Produto: Notebook Samsung Expert X30 Intel Core I5 Quad-core 8GB 1TB Tela LED HD 15.6” Windows 10 Home - Cinza ( https://www.americanas.com.br/produto/134412941 )  cont: 82
(02:52:07) Origem: https://www.americanas.com.br/categoria/informatica/notebooks/pagina-4
(02:52:10) Produto existe (id:1779098)
(02:52:10) Preço Produto: Venda: 4599,00 ( 0 x 0,00 ) Id PrecoProduto: 0
(02:52:10) Preçco mais recente: Venda: 4599,00 ( 0 x 0,00 ) Id PrecoProduto: 7169904
(02:52:10) Mesmo preço
(02:52:10) Produto: Notebook Lenovo Ultrafino ideapad S145 Dual Core N4000 Memória 4GB HD SSD 240GB Windows 10 - Super Rápido ( https://www.americanas.com.br/produto/1819229209 )  cont: 83
(02:52:10) Origem: https://www.americanas.com.br/categoria/informatica/notebooks/pagina-4
(02:52:12) Produto existe (id:1779101)
(02:52:12) Preço Produto: Venda: 3049,00 ( 0 x 0,00 ) Id PrecoProduto: 0
(02:52:12) Preçco mais recente: Venda: 3049,00 ( 0 x 0,00 ) Id PrecoProduto: 7182915
(02:52:12) Mesmo preço
(02:52:12) Produto: Notebook Acer A315-54-54B1 10ª Intel Core i5 8GB 1TB 15,6" W10 ( https://www.americanas.com.br/produto/1669977315 )  cont: 84
(02:52:12) Origem: https://www.americanas.com.br/categoria/informatica/notebooks/pagina-4
(02:52:15) Produto existe (id:1779086)
(02:52:15) Preço Produto: Venda: 5625,60 ( 0 x 0,00 ) Id PrecoProduto: 0
(02:52:15) Preçco mais recente: Venda: 5625,60 ( 0 x 0,00 ) Id PrecoProduto: 7183689
(02:52:15) Mesmo preço
(02:52:15) Produto: Notebook Ultrafino Dell Inspiron i13-7391-M30S 10ª Ger. Intel Core i7 8GB 512GB SSD Placa Vídeo NVIDIA 13.3" Windows 10 ( https://www.americanas.com.br/produto/1288658986 )  cont: 85
(02:52:15) Origem: https://www.americanas.com.br/categoria/informatica/notebooks/pagina-4
(02:52:17) Produto existe (id:1779090)
(02:52:17) Preço Produto: Venda: 7729,00 ( 0 x 0,00 ) Id PrecoProduto: 0
(02:52:17) Preçco mais recente: Venda: 7729,00 ( 0 x 0,00 ) Id PrecoProduto: 7169896
(02:52:17) Mesmo preço
(02:52:17) Produto: Notebook A33 1GB ram + 8GB rom Windows 10 e 10,1 polegadas ( https://www.americanas.com.br/produto/2141738252 )  cont: 86
(02:52:17) Origem: https://www.americanas.com.br/categoria/informatica/notebooks/pagina-4
(02:52:19) Produto existe (id:1779065)
(02:52:19) Preço Produto: Venda: 1253,49 ( 0 x 0,00 ) Id PrecoProduto: 0
(02:52:19) Preçco mais recente: Venda: 1253,49 ( 0 x 0,00 ) Id PrecoProduto: 7169871
(02:52:19) Mesmo preço
(02:52:19) Produto: Notebook Lenovo IdeaPad S145 i3-8130U 4GB 128GB SSD+Microsoft 365 Personal W10 S 15.6" 81XM0007BR ( https://www.americanas.com.br/produto/2120377814 )  cont: 87
(02:52:19) Origem: https://www.americanas.com.br/categoria/informatica/notebooks/pagina-4
(02:52:22) Produto nao existe
(02:52:22) Codigo Produto:1792725
(02:52:22) Preço Produto: Venda: 3622,00 ( 0 x 0,00 ) Id PrecoProduto: 0
(02:52:22) Não existe preço
(02:52:22) Produto: Notebook Dell Inspiron i15-3583-MFS1P 8ª Ger. Intel Core i5 8GB 256GB SSD 15.6" Windows 10 Preto McAfee ( https://www.americanas.com.br/produto/1668568181 )  cont: 88
(02:52:22) Origem: https://www.americanas.com.br/categoria/informatica/notebooks/pagina-4
(02:52:24) Produto existe (id:1779106)
(02:52:24) Preço Produto: Venda: 4139,00 ( 0 x 0,00 ) Id PrecoProduto: 0
(02:52:24) Preçco mais recente: Venda: 4139,00 ( 0 x 0,00 ) Id PrecoProduto: 7169912
(02:52:24) Mesmo preço
(02:52:24) Produto: Notebook Acer A315-54K-31E8 Intel Core i3 6006U 4GB 1TB W10 15.6" ( https://www.americanas.com.br/produto/2492541208 )  cont: 89
(02:52:24) Origem: https://www.americanas.com.br/categoria/informatica/notebooks/pagina-4
(02:52:27) Produto existe (id:1779093)
(02:52:27) Preço Produto: Venda: 4317,60 ( 0 x 0,00 ) Id PrecoProduto: 0
(02:52:27) Preçco mais recente: Venda: 4317,60 ( 0 x 0,00 ) Id PrecoProduto: 7169899
(02:52:27) Mesmo preço
(02:52:27) Produto: Notebook Dell Inspiron I15-3584-D10P Intel Core I3 4GB 1TB LED 15,6" Linux Preto ( https://www.americanas.com.br/produto/134526681 )  cont: 90
(02:52:27) Origem: https://www.americanas.com.br/categoria/informatica/notebooks/pagina-4
(02:52:29) Produto existe (id:1779103)
(02:52:29) Preço Produto: Venda: 3149,00 ( 0 x 0,00 ) Id PrecoProduto: 0
(02:52:29) Preçco mais recente: Venda: 3149,00 ( 0 x 0,00 ) Id PrecoProduto: 7169909
(02:52:29) Mesmo preço
(02:52:29) Produto: Notebook Gamer Dell G3 3500-U20P 15.6" 10ª Geração Intel Core i5 8GB 512GB SSD NVIDIA GTX 1650Ti Linux ( https://www.americanas.com.br/produto/2261523002 )  cont: 91
(02:52:29) Origem: https://www.americanas.com.br/categoria/informatica/notebooks/pagina-4
(02:52:31) Produto existe (id:1779102)
(02:52:31) Preço Produto: Venda: 6649,00 ( 0 x 0,00 ) Id PrecoProduto: 0
(02:52:31) Preçco mais recente: Venda: 6649,00 ( 0 x 0,00 ) Id PrecoProduto: 7182916
(02:52:31) Mesmo preço
(02:52:31) Produto: Notebook Samsung, Intel Celeron 3965Y, 4GB, 32GB, Tela de 12,3", Intel HD Graphics 615 Cinza, Chromebook - XE521QABAD1BR ( https://www.americanas.com.br/produto/1546657741 )  cont: 92
(02:52:31) Origem: https://www.americanas.com.br/categoria/informatica/notebooks/pagina-4
(02:52:34) Produto existe (id:1779121)
(02:52:34) Preço Produto: Venda: 3449,90 ( 0 x 0,00 ) Id PrecoProduto: 0
(02:52:34) Preçco mais recente: Venda: 2470,00 ( 0 x 0,00 ) Id PrecoProduto: 7185246
(02:52:34) Mudança de preço
(02:52:34) Mudança de preço (Ajuste:-39.672062)
(02:52:34) Produto: Notebook Acer Aspire 3 A315-42G-R2LK AMD Ryzen 7 12GB 512GB SSD Radeon 540X 15,6  Windows 10 ( https://www.americanas.com.br/produto/1938460454 )  cont: 93
(02:52:34) Origem: https://www.americanas.com.br/categoria/informatica/notebooks/pagina-4
(02:52:36) Produto existe (id:1791503)
(02:52:36) Preço Produto: Venda: 4399,00 ( 0 x 0,00 ) Id PrecoProduto: 0
(02:52:36) Preçco mais recente: Venda: 4499,00 ( 0 x 0,00 ) Id PrecoProduto: 7182918
(02:52:36) Mudança de preço
(02:52:36) Mudança de preço (Ajuste:2.2227163)
(02:52:36) Produto: Notebook Dell Inspiron I15-3583-A05P Intel Pentium Gold 4GB 500GB 15,6" Windows 10 ( https://www.americanas.com.br/produto/1287416387 )  cont: 94
(02:52:36) Origem: https://www.americanas.com.br/categoria/informatica/notebooks/pagina-4
(02:52:39) Produto existe (id:1779109)
(02:52:39) Preço Produto: Venda: 3098,00 ( 0 x 0,00 ) Id PrecoProduto: 0
(02:52:39) Preçco mais recente: Venda: 3098,00 ( 0 x 0,00 ) Id PrecoProduto: 7169915
(02:52:39) Mesmo preço
(02:52:39) Produto: Notebook Ultraportátil Dell XPS 13 9300-A20S 10ª geração Intel Core i7 16GB SSD de 1TB 13.4" Full HD+ Windows 10 ( https://www.americanas.com.br/produto/1865374765 )  cont: 95
(02:52:39) Origem: https://www.americanas.com.br/categoria/informatica/notebooks/pagina-4
(02:52:41) Produto existe (id:1779105)
(02:52:41) Preço Produto: Venda: 10499,00 ( 0 x 0,00 ) Id PrecoProduto: 0
(02:52:41) Preçco mais recente: Venda: 10499,00 ( 0 x 0,00 ) Id PrecoProduto: 7169911
(02:52:41) Mesmo preço
(02:52:41) Produto: Notebook Multilaser M11W Plus Intel Celeron 2GB 64GB 11.6 Touch Screen Full HD ( https://www.americanas.com.br/produto/1252625568 )  cont: 96
(02:52:41) Origem: https://www.americanas.com.br/categoria/informatica/notebooks/pagina-4
(02:52:43) Produto existe (id:1790768)
(02:52:43) Preço Produto: Venda: 1299,00 ( 0 x 0,00 ) Id PrecoProduto: 0
(02:52:43) Preçco mais recente: Venda: 1479,90 ( 0 x 0,00 ) Id PrecoProduto: 7181734
(02:52:43) Mudança de preço
(02:52:43) Mudança de preço (Ajuste:12.223801)
(02:52:46) Loja:Magazine Luiza
(02:54:10) Categoria:Notebooks
(02:54:10) CategoriaLoja(detalhe):CategoriaLoja {IdCategoriaLoja:820;Nome:Notebooks;Url:http://www.magazineluiza.com.br/notebook/informatica/s/in/note/;DataInclusao:27-03-2015;IdCategoriaLojaF:0;IdNaturezaProdutoRa:10;IdLojaVirtualPa:2;}
(02:54:10) URL: http://www.magazineluiza.com.br/notebook/informatica/s/in/note/
(02:54:12) Loja:Extra
(02:55:38) Categoria:Notebooks
(02:55:38) CategoriaLoja(detalhe):CategoriaLoja {IdCategoriaLoja:818;Nome:Notebooks;Url:https://www.extra.com.br/Informatica/Notebook/?Filtro=C56_C57;DataInclusao:20-03-2015;IdCategoriaLojaF:0;IdNaturezaProdutoRa:10;IdLojaVirtualPa:3;}
(02:55:38) URL: https://www.extra.com.br/Informatica/Notebook/?Filtro=C56_C57
(02:55:39) Produto: Notebook Acer Core i3-1005G1 8GB 256GB SSD Tela 15.6” Windows 10 Aspire 3 A315-56-3090 ( https://www.extra.com.br/Informatica/Notebook/notebook-acer-core-i3-1005g1-8gb-256gb-ssd-tela-15-6-windows-10-aspire-3-a315-56-3090-55010097.html )  cont: 1
(02:55:39) Origem: https://www.extra.com.br/Informatica/Notebook/?Filtro=C56_C57
(02:55:41) Produto existe (id:1750009)
(02:55:41) Preço Produto: Venda: 3399,00 ( 10 x 339,90 ) Id PrecoProduto: 0
(02:55:41) Preçco mais recente: Venda: 3399,00 ( 10 x 339,90 ) Id PrecoProduto: 7183704
(02:55:41) Mesmo preço
(02:55:41) Produto: Notebook Samsung Book X30 Intel Core i5-10210U 10ª Geração 8GB 1TB 15.6   Windows 10 Home NP550XCJ-KF1BR - Prata ( https://www.extra.com.br/Informatica/Notebook/notebook-samsung-book-x30-intel-core-i5-10210u-10-geracao-8gb-1tb-15-6-windows-10-home-np550xcj-kf1br-prata-55008238.html )  cont: 2
(02:55:41) Origem: https://www.extra.com.br/Informatica/Notebook/?Filtro=C56_C57
(02:55:43) Produto existe (id:1750010)
(02:55:43) Preço Produto: Venda: 3799,00 ( 10 x 379,90 ) Id PrecoProduto: 0
(02:55:43) Preçco mais recente: Venda: 3799,00 ( 10 x 379,90 ) Id PrecoProduto: 7127489
(02:55:43) Mesmo preço
(02:55:43) Produto: Notebook Dell Pentium Gold 4GB 500GB Tela 15.6” Windows 10 Inspiron I15-3583-A05P ( https://www.extra.com.br/Informatica/Notebook/notebook-dell-pentium-gold-4gb-500gb-tela-15-6-windows-10-inspiron-i15-3583-a05p-50005139.html )  cont: 3
(02:55:43) Origem: https://www.extra.com.br/Informatica/Notebook/?Filtro=C56_C57
(02:55:45) Produto existe (id:1750011)
(02:55:45) Preço Produto: Venda: 2699,00 ( 10 x 269,90 ) Id PrecoProduto: 0
(02:55:45) Preçco mais recente: Venda: 2699,00 ( 10 x 269,90 ) Id PrecoProduto: 7127490
(02:55:45) Mesmo preço
(02:55:45) Produto: Notebook Positivo Dual Core 4GB 1TB Tela 14” Windows 10 Motion C41TD ( https://www.extra.com.br/Informatica/Notebook/notebook-positivo-dual-core-4gb-1tb-tela-14-windows-10-motion-c41td-55008805.html )  cont: 4
(02:55:45) Origem: https://www.extra.com.br/Informatica/Notebook/?Filtro=C56_C57
(02:55:47) Produto existe (id:1750012)
(02:55:47) Preço Produto: Venda: 2399,00 ( 10 x 239,90 ) Id PrecoProduto: 0
(02:55:47) Preçco mais recente: Venda: 2399,00 ( 10 x 239,90 ) Id PrecoProduto: 7127491
(02:55:47) Mesmo preço
(02:55:47) Produto: Notebook Positivo Quad Core 4GB 64GB SSD Tela 14” Windows 10 Motion Plus Q464B ( https://www.extra.com.br/Informatica/Notebook/notebook-positivo-quad-core-4gb-64gb-ssd-tela-14-windows-10-motion-plus-q464b-50004960.html )  cont: 5
(02:55:47) Origem: https://www.extra.com.br/Informatica/Notebook/?Filtro=C56_C57
(02:55:49) Produto existe (id:1750013)
(02:55:49) Preço Produto: Venda: 1599,00 ( 10 x 159,90 ) Id PrecoProduto: 0
(02:55:49) Preçco mais recente: Venda: 1599,00 ( 10 x 159,90 ) Id PrecoProduto: 7184224
(02:55:49) Mesmo preço
(02:55:49) Produto: Notebook Acer Core i5-10210U 8GB 512GB SSD Tela 15.6” Windows 10 Aspire 5 A515-54-59X2 ( https://www.extra.com.br/Informatica/Notebook/notebook-acer-core-i5-10210u-8gb-512gb-ssd-tela-15-6-windows-10-aspire-5-a515-54-59x2-55010096.html )  cont: 6
(02:55:49) Origem: https://www.extra.com.br/Informatica/Notebook/?Filtro=C56_C57
(02:55:51) Produto existe (id:1750014)
(02:55:51) Preço Produto: Venda: 3899,00 ( 10 x 389,90 ) Id PrecoProduto: 0
(02:55:51) Preçco mais recente: Venda: 3849,00 ( 10 x 384,90 ) Id PrecoProduto: 7183008
(02:55:51) Mudança de preço
(02:55:51) Mudança de preço (Ajuste:-1.2990388)
(02:55:51) Produto: Notebook Positivo Quad Core 2GB 32GB SSD Tela 14” Windows 10 Motion Gray Q232 ( https://www.extra.com.br/Informatica/Notebook/notebook-positivo-quad-core-2gb-32gb-ssd-tela-14-windows-10-motion-gray-q232-50000828.html )  cont: 7
(02:55:51) Origem: https://www.extra.com.br/Informatica/Notebook/?Filtro=C56_C57
(02:55:53) Produto existe (id:1750015)
(02:55:53) Preço Produto: Venda: 1399,00 ( 10 x 139,90 ) Id PrecoProduto: 0
(02:55:53) Preçco mais recente: Venda: 1399,00 ( 10 x 139,90 ) Id PrecoProduto: 7184225
(02:55:53) Mesmo preço
(02:55:53) Produto: Notebook Lenovo AMD Ryzen 5-3500U 12GB 1TB Tela 15.6” Windows 10 Ideapad S145 ( https://www.extra.com.br/Informatica/Notebook/notebook-lenovo-amd-ryzen-5-3500u-12gb-1tb-tela-15-6-windows-10-ideapad-s145-55008960.html )  cont: 8
(02:55:53) Origem: https://www.extra.com.br/Informatica/Notebook/?Filtro=C56_C57
(02:55:55) Produto existe (id:1750016)
(02:55:55) Preço Produto: Venda: 5319,00 ( 10 x 531,90 ) Id PrecoProduto: 0
(02:55:55) Preçco mais recente: Venda: 5319,00 ( 10 x 531,90 ) Id PrecoProduto: 7185610
(02:55:55) Mesmo preço
(02:55:55) Produto: Notebook Acer Core i5-10210U 8GB 256GB SSD Placa de Vídeo 2GB Tela 15.6” Windows 10 Aspire 5 A515-54G-53GP ( https://www.extra.com.br/Informatica/Notebook/notebook-acer-core-i5-10210u-8gb-256gb-ssd-placa-de-video-2gb-tela-15-6-windows-10-aspire-5-a515-54g-53gp-55010093.html )  cont: 9
(02:55:55) Origem: https://www.extra.com.br/Informatica/Notebook/?Filtro=C56_C57
(02:55:57) Produto existe (id:1750017)
(02:55:57) Preço Produto: Venda: 3799,00 ( 10 x 379,90 ) Id PrecoProduto: 0
(02:55:57) Preçco mais recente: Venda: 3899,00 ( 10 x 389,90 ) Id PrecoProduto: 7183010
(02:55:57) Mudança de preço
(02:55:57) Mudança de preço (Ajuste:2.5647602)
(02:55:57) Produto: Notebook Lenovo AMD Ryzen 5-3500U 8GB 1TB Tela 15.6” Windows 10 Ideapad S145 81V70004BR ( https://www.extra.com.br/Informatica/Notebook/notebook-lenovo-amd-ryzen-5-3500u-8gb-1tb-tela-15-6-windows-10-ideapad-s145-81v70004br-55003873.html )  cont: 10
(02:55:57) Origem: https://www.extra.com.br/Informatica/Notebook/?Filtro=C56_C57
(02:55:59) Produto existe (id:1791742)
(02:55:59) Preço Produto: Venda: 3099,00 ( 10 x 309,90 ) Id PrecoProduto: 0
(02:55:59) Preçco mais recente: Venda: 3099,00 ( 10 x 309,90 ) Id PrecoProduto: 7183705
(02:55:59) Mesmo preço
(02:55:59) Produto: Notebook Positivo Dual Core 4GB 500GB Tela 14” Windows 10 Motion C4500D ( https://www.extra.com.br/Informatica/Notebook/notebook-positivo-dual-core-4gb-500gb-tela-14-windows-10-motion-c4500d-55009824.html )  cont: 11
(02:55:59) Origem: https://www.extra.com.br/Informatica/Notebook/?Filtro=C56_C57
(02:56:01) Produto existe (id:1750019)
(02:56:01) Preço Produto: Venda: 2399,00 ( 10 x 239,90 ) Id PrecoProduto: 0
(02:56:01) Preçco mais recente: Venda: 2399,00 ( 10 x 239,90 ) Id PrecoProduto: 7127498
(02:56:01) Mesmo preço
(02:56:01) Produto: Notebook Acer Core i3-1005G1 8GB 512GB SSD Tela 15.6” Windows 10 Aspire 3 A315-56-35ET ( https://www.extra.com.br/Informatica/Notebook/notebook-acer-core-i3-1005g1-8gb-512gb-ssd-tela-15-6-windows-10-aspire-3-a315-56-35et-55010095.html )  cont: 12
(02:56:01) Origem: https://www.extra.com.br/Informatica/Notebook/?Filtro=C56_C57
(02:56:02) Produto existe (id:1750020)
(02:56:02) Preço Produto: Venda: 3299,00 ( 10 x 329,90 ) Id PrecoProduto: 0
(02:56:02) Preçco mais recente: Venda: 3399,00 ( 10 x 339,90 ) Id PrecoProduto: 7172313
(02:56:02) Mudança de preço
(02:56:02) Mudança de preço (Ajuste:2.9420419)
(02:56:02) Produto: Notebook Samsung Book X50 Intel Core i7-10510U 10ª Geração 8GB, 1TB, Placa de Vídeo 2GB, 15.6   Windows 10 Home NP550XCJ-XS1BR - Prata ( https://www.extra.com.br/Informatica/Notebook/notebook-samsung-book-x50-intel-core-i7-10510u-10-geracao-8gb-1tb-placa-de-video-2gb-15-6-windows-10-home-np550xcj-xs1br-prata-55008242.html )  cont: 13
(02:56:02) Origem: https://www.extra.com.br/Informatica/Notebook/?Filtro=C56_C57
(02:56:04) Produto existe (id:1750021)
(02:56:04) Preço Produto: Venda: 4999,00 ( 10 x 499,90 ) Id PrecoProduto: 0
(02:56:04) Preçco mais recente: Venda: 4999,00 ( 10 x 499,90 ) Id PrecoProduto: 7127500
(02:56:04) Mesmo preço
(02:56:04) Produto: Notebook Samsung Dual Core 4GB 500GB Tela 15.6" Windows 10 Book E20 NP550XCJ-KO1BR ( https://www.extra.com.br/Informatica/Notebook/notebook-samsung-dual-core-4gb-500gb-tela-15-6-windows-10-book-e20-np550xcj-ko1br-55008233.html )  cont: 14
(02:56:04) Origem: https://www.extra.com.br/Informatica/Notebook/?Filtro=C56_C57
(02:56:06) Produto existe (id:1750022)
(02:56:06) Preço Produto: Venda: 2349,00 ( 10 x 234,90 ) Id PrecoProduto: 0
(02:56:06) Preçco mais recente: Venda: 2349,00 ( 10 x 234,90 ) Id PrecoProduto: 7127501
(02:56:06) Mesmo preço
(02:56:06) Produto: Notebook Gamer Acer NVIDIA GeForce GTX 1650 AMD Ryzen 7-3750H 8GB 1TB 128GB SSD Tela Full HD 15.6” Endless OS Aspire Nitro 5 AN515-43-R4C3 ( https://www.extra.com.br/Informatica/Notebook/notebook-gamer-acer-nvidia-geforce-gtx-1650-amd-ryzen-7-3750h-8gb-1tb-128gb-ssd-tela-full-hd-15-6-endless-os-aspire-nitro-5-an515-43-r4c3-55010090.html )  cont: 15
(02:56:06) Origem: https://www.extra.com.br/Informatica/Notebook/?Filtro=C56_C57
(02:56:08) Produto existe (id:1750023)
(02:56:08) Preço Produto: Venda: 5399,00 ( 10 x 539,90 ) Id PrecoProduto: 0
(02:56:08) Preçco mais recente: Venda: 5399,00 ( 10 x 539,90 ) Id PrecoProduto: 7172314
(02:56:08) Mesmo preço
(02:56:08) Produto: Notebook Samsung Book E30 Intel Core i3-10110U 10ª Geração 4GB 1TB 15.6   Windows 10 Home NP550XCJ-KT1BR - Prata ( https://www.extra.com.br/Informatica/Notebook/notebook-samsung-book-e30-intel-core-i3-10110u-10-geracao-4gb-1tb-15-6-windows-10-home-np550xcj-kt1br-prata-55008235.html )  cont: 16
(02:56:08) Origem: https://www.extra.com.br/Informatica/Notebook/?Filtro=C56_C57
(02:56:10) Produto existe (id:1750024)
(02:56:10) Preço Produto: Venda: 3049,00 ( 10 x 304,90 ) Id PrecoProduto: 0
(02:56:10) Preçco mais recente: Venda: 3049,00 ( 10 x 304,90 ) Id PrecoProduto: 7127503
(02:56:10) Mesmo preço
(02:56:10) Produto: Notebook Lenovo Core i5-1035G1 8GB 1TB Tela 15.6” Windows 10 Ideapad S145 ( https://www.extra.com.br/Informatica/Notebook/notebook-lenovo-core-i5-1035g1-8gb-1tb-tela-15-6-windows-10-ideapad-s145-55007372.html )  cont: 17
(02:56:10) Origem: https://www.extra.com.br/Informatica/Notebook/?Filtro=C56_C57
(02:56:12) Produto existe (id:1750025)
(02:56:12) Preço Produto: Venda: 3599,00 ( 10 x 359,90 ) Id PrecoProduto: 0
(02:56:12) Preçco mais recente: Venda: 3599,00 ( 10 x 359,90 ) Id PrecoProduto: 7172315
(02:56:12) Mesmo preço
(02:56:12) Produto: Notebook Lenovo Core i5-8265U 8GB 256GB SSD Placa de Vídeo 2GB Tela 15.6” Windows 10 Ideapad S145 ( https://www.extra.com.br/Informatica/Notebook/notebook-lenovo-core-i5-8265u-8gb-256gb-ssd-placa-de-video-2gb-tela-15-6-windows-10-ideapad-s145-55010085.html )  cont: 18
(02:56:12) Origem: https://www.extra.com.br/Informatica/Notebook/?Filtro=C56_C57
(02:56:14) Produto existe (id:1750028)
(02:56:14) Preço Produto: Venda: 3699,00 ( 10 x 369,90 ) Id PrecoProduto: 0
(02:56:14) Preçco mais recente: Venda: 3599,00 ( 10 x 359,90 ) Id PrecoProduto: 7127507
(02:56:14) Mudança de preço
(02:56:14) Mudança de preço (Ajuste:-2.7785497)
(02:56:14) Produto: Notebook Acer Aspire 5 A514-53G-571X Intel Core I5 8GB 512GB SSD MX 350 14` Windows 10 ( https://www.extra.com.br/Informatica/Notebook/notebook-acer-aspire-5-a514-53g-571x-intel-core-i5-8gb-512gb-ssd-mx-350-14-windows-10-1506840412.html )  cont: 19
(02:56:14) Origem: https://www.extra.com.br/Informatica/Notebook/?Filtro=C56_C57
(02:56:16) Produto existe (id:1750029)
(02:56:16) Preço Produto: Venda: 4199,00 ( 10 x 419,90 ) Id PrecoProduto: 0
(02:56:16) Preçco mais recente: Venda: 4199,00 ( 10 x 419,90 ) Id PrecoProduto: 7185611
(02:56:16) Mesmo preço
(02:56:16) Produto: Notebook VAIO Core i3-8130U 4GB 1TB Tela 15.6” Windows 10 FE15 VJFE51F11X-B0111H ( https://www.extra.com.br/Informatica/Notebook/notebook-vaio-core-i3-8130u-4gb-1tb-tela-15-6-windows-10-fe15-vjfe51f11x-b0111h-55004116.html )  cont: 20
(02:56:16) Origem: https://www.extra.com.br/Informatica/Notebook/?Filtro=C56_C57
(02:56:18) Produto existe (id:1781506)
(02:56:18) Preço Produto: Venda: 3199,00 ( 10 x 319,90 ) Id PrecoProduto: 0
(02:56:18) Preçco mais recente: Venda: 3199,00 ( 10 x 319,90 ) Id PrecoProduto: 7182050
(02:56:18) Mesmo preço
(02:56:18) Produto: Notebook Lenovo Core i7-8565U 8GB 1TB Placa de Vídeo 2GB Tela Full HD 15.6” Windows 10 Ideapad S145 ( https://www.extra.com.br/Informatica/Notebook/notebook-lenovo-core-i7-8565u-8gb-1tb-placa-de-video-2gb-tela-full-hd-15-6-windows-10-ideapad-s145-55004395.html )  cont: 21
(02:56:18) Origem: https://www.extra.com.br/Informatica/Notebook/?Filtro=C56_C57
(02:56:20) Produto existe (id:1781507)
(02:56:20) Preço Produto: Venda: 4299,00 ( 10 x 429,90 ) Id PrecoProduto: 0
(02:56:20) Preçco mais recente: Venda: 3999,00 ( 10 x 399,90 ) Id PrecoProduto: 7172318
(02:56:20) Mudança de preço
(02:56:20) Mudança de preço (Ajuste:-7.5018754)
(02:56:20) Loja:Walmart
(02:57:42) Categoria:Notebooks
(02:57:42) CategoriaLoja(detalhe):CategoriaLoja {IdCategoriaLoja:821;Nome:Notebooks;Url:https://www.walmart.com.br/categoria/informatica/notebooks-e-ultrabooks/?fq=C:4699/4701/;DataInclusao:27-03-2015;IdCategoriaLojaF:0;IdNaturezaProdutoRa:10;IdLojaVirtualPa:4;}
(02:57:42) URL: https://www.walmart.com.br/categoria/informatica/notebooks-e-ultrabooks/?fq=C:4699/4701/
(02:57:42) Loja:Submarino
(02:59:03) Categoria:Notebooks
(02:59:03) CategoriaLoja(detalhe):CategoriaLoja {IdCategoriaLoja:819;Nome:Notebooks;Url:http://www.submarino.com.br/linha/271288/informatica/notebook;DataInclusao:20-03-2015;IdCategoriaLojaF:0;IdNaturezaProdutoRa:10;IdLojaVirtualPa:5;}
(02:59:03) URL: http://www.submarino.com.br/linha/271288/informatica/notebook
(03:00:04) Loja:Ricardo Eletro
(03:01:26) Categoria:Notebooks
(03:01:26) CategoriaLoja(detalhe):CategoriaLoja {IdCategoriaLoja:822;Nome:Notebooks;Url:http://www.ricardoeletro.com.br/Loja/Informatica/Notebooks-Ultrabooks/49-82;DataInclusao:27-03-2015;IdCategoriaLojaF:0;IdNaturezaProdutoRa:10;IdLojaVirtualPa:6;}
(03:01:26) URL: http://www.ricardoeletro.com.br/Loja/Informatica/Notebooks-Ultrabooks/49-82
(03:01:36) Loja:Ponto Frio
(03:02:57) Categoria:Notebooks
(03:02:57) CategoriaLoja(detalhe):CategoriaLoja {IdCategoriaLoja:823;Nome:Notebooks;Url:http://www.pontofrio.com.br/Informatica/Notebook/?Filtro=C56_C57;DataInclusao:27-03-2015;IdCategoriaLojaF:0;IdNaturezaProdutoRa:10;IdLojaVirtualPa:7;}
(03:02:57) URL: http://www.pontofrio.com.br/Informatica/Notebook/?Filtro=C56_C57
(03:02:57) Produto: Notebook Positivo Quad Core 4GB 64GB SSD Tela 14” Windows 10 Motion Plus Q464B ( https://www.pontofrio.com.br/Informatica/Notebook/notebook-positivo-quad-core-4gb-64gb-ssd-tela-14-windows-10-motion-plus-q464b-50004960.html )  cont: 1
(03:02:57) Origem: http://www.pontofrio.com.br/Informatica/Notebook/?Filtro=C56_C57
(03:02:59) Produto existe (id:1555501)
(03:02:59) Preço Produto: Venda: 1599,00 ( 10 x 159,90 ) Id PrecoProduto: 0
(03:02:59) Preçco mais recente: Venda: 1599,00 ( 10 x 159,90 ) Id PrecoProduto: 7184226
(03:02:59) Mesmo preço
(03:02:59) Produto: Notebook Samsung Book X30 Intel Core i5-10210U 10ª Geração 8GB 1TB 15.6   Windows 10 Home NP550XCJ-KF1BR - Prata ( https://www.pontofrio.com.br/Informatica/Notebook/notebook-samsung-book-x30-intel-core-i5-10210u-10-geracao-8gb-1tb-15-6-windows-10-home-np550xcj-kf1br-prata-55008238.html )  cont: 2
(03:02:59) Origem: http://www.pontofrio.com.br/Informatica/Notebook/?Filtro=C56_C57
(03:03:01) Produto existe (id:1555502)
(03:03:01) Preço Produto: Venda: 3699,00 ( 10 x 369,90 ) Id PrecoProduto: 0
(03:03:01) Preçco mais recente: Venda: 3699,00 ( 10 x 369,90 ) Id PrecoProduto: 7127510
(03:03:01) Mesmo preço
(03:03:01) Produto: Notebook Lenovo AMD Ryzen 5-3500U 8GB 1TB Tela 15.6” Windows 10 Ideapad S145 81V70004BR ( https://www.pontofrio.com.br/Informatica/Notebook/notebook-lenovo-amd-ryzen-5-3500u-8gb-1tb-tela-15-6-windows-10-ideapad-s145-81v70004br-55003873.html )  cont: 3
(03:03:01) Origem: http://www.pontofrio.com.br/Informatica/Notebook/?Filtro=C56_C57
(03:03:03) Produto existe (id:1791520)
(03:03:03) Preço Produto: Venda: 2999,00 ( 10 x 299,90 ) Id PrecoProduto: 0
(03:03:03) Preçco mais recente: Venda: 2999,00 ( 10 x 299,90 ) Id PrecoProduto: 7183014
(03:03:03) Mesmo preço
(03:03:03) Produto: Notebook Lenovo AMD Ryzen 5-3500U 12GB 1TB Tela 15.6” Windows 10 Ideapad S145 ( https://www.pontofrio.com.br/Informatica/Notebook/notebook-lenovo-amd-ryzen-5-3500u-12gb-1tb-tela-15-6-windows-10-ideapad-s145-55008960.html )  cont: 4
(03:03:03) Origem: http://www.pontofrio.com.br/Informatica/Notebook/?Filtro=C56_C57
(03:03:05) Produto existe (id:1555504)
(03:03:05) Preço Produto: Venda: 5319,00 ( 10 x 531,90 ) Id PrecoProduto: 0
(03:03:05) Preçco mais recente: Venda: 5319,00 ( 10 x 531,90 ) Id PrecoProduto: 7185612
(03:03:05) Mesmo preço
(03:03:05) Produto: Notebook Acer Core i5-10210U 8GB 256GB SSD Placa de Vídeo 2GB Tela 15.6” Windows 10 Aspire 5 A515-54G-53GP ( https://www.pontofrio.com.br/Informatica/Notebook/notebook-acer-core-i5-10210u-8gb-256gb-ssd-placa-de-video-2gb-tela-15-6-windows-10-aspire-5-a515-54g-53gp-55010093.html )  cont: 5
(03:03:05) Origem: http://www.pontofrio.com.br/Informatica/Notebook/?Filtro=C56_C57
(03:03:07) Produto existe (id:1750031)
(03:03:07) Preço Produto: Venda: 3849,00 ( 10 x 384,90 ) Id PrecoProduto: 0
(03:03:07) Preçco mais recente: Venda: 3799,00 ( 12 x 316,58 ) Id PrecoProduto: 7172322
(03:03:07) Mudança de preço
(03:03:07) Mudança de preço (Ajuste:-1.3161359)
(03:03:07) Produto: Notebook Samsung Book X30 Intel Core i5-10210U 10ª Geração 8GB 1TB 15.6   Windows 10 Home NP550XCJ-KF2BR - Branco ( https://www.pontofrio.com.br/Informatica/Notebook/notebook-samsung-book-x30-intel-core-i5-10210u-10-geracao-8gb-1tb-15-6-windows-10-home-np550xcj-kf2br-branco-55008239.html )  cont: 6
(03:03:07) Origem: http://www.pontofrio.com.br/Informatica/Notebook/?Filtro=C56_C57
(03:03:09) Produto existe (id:1750032)
(03:03:09) Preço Produto: Venda: 3649,00 ( 10 x 364,90 ) Id PrecoProduto: 0
(03:03:09) Preçco mais recente: Venda: 3649,00 ( 10 x 364,90 ) Id PrecoProduto: 7127514
(03:03:09) Mesmo preço
(03:03:09) Produto: Notebook Samsung Book E30 Intel Core i3-10110U 10ª Geração 4GB 1TB 15.6   Windows 10 Home NP550XCJ-KT1BR - Prata ( https://www.pontofrio.com.br/Informatica/Notebook/notebook-samsung-book-e30-intel-core-i3-10110u-10-geracao-4gb-1tb-15-6-windows-10-home-np550xcj-kt1br-prata-55008235.html )  cont: 7
(03:03:09) Origem: http://www.pontofrio.com.br/Informatica/Notebook/?Filtro=C56_C57
(03:03:11) Produto existe (id:1555509)
(03:03:11) Preço Produto: Venda: 2997,60 ( 10 x 299,76 ) Id PrecoProduto: 0
(03:03:11) Preçco mais recente: Venda: 2997,60 ( 10 x 299,76 ) Id PrecoProduto: 7172323
(03:03:11) Mesmo preço
(03:03:11) Produto: Notebook Acer Core i5-10210U 8GB 512GB SSD Tela 15.6” Windows 10 Aspire 5 A515-54-59X2 ( https://www.pontofrio.com.br/Informatica/Notebook/notebook-acer-core-i5-10210u-8gb-512gb-ssd-tela-15-6-windows-10-aspire-5-a515-54-59x2-55010096.html )  cont: 8
(03:03:11) Origem: http://www.pontofrio.com.br/Informatica/Notebook/?Filtro=C56_C57
(03:03:13) Produto existe (id:1750035)
(03:03:13) Preço Produto: Venda: 3949,00 ( 10 x 394,90 ) Id PrecoProduto: 0
(03:03:13) Preçco mais recente: Venda: 3899,00 ( 10 x 389,90 ) Id PrecoProduto: 7183015
(03:03:13) Mudança de preço
(03:03:13) Mudança de preço (Ajuste:-1.2823801)
(03:03:13) Produto: Notebook Lenovo Core i5-1035G1 8GB 1TB Tela 15.6” Windows 10 Ideapad S145 ( https://www.pontofrio.com.br/Informatica/Notebook/notebook-lenovo-core-i5-1035g1-8gb-1tb-tela-15-6-windows-10-ideapad-s145-55007372.html )  cont: 9
(03:03:13) Origem: http://www.pontofrio.com.br/Informatica/Notebook/?Filtro=C56_C57
(03:03:15) Produto existe (id:1555507)
(03:03:15) Preço Produto: Venda: 3699,00 ( 10 x 369,90 ) Id PrecoProduto: 0
(03:03:15) Preçco mais recente: Venda: 3699,00 ( 12 x 308,25 ) Id PrecoProduto: 6814358
(03:03:15) Mesmo preço
(03:03:15) Produto: MacBook Air 13" Apple Intel Core i5 8GB RAM 128GB SSD Prateado ( https://www.pontofrio.com.br/Informatica/Notebook/macbook-air-13-apple-intel-core-i5-8gb-ram-128gb-ssd-prateado-11639797.html )  cont: 10
(03:03:15) Origem: http://www.pontofrio.com.br/Informatica/Notebook/?Filtro=C56_C57
(03:03:17) Produto existe (id:1750036)
(03:03:17) Preço Produto: Venda: 5699,00 ( 10 x 569,90 ) Id PrecoProduto: 0
(03:03:17) Preçco mais recente: Venda: 5699,00 ( 10 x 569,90 ) Id PrecoProduto: 7172325
(03:03:17) Mesmo preço
(03:03:17) Produto: Notebook Gamer Acer NVIDIA GeForce GTX 1650 AMD Ryzen 7-3750H 8GB 1TB 128GB SSD Tela Full HD 15.6” Endless OS Aspire Nitro 5 AN515-43-R4C3 ( https://www.pontofrio.com.br/Informatica/Notebook/notebook-gamer-acer-nvidia-geforce-gtx-1650-amd-ryzen-7-3750h-8gb-1tb-128gb-ssd-tela-full-hd-15-6-endless-os-aspire-nitro-5-an515-43-r4c3-55010090.html )  cont: 11
(03:03:17) Origem: http://www.pontofrio.com.br/Informatica/Notebook/?Filtro=C56_C57
(03:03:19) Produto existe (id:1555518)
(03:03:19) Preço Produto: Venda: 5299,00 ( 10 x 529,90 ) Id PrecoProduto: 0
(03:03:19) Preçco mais recente: Venda: 5299,00 ( 10 x 529,90 ) Id PrecoProduto: 7172326
(03:03:19) Mesmo preço
(03:03:19) Produto: Notebook Acer Core i3-1005G1 8GB 512GB SSD Tela 15.6” Windows 10 Aspire 3 A315-56-35ET ( https://www.pontofrio.com.br/Informatica/Notebook/notebook-acer-core-i3-1005g1-8gb-512gb-ssd-tela-15-6-windows-10-aspire-3-a315-56-35et-55010095.html )  cont: 12
(03:03:19) Origem: http://www.pontofrio.com.br/Informatica/Notebook/?Filtro=C56_C57
(03:03:21) Produto existe (id:1555505)
(03:03:21) Preço Produto: Venda: 3349,00 ( 10 x 334,90 ) Id PrecoProduto: 0
(03:03:21) Preçco mais recente: Venda: 3299,00 ( 10 x 329,90 ) Id PrecoProduto: 7172327
(03:03:21) Mudança de preço
(03:03:21) Mudança de preço (Ajuste:-1.5156108)
(03:03:21) Produto: Notebook Samsung Dual Core 4GB 64GB SSD Tela Full HD 13.3” Windows 10 Flash F30 NP530XBB-AD1BR ( https://www.pontofrio.com.br/Informatica/Notebook/notebook-samsung-dual-core-4gb-64gb-ssd-tela-full-hd-13-3-windows-10-flash-f30-np530xbb-ad1br-14536935.html )  cont: 13
(03:03:21) Origem: http://www.pontofrio.com.br/Informatica/Notebook/?Filtro=C56_C57
(03:03:23) Produto existe (id:1750037)
(03:03:23) Preço Produto: Venda: 2599,00 ( 10 x 259,90 ) Id PrecoProduto: 0
(03:03:23) Preçco mais recente: Venda: 2599,00 ( 10 x 259,90 ) Id PrecoProduto: 7172328
(03:03:23) Mesmo preço
(03:03:23) Produto: Notebook Lenovo Core i5-1035G1 20GB (4GB RAM + 16GB Optane) 1TB Tela 15.6” Windows 10 Ideapad S145 ( https://www.pontofrio.com.br/Informatica/Notebook/notebook-lenovo-core-i5-1035g1-20gb-4gb-ram-16gb-optane-1tb-tela-15-6-windows-10-ideapad-s145-55010086.html )  cont: 14
(03:03:23) Origem: http://www.pontofrio.com.br/Informatica/Notebook/?Filtro=C56_C57
(03:03:25) Produto existe (id:1750038)
(03:03:25) Preço Produto: Venda: 3199,00 ( 10 x 319,90 ) Id PrecoProduto: 0
(03:03:25) Preçco mais recente: Venda: 3199,00 ( 10 x 319,90 ) Id PrecoProduto: 7183016
(03:03:25) Mesmo preço
(03:03:25) Produto: Notebook Samsung Dual Core 4GB 500GB Tela 15.6" Windows 10 Book E20 NP550XCJ-KO1BR ( https://www.pontofrio.com.br/Informatica/Notebook/notebook-samsung-dual-core-4gb-500gb-tela-15-6-windows-10-book-e20-np550xcj-ko1br-55008233.html )  cont: 15
(03:03:25) Origem: http://www.pontofrio.com.br/Informatica/Notebook/?Filtro=C56_C57
(03:03:27) Produto existe (id:1555503)
(03:03:27) Preço Produto: Venda: 2699,00 ( 10 x 269,90 ) Id PrecoProduto: 0
(03:03:27) Preçco mais recente: Venda: 2699,00 ( 10 x 269,90 ) Id PrecoProduto: 7127524
(03:03:27) Mesmo preço
(03:03:27) Produto: Notebook Lenovo Core i5-8265U 8GB 256GB SSD Placa de Vídeo 2GB Tela 15.6” Windows 10 Ideapad S145 ( https://www.pontofrio.com.br/Informatica/Notebook/notebook-lenovo-core-i5-8265u-8gb-256gb-ssd-placa-de-video-2gb-tela-15-6-windows-10-ideapad-s145-55010085.html )  cont: 16
(03:03:27) Origem: http://www.pontofrio.com.br/Informatica/Notebook/?Filtro=C56_C57
(03:03:28) Produto existe (id:1750039)
(03:03:28) Preço Produto: Venda: 3699,00 ( 10 x 369,90 ) Id PrecoProduto: 0
(03:03:28) Preçco mais recente: Venda: 3599,00 ( 10 x 359,90 ) Id PrecoProduto: 7127525
(03:03:28) Mudança de preço
(03:03:28) Mudança de preço (Ajuste:-2.7785497)
(03:03:28) Produto: Notebook Positivo Dual Core 4GB 500GB Tela 14” Windows 10 Motion C4500D ( https://www.pontofrio.com.br/Informatica/Notebook/notebook-positivo-dual-core-4gb-500gb-tela-14-windows-10-motion-c4500d-55009824.html )  cont: 17
(03:03:28) Origem: http://www.pontofrio.com.br/Informatica/Notebook/?Filtro=C56_C57
(03:03:30) Produto existe (id:1555506)
(03:03:30) Preço Produto: Venda: 2399,00 ( 10 x 239,90 ) Id PrecoProduto: 0
(03:03:30) Preçco mais recente: Venda: 2399,00 ( 10 x 239,90 ) Id PrecoProduto: 7127526
(03:03:30) Mesmo preço
(03:03:30) Produto: Notebook Dell Core i5-8265U 8GB 1TB Tela 15.6” Windows 10 Inspiron I15-3583-A3XP ( https://www.pontofrio.com.br/Informatica/Notebook/notebook-dell-core-i5-8265u-8gb-1tb-tela-15-6-windows-10-inspiron-i15-3583-a3xp-50005141.html )  cont: 18
(03:03:30) Origem: http://www.pontofrio.com.br/Informatica/Notebook/?Filtro=C56_C57
(03:03:32) Produto existe (id:1555516)
(03:03:32) Preço Produto: Venda: 3899,00 ( 10 x 389,90 ) Id PrecoProduto: 0
(03:03:32) Preçco mais recente: Venda: 3899,00 ( 10 x 389,90 ) Id PrecoProduto: 7172329
(03:03:32) Mesmo preço
(03:03:32) Produto: Notebook Acer Core i3-1005G1 8GB 256GB SSD Tela 15.6” Windows 10 Aspire 3 A315-56-3090 ( https://www.pontofrio.com.br/Informatica/Notebook/notebook-acer-core-i3-1005g1-8gb-256gb-ssd-tela-15-6-windows-10-aspire-3-a315-56-3090-55010097.html )  cont: 19
(03:03:32) Origem: http://www.pontofrio.com.br/Informatica/Notebook/?Filtro=C56_C57
(03:03:34) Produto existe (id:1781511)
(03:03:34) Preço Produto: Venda: 3299,00 ( 10 x 329,90 ) Id PrecoProduto: 0
(03:03:34) Preçco mais recente: Venda: 3299,00 ( 10 x 329,90 ) Id PrecoProduto: 7183707
(03:03:34) Mesmo preço
(03:03:34) Produto: Notebook Lenovo Core i7-8565U 8GB 1TB Placa de Vídeo 2GB Tela Full HD 15.6” Windows 10 Ideapad S145 ( https://www.pontofrio.com.br/Informatica/Notebook/notebook-lenovo-core-i7-8565u-8gb-1tb-placa-de-video-2gb-tela-full-hd-15-6-windows-10-ideapad-s145-55004395.html )  cont: 20
(03:03:34) Origem: http://www.pontofrio.com.br/Informatica/Notebook/?Filtro=C56_C57
(03:03:36) Produto existe (id:1781512)
(03:03:36) Preço Produto: Venda: 3879,00 ( 12 x 323,25 ) Id PrecoProduto: 0
(03:03:36) Preçco mais recente: Venda: 3879,00 ( 12 x 323,25 ) Id PrecoProduto: 7184733
(03:03:36) Mesmo preço
(03:03:36) Produto: Notebook Gamer Acer NVIDIA GeForce GTX 1650 Core i5-9300H 8GB 1TB 128GB SSD Tela Full HD 15.6" Windows 10 Aspire Nitro 5 AN515-54-528V ( https://www.pontofrio.com.br/Informatica/Notebook/notebook-gamer-acer-nvidia-geforce-gtx-1650-core-i5-9300h-8gb-1tb-128gb-ssd-tela-full-hd-15-6-windows-10-aspire-nitro-5-an515-54-528v-55007925.html )  cont: 21
(03:03:36) Origem: http://www.pontofrio.com.br/Informatica/Notebook/?Filtro=C56_C57
(03:03:38) Produto existe (id:1781513)
(03:03:38) Preço Produto: Venda: 5699,00 ( 10 x 569,90 ) Id PrecoProduto: 0
(03:03:38) Preçco mais recente: Venda: 5699,00 ( 10 x 569,90 ) Id PrecoProduto: 7172332
(03:03:38) Mesmo preço
(03:03:38) Loja:Casas Bahia
(03:05:01) Categoria:Notebooks
(03:05:01) CategoriaLoja(detalhe):CategoriaLoja {IdCategoriaLoja:824;Nome:Notebooks;Url:https://www.casasbahia.com.br/Informatica/Notebook/?Filtro=C56_C57;DataInclusao:27-03-2015;IdCategoriaLojaF:0;IdNaturezaProdutoRa:10;IdLojaVirtualPa:8;}
(03:05:01) URL: https://www.casasbahia.com.br/Informatica/Notebook/?Filtro=C56_C57
