(00:20:02) Loja:Americanas
(00:20:59) Categoria:Notebooks
(00:20:59) CategoriaLoja(detalhe):CategoriaLoja {IdCategoriaLoja:817;Nome:Notebooks;Url:https://www.americanas.com.br/categoria/informatica/notebooks?pagina-1;DataInclusao:20-03-2015;IdCategoriaLojaF:0;IdNaturezaProdutoRa:10;IdLojaVirtualPa:1;}
(00:20:59) URL: https://www.americanas.com.br/categoria/informatica/notebooks?pagina-1
(00:21:01) Produto: Notebook Lenovo Ideapad S145 AMD Ryzen 5 12GB 1TB W10 15,6" Prata ( https://www.americanas.com.br/produto/1608469552?pfm_carac=Notebooks&pfm_page=category&pfm_pos=grid&pfm_type=vit_product_grid )  cont: 1
(00:21:02) Produto existe (id:1612184)
(00:21:02) Preço Produto: Venda: 3249,99 ( 0 x 0,00 ) Id PrecoProduto: 0
(00:21:02) Preçco mais recente: Venda: 3399,99 ( 0 x 0,00 ) Id PrecoProduto: 6922155
(00:21:02) Mudança de preço
(00:21:02) Mudança de preço (Ajuste:4.411778)
(00:21:03) Produto: Notebook Lenovo Ideapad S145 8ª Intel Core I3 4GB 1TB W10 15.6" Prata ( https://www.americanas.com.br/produto/1508129497?pfm_carac=Notebooks&pfm_index=1&pfm_page=category&pfm_pos=grid&pfm_type=vit_product_grid )  cont: 2
(00:21:04) Produto existe (id:1566887)
(00:21:04) Preço Produto: Venda: 3099,00 ( 0 x 0,00 ) Id PrecoProduto: 0
(00:21:04) Preçco mais recente: Venda: 3099,00 ( 0 x 0,00 ) Id PrecoProduto: 6922156
(00:21:04) Mesmo preço
(00:21:04) Produto: Notebook Compaq Presario CQ-25 Intel Pentium 4GB 120GB SSD 14   Windows 10 - Cinza ( https://www.americanas.com.br/produto/1818873801?pfm_carac=Notebooks&pfm_index=2&pfm_page=category&pfm_pos=grid&pfm_type=vit_product_grid )  cont: 3
(00:21:05) Produto existe (id:1612185)
(00:21:05) Preço Produto: Venda: 1799,99 ( 0 x 0,00 ) Id PrecoProduto: 0
(00:21:05) Preçco mais recente: Venda: 1799,99 ( 0 x 0,00 ) Id PrecoProduto: 6906713
(00:21:05) Mesmo preço
(00:21:05) Produto: Notebook Dell Inspiron I15-3584-D30P 8ª Intel Core i3 4GB 1TB 15,6" Preto Linux ( https://www.americanas.com.br/produto/1897089441?pfm_carac=Notebooks&pfm_index=3&pfm_page=category&pfm_pos=grid&pfm_type=vit_product_grid )  cont: 4
(00:21:06) Produto existe (id:1612186)
(00:21:06) Preço Produto: Venda: 2899,99 ( 0 x 0,00 ) Id PrecoProduto: 0
(00:21:06) Preçco mais recente: Venda: 2899,99 ( 0 x 0,00 ) Id PrecoProduto: 6906714
(00:21:06) Mesmo preço
(00:21:06) Produto: Notebook Samsung Book X30 10ª Intel Core I5 8GB 1TB Windows 10 15,6" - Prata ( https://www.americanas.com.br/produto/1772551056?pfm_carac=Notebooks&pfm_index=4&pfm_page=category&pfm_pos=grid&pfm_type=vit_product_grid )  cont: 5
(00:21:06) Produto existe (id:1562207)
(00:21:07) Preço Produto: Venda: 3799,99 ( 0 x 0,00 ) Id PrecoProduto: 0
(00:21:07) Preçco mais recente: Venda: 3799,99 ( 0 x 0,00 ) Id PrecoProduto: 6960245
(00:21:07) Mesmo preço
(00:21:07) Produto: Notebook Positivo Motion Q464B Intel Atom Quad core 4GB 64GB SSD + 64GB Nuvem 14" W10 Vermelho ( https://www.americanas.com.br/produto/1506963998?pfm_carac=Notebooks&pfm_index=5&pfm_page=category&pfm_pos=grid&pfm_type=vit_product_grid )  cont: 6
(00:21:08) Produto existe (id:1561143)
(00:21:08) Preço Produto: Venda: 1649,99 ( 0 x 0,00 ) Id PrecoProduto: 0
(00:21:08) Preçco mais recente: Venda: 1699,99 ( 0 x 0,00 ) Id PrecoProduto: 6960246
(00:21:08) Mudança de preço
(00:21:08) Mudança de preço (Ajuste:2.9411938)
(00:21:09) Produto: Notebook Lenovo Ideapad S145 AMD Ryzen 5 8GB 1TB W10 15,6" Prata ( https://www.americanas.com.br/produto/1507968328?pfm_carac=Notebooks&pfm_index=6&pfm_page=category&pfm_pos=grid&pfm_type=vit_product_grid )  cont: 7
(00:21:09) Produto existe (id:1612187)
(00:21:09) Preço Produto: Venda: 3499,99 ( 0 x 0,00 ) Id PrecoProduto: 0
(00:21:09) Preçco mais recente: Venda: 3499,99 ( 0 x 0,00 ) Id PrecoProduto: 6906717
(00:21:09) Mesmo preço
(00:21:09) Produto: Notebook Acer Aspire 3 A315-56-35ET 10ª Intel Core i3 8GB 512GB SSD 15,6" Windows 10 - Cinza ( https://www.americanas.com.br/produto/1824323427?pfm_carac=Notebooks&pfm_index=7&pfm_page=category&pfm_pos=grid&pfm_type=vit_product_grid )  cont: 8
(00:21:10) Produto existe (id:1644196)
(00:21:10) Preço Produto: Venda: 3299,99 ( 0 x 0,00 ) Id PrecoProduto: 0
(00:21:10) Preçco mais recente: Venda: 3299,99 ( 0 x 0,00 ) Id PrecoProduto: 6960247
(00:21:10) Mesmo preço
(00:21:10) Produto: Notebook Acer Aspire 5 A515-54-59X2 10ª Intel Core i5 8GB 512GB SSD 15,6" Windows 10 - Prata ( https://www.americanas.com.br/produto/1824323591?pfm_carac=Notebooks&pfm_index=8&pfm_page=category&pfm_pos=grid&pfm_type=vit_product_grid )  cont: 9
(00:21:11) Produto existe (id:1644197)
(00:21:11) Preço Produto: Venda: 3999,99 ( 0 x 0,00 ) Id PrecoProduto: 0
(00:21:11) Preçco mais recente: Venda: 3999,99 ( 0 x 0,00 ) Id PrecoProduto: 6960248
(00:21:11) Mesmo preço
(00:21:11) Produto: Notebook Lenovo Ideapad S145 8ª Intel Core i5 8GB (GeForce MX110 com 2GB) 256GB SSD 15,6" Windows 10 - Prata ( https://www.americanas.com.br/produto/1823634995?pfm_carac=Notebooks&pfm_index=9&pfm_page=category&pfm_pos=grid&pfm_type=vit_product_grid )  cont: 10
(00:21:12) Produto existe (id:1581380)
(00:21:12) Preço Produto: Venda: 3999,00 ( 0 x 0,00 ) Id PrecoProduto: 0
(00:21:12) Preçco mais recente: Venda: 4099,99 ( 0 x 0,00 ) Id PrecoProduto: 6916761
(00:21:12) Mudança de preço
(00:21:12) Mudança de preço (Ajuste:2.4631822)
(00:21:12) Produto: Notebook Samsung Book E20 Intel Celeron 4GB 500GB W10 15,6" Prata ( https://www.americanas.com.br/produto/1772549239?pfm_carac=Notebooks&pfm_index=10&pfm_page=category&pfm_pos=grid&pfm_type=vit_product_grid )  cont: 11
(00:21:13) Produto existe (id:1644198)
(00:21:13) Preço Produto: Venda: 2599,99 ( 0 x 0,00 ) Id PrecoProduto: 0
(00:21:13) Preçco mais recente: Venda: 2599,99 ( 0 x 0,00 ) Id PrecoProduto: 6960249
(00:21:13) Mesmo preço
(00:21:13) Produto: Notebook Lenovo Ideapad S145 AMD Ryzen 7 8GB W10 SSD 256GB 15.6 Prata ( https://www.americanas.com.br/produto/1507408048?pfm_carac=Notebooks&pfm_index=11&pfm_page=category&pfm_pos=grid&pfm_type=vit_product_grid )  cont: 12
(00:21:13) Produto existe (id:1644199)
(00:21:13) Preço Produto: Venda: 3849,99 ( 0 x 0,00 ) Id PrecoProduto: 0
(00:21:13) Preçco mais recente: Venda: 3989,99 ( 0 x 0,00 ) Id PrecoProduto: 6960250
(00:21:13) Mudança de preço
(00:21:13) Mudança de preço (Ajuste:3.508781)
(00:21:13) Produto: Notebook Samsung Book E30 10ª Intel Core i3 4GB 1TB W10 15,6" FHD - Prata ( https://www.americanas.com.br/produto/1772549925?pfm_carac=Notebooks&pfm_index=12&pfm_page=category&pfm_pos=grid&pfm_type=vit_product_grid )  cont: 13
(00:21:14) Produto existe (id:1581383)
(00:21:14) Preço Produto: Venda: 3149,99 ( 0 x 0,00 ) Id PrecoProduto: 0
(00:21:14) Preçco mais recente: Venda: 3199,99 ( 0 x 0,00 ) Id PrecoProduto: 6875586
(00:21:14) Mudança de preço
(00:21:14) Mudança de preço (Ajuste:1.5625049)
(00:21:14) Produto: Notebook Dell Inspiron I15-3583-A3XP 8ª Intel Core I5 8GB 1TB Tela 15,6" Windows 10 - Preto ( https://www.americanas.com.br/produto/134544345?pfm_carac=Notebooks&pfm_index=13&pfm_page=category&pfm_pos=grid&pfm_type=vit_product_grid )  cont: 14
(00:21:15) Produto existe (id:1644200)
(00:21:15) Preço Produto: Venda: 3899,99 ( 0 x 0,00 ) Id PrecoProduto: 0
(00:21:15) Preçco mais recente: Venda: 3899,99 ( 0 x 0,00 ) Id PrecoProduto: 6960251
(00:21:15) Mesmo preço
(00:21:15) Produto: Notebook Samsung Book X40 10ª Intel Core i5 8GB (Geforce MX110 com 2GB) 1TB W10 15,6" Prata ( https://www.americanas.com.br/produto/1772549028?pfm_carac=Notebooks&pfm_index=14&pfm_page=category&pfm_pos=grid&pfm_type=vit_product_grid )  cont: 15
(00:21:16) Produto existe (id:1581385)
(00:21:16) Preço Produto: Venda: 3999,99 ( 0 x 0,00 ) Id PrecoProduto: 0
(00:21:16) Preçco mais recente: Venda: 3999,99 ( 0 x 0,00 ) Id PrecoProduto: 6960252
(00:21:16) Mesmo preço
(00:21:16) Produto: Notebook Acer Aspire 3 A315-54-55WY Intel Corei5 8GB 256GB SSD W10 15.6 ( https://www.americanas.com.br/produto/1824323515?pfm_carac=Notebooks&pfm_index=15&pfm_page=category&pfm_pos=grid&pfm_type=vit_product_grid )  cont: 16
(00:21:17) Produto existe (id:1644201)
(00:21:17) Preço Produto: Venda: 3699,99 ( 0 x 0,00 ) Id PrecoProduto: 0
(00:21:17) Preçco mais recente: Venda: 3699,99 ( 0 x 0,00 ) Id PrecoProduto: 6960253
(00:21:17) Mesmo preço
(00:21:17) Produto: MacBook Air MQD32BZ/A com Intel Core i5 Dual Core 8GB 128GB SSD 13   Prata - Apple ( https://www.americanas.com.br/produto/132490742?pfm_carac=Notebooks&pfm_index=16&pfm_page=category&pfm_pos=grid&pfm_type=vit_product_grid )  cont: 17
(00:21:17) Produto existe (id:1644202)
(00:21:17) Preço Produto: Venda: 6799,99 ( 0 x 0,00 ) Id PrecoProduto: 0
(00:21:17) Preçco mais recente: Venda: 6799,99 ( 0 x 0,00 ) Id PrecoProduto: 6960254
(00:21:17) Mesmo preço
(00:21:17) Produto: Notebook Dell Inspiron I15-3584-AS40P 8ª Intel Core i3 4GB 128GB SSD 15,6" W10 Preto + Microsoft 365 Personal ( https://www.americanas.com.br/produto/1897089491?pfm_carac=Notebooks&pfm_index=17&pfm_page=category&pfm_pos=grid&pfm_type=vit_product_grid )  cont: 18
(00:21:18) Produto existe (id:1644203)
(00:21:18) Preço Produto: Venda: 3099,99 ( 0 x 0,00 ) Id PrecoProduto: 0
(00:21:18) Preçco mais recente: Venda: 3099,99 ( 0 x 0,00 ) Id PrecoProduto: 6960255
(00:21:18) Mesmo preço
(00:21:18) Produto: Notebook Lenovo Ideapad S145 8ª Intel Core i5 8GB (GeForce MX110 com 2GB) 1TB 15,6" Windows 10 - Prata ( https://www.americanas.com.br/produto/1824484458?pfm_carac=Notebooks&pfm_index=18&pfm_page=category&pfm_pos=grid&pfm_type=vit_product_grid )  cont: 19
(00:21:19) Produto existe (id:1399037)
(00:21:19) Preço Produto: Venda: 3699,99 ( 0 x 0,00 ) Id PrecoProduto: 0
(00:21:19) Preçco mais recente: Venda: 3699,99 ( 0 x 0,00 ) Id PrecoProduto: 6960256
(00:21:19) Mesmo preço
(00:21:19) Produto: Notebook Lenovo Ideapad S145 8ª Intel Core I5 8GB 1TB HD 15,6" W10 Prata ( https://www.americanas.com.br/produto/134573365?pfm_carac=Notebooks&pfm_index=19&pfm_page=category&pfm_pos=grid&pfm_type=vit_product_grid )  cont: 20
(00:21:20) Produto existe (id:1644204)
(00:21:20) Preço Produto: Venda: 3499,99 ( 0 x 0,00 ) Id PrecoProduto: 0
(00:21:20) Preçco mais recente: Venda: 3513,99 ( 0 x 0,00 ) Id PrecoProduto: 6960257
(00:21:20) Mudança de preço
(00:21:20) Mudança de preço (Ajuste:0.39840752)
(00:21:20) Produto: Notebook Asus X543UA-GQ3213T Intel Core I5 8GB 256GB SSD W10 Cinza Escuro ( https://www.americanas.com.br/produto/1774800790?pfm_carac=Notebooks&pfm_index=20&pfm_page=category&pfm_pos=grid&pfm_type=vit_product_grid )  cont: 21
(00:21:20) Produto existe (id:1546184)
(00:21:20) Preço Produto: Venda: 3680,59 ( 0 x 0,00 ) Id PrecoProduto: 0
(00:21:20) Preçco mais recente: Venda: 3680,59 ( 0 x 0,00 ) Id PrecoProduto: 6960258
(00:21:20) Mesmo preço
(00:21:21) Produto: Notebook Acer Aspire 3 A315-42G-R2LK AMD Ryzen 7 12GB 512GB SSD Radeon 540X 15,6  Windows 10 ( https://www.americanas.com.br/produto/1938460454?pfm_carac=Notebooks&pfm_index=21&pfm_page=category&pfm_pos=grid&pfm_type=vit_product_grid )  cont: 22
(00:21:21) Produto existe (id:1585004)
(00:21:21) Preço Produto: Venda: 4499,00 ( 0 x 0,00 ) Id PrecoProduto: 0
(00:21:21) Preçco mais recente: Venda: 4499,00 ( 0 x 0,00 ) Id PrecoProduto: 6960259
(00:21:21) Mesmo preço
(00:21:22) Produto: Notebook Dell Inspiron I15-3584-AS50P 8ª Intel Core I3 4GB 256GB SSD 15,6" W10 Preto ( https://www.americanas.com.br/produto/1809973106?pfm_carac=Notebooks&pfm_index=22&pfm_page=category&pfm_pos=grid&pfm_type=vit_product_grid )  cont: 23
(00:21:22) Produto existe (id:1644205)
(00:21:22) Preço Produto: Venda: 3299,99 ( 0 x 0,00 ) Id PrecoProduto: 0
(00:21:22) Preçco mais recente: Venda: 3299,99 ( 0 x 0,00 ) Id PrecoProduto: 6960260
(00:21:22) Mesmo preço
(00:21:22) Produto: Notebook Samsung Book X30 10ª Intel Core I5 8GB 1TB W10 15,6" Branco ( https://www.americanas.com.br/produto/1774660352?pfm_carac=Notebooks&pfm_index=23&pfm_page=category&pfm_pos=grid&pfm_type=vit_product_grid )  cont: 24
(00:21:23) Produto existe (id:1547194)
(00:21:23) Preço Produto: Venda: 3799,99 ( 0 x 0,00 ) Id PrecoProduto: 0
(00:21:23) Preçco mais recente: Venda: 3799,99 ( 0 x 0,00 ) Id PrecoProduto: 6960261
(00:21:23) Mesmo preço
(00:21:24) Produto: Notebook Samsung Book X40 10ª Intel Core i5 8GB (Geforce MX110 com 2GB) 1TB W10 15,6" Branco ( https://www.americanas.com.br/produto/1772551064?pfm_carac=Notebooks&pfm_page=category&pfm_pos=grid&pfm_type=vit_product_grid )  cont: 25
(00:21:25) Produto existe (id:1644206)
(00:21:25) Preço Produto: Venda: 3999,99 ( 0 x 0,00 ) Id PrecoProduto: 0
(00:21:25) Preçco mais recente: Venda: 3599,99 ( 0 x 0,00 ) Id PrecoProduto: 6960262
(00:21:25) Mudança de preço
(00:21:25) Mudança de preço (Ajuste:-11.111142)
(00:21:25) Produto: Notebook Samsung Book X50 10ª Intel Core i7 8GB (Geforce MX110 com 2GB) 1TB 15,6" Windows 10 - Prata ( https://www.americanas.com.br/produto/1772548981?pfm_carac=Notebooks&pfm_index=1&pfm_page=category&pfm_pos=grid&pfm_type=vit_product_grid )  cont: 26
(00:21:26) Produto existe (id:1593340)
(00:21:26) Preço Produto: Venda: 4499,99 ( 0 x 0,00 ) Id PrecoProduto: 0
(00:21:26) Preçco mais recente: Venda: 4499,99 ( 0 x 0,00 ) Id PrecoProduto: 6960263
(00:21:26) Mesmo preço
(00:21:26) Produto: Notebook Lenovo Ideapad S145 Intel Celeron 4GB 500GB 15,6" W10 Prata ( https://www.americanas.com.br/produto/471642069?pfm_carac=Notebooks&pfm_index=2&pfm_page=category&pfm_pos=grid&pfm_type=vit_product_grid )  cont: 27
(00:21:27) Produto existe (id:1644207)
(00:21:27) Preço Produto: Venda: 2399,00 ( 0 x 0,00 ) Id PrecoProduto: 0
(00:21:27) Preçco mais recente: Venda: 2621,00 ( 0 x 0,00 ) Id PrecoProduto: 6960264
(00:21:27) Mudança de preço
(00:21:27) Mudança de preço (Ajuste:8.47005)
(00:21:27) Produto: Notebook Acer Aspire A515-54G-53GP 10ª Intel Core I5 8GB (Geforce MX250 com 2GB) 256GB SSD 15,6   W10 ( https://www.americanas.com.br/produto/1683269796?pfm_carac=Notebooks&pfm_index=3&pfm_page=category&pfm_pos=grid&pfm_type=vit_product_grid )  cont: 28
(00:21:28) Produto existe (id:1644208)
(00:21:28) Preço Produto: Venda: 4199,99 ( 0 x 0,00 ) Id PrecoProduto: 0
(00:21:28) Preçco mais recente: Venda: 4199,99 ( 0 x 0,00 ) Id PrecoProduto: 6960265
(00:21:28) Mesmo preço
(00:21:28) Produto: Notebook Positivo 2 em 1 Duo C464C Intel Celeron 4GB 64GB W10 IPS Full HD 12" ( https://www.americanas.com.br/produto/1885941991?pfm_carac=Notebooks&pfm_index=4&pfm_page=category&pfm_pos=grid&pfm_type=vit_product_grid )  cont: 29
(00:21:28) Produto existe (id:1612219)
(00:21:28) Preço Produto: Venda: 1719,99 ( 0 x 0,00 ) Id PrecoProduto: 0
(00:21:28) Preçco mais recente: Venda: 1699,99 ( 0 x 0,00 ) Id PrecoProduto: 6906758
(00:21:28) Mudança de preço
(00:21:28) Mudança de preço (Ajuste:-1.1764776)
(00:21:28) Produto: Notebook Samsung Book E20 Intel Celeron 4GB 500GB W10 15,6" Branco ( https://www.americanas.com.br/produto/1772551021?pfm_carac=Notebooks&pfm_index=5&pfm_page=category&pfm_pos=grid&pfm_type=vit_product_grid )  cont: 30
(00:21:29) Produto existe (id:1644209)
(00:21:29) Preço Produto: Venda: 2499,99 ( 0 x 0,00 ) Id PrecoProduto: 0
(00:21:29) Preçco mais recente: Venda: 2898,00 ( 0 x 0,00 ) Id PrecoProduto: 6960266
(00:21:29) Mudança de preço
(00:21:29) Mudança de preço (Ajuste:13.733954)
(00:21:29) Produto: Notebook Vaio FE14 B0441H 8ª Intel Core I3 4GB 1TB FHD 14" Linux ( https://www.americanas.com.br/produto/1539221034?pfm_carac=Notebooks&pfm_index=6&pfm_page=category&pfm_pos=grid&pfm_type=vit_product_grid )  cont: 31
(00:21:30) Produto existe (id:1644210)
(00:21:30) Preço Produto: Venda: 3199,99 ( 0 x 0,00 ) Id PrecoProduto: 0
(00:21:30) Preçco mais recente: Venda: 3119,99 ( 0 x 0,00 ) Id PrecoProduto: 6960267
(00:21:30) Mudança de preço
(00:21:30) Mudança de preço (Ajuste:-2.5641108)
(00:21:30) Produto: Chromebook Samsung AD2BR Intel Celeron 4GB 16GB LED HD 11,6" Chrome OS Grafite ( https://www.americanas.com.br/produto/209927739?pfm_carac=Notebooks&pfm_index=7&pfm_page=category&pfm_pos=grid&pfm_type=vit_product_grid )  cont: 32
(00:21:31) Produto existe (id:1644211)
(00:21:31) Preço Produto: Venda: 2244,20 ( 0 x 0,00 ) Id PrecoProduto: 0
(00:21:31) Preçco mais recente: Venda: 2244,20 ( 0 x 0,00 ) Id PrecoProduto: 6960268
(00:21:31) Mesmo preço
(00:21:31) Produto: Notebook Dell Inspiron 3583-M05P Intel Pentium Gold 4GB 500GB 15.6" Windows 10 Preto ( https://www.americanas.com.br/produto/107955650?pfm_carac=Notebooks&pfm_index=8&pfm_page=category&pfm_pos=grid&pfm_type=vit_product_grid )  cont: 33
(00:21:31) Produto existe (id:1555040)
(00:21:32) Preço Produto: Venda: 2898,00 ( 0 x 0,00 ) Id PrecoProduto: 0
(00:21:32) Preçco mais recente: Venda: 2898,00 ( 0 x 0,00 ) Id PrecoProduto: 6960269
(00:21:32) Mesmo preço
(00:21:32) Produto: Notebook Gamer Acer Aspire Nitro AN515-43-R9K7 AMD R5 8GB (GeForce GTX1650 4GB) 1TB + 256GB SSD 15,6" Endless Os ( https://www.americanas.com.br/produto/1824323531?pfm_carac=Notebooks&pfm_index=9&pfm_page=category&pfm_pos=grid&pfm_type=vit_product_grid )  cont: 34
(00:21:32) Produto existe (id:1567359)
(00:21:32) Preço Produto: Venda: 5129,99 ( 0 x 0,00 ) Id PrecoProduto: 0
(00:21:32) Preçco mais recente: Venda: 5129,99 ( 0 x 0,00 ) Id PrecoProduto: 6832938
(00:21:32) Mesmo preço
(00:21:33) Produto: Notebook Ultrafino Dell Inspiron 5490-u10s 10ª Geração Intel Core I5 8gb 256gb Ssd Full Hd 14" Linux Prata ( https://www.americanas.com.br/produto/1391378413?pfm_carac=Notebooks&pfm_index=10&pfm_page=category&pfm_pos=grid&pfm_type=vit_product_grid )  cont: 35
(00:21:33) Produto existe (id:1644212)
(00:21:33) Preço Produto: Venda: 5449,00 ( 0 x 0,00 ) Id PrecoProduto: 0
(00:21:33) Preçco mais recente: Venda: 5449,00 ( 0 x 0,00 ) Id PrecoProduto: 6960270
(00:21:33) Mesmo preço
(00:21:33) Produto: Notebook Gamer Dell G5-5590-A80P 9ª Intel Core I7 16GB (Geforce RTX2060 com 6GB) 512GB SSD 15,6" W10 ( https://www.americanas.com.br/produto/1535883591?pfm_carac=Notebooks&pfm_index=11&pfm_page=category&pfm_pos=grid&pfm_type=vit_product_grid )  cont: 36
(00:21:34) Produto existe (id:1612224)
(00:21:34) Preço Produto: Venda: 10099,99 ( 0 x 0,00 ) Id PrecoProduto: 0
(00:21:34) Preçco mais recente: Venda: 9959,00 ( 0 x 0,00 ) Id PrecoProduto: 6906764
(00:21:34) Mudança de preço
(00:21:34) Mudança de preço (Ajuste:-1.4157068)
(00:21:34) Produto: Notebook Positivo Motion Intel Atom Q464B 4GB 64GB SSD 14" Windows 10 Cinza ( https://www.americanas.com.br/produto/1682950125?pfm_carac=Notebooks&pfm_index=12&pfm_page=category&pfm_pos=grid&pfm_type=vit_product_grid )  cont: 37
(00:21:35) Produto nao existe
(00:21:35) Codigo Produto:1647580
(00:21:35) Preço Produto: Venda: 1742,72 ( 0 x 0,00 ) Id PrecoProduto: 0
(00:21:35) Não existe preço
(00:21:35) Produto: Notebook Dell Inspiron 3583-FS1P 15.6" 8ª Geração Intel Core i5 8GB 256GB SSD Windows 10 Preto ( https://www.americanas.com.br/produto/2104418559?pfm_carac=Notebooks&pfm_index=13&pfm_page=category&pfm_pos=grid&pfm_type=vit_product_grid )  cont: 38
(00:21:36) Produto existe (id:1548197)
(00:21:36) Preço Produto: Venda: 4289,00 ( 0 x 0,00 ) Id PrecoProduto: 0
(00:21:36) Preçco mais recente: Venda: 4099,00 ( 0 x 0,00 ) Id PrecoProduto: 6900087
(00:21:36) Mudança de preço
(00:21:36) Mudança de preço (Ajuste:-4.635277)
(00:21:36) Produto: Notebook Lenovo Ultrafino Ideapad S145 8ª Intel Core I7 8GB (Geforce MX110 com 2GB) 1TB FHD 15,6" W10 Prata ( https://www.americanas.com.br/produto/134573381?pfm_carac=Notebooks&pfm_index=14&pfm_page=category&pfm_pos=grid&pfm_type=vit_product_grid )  cont: 39
(00:21:37) Produto nao existe
(00:21:37) Codigo Produto:1647581
(00:21:37) Preço Produto: Venda: 4274,99 ( 0 x 0,00 ) Id PrecoProduto: 0
(00:21:37) Não existe preço
(00:21:37) Produto: Notebook Samsung Flash F30 Intel Celeron 4GB 64GB SSD Tela Full HD 13.3" Windows 10 - Cinza ( https://www.americanas.com.br/produto/134187878?pfm_carac=Notebooks&pfm_index=15&pfm_page=category&pfm_pos=grid&pfm_type=vit_product_grid )  cont: 40
(00:21:37) Produto nao existe
(00:21:37) Codigo Produto:1647582
(00:21:37) Preço Produto: Venda: 2939,00 ( 0 x 0,00 ) Id PrecoProduto: 0
(00:21:37) Não existe preço
(00:21:37) Produto: Notebook Positivo Motion C4500DI 14.1   HD Celeron Dual Core 500GB 4GB Linux Cinza Escuro ( https://www.americanas.com.br/produto/1861735471?pfm_carac=Notebooks&pfm_index=16&pfm_page=category&pfm_pos=grid&pfm_type=vit_product_grid )  cont: 41
(00:21:38) Produto nao existe
(00:21:38) Codigo Produto:1647583
(00:21:38) Preço Produto: Venda: 2199,00 ( 0 x 0,00 ) Id PrecoProduto: 0
(00:21:38) Não existe preço
(00:21:38) Produto: Notebook Acer A315-42-R1B0 AMD Ryzen 5 12GB 1TB 15,6" W10 ( https://www.americanas.com.br/produto/1669977307?pfm_carac=Notebooks&pfm_index=17&pfm_page=category&pfm_pos=grid&pfm_type=vit_product_grid )  cont: 42
(00:21:39) Produto nao existe
(00:21:39) Codigo Produto:1647584
(00:21:39) Preço Produto: Venda: 3699,99 ( 0 x 0,00 ) Id PrecoProduto: 0
(00:21:39) Não existe preço
(00:21:39) Produto: Notebook Samsung Book X20 10ª Intel Core I5 4GB 1TB W10 15,6" FHD Prata ( https://www.americanas.com.br/produto/1772550483?pfm_carac=Notebooks&pfm_index=18&pfm_page=category&pfm_pos=grid&pfm_type=vit_product_grid )  cont: 43
(00:21:40) Produto nao existe
(00:21:40) Codigo Produto:1647585
(00:21:40) Preço Produto: Venda: 3599,99 ( 0 x 0,00 ) Id PrecoProduto: 0
(00:21:40) Não existe preço
(00:21:40) Produto: Notebook Samsung Flash F30 Intel Celeron 4GB 128GB SSD Tela Full HD LED 13.3" Windows 10 - Branco ( https://www.americanas.com.br/produto/134187894?pfm_carac=Notebooks&pfm_index=19&pfm_page=category&pfm_pos=grid&pfm_type=vit_product_grid )  cont: 44
(00:21:40) Produto nao existe
(00:21:40) Codigo Produto:1647586
(00:21:40) Preço Produto: Venda: 2685,56 ( 0 x 0,00 ) Id PrecoProduto: 0
(00:21:40) Não existe preço
(00:21:40) Produto: Notebook Gamer Samsung Odyssey 9ª Intel Core I5 8GB (Geforce GTX1650 4GB) 1TB W10 Full HD 15,6" Prata ( https://www.americanas.com.br/produto/1194254420?pfm_carac=Notebooks&pfm_index=20&pfm_page=category&pfm_pos=grid&pfm_type=vit_product_grid )  cont: 45
(00:21:41) Produto existe (id:1613632)
(00:21:41) Preço Produto: Venda: 6199,99 ( 0 x 0,00 ) Id PrecoProduto: 0
(00:21:41) Preçco mais recente: Venda: 6199,99 ( 0 x 0,00 ) Id PrecoProduto: 6908373
(00:21:41) Mesmo preço
(00:21:41) Produto: Notebook Dell Inspiron 3583-U05P Intel Pentium Gold 4GB 500GB 15.6" Linux Preto ( https://www.americanas.com.br/produto/107955654?pfm_carac=Notebooks&pfm_index=21&pfm_page=category&pfm_pos=grid&pfm_type=vit_product_grid )  cont: 46
(00:21:42) Produto existe (id:1555029)
(00:21:42) Preço Produto: Venda: 2748,00 ( 0 x 0,00 ) Id PrecoProduto: 0
(00:21:42) Preçco mais recente: Venda: 2748,00 ( 0 x 0,00 ) Id PrecoProduto: 6960279
(00:21:42) Mesmo preço
(00:21:42) Produto: Notebook Samsung Style S51 8ª Intel Core i3 4GB 256GB SSD Tela Full HD 13,3" Windows 10 - Prata ( https://www.americanas.com.br/produto/1236976958?pfm_carac=Notebooks&pfm_index=22&pfm_page=category&pfm_pos=grid&pfm_type=vit_product_grid )  cont: 47
(00:21:43) Produto existe (id:1557414)
(00:21:43) Preço Produto: Venda: 4799,99 ( 0 x 0,00 ) Id PrecoProduto: 0
(00:21:43) Preçco mais recente: Venda: 4799,99 ( 0 x 0,00 ) Id PrecoProduto: 6816334
(00:21:43) Mesmo preço
(00:21:43) Produto: Notebook 2 em 1 Dell Inspiron i14-5481-M11 8ª Geração Intel Core i3 4GB 128GB SSD 14" Touch Windows 10 McAfee ( https://www.americanas.com.br/produto/93608447?pfm_carac=Notebooks&pfm_index=23&pfm_page=category&pfm_pos=grid&pfm_type=vit_product_grid )  cont: 48
(00:21:44) Produto existe (id:1644218)
(00:21:44) Preço Produto: Venda: 3709,00 ( 0 x 0,00 ) Id PrecoProduto: 0
(00:21:44) Preçco mais recente: Venda: 3599,00 ( 0 x 0,00 ) Id PrecoProduto: 6960280
(00:21:44) Mudança de preço
(00:21:44) Mudança de preço (Ajuste:-3.0564046)
