(02:20:04) Loja:Americanas
(02:21:31) Categoria:Notebooks
(02:21:31) CategoriaLoja(detalhe):CategoriaLoja {IdCategoriaLoja:817;Nome:Notebooks;Url:https://www.americanas.com.br/categoria/informatica/notebooks?pagina-1;DataInclusao:20-03-2015;IdCategoriaLojaF:0;IdNaturezaProdutoRa:10;IdLojaVirtualPa:1;}
(02:21:33) URL: https://www.americanas.com.br/categoria/informatica/notebooks?pagina-1
(02:21:36) Loja:Magazine Luiza
(02:22:59) Categoria:Notebooks
(02:22:59) CategoriaLoja(detalhe):CategoriaLoja {IdCategoriaLoja:820;Nome:Notebooks;Url:http://www.magazineluiza.com.br/notebook/informatica/s/in/note/;DataInclusao:27-03-2015;IdCategoriaLojaF:0;IdNaturezaProdutoRa:10;IdLojaVirtualPa:2;}
(02:22:59) URL: http://www.magazineluiza.com.br/notebook/informatica/s/in/note/
(02:23:00) Loja:Extra
(02:24:25) Categoria:Notebooks
(02:24:25) CategoriaLoja(detalhe):CategoriaLoja {IdCategoriaLoja:818;Nome:Notebooks;Url:https://www.extra.com.br/Informatica/Notebook/?Filtro=C56_C57;DataInclusao:20-03-2015;IdCategoriaLojaF:0;IdNaturezaProdutoRa:10;IdLojaVirtualPa:3;}
(02:24:25) URL: https://www.extra.com.br/Informatica/Notebook/?Filtro=C56_C57
(02:24:26) Produto: Notebook Acer Core i3-1005G1 8GB 256GB SSD Tela 15.6” Windows 10 Aspire 3 A315-56-3090 ( https://www.extra.com.br/Informatica/Notebook/notebook-acer-core-i3-1005g1-8gb-256gb-ssd-tela-15-6-windows-10-aspire-3-a315-56-3090-55010097.html )  cont: 1
(02:24:26) Origem: https://www.extra.com.br/Informatica/Notebook/?Filtro=C56_C57
(02:24:28) Produto existe (id:1750009)
(02:24:28) Preço Produto: Venda: 3399,00 ( 10 x 339,90 ) Id PrecoProduto: 0
(02:24:28) Preçco mais recente: Venda: 3399,00 ( 10 x 339,90 ) Id PrecoProduto: 7183704
(02:24:28) Mesmo preço
(02:24:28) Produto: Notebook Samsung Book X30 Intel Core i5-10210U 10ª Geração 8GB 1TB 15.6   Windows 10 Home NP550XCJ-KF1BR - Prata ( https://www.extra.com.br/Informatica/Notebook/notebook-samsung-book-x30-intel-core-i5-10210u-10-geracao-8gb-1tb-15-6-windows-10-home-np550xcj-kf1br-prata-55008238.html )  cont: 2
(02:24:28) Origem: https://www.extra.com.br/Informatica/Notebook/?Filtro=C56_C57
(02:24:30) Produto existe (id:1750010)
(02:24:30) Preço Produto: Venda: 3699,00 ( 10 x 369,90 ) Id PrecoProduto: 0
(02:24:30) Preçco mais recente: Venda: 3699,00 ( 10 x 369,90 ) Id PrecoProduto: 7186123
(02:24:30) Mesmo preço
(02:24:30) Produto: Notebook Dell Pentium Gold 4GB 500GB Tela 15.6” Windows 10 Inspiron I15-3583-A05P ( https://www.extra.com.br/Informatica/Notebook/notebook-dell-pentium-gold-4gb-500gb-tela-15-6-windows-10-inspiron-i15-3583-a05p-50005139.html )  cont: 3
(02:24:30) Origem: https://www.extra.com.br/Informatica/Notebook/?Filtro=C56_C57
(02:24:32) Produto existe (id:1750011)
(02:24:32) Preço Produto: Venda: 2699,00 ( 10 x 269,90 ) Id PrecoProduto: 0
(02:24:32) Preçco mais recente: Venda: 2699,00 ( 10 x 269,90 ) Id PrecoProduto: 7127490
(02:24:32) Mesmo preço
(02:24:32) Produto: Notebook Positivo Dual Core 4GB 1TB Tela 14” Windows 10 Motion C41TD ( https://www.extra.com.br/Informatica/Notebook/notebook-positivo-dual-core-4gb-1tb-tela-14-windows-10-motion-c41td-55008805.html )  cont: 4
(02:24:32) Origem: https://www.extra.com.br/Informatica/Notebook/?Filtro=C56_C57
(02:24:34) Produto existe (id:1750012)
(02:24:34) Preço Produto: Venda: 2399,00 ( 10 x 239,90 ) Id PrecoProduto: 0
(02:24:34) Preçco mais recente: Venda: 2399,00 ( 10 x 239,90 ) Id PrecoProduto: 7127491
(02:24:34) Mesmo preço
(02:24:34) Produto: Notebook Positivo Quad Core 4GB 64GB SSD Tela 14” Windows 10 Motion Plus Q464B ( https://www.extra.com.br/Informatica/Notebook/notebook-positivo-quad-core-4gb-64gb-ssd-tela-14-windows-10-motion-plus-q464b-50004960.html )  cont: 5
(02:24:34) Origem: https://www.extra.com.br/Informatica/Notebook/?Filtro=C56_C57
(02:24:36) Produto existe (id:1750013)
(02:24:36) Preço Produto: Venda: 1599,00 ( 10 x 159,90 ) Id PrecoProduto: 0
(02:24:36) Preçco mais recente: Venda: 1599,00 ( 10 x 159,90 ) Id PrecoProduto: 7184224
(02:24:36) Mesmo preço
(02:24:36) Produto: Notebook Acer Core i5-10210U 8GB 512GB SSD Tela 15.6” Windows 10 Aspire 5 A515-54-59X2 ( https://www.extra.com.br/Informatica/Notebook/notebook-acer-core-i5-10210u-8gb-512gb-ssd-tela-15-6-windows-10-aspire-5-a515-54-59x2-55010096.html )  cont: 6
(02:24:36) Origem: https://www.extra.com.br/Informatica/Notebook/?Filtro=C56_C57
(02:24:38) Produto existe (id:1750014)
(02:24:38) Preço Produto: Venda: 3899,00 ( 10 x 389,90 ) Id PrecoProduto: 0
(02:24:38) Preçco mais recente: Venda: 3899,00 ( 10 x 389,90 ) Id PrecoProduto: 7185817
(02:24:38) Mesmo preço
(02:24:38) Produto: Notebook Positivo Quad Core 2GB 32GB SSD Tela 14” Windows 10 Motion Gray Q232 ( https://www.extra.com.br/Informatica/Notebook/notebook-positivo-quad-core-2gb-32gb-ssd-tela-14-windows-10-motion-gray-q232-50000828.html )  cont: 7
(02:24:38) Origem: https://www.extra.com.br/Informatica/Notebook/?Filtro=C56_C57
(02:24:40) Produto existe (id:1750015)
(02:24:40) Preço Produto: Venda: 1399,00 ( 10 x 139,90 ) Id PrecoProduto: 0
(02:24:40) Preçco mais recente: Venda: 1399,00 ( 10 x 139,90 ) Id PrecoProduto: 7184225
(02:24:40) Mesmo preço
(02:24:40) Produto: Notebook Lenovo AMD Ryzen 5-3500U 12GB 1TB Tela 15.6” Windows 10 Ideapad S145 ( https://www.extra.com.br/Informatica/Notebook/notebook-lenovo-amd-ryzen-5-3500u-12gb-1tb-tela-15-6-windows-10-ideapad-s145-55008960.html )  cont: 8
(02:24:40) Origem: https://www.extra.com.br/Informatica/Notebook/?Filtro=C56_C57
(02:24:42) Produto existe (id:1750016)
(02:24:42) Preço Produto: Venda: 3499,00 ( 10 x 349,90 ) Id PrecoProduto: 0
(02:24:42) Preçco mais recente: Venda: 3499,00 ( 10 x 349,90 ) Id PrecoProduto: 7186124
(02:24:42) Mesmo preço
(02:24:42) Produto: Notebook Acer Core i5-10210U 8GB 256GB SSD Placa de Vídeo 2GB Tela 15.6” Windows 10 Aspire 5 A515-54G-53GP ( https://www.extra.com.br/Informatica/Notebook/notebook-acer-core-i5-10210u-8gb-256gb-ssd-placa-de-video-2gb-tela-15-6-windows-10-aspire-5-a515-54g-53gp-55010093.html )  cont: 9
(02:24:42) Origem: https://www.extra.com.br/Informatica/Notebook/?Filtro=C56_C57
(02:24:44) Produto existe (id:1750017)
(02:24:44) Preço Produto: Venda: 3899,00 ( 10 x 389,90 ) Id PrecoProduto: 0
(02:24:44) Preçco mais recente: Venda: 3899,00 ( 10 x 389,90 ) Id PrecoProduto: 7186125
(02:24:44) Mesmo preço
(02:24:44) Produto: Notebook Lenovo AMD Ryzen 5-3500U 8GB 1TB Tela 15.6” Windows 10 Ideapad S145 81V70004BR ( https://www.extra.com.br/Informatica/Notebook/notebook-lenovo-amd-ryzen-5-3500u-8gb-1tb-tela-15-6-windows-10-ideapad-s145-81v70004br-55003873.html )  cont: 10
(02:24:44) Origem: https://www.extra.com.br/Informatica/Notebook/?Filtro=C56_C57
(02:24:46) Produto existe (id:1791742)
(02:24:46) Preço Produto: Venda: 3099,00 ( 10 x 309,90 ) Id PrecoProduto: 0
(02:24:46) Preçco mais recente: Venda: 3099,00 ( 10 x 309,90 ) Id PrecoProduto: 7183705
(02:24:46) Mesmo preço
(02:24:46) Produto: Notebook Positivo Dual Core 4GB 500GB Tela 14” Windows 10 Motion C4500D ( https://www.extra.com.br/Informatica/Notebook/notebook-positivo-dual-core-4gb-500gb-tela-14-windows-10-motion-c4500d-55009824.html )  cont: 11
(02:24:46) Origem: https://www.extra.com.br/Informatica/Notebook/?Filtro=C56_C57
(02:24:48) Produto existe (id:1750019)
(02:24:48) Preço Produto: Venda: 2399,00 ( 10 x 239,90 ) Id PrecoProduto: 0
(02:24:48) Preçco mais recente: Venda: 2399,00 ( 10 x 239,90 ) Id PrecoProduto: 7127498
(02:24:48) Mesmo preço
(02:24:48) Produto: Notebook Acer Core i3-1005G1 8GB 512GB SSD Tela 15.6” Windows 10 Aspire 3 A315-56-35ET ( https://www.extra.com.br/Informatica/Notebook/notebook-acer-core-i3-1005g1-8gb-512gb-ssd-tela-15-6-windows-10-aspire-3-a315-56-35et-55010095.html )  cont: 12
(02:24:48) Origem: https://www.extra.com.br/Informatica/Notebook/?Filtro=C56_C57
(02:24:50) Produto existe (id:1750020)
(02:24:50) Preço Produto: Venda: 3299,00 ( 10 x 329,90 ) Id PrecoProduto: 0
(02:24:50) Preçco mais recente: Venda: 3299,00 ( 10 x 329,90 ) Id PrecoProduto: 7185819
(02:24:50) Mesmo preço
(02:24:50) Produto: Notebook Samsung Book X50 Intel Core i7-10510U 10ª Geração 8GB, 1TB, Placa de Vídeo 2GB, 15.6   Windows 10 Home NP550XCJ-XS1BR - Prata ( https://www.extra.com.br/Informatica/Notebook/notebook-samsung-book-x50-intel-core-i7-10510u-10-geracao-8gb-1tb-placa-de-video-2gb-15-6-windows-10-home-np550xcj-xs1br-prata-55008242.html )  cont: 13
(02:24:50) Origem: https://www.extra.com.br/Informatica/Notebook/?Filtro=C56_C57
(02:24:52) Produto existe (id:1750021)
(02:24:52) Preço Produto: Venda: 4999,00 ( 10 x 499,90 ) Id PrecoProduto: 0
(02:24:52) Preçco mais recente: Venda: 4999,00 ( 10 x 499,90 ) Id PrecoProduto: 7127500
(02:24:52) Mesmo preço
(02:24:52) Produto: Notebook Samsung Dual Core 4GB 500GB Tela 15.6" Windows 10 Book E20 NP550XCJ-KO1BR ( https://www.extra.com.br/Informatica/Notebook/notebook-samsung-dual-core-4gb-500gb-tela-15-6-windows-10-book-e20-np550xcj-ko1br-55008233.html )  cont: 14
(02:24:52) Origem: https://www.extra.com.br/Informatica/Notebook/?Filtro=C56_C57
(02:24:54) Produto existe (id:1750022)
(02:24:54) Preço Produto: Venda: 2349,00 ( 10 x 234,90 ) Id PrecoProduto: 0
(02:24:54) Preçco mais recente: Venda: 2349,00 ( 10 x 234,90 ) Id PrecoProduto: 7127501
(02:24:54) Mesmo preço
(02:24:54) Produto: Notebook Gamer Acer NVIDIA GeForce GTX 1650 AMD Ryzen 7-3750H 8GB 1TB 128GB SSD Tela Full HD 15.6” Endless OS Aspire Nitro 5 AN515-43-R4C3 ( https://www.extra.com.br/Informatica/Notebook/notebook-gamer-acer-nvidia-geforce-gtx-1650-amd-ryzen-7-3750h-8gb-1tb-128gb-ssd-tela-full-hd-15-6-endless-os-aspire-nitro-5-an515-43-r4c3-55010090.html )  cont: 15
(02:24:54) Origem: https://www.extra.com.br/Informatica/Notebook/?Filtro=C56_C57
(02:24:56) Produto existe (id:1750023)
(02:24:56) Preço Produto: Venda: 5399,00 ( 10 x 539,90 ) Id PrecoProduto: 0
(02:24:56) Preçco mais recente: Venda: 5399,00 ( 10 x 539,90 ) Id PrecoProduto: 7172314
(02:24:56) Mesmo preço
(02:24:56) Produto: Notebook Samsung Book E30 Intel Core i3-10110U 10ª Geração 4GB 1TB 15.6   Windows 10 Home NP550XCJ-KT1BR - Prata ( https://www.extra.com.br/Informatica/Notebook/notebook-samsung-book-e30-intel-core-i3-10110u-10-geracao-4gb-1tb-15-6-windows-10-home-np550xcj-kt1br-prata-55008235.html )  cont: 16
(02:24:56) Origem: https://www.extra.com.br/Informatica/Notebook/?Filtro=C56_C57
(02:24:58) Produto existe (id:1750024)
(02:24:58) Preço Produto: Venda: 2899,00 ( 10 x 289,90 ) Id PrecoProduto: 0
(02:24:58) Preçco mais recente: Venda: 2899,00 ( 10 x 289,90 ) Id PrecoProduto: 7186126
(02:24:58) Mesmo preço
(02:24:58) Produto: Notebook Lenovo Core i5-1035G1 8GB 1TB Tela 15.6” Windows 10 Ideapad S145 ( https://www.extra.com.br/Informatica/Notebook/notebook-lenovo-core-i5-1035g1-8gb-1tb-tela-15-6-windows-10-ideapad-s145-55007372.html )  cont: 17
(02:24:58) Origem: https://www.extra.com.br/Informatica/Notebook/?Filtro=C56_C57
(02:25:00) Produto existe (id:1750025)
(02:25:00) Preço Produto: Venda: 3599,00 ( 10 x 359,90 ) Id PrecoProduto: 0
(02:25:00) Preçco mais recente: Venda: 3599,00 ( 10 x 359,90 ) Id PrecoProduto: 7172315
(02:25:00) Mesmo preço
(02:25:00) Produto: Notebook Lenovo Core i5-8265U 8GB 256GB SSD Placa de Vídeo 2GB Tela 15.6” Windows 10 Ideapad S145 ( https://www.extra.com.br/Informatica/Notebook/notebook-lenovo-core-i5-8265u-8gb-256gb-ssd-placa-de-video-2gb-tela-15-6-windows-10-ideapad-s145-55010085.html )  cont: 18
(02:25:00) Origem: https://www.extra.com.br/Informatica/Notebook/?Filtro=C56_C57
(02:25:02) Produto existe (id:1750028)
(02:25:02) Preço Produto: Venda: 3699,00 ( 10 x 369,90 ) Id PrecoProduto: 0
(02:25:02) Preçco mais recente: Venda: 3699,00 ( 10 x 369,90 ) Id PrecoProduto: 7185820
(02:25:02) Mesmo preço
(02:25:02) Produto: Notebook Acer Aspire 5 A514-53G-571X Intel Core I5 8GB 512GB SSD MX 350 14` Windows 10 ( https://www.extra.com.br/Informatica/Notebook/notebook-acer-aspire-5-a514-53g-571x-intel-core-i5-8gb-512gb-ssd-mx-350-14-windows-10-1506840412.html )  cont: 19
(02:25:02) Origem: https://www.extra.com.br/Informatica/Notebook/?Filtro=C56_C57
(02:25:04) Produto existe (id:1750029)
(02:25:04) Preço Produto: Venda: 4399,00 ( 10 x 439,90 ) Id PrecoProduto: 0
(02:25:04) Preçco mais recente: Venda: 4399,00 ( 10 x 439,90 ) Id PrecoProduto: 7186127
(02:25:04) Mesmo preço
(02:25:04) Produto: Notebook VAIO Core i3-8130U 4GB 1TB Tela 15.6” Windows 10 FE15 VJFE51F11X-B0111H ( https://www.extra.com.br/Informatica/Notebook/notebook-vaio-core-i3-8130u-4gb-1tb-tela-15-6-windows-10-fe15-vjfe51f11x-b0111h-55004116.html )  cont: 20
(02:25:04) Origem: https://www.extra.com.br/Informatica/Notebook/?Filtro=C56_C57
(02:25:06) Produto existe (id:1781506)
(02:25:06) Preço Produto: Venda: 3199,00 ( 10 x 319,90 ) Id PrecoProduto: 0
(02:25:06) Preçco mais recente: Venda: 3199,00 ( 10 x 319,90 ) Id PrecoProduto: 7182050
(02:25:06) Mesmo preço
(02:25:06) Produto: Notebook Lenovo Core i7-8565U 8GB 1TB Placa de Vídeo 2GB Tela Full HD 15.6” Windows 10 Ideapad S145 ( https://www.extra.com.br/Informatica/Notebook/notebook-lenovo-core-i7-8565u-8gb-1tb-placa-de-video-2gb-tela-full-hd-15-6-windows-10-ideapad-s145-55004395.html )  cont: 21
(02:25:06) Origem: https://www.extra.com.br/Informatica/Notebook/?Filtro=C56_C57
(02:25:08) Produto existe (id:1781507)
(02:25:08) Preço Produto: Venda: 4099,00 ( 10 x 409,90 ) Id PrecoProduto: 0
(02:25:08) Preçco mais recente: Venda: 4099,00 ( 10 x 409,90 ) Id PrecoProduto: 7186128
(02:25:08) Mesmo preço
(02:25:08) Loja:Walmart
(02:26:31) Categoria:Notebooks
(02:26:31) CategoriaLoja(detalhe):CategoriaLoja {IdCategoriaLoja:821;Nome:Notebooks;Url:https://www.walmart.com.br/categoria/informatica/notebooks-e-ultrabooks/?fq=C:4699/4701/;DataInclusao:27-03-2015;IdCategoriaLojaF:0;IdNaturezaProdutoRa:10;IdLojaVirtualPa:4;}
(02:26:31) URL: https://www.walmart.com.br/categoria/informatica/notebooks-e-ultrabooks/?fq=C:4699/4701/
(02:26:32) Loja:Submarino
(02:27:55) Categoria:Notebooks
(02:27:55) CategoriaLoja(detalhe):CategoriaLoja {IdCategoriaLoja:819;Nome:Notebooks;Url:http://www.submarino.com.br/linha/271288/informatica/notebook;DataInclusao:20-03-2015;IdCategoriaLojaF:0;IdNaturezaProdutoRa:10;IdLojaVirtualPa:5;}
(02:27:55) URL: http://www.submarino.com.br/linha/271288/informatica/notebook
(02:28:55) Loja:Ricardo Eletro
(02:30:18) Categoria:Notebooks
(02:30:18) CategoriaLoja(detalhe):CategoriaLoja {IdCategoriaLoja:822;Nome:Notebooks;Url:http://www.ricardoeletro.com.br/Loja/Informatica/Notebooks-Ultrabooks/49-82;DataInclusao:27-03-2015;IdCategoriaLojaF:0;IdNaturezaProdutoRa:10;IdLojaVirtualPa:6;}
(02:30:18) URL: http://www.ricardoeletro.com.br/Loja/Informatica/Notebooks-Ultrabooks/49-82
(02:30:30) Loja:Ponto Frio
(02:31:54) Categoria:Notebooks
(02:31:54) CategoriaLoja(detalhe):CategoriaLoja {IdCategoriaLoja:823;Nome:Notebooks;Url:http://www.pontofrio.com.br/Informatica/Notebook/?Filtro=C56_C57;DataInclusao:27-03-2015;IdCategoriaLojaF:0;IdNaturezaProdutoRa:10;IdLojaVirtualPa:7;}
(02:31:54) URL: http://www.pontofrio.com.br/Informatica/Notebook/?Filtro=C56_C57
(02:31:54) Produto: Notebook Positivo Quad Core 4GB 64GB SSD Tela 14” Windows 10 Motion Plus Q464B ( https://www.pontofrio.com.br/Informatica/Notebook/notebook-positivo-quad-core-4gb-64gb-ssd-tela-14-windows-10-motion-plus-q464b-50004960.html )  cont: 1
(02:31:54) Origem: http://www.pontofrio.com.br/Informatica/Notebook/?Filtro=C56_C57
(02:31:56) Produto existe (id:1555501)
(02:31:56) Preço Produto: Venda: 1599,00 ( 10 x 159,90 ) Id PrecoProduto: 0
(02:31:56) Preçco mais recente: Venda: 1599,00 ( 10 x 159,90 ) Id PrecoProduto: 7184226
(02:31:56) Mesmo preço
(02:31:56) Produto: Notebook Samsung Book X30 Intel Core i5-10210U 10ª Geração 8GB 1TB 15.6   Windows 10 Home NP550XCJ-KF1BR - Prata ( https://www.pontofrio.com.br/Informatica/Notebook/notebook-samsung-book-x30-intel-core-i5-10210u-10-geracao-8gb-1tb-15-6-windows-10-home-np550xcj-kf1br-prata-55008238.html )  cont: 2
(02:31:56) Origem: http://www.pontofrio.com.br/Informatica/Notebook/?Filtro=C56_C57
(02:31:58) Produto existe (id:1555502)
(02:31:58) Preço Produto: Venda: 3699,00 ( 10 x 369,90 ) Id PrecoProduto: 0
(02:31:58) Preçco mais recente: Venda: 3699,00 ( 10 x 369,90 ) Id PrecoProduto: 7127510
(02:31:58) Mesmo preço
(02:31:58) Produto: Notebook Lenovo AMD Ryzen 5-3500U 8GB 1TB Tela 15.6” Windows 10 Ideapad S145 81V70004BR ( https://www.pontofrio.com.br/Informatica/Notebook/notebook-lenovo-amd-ryzen-5-3500u-8gb-1tb-tela-15-6-windows-10-ideapad-s145-81v70004br-55003873.html )  cont: 3
(02:31:58) Origem: http://www.pontofrio.com.br/Informatica/Notebook/?Filtro=C56_C57
(02:32:00) Produto existe (id:1791520)
(02:32:00) Preço Produto: Venda: 2999,00 ( 10 x 299,90 ) Id PrecoProduto: 0
(02:32:00) Preçco mais recente: Venda: 2999,00 ( 10 x 299,90 ) Id PrecoProduto: 7183014
(02:32:00) Mesmo preço
(02:32:00) Produto: Notebook Lenovo AMD Ryzen 5-3500U 12GB 1TB Tela 15.6” Windows 10 Ideapad S145 ( https://www.pontofrio.com.br/Informatica/Notebook/notebook-lenovo-amd-ryzen-5-3500u-12gb-1tb-tela-15-6-windows-10-ideapad-s145-55008960.html )  cont: 4
(02:32:00) Origem: http://www.pontofrio.com.br/Informatica/Notebook/?Filtro=C56_C57
(02:32:02) Produto existe (id:1555504)
(02:32:02) Preço Produto: Venda: 3499,00 ( 10 x 349,90 ) Id PrecoProduto: 0
(02:32:02) Preçco mais recente: Venda: 3499,00 ( 10 x 349,90 ) Id PrecoProduto: 7186129
(02:32:02) Mesmo preço
(02:32:02) Produto: Notebook Acer Core i5-10210U 8GB 256GB SSD Placa de Vídeo 2GB Tela 15.6” Windows 10 Aspire 5 A515-54G-53GP ( https://www.pontofrio.com.br/Informatica/Notebook/notebook-acer-core-i5-10210u-8gb-256gb-ssd-placa-de-video-2gb-tela-15-6-windows-10-aspire-5-a515-54g-53gp-55010093.html )  cont: 5
(02:32:02) Origem: http://www.pontofrio.com.br/Informatica/Notebook/?Filtro=C56_C57
(02:32:04) Produto existe (id:1750031)
(02:32:04) Preço Produto: Venda: 3949,00 ( 10 x 394,90 ) Id PrecoProduto: 0
(02:32:04) Preçco mais recente: Venda: 3949,00 ( 10 x 394,90 ) Id PrecoProduto: 7186130
(02:32:04) Mesmo preço
(02:32:04) Produto: Notebook Samsung Book X30 Intel Core i5-10210U 10ª Geração 8GB 1TB 15.6   Windows 10 Home NP550XCJ-KF2BR - Branco ( https://www.pontofrio.com.br/Informatica/Notebook/notebook-samsung-book-x30-intel-core-i5-10210u-10-geracao-8gb-1tb-15-6-windows-10-home-np550xcj-kf2br-branco-55008239.html )  cont: 6
(02:32:04) Origem: http://www.pontofrio.com.br/Informatica/Notebook/?Filtro=C56_C57
(02:32:06) Produto existe (id:1750032)
(02:32:06) Preço Produto: Venda: 3649,00 ( 10 x 364,90 ) Id PrecoProduto: 0
(02:32:06) Preçco mais recente: Venda: 3649,00 ( 10 x 364,90 ) Id PrecoProduto: 7127514
(02:32:06) Mesmo preço
(02:32:06) Produto: Notebook Samsung Book E30 Intel Core i3-10110U 10ª Geração 4GB 1TB 15.6   Windows 10 Home NP550XCJ-KT1BR - Prata ( https://www.pontofrio.com.br/Informatica/Notebook/notebook-samsung-book-e30-intel-core-i3-10110u-10-geracao-4gb-1tb-15-6-windows-10-home-np550xcj-kt1br-prata-55008235.html )  cont: 7
(02:32:06) Origem: http://www.pontofrio.com.br/Informatica/Notebook/?Filtro=C56_C57
(02:32:08) Produto existe (id:1555509)
(02:32:08) Preço Produto: Venda: 2949,00 ( 10 x 294,90 ) Id PrecoProduto: 0
(02:32:08) Preçco mais recente: Venda: 2949,00 ( 10 x 294,90 ) Id PrecoProduto: 7186131
(02:32:08) Mesmo preço
(02:32:08) Produto: Notebook Acer Core i5-10210U 8GB 512GB SSD Tela 15.6” Windows 10 Aspire 5 A515-54-59X2 ( https://www.pontofrio.com.br/Informatica/Notebook/notebook-acer-core-i5-10210u-8gb-512gb-ssd-tela-15-6-windows-10-aspire-5-a515-54-59x2-55010096.html )  cont: 8
(02:32:08) Origem: http://www.pontofrio.com.br/Informatica/Notebook/?Filtro=C56_C57
(02:32:10) Produto existe (id:1750035)
(02:32:10) Preço Produto: Venda: 3949,00 ( 10 x 394,90 ) Id PrecoProduto: 0
(02:32:10) Preçco mais recente: Venda: 3949,00 ( 10 x 394,90 ) Id PrecoProduto: 7185823
(02:32:10) Mesmo preço
(02:32:10) Produto: Notebook Lenovo Core i5-1035G1 8GB 1TB Tela 15.6” Windows 10 Ideapad S145 ( https://www.pontofrio.com.br/Informatica/Notebook/notebook-lenovo-core-i5-1035g1-8gb-1tb-tela-15-6-windows-10-ideapad-s145-55007372.html )  cont: 9
(02:32:10) Origem: http://www.pontofrio.com.br/Informatica/Notebook/?Filtro=C56_C57
(02:32:12) Produto existe (id:1555507)
(02:32:12) Preço Produto: Venda: 3699,00 ( 10 x 369,90 ) Id PrecoProduto: 0
(02:32:12) Preçco mais recente: Venda: 3699,00 ( 12 x 308,25 ) Id PrecoProduto: 6814358
(02:32:12) Mesmo preço
(02:32:12) Produto: MacBook Air 13" Apple Intel Core i5 8GB RAM 128GB SSD Prateado ( https://www.pontofrio.com.br/Informatica/Notebook/macbook-air-13-apple-intel-core-i5-8gb-ram-128gb-ssd-prateado-11639797.html )  cont: 10
(02:32:12) Origem: http://www.pontofrio.com.br/Informatica/Notebook/?Filtro=C56_C57
(02:32:14) Produto existe (id:1750036)
(02:32:14) Preço Produto: Venda: 5599,00 ( 10 x 559,90 ) Id PrecoProduto: 0
(02:32:14) Preçco mais recente: Venda: 5599,00 ( 10 x 559,90 ) Id PrecoProduto: 7186132
(02:32:14) Mesmo preço
(02:32:14) Produto: Notebook Gamer Acer NVIDIA GeForce GTX 1650 AMD Ryzen 7-3750H 8GB 1TB 128GB SSD Tela Full HD 15.6” Endless OS Aspire Nitro 5 AN515-43-R4C3 ( https://www.pontofrio.com.br/Informatica/Notebook/notebook-gamer-acer-nvidia-geforce-gtx-1650-amd-ryzen-7-3750h-8gb-1tb-128gb-ssd-tela-full-hd-15-6-endless-os-aspire-nitro-5-an515-43-r4c3-55010090.html )  cont: 11
(02:32:14) Origem: http://www.pontofrio.com.br/Informatica/Notebook/?Filtro=C56_C57
(02:32:16) Produto existe (id:1555518)
(02:32:16) Preço Produto: Venda: 5299,00 ( 10 x 529,90 ) Id PrecoProduto: 0
(02:32:16) Preçco mais recente: Venda: 5299,00 ( 10 x 529,90 ) Id PrecoProduto: 7172326
(02:32:16) Mesmo preço
(02:32:16) Produto: Notebook Acer Core i3-1005G1 8GB 512GB SSD Tela 15.6” Windows 10 Aspire 3 A315-56-35ET ( https://www.pontofrio.com.br/Informatica/Notebook/notebook-acer-core-i3-1005g1-8gb-512gb-ssd-tela-15-6-windows-10-aspire-3-a315-56-35et-55010095.html )  cont: 12
(02:32:16) Origem: http://www.pontofrio.com.br/Informatica/Notebook/?Filtro=C56_C57
(02:32:18) Produto existe (id:1555505)
(02:32:18) Preço Produto: Venda: 3349,00 ( 10 x 334,90 ) Id PrecoProduto: 0
(02:32:18) Preçco mais recente: Venda: 3349,00 ( 10 x 334,90 ) Id PrecoProduto: 7185824
(02:32:18) Mesmo preço
(02:32:18) Produto: Notebook Samsung Dual Core 4GB 64GB SSD Tela Full HD 13.3” Windows 10 Flash F30 NP530XBB-AD1BR ( https://www.pontofrio.com.br/Informatica/Notebook/notebook-samsung-dual-core-4gb-64gb-ssd-tela-full-hd-13-3-windows-10-flash-f30-np530xbb-ad1br-14536935.html )  cont: 13
(02:32:18) Origem: http://www.pontofrio.com.br/Informatica/Notebook/?Filtro=C56_C57
(02:32:20) Produto existe (id:1750037)
(02:32:20) Preço Produto: Venda: 2599,00 ( 10 x 259,90 ) Id PrecoProduto: 0
(02:32:20) Preçco mais recente: Venda: 2599,00 ( 10 x 259,90 ) Id PrecoProduto: 7172328
(02:32:20) Mesmo preço
(02:32:20) Produto: Notebook Lenovo Core i5-1035G1 20GB (4GB RAM + 16GB Optane) 1TB Tela 15.6” Windows 10 Ideapad S145 ( https://www.pontofrio.com.br/Informatica/Notebook/notebook-lenovo-core-i5-1035g1-20gb-4gb-ram-16gb-optane-1tb-tela-15-6-windows-10-ideapad-s145-55010086.html )  cont: 14
(02:32:20) Origem: http://www.pontofrio.com.br/Informatica/Notebook/?Filtro=C56_C57
(02:32:22) Produto existe (id:1750038)
(02:32:22) Preço Produto: Venda: 3199,00 ( 10 x 319,90 ) Id PrecoProduto: 0
(02:32:22) Preçco mais recente: Venda: 3199,00 ( 10 x 319,90 ) Id PrecoProduto: 7183016
(02:32:22) Mesmo preço
(02:32:22) Produto: Notebook Samsung Dual Core 4GB 500GB Tela 15.6" Windows 10 Book E20 NP550XCJ-KO1BR ( https://www.pontofrio.com.br/Informatica/Notebook/notebook-samsung-dual-core-4gb-500gb-tela-15-6-windows-10-book-e20-np550xcj-ko1br-55008233.html )  cont: 15
(02:32:22) Origem: http://www.pontofrio.com.br/Informatica/Notebook/?Filtro=C56_C57
(02:32:24) Produto existe (id:1555503)
(02:32:24) Preço Produto: Venda: 2699,00 ( 10 x 269,90 ) Id PrecoProduto: 0
(02:32:24) Preçco mais recente: Venda: 2699,00 ( 10 x 269,90 ) Id PrecoProduto: 7127524
(02:32:24) Mesmo preço
(02:32:24) Produto: Notebook Lenovo Core i5-8265U 8GB 256GB SSD Placa de Vídeo 2GB Tela 15.6” Windows 10 Ideapad S145 ( https://www.pontofrio.com.br/Informatica/Notebook/notebook-lenovo-core-i5-8265u-8gb-256gb-ssd-placa-de-video-2gb-tela-15-6-windows-10-ideapad-s145-55010085.html )  cont: 16
(02:32:24) Origem: http://www.pontofrio.com.br/Informatica/Notebook/?Filtro=C56_C57
(02:32:26) Produto existe (id:1750039)
(02:32:26) Preço Produto: Venda: 3699,00 ( 10 x 369,90 ) Id PrecoProduto: 0
(02:32:26) Preçco mais recente: Venda: 3699,00 ( 10 x 369,90 ) Id PrecoProduto: 7185825
(02:32:26) Mesmo preço
(02:32:26) Produto: Notebook Positivo Dual Core 4GB 500GB Tela 14” Windows 10 Motion C4500D ( https://www.pontofrio.com.br/Informatica/Notebook/notebook-positivo-dual-core-4gb-500gb-tela-14-windows-10-motion-c4500d-55009824.html )  cont: 17
(02:32:26) Origem: http://www.pontofrio.com.br/Informatica/Notebook/?Filtro=C56_C57
(02:32:28) Produto existe (id:1555506)
(02:32:28) Preço Produto: Venda: 2399,00 ( 10 x 239,90 ) Id PrecoProduto: 0
(02:32:28) Preçco mais recente: Venda: 2399,00 ( 10 x 239,90 ) Id PrecoProduto: 7127526
(02:32:28) Mesmo preço
(02:32:28) Produto: Notebook Dell Core i5-8265U 8GB 1TB Tela 15.6” Windows 10 Inspiron I15-3583-A3XP ( https://www.pontofrio.com.br/Informatica/Notebook/notebook-dell-core-i5-8265u-8gb-1tb-tela-15-6-windows-10-inspiron-i15-3583-a3xp-50005141.html )  cont: 18
(02:32:28) Origem: http://www.pontofrio.com.br/Informatica/Notebook/?Filtro=C56_C57
(02:32:30) Produto existe (id:1555516)
(02:32:30) Preço Produto: Venda: 3899,00 ( 10 x 389,90 ) Id PrecoProduto: 0
(02:32:30) Preçco mais recente: Venda: 3899,00 ( 10 x 389,90 ) Id PrecoProduto: 7172329
(02:32:30) Mesmo preço
(02:32:30) Produto: Notebook Acer Core i3-1005G1 8GB 256GB SSD Tela 15.6” Windows 10 Aspire 3 A315-56-3090 ( https://www.pontofrio.com.br/Informatica/Notebook/notebook-acer-core-i3-1005g1-8gb-256gb-ssd-tela-15-6-windows-10-aspire-3-a315-56-3090-55010097.html )  cont: 19
(02:32:30) Origem: http://www.pontofrio.com.br/Informatica/Notebook/?Filtro=C56_C57
(02:32:32) Produto existe (id:1781511)
(02:32:32) Preço Produto: Venda: 3299,00 ( 10 x 329,90 ) Id PrecoProduto: 0
(02:32:32) Preçco mais recente: Venda: 3299,00 ( 10 x 329,90 ) Id PrecoProduto: 7183707
(02:32:32) Mesmo preço
(02:32:32) Produto: Notebook Lenovo Core i7-8565U 8GB 1TB Placa de Vídeo 2GB Tela Full HD 15.6” Windows 10 Ideapad S145 ( https://www.pontofrio.com.br/Informatica/Notebook/notebook-lenovo-core-i7-8565u-8gb-1tb-placa-de-video-2gb-tela-full-hd-15-6-windows-10-ideapad-s145-55004395.html )  cont: 20
(02:32:32) Origem: http://www.pontofrio.com.br/Informatica/Notebook/?Filtro=C56_C57
(02:32:34) Produto existe (id:1781512)
(02:32:34) Preço Produto: Venda: 4049,00 ( 10 x 404,90 ) Id PrecoProduto: 0
(02:32:34) Preçco mais recente: Venda: 4049,00 ( 10 x 404,90 ) Id PrecoProduto: 7186133
(02:32:34) Mesmo preço
(02:32:34) Produto: Notebook Gamer Acer NVIDIA GeForce GTX 1650 Core i5-9300H 8GB 1TB 128GB SSD Tela Full HD 15.6" Windows 10 Aspire Nitro 5 AN515-54-528V ( https://www.pontofrio.com.br/Informatica/Notebook/notebook-gamer-acer-nvidia-geforce-gtx-1650-core-i5-9300h-8gb-1tb-128gb-ssd-tela-full-hd-15-6-windows-10-aspire-nitro-5-an515-54-528v-55007925.html )  cont: 21
(02:32:34) Origem: http://www.pontofrio.com.br/Informatica/Notebook/?Filtro=C56_C57
(02:32:36) Produto existe (id:1781513)
(02:32:36) Preço Produto: Venda: 5699,00 ( 10 x 569,90 ) Id PrecoProduto: 0
(02:32:36) Preçco mais recente: Venda: 5699,00 ( 10 x 569,90 ) Id PrecoProduto: 7172332
(02:32:36) Mesmo preço
(02:32:36) Loja:Casas Bahia
(02:34:00) Categoria:Notebooks
(02:34:00) CategoriaLoja(detalhe):CategoriaLoja {IdCategoriaLoja:824;Nome:Notebooks;Url:https://www.casasbahia.com.br/Informatica/Notebook/?Filtro=C56_C57;DataInclusao:27-03-2015;IdCategoriaLojaF:0;IdNaturezaProdutoRa:10;IdLojaVirtualPa:8;}
(02:34:00) URL: https://www.casasbahia.com.br/Informatica/Notebook/?Filtro=C56_C57
