(00:20:03) Loja:Americanas
(00:21:12) Categoria:Notebooks
(00:21:12) CategoriaLoja(detalhe):CategoriaLoja {IdCategoriaLoja:817;Nome:Notebooks;Url:https://www.americanas.com.br/categoria/informatica/notebooks?pagina-1;DataInclusao:20-03-2015;IdCategoriaLojaF:0;IdNaturezaProdutoRa:10;IdLojaVirtualPa:1;}
(00:21:13) URL: https://www.americanas.com.br/categoria/informatica/notebooks?pagina-1
(00:21:15) Produto: Notebook Lenovo Ideapad S145 AMD Ryzen 5 12GB 1TB W10 15,6" Prata ( https://www.americanas.com.br/produto/1608469552?pfm_carac=Notebooks&pfm_page=category&pfm_pos=grid&pfm_type=vit_product_grid )  cont: 1
(00:21:16) Produto existe (id:1612184)
(00:21:16) Preço Produto: Venda: 3199,99 ( 0 x 0,00 ) Id PrecoProduto: 0
(00:21:16) Preçco mais recente: Venda: 3199,99 ( 0 x 0,00 ) Id PrecoProduto: 6970715
(00:21:16) Mesmo preço
(00:21:17) Produto: Notebook Lenovo Ideapad S145 8ª Intel Core I3 4GB 1TB W10 15.6" Prata ( https://www.americanas.com.br/produto/1508129497?pfm_carac=Notebooks&pfm_index=1&pfm_page=category&pfm_pos=grid&pfm_type=vit_product_grid )  cont: 2
(00:21:18) Produto existe (id:1566887)
(00:21:18) Preço Produto: Venda: 3099,00 ( 0 x 0,00 ) Id PrecoProduto: 0
(00:21:18) Preçco mais recente: Venda: 3099,00 ( 0 x 0,00 ) Id PrecoProduto: 6922156
(00:21:18) Mesmo preço
(00:21:18) Produto: Notebook Compaq Presario CQ-25 Intel Pentium 4GB 120GB SSD 14   Windows 10 - Cinza ( https://www.americanas.com.br/produto/1818873801?pfm_carac=Notebooks&pfm_index=2&pfm_page=category&pfm_pos=grid&pfm_type=vit_product_grid )  cont: 3
(00:21:20) Produto existe (id:1612185)
(00:21:20) Preço Produto: Venda: 1799,99 ( 0 x 0,00 ) Id PrecoProduto: 0
(00:21:20) Preçco mais recente: Venda: 1799,99 ( 0 x 0,00 ) Id PrecoProduto: 6906713
(00:21:20) Mesmo preço
(00:21:20) Produto: Notebook Dell Inspiron I15-3584-D30P 8ª Intel Core i3 4GB 1TB 15,6" Preto Linux ( https://www.americanas.com.br/produto/1897089441?pfm_carac=Notebooks&pfm_index=3&pfm_page=category&pfm_pos=grid&pfm_type=vit_product_grid )  cont: 4
(00:21:21) Produto existe (id:1612186)
(00:21:21) Preço Produto: Venda: 2899,99 ( 0 x 0,00 ) Id PrecoProduto: 0
(00:21:21) Preçco mais recente: Venda: 2899,99 ( 0 x 0,00 ) Id PrecoProduto: 6906714
(00:21:21) Mesmo preço
(00:21:21) Produto: Notebook Samsung Book X30 10ª Intel Core I5 8GB 1TB Windows 10 15,6" - Prata ( https://www.americanas.com.br/produto/1772551056?pfm_carac=Notebooks&pfm_index=4&pfm_page=category&pfm_pos=grid&pfm_type=vit_product_grid )  cont: 5
(00:21:22) Produto existe (id:1562207)
(00:21:22) Preço Produto: Venda: 3799,99 ( 0 x 0,00 ) Id PrecoProduto: 0
(00:21:22) Preçco mais recente: Venda: 3799,99 ( 0 x 0,00 ) Id PrecoProduto: 6960245
(00:21:22) Mesmo preço
(00:21:22) Produto: Notebook Positivo Motion Q464B Intel Atom Quad core 4GB 64GB SSD + 64GB Nuvem 14" W10 Vermelho ( https://www.americanas.com.br/produto/1506963998?pfm_carac=Notebooks&pfm_index=5&pfm_page=category&pfm_pos=grid&pfm_type=vit_product_grid )  cont: 6
(00:21:23) Produto existe (id:1561143)
(00:21:23) Preço Produto: Venda: 1649,99 ( 0 x 0,00 ) Id PrecoProduto: 0
(00:21:23) Preçco mais recente: Venda: 1649,99 ( 0 x 0,00 ) Id PrecoProduto: 6966425
(00:21:23) Mesmo preço
(00:21:24) Produto: Notebook Lenovo Ideapad S145 AMD Ryzen 5 8GB 1TB W10 15,6" Prata ( https://www.americanas.com.br/produto/1507968328?pfm_carac=Notebooks&pfm_index=6&pfm_page=category&pfm_pos=grid&pfm_type=vit_product_grid )  cont: 7
(00:21:25) Produto existe (id:1612187)
(00:21:25) Preço Produto: Venda: 3099,99 ( 0 x 0,00 ) Id PrecoProduto: 0
(00:21:25) Preçco mais recente: Venda: 3099,99 ( 0 x 0,00 ) Id PrecoProduto: 6970716
(00:21:25) Mesmo preço
(00:21:25) Produto: Notebook Acer Aspire 3 A315-56-35ET 10ª Intel Core i3 8GB 512GB SSD 15,6" Windows 10 - Cinza ( https://www.americanas.com.br/produto/1824323427?pfm_carac=Notebooks&pfm_index=7&pfm_page=category&pfm_pos=grid&pfm_type=vit_product_grid )  cont: 8
(00:21:26) Produto existe (id:1644196)
(00:21:26) Preço Produto: Venda: 3199,99 ( 0 x 0,00 ) Id PrecoProduto: 0
(00:21:26) Preçco mais recente: Venda: 3199,99 ( 0 x 0,00 ) Id PrecoProduto: 6970717
(00:21:26) Mesmo preço
(00:21:26) Produto: Notebook Acer Aspire 5 A515-54-59X2 10ª Intel Core i5 8GB 512GB SSD 15,6" Windows 10 - Prata ( https://www.americanas.com.br/produto/1824323591?pfm_carac=Notebooks&pfm_index=8&pfm_page=category&pfm_pos=grid&pfm_type=vit_product_grid )  cont: 9
(00:21:27) Produto existe (id:1644197)
(00:21:27) Preço Produto: Venda: 3949,99 ( 0 x 0,00 ) Id PrecoProduto: 0
(00:21:27) Preçco mais recente: Venda: 3949,99 ( 0 x 0,00 ) Id PrecoProduto: 6970718
(00:21:27) Mesmo preço
(00:21:27) Produto: Notebook Samsung Book E20 Intel Celeron 4GB 500GB W10 15,6" Prata ( https://www.americanas.com.br/produto/1772549239?pfm_carac=Notebooks&pfm_index=9&pfm_page=category&pfm_pos=grid&pfm_type=vit_product_grid )  cont: 10
(00:21:28) Produto existe (id:1568389)
(00:21:28) Preço Produto: Venda: 2599,99 ( 0 x 0,00 ) Id PrecoProduto: 0
(00:21:28) Preçco mais recente: Venda: 2599,99 ( 0 x 0,00 ) Id PrecoProduto: 6970719
(00:21:28) Mesmo preço
(00:21:28) Produto: Notebook Lenovo Ideapad S145 AMD Ryzen 7 8GB W10 SSD 256GB 15.6 Prata ( https://www.americanas.com.br/produto/1507408048?pfm_carac=Notebooks&pfm_index=10&pfm_page=category&pfm_pos=grid&pfm_type=vit_product_grid )  cont: 11
(00:21:29) Produto existe (id:1622203)
(00:21:30) Preço Produto: Venda: 3849,99 ( 0 x 0,00 ) Id PrecoProduto: 0
(00:21:30) Preçco mais recente: Venda: 3849,99 ( 0 x 0,00 ) Id PrecoProduto: 6970720
(00:21:30) Mesmo preço
(00:21:30) Produto: Notebook Samsung Book E30 10ª Intel Core i3 4GB 1TB W10 15,6" FHD - Prata ( https://www.americanas.com.br/produto/1772549925?pfm_carac=Notebooks&pfm_index=11&pfm_page=category&pfm_pos=grid&pfm_type=vit_product_grid )  cont: 12
(00:21:31) Produto existe (id:1617081)
(00:21:31) Preço Produto: Venda: 3149,99 ( 0 x 0,00 ) Id PrecoProduto: 0
(00:21:31) Preçco mais recente: Venda: 3149,99 ( 0 x 0,00 ) Id PrecoProduto: 6970721
(00:21:31) Mesmo preço
(00:21:31) Produto: Notebook Dell Inspiron I15-3583-A3XP 8ª Intel Core I5 8GB 1TB Tela 15,6" Windows 10 - Preto ( https://www.americanas.com.br/produto/134544345?pfm_carac=Notebooks&pfm_index=12&pfm_page=category&pfm_pos=grid&pfm_type=vit_product_grid )  cont: 13
(00:21:32) Produto existe (id:1617082)
(00:21:32) Preço Produto: Venda: 3899,99 ( 0 x 0,00 ) Id PrecoProduto: 0
(00:21:32) Preçco mais recente: Venda: 3899,99 ( 0 x 0,00 ) Id PrecoProduto: 6914238
(00:21:32) Mesmo preço
(00:21:32) Produto: Notebook Samsung Book X40 10ª Intel Core i5 8GB (Geforce MX110 com 2GB) 1TB W10 15,6" Prata ( https://www.americanas.com.br/produto/1772549028?pfm_carac=Notebooks&pfm_index=13&pfm_page=category&pfm_pos=grid&pfm_type=vit_product_grid )  cont: 14
(00:21:33) Produto existe (id:1622204)
(00:21:33) Preço Produto: Venda: 3999,99 ( 0 x 0,00 ) Id PrecoProduto: 0
(00:21:33) Preçco mais recente: Venda: 3999,99 ( 0 x 0,00 ) Id PrecoProduto: 6956057
(00:21:33) Mesmo preço
(00:21:33) Produto: Notebook Acer Aspire 3 A315-54-55WY Intel Corei5 8GB 256GB SSD W10 15.6 ( https://www.americanas.com.br/produto/1824323515?pfm_carac=Notebooks&pfm_index=14&pfm_page=category&pfm_pos=grid&pfm_type=vit_product_grid )  cont: 15
(00:21:34) Produto existe (id:1577137)
(00:21:34) Preço Produto: Venda: 3699,99 ( 0 x 0,00 ) Id PrecoProduto: 0
(00:21:34) Preçco mais recente: Venda: 3699,99 ( 0 x 0,00 ) Id PrecoProduto: 6921826
(00:21:34) Mesmo preço
(00:21:35) Produto: MacBook Air MQD32BZ/A com Intel Core i5 Dual Core 8GB 128GB SSD 13   Prata - Apple ( https://www.americanas.com.br/produto/132490742?pfm_carac=Notebooks&pfm_index=15&pfm_page=category&pfm_pos=grid&pfm_type=vit_product_grid )  cont: 16
(00:21:36) Produto existe (id:1622382)
(00:21:36) Preço Produto: Venda: 6799,99 ( 0 x 0,00 ) Id PrecoProduto: 0
(00:21:36) Preçco mais recente: Venda: 6799,99 ( 0 x 0,00 ) Id PrecoProduto: 6922163
(00:21:36) Mesmo preço
(00:21:36) Produto: Notebook Dell Inspiron I15-3584-AS40P 8ª Intel Core i3 4GB 128GB SSD 15,6" W10 Preto + Microsoft 365 Personal ( https://www.americanas.com.br/produto/1897089491?pfm_carac=Notebooks&pfm_index=16&pfm_page=category&pfm_pos=grid&pfm_type=vit_product_grid )  cont: 17
(00:21:37) Produto existe (id:1622383)
(00:21:37) Preço Produto: Venda: 3099,99 ( 0 x 0,00 ) Id PrecoProduto: 0
(00:21:37) Preçco mais recente: Venda: 3099,99 ( 0 x 0,00 ) Id PrecoProduto: 6922164
(00:21:37) Mesmo preço
(00:21:37) Produto: Notebook Lenovo Ideapad S145 8ª Intel Core i5 8GB (GeForce MX110 com 2GB) 1TB 15,6" Windows 10 - Prata ( https://www.americanas.com.br/produto/1824484458?pfm_carac=Notebooks&pfm_index=17&pfm_page=category&pfm_pos=grid&pfm_type=vit_product_grid )  cont: 18
(00:21:38) Produto existe (id:1612195)
(00:21:38) Preço Produto: Venda: 3599,99 ( 0 x 0,00 ) Id PrecoProduto: 0
(00:21:38) Preçco mais recente: Venda: 3599,99 ( 0 x 0,00 ) Id PrecoProduto: 6970722
(00:21:38) Mesmo preço
(00:21:38) Produto: Notebook Lenovo Ideapad S145 8ª Intel Core I5 8GB 1TB HD 15,6" W10 Prata ( https://www.americanas.com.br/produto/134573365?pfm_carac=Notebooks&pfm_index=18&pfm_page=category&pfm_pos=grid&pfm_type=vit_product_grid )  cont: 19
(00:21:39) Produto existe (id:1622384)
(00:21:39) Preço Produto: Venda: 3399,99 ( 0 x 0,00 ) Id PrecoProduto: 0
(00:21:39) Preçco mais recente: Venda: 3499,99 ( 0 x 0,00 ) Id PrecoProduto: 6970723
(00:21:39) Mudança de preço
(00:21:39) Mudança de preço (Ajuste:2.857151)
(00:21:39) Produto: Notebook Asus X543UA-GQ3213T Intel Core I5 8GB 256GB SSD W10 Cinza Escuro ( https://www.americanas.com.br/produto/1774800790?pfm_carac=Notebooks&pfm_index=19&pfm_page=category&pfm_pos=grid&pfm_type=vit_product_grid )  cont: 20
(00:21:40) Produto existe (id:1622385)
(00:21:40) Preço Produto: Venda: 3899,90 ( 0 x 0,00 ) Id PrecoProduto: 0
(00:21:40) Preçco mais recente: Venda: 3680,59 ( 0 x 0,00 ) Id PrecoProduto: 6922167
(00:21:40) Mudança de preço
(00:21:40) Mudança de preço (Ajuste:-5.9585505)
(00:21:40) Produto: Notebook Acer Aspire 3 A315-42G-R2LK AMD Ryzen 7 12GB 512GB SSD Radeon 540X 15,6  Windows 10 ( https://www.americanas.com.br/produto/1938460454?pfm_carac=Notebooks&pfm_index=20&pfm_page=category&pfm_pos=grid&pfm_type=vit_product_grid )  cont: 21
(00:21:41) Produto existe (id:1589120)
(00:21:41) Preço Produto: Venda: 4499,00 ( 0 x 0,00 ) Id PrecoProduto: 0
(00:21:41) Preçco mais recente: Venda: 4499,00 ( 0 x 0,00 ) Id PrecoProduto: 6922168
(00:21:41) Mesmo preço
(00:21:42) Produto: Notebook Dell Inspiron I15-3584-AS50P 8ª Intel Core I3 4GB 256GB SSD 15,6" W10 Preto ( https://www.americanas.com.br/produto/1809973106?pfm_carac=Notebooks&pfm_index=21&pfm_page=category&pfm_pos=grid&pfm_type=vit_product_grid )  cont: 22
(00:21:43) Produto existe (id:1622386)
(00:21:43) Preço Produto: Venda: 3299,99 ( 0 x 0,00 ) Id PrecoProduto: 0
(00:21:43) Preçco mais recente: Venda: 3299,99 ( 0 x 0,00 ) Id PrecoProduto: 6922169
(00:21:43) Mesmo preço
(00:21:43) Produto: Notebook Samsung Book X30 10ª Intel Core I5 8GB 1TB W10 15,6" Branco ( https://www.americanas.com.br/produto/1774660352?pfm_carac=Notebooks&pfm_index=22&pfm_page=category&pfm_pos=grid&pfm_type=vit_product_grid )  cont: 23
(00:21:44) Produto existe (id:1622387)
(00:21:44) Preço Produto: Venda: 3799,99 ( 0 x 0,00 ) Id PrecoProduto: 0
(00:21:44) Preçco mais recente: Venda: 3799,99 ( 0 x 0,00 ) Id PrecoProduto: 6956059
(00:21:44) Mesmo preço
(00:21:44) Produto: Notebook Samsung Book X40 10ª Intel Core i5 8GB (Geforce MX110 com 2GB) 1TB W10 15,6" Branco ( https://www.americanas.com.br/produto/1772551064?pfm_carac=Notebooks&pfm_index=23&pfm_page=category&pfm_pos=grid&pfm_type=vit_product_grid )  cont: 24
(00:21:45) Produto existe (id:1622388)
(00:21:45) Preço Produto: Venda: 3999,99 ( 0 x 0,00 ) Id PrecoProduto: 0
(00:21:45) Preçco mais recente: Venda: 3999,99 ( 0 x 0,00 ) Id PrecoProduto: 6970724
(00:21:45) Mesmo preço
(00:21:47) Produto: Notebook Samsung Book X50 10ª Intel Core i7 8GB (Geforce MX110 com 2GB) 1TB 15,6" Windows 10 - Prata ( https://www.americanas.com.br/produto/1772548981?pfm_carac=Notebooks&pfm_page=category&pfm_pos=grid&pfm_type=vit_product_grid )  cont: 25
(00:21:48) Produto existe (id:1622389)
(00:21:48) Preço Produto: Venda: 4499,99 ( 0 x 0,00 ) Id PrecoProduto: 0
(00:21:48) Preçco mais recente: Venda: 4499,99 ( 0 x 0,00 ) Id PrecoProduto: 6922172
(00:21:48) Mesmo preço
(00:21:48) Produto: Notebook Lenovo Ideapad S145 Intel Celeron 4GB 500GB 15,6" W10 Prata ( https://www.americanas.com.br/produto/471642069?pfm_carac=Notebooks&pfm_index=1&pfm_page=category&pfm_pos=grid&pfm_type=vit_product_grid )  cont: 26
(00:21:49) Produto existe (id:1622390)
(00:21:49) Preço Produto: Venda: 2399,00 ( 0 x 0,00 ) Id PrecoProduto: 0
(00:21:49) Preçco mais recente: Venda: 2399,00 ( 0 x 0,00 ) Id PrecoProduto: 6922173
(00:21:49) Mesmo preço
(00:21:49) Produto: Notebook Acer Aspire A515-54G-53GP 10ª Intel Core I5 8GB (Geforce MX250 com 2GB) 256GB SSD 15,6   W10 ( https://www.americanas.com.br/produto/1683269796?pfm_carac=Notebooks&pfm_index=2&pfm_page=category&pfm_pos=grid&pfm_type=vit_product_grid )  cont: 27
(00:21:50) Produto existe (id:1622391)
(00:21:50) Preço Produto: Venda: 4059,99 ( 0 x 0,00 ) Id PrecoProduto: 0
(00:21:50) Preçco mais recente: Venda: 4059,99 ( 0 x 0,00 ) Id PrecoProduto: 6970725
(00:21:50) Mesmo preço
(00:21:50) Produto: Notebook Positivo 2 em 1 Duo C464C Intel Celeron 4GB 64GB W10 IPS Full HD 12" ( https://www.americanas.com.br/produto/1885941991?pfm_carac=Notebooks&pfm_index=3&pfm_page=category&pfm_pos=grid&pfm_type=vit_product_grid )  cont: 28
(00:21:51) Produto existe (id:1598487)
(00:21:51) Preço Produto: Venda: 1719,99 ( 0 x 0,00 ) Id PrecoProduto: 0
(00:21:51) Preçco mais recente: Venda: 1719,99 ( 0 x 0,00 ) Id PrecoProduto: 6970726
(00:21:51) Mesmo preço
(00:21:51) Produto: Notebook Samsung Book E20 Intel Celeron 4GB 500GB W10 15,6" Branco ( https://www.americanas.com.br/produto/1772551021?pfm_carac=Notebooks&pfm_index=4&pfm_page=category&pfm_pos=grid&pfm_type=vit_product_grid )  cont: 29
(00:21:52) Produto existe (id:1556012)
(00:21:52) Preço Produto: Venda: 2499,99 ( 0 x 0,00 ) Id PrecoProduto: 0
(00:21:52) Preçco mais recente: Venda: 2499,99 ( 0 x 0,00 ) Id PrecoProduto: 6970727
(00:21:52) Mesmo preço
(00:21:52) Produto: Notebook Vaio FE14 B0441H 8ª Intel Core I3 4GB 1TB FHD 14" Linux ( https://www.americanas.com.br/produto/1539221034?pfm_carac=Notebooks&pfm_index=5&pfm_page=category&pfm_pos=grid&pfm_type=vit_product_grid )  cont: 30
(00:21:53) Produto existe (id:1622392)
(00:21:53) Preço Produto: Venda: 3199,99 ( 0 x 0,00 ) Id PrecoProduto: 0
(00:21:53) Preçco mais recente: Venda: 3199,99 ( 0 x 0,00 ) Id PrecoProduto: 6970728
(00:21:53) Mesmo preço
(00:21:54) Produto: Chromebook Samsung AD2BR Intel Celeron 4GB 16GB LED HD 11,6" Chrome OS Grafite ( https://www.americanas.com.br/produto/209927739?pfm_carac=Notebooks&pfm_index=6&pfm_page=category&pfm_pos=grid&pfm_type=vit_product_grid )  cont: 31
(00:21:55) Produto existe (id:1555554)
(00:21:55) Preço Produto: Venda: 1729,90 ( 0 x 0,00 ) Id PrecoProduto: 0
(00:21:55) Preçco mais recente: Venda: 2244,20 ( 0 x 0,00 ) Id PrecoProduto: 6938777
(00:21:55) Mudança de preço
(00:21:55) Mudança de preço (Ajuste:22.91685)
(00:21:55) Produto: Notebook Dell Inspiron 3583-M05P Intel Pentium Gold 4GB 500GB 15.6" Windows 10 Preto ( https://www.americanas.com.br/produto/107955650?pfm_carac=Notebooks&pfm_index=7&pfm_page=category&pfm_pos=grid&pfm_type=vit_product_grid )  cont: 32
(00:21:56) Produto existe (id:1565917)
(00:21:56) Preço Produto: Venda: 2898,00 ( 0 x 0,00 ) Id PrecoProduto: 0
(00:21:56) Preçco mais recente: Venda: 2898,00 ( 0 x 0,00 ) Id PrecoProduto: 6922178
(00:21:56) Mesmo preço
(00:21:56) Produto: Notebook Ultrafino Dell Inspiron 5490-u10s 10ª Geração Intel Core I5 8gb 256gb Ssd Full Hd 14" Linux Prata ( https://www.americanas.com.br/produto/1391378413?pfm_carac=Notebooks&pfm_index=8&pfm_page=category&pfm_pos=grid&pfm_type=vit_product_grid )  cont: 33
(00:21:57) Produto existe (id:1622393)
(00:21:57) Preço Produto: Venda: 5449,00 ( 0 x 0,00 ) Id PrecoProduto: 0
(00:21:57) Preçco mais recente: Venda: 5449,00 ( 0 x 0,00 ) Id PrecoProduto: 6947691
(00:21:57) Mesmo preço
(00:21:57) Produto: Notebook Gamer Dell G5-5590-A80P 9ª Intel Core I7 16GB (Geforce RTX2060 com 6GB) 512GB SSD 15,6" W10 ( https://www.americanas.com.br/produto/1535883591?pfm_carac=Notebooks&pfm_index=9&pfm_page=category&pfm_pos=grid&pfm_type=vit_product_grid )  cont: 34
(00:21:58) Produto existe (id:1649930)
(00:21:58) Preço Produto: Venda: 9959,00 ( 0 x 0,00 ) Id PrecoProduto: 0
(00:21:58) Preçco mais recente: Venda: 10099,99 ( 0 x 0,00 ) Id PrecoProduto: 6970729
(00:21:58) Mudança de preço
(00:21:58) Mudança de preço (Ajuste:1.3959442)
(00:21:58) Produto: Notebook Positivo Motion Intel Atom Q464B 4GB 64GB SSD 14" Windows 10 Cinza ( https://www.americanas.com.br/produto/1682950125?pfm_carac=Notebooks&pfm_index=10&pfm_page=category&pfm_pos=grid&pfm_type=vit_product_grid )  cont: 35
(00:21:59) Produto existe (id:1557540)
(00:22:00) Preço Produto: Venda: 1742,72 ( 0 x 0,00 ) Id PrecoProduto: 0
(00:22:00) Preçco mais recente: Venda: 1742,72 ( 0 x 0,00 ) Id PrecoProduto: 6970730
(00:22:00) Mesmo preço
(00:22:00) Produto: Notebook Dell Inspiron 3583-FS1P 15.6" 8ª Geração Intel Core i5 8GB 256GB SSD Windows 10 Preto ( https://www.americanas.com.br/produto/2104418559?pfm_carac=Notebooks&pfm_index=11&pfm_page=category&pfm_pos=grid&pfm_type=vit_product_grid )  cont: 36
(00:22:01) Produto existe (id:1589146)
(00:22:01) Preço Produto: Venda: 4289,00 ( 0 x 0,00 ) Id PrecoProduto: 0
(00:22:01) Preçco mais recente: Venda: 4289,00 ( 0 x 0,00 ) Id PrecoProduto: 6970731
(00:22:01) Mesmo preço
(00:22:01) Produto: Notebook Lenovo Ultrafino Ideapad S145 8ª Intel Core I7 8GB (Geforce MX110 com 2GB) 1TB FHD 15,6" W10 Prata ( https://www.americanas.com.br/produto/134573381?pfm_carac=Notebooks&pfm_index=12&pfm_page=category&pfm_pos=grid&pfm_type=vit_product_grid )  cont: 37
(00:22:02) Produto existe (id:1649931)
(00:22:02) Preço Produto: Venda: 4249,99 ( 0 x 0,00 ) Id PrecoProduto: 0
(00:22:02) Preçco mais recente: Venda: 4249,99 ( 0 x 0,00 ) Id PrecoProduto: 6970732
(00:22:02) Mesmo preço
(00:22:02) Produto: Notebook Samsung Flash F30 Intel Celeron 4GB 64GB SSD Tela Full HD 13.3" Windows 10 - Cinza ( https://www.americanas.com.br/produto/134187878?pfm_carac=Notebooks&pfm_index=13&pfm_page=category&pfm_pos=grid&pfm_type=vit_product_grid )  cont: 38
(00:22:03) Produto existe (id:1554997)
(00:22:03) Preço Produto: Venda: 2798,00 ( 0 x 0,00 ) Id PrecoProduto: 0
(00:22:03) Preçco mais recente: Venda: 2899,00 ( 0 x 0,00 ) Id PrecoProduto: 6970733
(00:22:03) Mudança de preço
(00:22:03) Mudança de preço (Ajuste:3.4839602)
(00:22:03) Produto: Notebook Positivo Motion C4500DI 14.1   HD Celeron Dual Core 500GB 4GB Linux Cinza Escuro ( https://www.americanas.com.br/produto/1861735471?pfm_carac=Notebooks&pfm_index=14&pfm_page=category&pfm_pos=grid&pfm_type=vit_product_grid )  cont: 39
(00:22:04) Produto existe (id:1649932)
(00:22:04) Preço Produto: Venda: 2199,00 ( 0 x 0,00 ) Id PrecoProduto: 0
(00:22:04) Preçco mais recente: Venda: 2199,00 ( 0 x 0,00 ) Id PrecoProduto: 6970734
(00:22:04) Mesmo preço
(00:22:04) Produto: Notebook Acer A315-42-R1B0 AMD Ryzen 5 12GB 1TB 15,6" W10 ( https://www.americanas.com.br/produto/1669977307?pfm_carac=Notebooks&pfm_index=15&pfm_page=category&pfm_pos=grid&pfm_type=vit_product_grid )  cont: 40
(00:22:05) Produto existe (id:1649933)
(00:22:05) Preço Produto: Venda: 3699,99 ( 0 x 0,00 ) Id PrecoProduto: 0
(00:22:05) Preçco mais recente: Venda: 3699,99 ( 0 x 0,00 ) Id PrecoProduto: 6970735
(00:22:05) Mesmo preço
(00:22:05) Produto: Notebook Samsung Book X20 10ª Intel Core I5 4GB 1TB W10 15,6" FHD Prata ( https://www.americanas.com.br/produto/1772550483?pfm_carac=Notebooks&pfm_index=16&pfm_page=category&pfm_pos=grid&pfm_type=vit_product_grid )  cont: 41
(00:22:07) Produto existe (id:1622214)
(00:22:07) Preço Produto: Venda: 3599,99 ( 0 x 0,00 ) Id PrecoProduto: 0
(00:22:07) Preçco mais recente: Venda: 3599,99 ( 0 x 0,00 ) Id PrecoProduto: 6921843
(00:22:07) Mesmo preço
(00:22:07) Produto: Notebook Samsung Flash F30 Intel Celeron 4GB 128GB SSD Tela Full HD LED 13.3" Windows 10 - Branco ( https://www.americanas.com.br/produto/134187894?pfm_carac=Notebooks&pfm_index=17&pfm_page=category&pfm_pos=grid&pfm_type=vit_product_grid )  cont: 42
(00:22:08) Produto existe (id:1649934)
(00:22:08) Preço Produto: Venda: 2685,56 ( 0 x 0,00 ) Id PrecoProduto: 0
(00:22:08) Preçco mais recente: Venda: 2685,56 ( 0 x 0,00 ) Id PrecoProduto: 6970736
(00:22:08) Mesmo preço
(00:22:08) Produto: Notebook Gamer Samsung Odyssey 9ª Intel Core I5 8GB (Geforce GTX1650 4GB) 1TB W10 Full HD 15,6" Prata ( https://www.americanas.com.br/produto/1194254420?pfm_carac=Notebooks&pfm_index=18&pfm_page=category&pfm_pos=grid&pfm_type=vit_product_grid )  cont: 43
(00:22:09) Produto existe (id:1622395)
(00:22:09) Preço Produto: Venda: 6199,99 ( 0 x 0,00 ) Id PrecoProduto: 0
(00:22:09) Preçco mais recente: Venda: 6199,99 ( 0 x 0,00 ) Id PrecoProduto: 6922188
(00:22:09) Mesmo preço
(00:22:09) Produto: Notebook Dell Inspiron 3583-U05P Intel Pentium Gold 4GB 500GB 15.6" Linux Preto ( https://www.americanas.com.br/produto/107955654?pfm_carac=Notebooks&pfm_index=19&pfm_page=category&pfm_pos=grid&pfm_type=vit_product_grid )  cont: 44
(00:22:10) Produto existe (id:1576235)
(00:22:10) Preço Produto: Venda: 2748,00 ( 0 x 0,00 ) Id PrecoProduto: 0
(00:22:10) Preçco mais recente: Venda: 2748,00 ( 0 x 0,00 ) Id PrecoProduto: 6922189
(00:22:10) Mesmo preço
(00:22:10) Produto: Notebook Samsung Style S51 8ª Intel Core i3 4GB 256GB SSD Tela Full HD 13,3" Windows 10 - Prata ( https://www.americanas.com.br/produto/1236976958?pfm_carac=Notebooks&pfm_index=20&pfm_page=category&pfm_pos=grid&pfm_type=vit_product_grid )  cont: 45
(00:22:11) Produto existe (id:1622396)
(00:22:11) Preço Produto: Venda: 4799,99 ( 0 x 0,00 ) Id PrecoProduto: 0
(00:22:11) Preçco mais recente: Venda: 4799,99 ( 0 x 0,00 ) Id PrecoProduto: 6922190
(00:22:11) Mesmo preço
(00:22:11) Produto: Notebook 2 em 1 Dell Inspiron i14-5481-M11 8ª Geração Intel Core i3 4GB 128GB SSD 14" Touch Windows 10 McAfee ( https://www.americanas.com.br/produto/93608447?pfm_carac=Notebooks&pfm_index=21&pfm_page=category&pfm_pos=grid&pfm_type=vit_product_grid )  cont: 46
(00:22:12) Produto existe (id:1555005)
(00:22:12) Preço Produto: Venda: 3709,00 ( 0 x 0,00 ) Id PrecoProduto: 0
(00:22:12) Preçco mais recente: Venda: 3709,00 ( 0 x 0,00 ) Id PrecoProduto: 6970737
(00:22:12) Mesmo preço
(00:22:12) Produto: Notebook Gamer Predator PH315-52-79VM Intel Core i7 16GB 256GB SDD 1TB HD RTX 2060 15,6 Endless ( https://www.americanas.com.br/produto/1876922211?pfm_carac=Notebooks&pfm_index=22&pfm_page=category&pfm_pos=grid&pfm_type=vit_product_grid )  cont: 47
(00:22:13) Produto existe (id:1622397)
(00:22:13) Preço Produto: Venda: 8799,00 ( 0 x 0,00 ) Id PrecoProduto: 0
(00:22:13) Preçco mais recente: Venda: 8799,00 ( 0 x 0,00 ) Id PrecoProduto: 6922192
(00:22:13) Mesmo preço
(00:22:13) Produto: Notebook Ultrafino Dell Inspiron 5490-m10l 10ª Geração Intel Core I5 8gb 256gb Ssd Full Hd 14" Windows 10 Lilás-prata ( https://www.americanas.com.br/produto/1389530754?pfm_carac=Notebooks&pfm_index=23&pfm_page=category&pfm_pos=grid&pfm_type=vit_product_grid )  cont: 48
(00:22:15) Produto existe (id:1622398)
(00:22:15) Preço Produto: Venda: 5649,00 ( 0 x 0,00 ) Id PrecoProduto: 0
(00:22:15) Preçco mais recente: Venda: 5649,00 ( 0 x 0,00 ) Id PrecoProduto: 6947694
(00:22:15) Mesmo preço
(00:22:16) Produto: Notebook Acer Aspire 3 A315-42G-R1FT AMD Ryzen 7 8GB 256GB SSD Radeon 540X 15,6  Windows 10 ( https://www.americanas.com.br/produto/1938460631?pfm_carac=Notebooks&pfm_page=category&pfm_pos=grid&pfm_type=vit_product_grid )  cont: 49
(00:22:17) Produto existe (id:1622399)
(00:22:17) Preço Produto: Venda: 3999,00 ( 0 x 0,00 ) Id PrecoProduto: 0
(00:22:17) Preçco mais recente: Venda: 3999,00 ( 0 x 0,00 ) Id PrecoProduto: 6922194
(00:22:17) Mesmo preço
(00:22:17) Produto: Notebook Dell Inspiron I15-3583-A5XP 8ª Intel Core i7 8GB 2TB Tela LED 15,6" Windows 10 - Preto ( https://www.americanas.com.br/produto/612449052?pfm_carac=Notebooks&pfm_index=1&pfm_page=category&pfm_pos=grid&pfm_type=vit_product_grid )  cont: 50
(00:22:18) Produto existe (id:1603732)
(00:22:18) Preço Produto: Venda: 4699,99 ( 0 x 0,00 ) Id PrecoProduto: 0
(00:22:18) Preçco mais recente: Venda: 4699,99 ( 0 x 0,00 ) Id PrecoProduto: 6892236
(00:22:18) Mesmo preço
(00:22:18) Produto: Notebook Lenovo Ultrafino ideapad S145 i7-1065G7 8GB  Placa de Vídeo Intel Iris Plus  256GB SSD W10 15.6" FHD - Prata ( https://www.americanas.com.br/produto/1961678662?pfm_carac=Notebooks&pfm_index=2&pfm_page=category&pfm_pos=grid&pfm_type=vit_product_grid )  cont: 51
(00:22:19) Produto existe (id:1622400)
(00:22:19) Preço Produto: Venda: 4399,99 ( 0 x 0,00 ) Id PrecoProduto: 0
(00:22:19) Preçco mais recente: Venda: 4399,99 ( 0 x 0,00 ) Id PrecoProduto: 6970738
(00:22:19) Mesmo preço
(00:22:20) Produto: Notebook Lenovo Ideapad S145 10ª Intel Core i5 8GB 1TB Windows 10 15,6" Prata ( https://www.americanas.com.br/produto/1725483978?pfm_carac=Notebooks&pfm_index=3&pfm_page=category&pfm_pos=grid&pfm_type=vit_product_grid )  cont: 52
(00:22:21) Produto existe (id:1622401)
(00:22:21) Preço Produto: Venda: 3699,00 ( 0 x 0,00 ) Id PrecoProduto: 0
(00:22:21) Preçco mais recente: Venda: 3699,99 ( 0 x 0,00 ) Id PrecoProduto: 6956064
(00:22:21) Mudança de preço
(00:22:21) Mudança de preço (Ajuste:0.026756566)
(00:22:21) Produto: Notebook Asus Vivobook X512FB-BR468T Intel Core I5 8GB 1TB Cinza Escuro ( https://www.americanas.com.br/produto/1774800811?pfm_carac=Notebooks&pfm_index=4&pfm_page=category&pfm_pos=grid&pfm_type=vit_product_grid )  cont: 53
(00:22:22) Produto existe (id:1547591)
(00:22:22) Preço Produto: Venda: 4049,99 ( 0 x 0,00 ) Id PrecoProduto: 0
(00:22:22) Preçco mais recente: Venda: 4049,99 ( 0 x 0,00 ) Id PrecoProduto: 6970739
(00:22:22) Mesmo preço
(00:22:22) Produto: Notebook Dell Inspiron I15-3583-AS100P 8ª Intel Core I7 8GB (Placa AMD Radeon 520 com 2GB) 256GB SSD 15,6" W10 ( https://www.americanas.com.br/produto/1936036502?pfm_carac=Notebooks&pfm_index=5&pfm_page=category&pfm_pos=grid&pfm_type=vit_product_grid )  cont: 54
(00:22:23) Produto existe (id:1571800)
(00:22:23) Preço Produto: Venda: 4899,99 ( 0 x 0,00 ) Id PrecoProduto: 0
(00:22:23) Preçco mais recente: Venda: 4899,99 ( 0 x 0,00 ) Id PrecoProduto: 6906759
(00:22:23) Mesmo preço
(00:22:23) Produto: Notebook Ultrafino Dell Inspiron 5490-m20s 10ª Geração Intel Core I5 8gb 256gb Ssd Nvidia Full Hd 14" Windows 10 Prata ( https://www.americanas.com.br/produto/1389530914?pfm_carac=Notebooks&pfm_index=6&pfm_page=category&pfm_pos=grid&pfm_type=vit_product_grid )  cont: 55
(00:22:24) Produto existe (id:1636400)
(00:22:24) Preço Produto: Venda: 5859,00 ( 0 x 0,00 ) Id PrecoProduto: 0
(00:22:24) Preçco mais recente: Venda: 5859,00 ( 0 x 0,00 ) Id PrecoProduto: 6947695
(00:22:24) Mesmo preço
(00:22:24) Produto: Notebook Samsung Flash F30 Intel Celeron 4GB 64GB SSD Full HD Tela LED 13.3" Windows 10 - Coral ( https://www.americanas.com.br/produto/134187974?pfm_carac=Notebooks&pfm_index=7&pfm_page=category&pfm_pos=grid&pfm_type=vit_product_grid )  cont: 56
(00:22:25) Produto existe (id:1397415)
(00:22:26) Preço Produto: Venda: 2798,00 ( 0 x 0,00 ) Id PrecoProduto: 0
(00:22:26) Preçco mais recente: Venda: 2939,00 ( 0 x 0,00 ) Id PrecoProduto: 6823084
(00:22:26) Mudança de preço
(00:22:26) Mudança de preço (Ajuste:4.79755)
(00:22:26) Produto: Notebook Dell Inspiron i14-3481-M40S 8ª geração Intel Core i3 4GB 128GB SSD 14" Windows 10 Prata ( https://www.americanas.com.br/produto/80805415?pfm_carac=Notebooks&pfm_index=8&pfm_page=category&pfm_pos=grid&pfm_type=vit_product_grid )  cont: 57
(00:22:27) Produto existe (id:1545597)
(00:22:27) Preço Produto: Venda: 3239,00 ( 0 x 0,00 ) Id PrecoProduto: 0
(00:22:27) Preçco mais recente: Venda: 3239,00 ( 0 x 0,00 ) Id PrecoProduto: 6956065
(00:22:27) Mesmo preço
(00:22:27) Produto: Notebook Gamer Dell G3-3590-A40P 9ª Intel Core I5 8GB (Geforce GTX1050 com 3GB) 256GB SSD 15,6" W10 ( https://www.americanas.com.br/produto/1535257700?pfm_carac=Notebooks&pfm_index=9&pfm_page=category&pfm_pos=grid&pfm_type=vit_product_grid )  cont: 58
(00:22:28) Produto existe (id:1641306)
(00:22:28) Preço Produto: Venda: 5499,99 ( 0 x 0,00 ) Id PrecoProduto: 0
(00:22:28) Preçco mais recente: Venda: 5499,99 ( 0 x 0,00 ) Id PrecoProduto: 6970740
(00:22:28) Mesmo preço
(00:22:28) Produto: Notebook Dell Inspiron I15-3583-A2XP 8ª Intel Core I5 4GB 1TB LED HD 15,6" W10 Preto ( https://www.americanas.com.br/produto/134521709?pfm_carac=Notebooks&pfm_index=10&pfm_page=category&pfm_pos=grid&pfm_type=vit_product_grid )  cont: 59
(00:22:29) Produto existe (id:1641307)
(00:22:29) Preço Produto: Venda: 3699,99 ( 0 x 0,00 ) Id PrecoProduto: 0
(00:22:29) Preçco mais recente: Venda: 3699,99 ( 0 x 0,00 ) Id PrecoProduto: 6956067
(00:22:29) Mesmo preço
(00:22:29) Produto: Notebook Acer Aspire 3 Intel Celeron 4GB 1TB Endless ( https://www.americanas.com.br/produto/1850094189?pfm_carac=Notebooks&pfm_index=11&pfm_page=category&pfm_pos=grid&pfm_type=vit_product_grid )  cont: 60
(00:22:30) Produto existe (id:1598495)
(00:22:30) Preço Produto: Venda: 2523,80 ( 0 x 0,00 ) Id PrecoProduto: 0
(00:22:30) Preçco mais recente: Venda: 2523,80 ( 0 x 0,00 ) Id PrecoProduto: 6970741
(00:22:30) Mesmo preço
(00:22:31) Produto: Notebook Gamer Dell G3-3590-U50P 9ª Geração Intel Core i5 8GB 512GB SSD Placa Vídeo NVIDIA GTX 1650 15.6" Linux ( https://www.americanas.com.br/produto/1489297478?pfm_carac=Notebooks&pfm_index=12&pfm_page=category&pfm_pos=grid&pfm_type=vit_product_grid )  cont: 61
(00:22:32) Produto existe (id:1593358)
(00:22:32) Preço Produto: Venda: 6029,00 ( 0 x 0,00 ) Id PrecoProduto: 0
(00:22:32) Preçco mais recente: Venda: 6029,00 ( 0 x 0,00 ) Id PrecoProduto: 6875631
(00:22:32) Mesmo preço
(00:22:32) Produto: Notebook Dell Inspiron I15-3583-AS90P 8ª Intel Core I7 8GB 256GB SSD 15,6" W10 ( https://www.americanas.com.br/produto/1936036537?pfm_carac=Notebooks&pfm_index=13&pfm_page=category&pfm_pos=grid&pfm_type=vit_product_grid )  cont: 62
(00:22:33) Produto existe (id:1598519)
(00:22:33) Preço Produto: Venda: 4799,99 ( 0 x 0,00 ) Id PrecoProduto: 0
(00:22:33) Preçco mais recente: Venda: 4799,99 ( 0 x 0,00 ) Id PrecoProduto: 6970742
(00:22:33) Mesmo preço
(00:22:33) Produto: Notebook Inspiron I15-3583-A20P Intel Core i5 8GB (AMD Radeon 520 com 2GB) 2TB 15,6   W10 Preto - Dell ( https://www.americanas.com.br/produto/134388602?pfm_carac=Notebooks&pfm_index=14&pfm_page=category&pfm_pos=grid&pfm_type=vit_product_grid )  cont: 63
(00:22:34) Produto existe (id:1649935)
(00:22:34) Preço Produto: Venda: 5399,00 ( 0 x 0,00 ) Id PrecoProduto: 0
(00:22:34) Preçco mais recente: Venda: 5399,00 ( 0 x 0,00 ) Id PrecoProduto: 6970743
(00:22:34) Mesmo preço
(00:22:34) Produto: Macbook Air MVH42BZ/A Intel Core i5 8GB 512GB SSD 13,3" Prata ( https://www.americanas.com.br/produto/1587385324?pfm_carac=Notebooks&pfm_index=15&pfm_page=category&pfm_pos=grid&pfm_type=vit_product_grid )  cont: 64
(00:22:35) Produto existe (id:1641309)
(00:22:35) Preço Produto: Venda: 11199,99 ( 0 x 0,00 ) Id PrecoProduto: 0
(00:22:35) Preçco mais recente: Venda: 11199,99 ( 0 x 0,00 ) Id PrecoProduto: 6970744
(00:22:35) Mesmo preço
(00:22:35) Produto: Notebook Ultrafino Dell Inspiron 5490-m40s 10ª Geração Intel Core I7 16gb 256gb Ssd Nvidia Full Hd 14" Windows 10 Prata ( https://www.americanas.com.br/produto/1389531095?pfm_carac=Notebooks&pfm_index=16&pfm_page=category&pfm_pos=grid&pfm_type=vit_product_grid )  cont: 65
(00:22:36) Produto existe (id:1598500)
(00:22:36) Preço Produto: Venda: 7239,00 ( 0 x 0,00 ) Id PrecoProduto: 0
(00:22:36) Preçco mais recente: Venda: 7239,00 ( 0 x 0,00 ) Id PrecoProduto: 6956072
(00:22:36) Mesmo preço
(00:22:37) Produto: Notebook Dell Inspiron i15-3583-M3XB 8ª Geração Intel Core i5 8GB 1TB 15.6" Windows 10 McAfee Branco ( https://www.americanas.com.br/produto/195867084?pfm_carac=Notebooks&pfm_index=17&pfm_page=category&pfm_pos=grid&pfm_type=vit_product_grid )  cont: 66
(00:22:38) Produto existe (id:1644223)
(00:22:38) Preço Produto: Venda: 4309,00 ( 0 x 0,00 ) Id PrecoProduto: 0
(00:22:38) Preçco mais recente: Venda: 4309,00 ( 0 x 0,00 ) Id PrecoProduto: 6960290
(00:22:38) Mesmo preço
(00:22:38) Produto: Notebook Gamer Legion 5i i7-10750H 16GB 512GB SSD RTX2060 6GB W10 15.6" Full HD WVA 82CF0002BR ( https://www.americanas.com.br/produto/1877142777?pfm_carac=Notebooks&pfm_index=18&pfm_page=category&pfm_pos=grid&pfm_type=vit_product_grid )  cont: 67
(00:22:39) Produto existe (id:1591364)
(00:22:39) Preço Produto: Venda: 9899,00 ( 0 x 0,00 ) Id PrecoProduto: 0
(00:22:39) Preçco mais recente: Venda: 9899,00 ( 0 x 0,00 ) Id PrecoProduto: 6872195
(00:22:39) Mesmo preço
(00:22:39) Produto: Notebook Acer A315-54-54B1 10ª Intel Core i5 8GB 1TB 15,6" W10 ( https://www.americanas.com.br/produto/1669977315?pfm_carac=Notebooks&pfm_index=19&pfm_page=category&pfm_pos=grid&pfm_type=vit_product_grid )  cont: 68
(00:22:40) Produto existe (id:1644224)
(00:22:40) Preço Produto: Venda: 5625,60 ( 0 x 0,00 ) Id PrecoProduto: 0
(00:22:40) Preçco mais recente: Venda: 4399,00 ( 0 x 0,00 ) Id PrecoProduto: 6960291
(00:22:40) Mudança de preço
(00:22:40) Mudança de preço (Ajuste:-27.883614)
(00:22:40) Produto: Notebook Dell Inspiron I15-3584-D30B 8ª Intel Core I3 4GB 1TB 15,6" Linux Branco ( https://www.americanas.com.br/produto/1936036490?pfm_carac=Notebooks&pfm_index=20&pfm_page=category&pfm_pos=grid&pfm_type=vit_product_grid )  cont: 69
(00:22:41) Produto existe (id:1644225)
(00:22:41) Preço Produto: Venda: 2899,99 ( 0 x 0,00 ) Id PrecoProduto: 0
(00:22:41) Preçco mais recente: Venda: 2899,99 ( 0 x 0,00 ) Id PrecoProduto: 6960292
(00:22:41) Mesmo preço
(00:22:41) Produto: Notebook Gamer Dell G3-3590-A60B 9ª Intel Core I7 8GB (Geforce GTX 1660TI com 6GB) 512GB SSD 15,6" W10 Branco ( https://www.americanas.com.br/produto/1809973114?pfm_carac=Notebooks&pfm_index=21&pfm_page=category&pfm_pos=grid&pfm_type=vit_product_grid )  cont: 70
(00:22:42) Produto existe (id:1617145)
(00:22:42) Preço Produto: Venda: 7399,99 ( 0 x 0,00 ) Id PrecoProduto: 0
(00:22:42) Preçco mais recente: Venda: 7399,99 ( 0 x 0,00 ) Id PrecoProduto: 6970745
(00:22:42) Mesmo preço
(00:22:42) Produto: Notebook Dell Inspiron I15-5590-A30S 10ª Intel Core I7 16GB (Geforce MX250 com 2GB) 256GB SSD 15,6" W10 ( https://www.americanas.com.br/produto/1506613496?pfm_carac=Notebooks&pfm_index=22&pfm_page=category&pfm_pos=grid&pfm_type=vit_product_grid )  cont: 71
(00:22:43) Produto existe (id:1644226)
(00:22:43) Preço Produto: Venda: 7429,00 ( 0 x 0,00 ) Id PrecoProduto: 0
(00:22:43) Preçco mais recente: Venda: 7429,00 ( 0 x 0,00 ) Id PrecoProduto: 6960293
(00:22:43) Mesmo preço
(00:22:43) Produto: Notebook Dell Inspiron I13-7391-A30S 10ª Intel Core I7 8GB (Geforce MX250 com 2GB) 512GB SSD Windows 10 13,3" - Prata ( https://www.americanas.com.br/produto/1237560532?pfm_carac=Notebooks&pfm_index=23&pfm_page=category&pfm_pos=grid&pfm_type=vit_product_grid )  cont: 72
(00:22:45) Produto existe (id:1398610)
(00:22:45) Preço Produto: Venda: 7299,99 ( 0 x 0,00 ) Id PrecoProduto: 0
(00:22:45) Preçco mais recente: Venda: 7299,99 ( 0 x 0,00 ) Id PrecoProduto: 6960294
(00:22:45) Mesmo preço
(00:22:46) Produto: Notebook Asus Vivobook X512FJ-EJ227T 8ª Intel Core I7 8GB (Geforce MX230 com 2GB) 1TB W10 15,6" Cinza ( https://www.americanas.com.br/produto/1188914217?pfm_carac=Notebooks&pfm_page=category&pfm_pos=grid&pfm_type=vit_product_grid )  cont: 73
(00:22:47) Produto existe (id:1612241)
(00:22:48) Preço Produto: Venda: 5199,99 ( 0 x 0,00 ) Id PrecoProduto: 0
(00:22:48) Preçco mais recente: Venda: 5199,99 ( 0 x 0,00 ) Id PrecoProduto: 6970746
(00:22:48) Mesmo preço
(00:22:48) Produto: Notebook Positivo Motion C4500A 4GB 500GB Tela 14” HD Intel Celeron Dual-Core Windows 10 Home – Cinz ( https://www.americanas.com.br/produto/444742443?pfm_carac=Notebooks&pfm_index=1&pfm_page=category&pfm_pos=grid&pfm_type=vit_product_grid )  cont: 74
(00:22:49) Produto existe (id:1546646)
(00:22:49) Preço Produto: Venda: 2599,90 ( 0 x 0,00 ) Id PrecoProduto: 0
(00:22:49) Preçco mais recente: Venda: 2599,90 ( 0 x 0,00 ) Id PrecoProduto: 6960296
(00:22:49) Mesmo preço
(00:22:49) Produto: Notebook Gamer Samsung Odyssey 9ª Intel Core I7 16GB (Geforce GTX1650 4GB) 1TB + 256GB SSD Full HD 15,6" Windows 10 - Prata ( https://www.americanas.com.br/produto/1194254180?pfm_carac=Notebooks&pfm_index=2&pfm_page=category&pfm_pos=grid&pfm_type=vit_product_grid )  cont: 75
(00:22:50) Produto existe (id:1598547)
(00:22:50) Preço Produto: Venda: 8499,99 ( 0 x 0,00 ) Id PrecoProduto: 0
(00:22:50) Preçco mais recente: Venda: 8499,99 ( 0 x 0,00 ) Id PrecoProduto: 6970747
(00:22:50) Mesmo preço
(00:22:50) Produto: Notebook Gamer Dell G3-3590-A50P 9ª Intel Core I5 8GB (Geforce GTX1650 com 4GB) 512GB SSD 15,6" W10 ( https://www.americanas.com.br/produto/1578905703?pfm_carac=Notebooks&pfm_index=3&pfm_page=category&pfm_pos=grid&pfm_type=vit_product_grid )  cont: 76
(00:22:51) Produto existe (id:1585101)
(00:22:51) Preço Produto: Venda: 6099,99 ( 0 x 0,00 ) Id PrecoProduto: 0
(00:22:51) Preçco mais recente: Venda: 6099,99 ( 0 x 0,00 ) Id PrecoProduto: 6956080
(00:22:51) Mesmo preço
(00:22:51) Produto: Notebook Dell Inspiron i15-3583-M3XP 8ª Geração Intel Core i5 8GB 1TB 15.6" Windows 10 McAfee Preto ( https://www.americanas.com.br/produto/80805338?pfm_carac=Notebooks&pfm_index=4&pfm_page=category&pfm_pos=grid&pfm_type=vit_product_grid )  cont: 77
(00:22:52) Produto existe (id:1548207)
(00:22:52) Preço Produto: Venda: 4259,00 ( 0 x 0,00 ) Id PrecoProduto: 0
(00:22:52) Preçco mais recente: Venda: 4259,00 ( 0 x 0,00 ) Id PrecoProduto: 6798901
(00:22:52) Mesmo preço
(00:22:53) Produto: Notebook Asus X509JA-BR424T 10ª Intel Core i5  8GB 1TB 15.6" Windows 10 - Prata Metálico ( https://www.americanas.com.br/produto/1797295415?pfm_carac=Notebooks&pfm_index=5&pfm_page=category&pfm_pos=grid&pfm_type=vit_product_grid )  cont: 78
(00:22:54) Produto existe (id:1581489)
(00:22:54) Preço Produto: Venda: 4079,99 ( 0 x 0,00 ) Id PrecoProduto: 0
(00:22:54) Preçco mais recente: Venda: 4079,99 ( 0 x 0,00 ) Id PrecoProduto: 6970748
(00:22:54) Mesmo preço
(00:22:54) Produto: notebook acer aspire 3 15,6 a315-34-c6zs intel celeron n4000 4gb ram 1tb hd endless os preto ( https://www.americanas.com.br/produto/1882585089?pfm_carac=Notebooks&pfm_index=6&pfm_page=category&pfm_pos=grid&pfm_type=vit_product_grid )  cont: 79
(00:22:55) Produto existe (id:1589158)
(00:22:55) Preço Produto: Venda: 2599,00 ( 0 x 0,00 ) Id PrecoProduto: 0
(00:22:55) Preçco mais recente: Venda: 2599,00 ( 0 x 0,00 ) Id PrecoProduto: 6956082
(00:22:55) Mesmo preço
(00:22:55) Produto: Notebook Dell Inspiron 2 Em 1 I14-5491-A30S 10ª Intel Core I7 8GB (Geforce MX230 com 2GB) 256GB SSD FHD 14" W10 ( https://www.americanas.com.br/produto/1535319819?pfm_carac=Notebooks&pfm_index=7&pfm_page=category&pfm_pos=grid&pfm_type=vit_product_grid )  cont: 80
(00:22:56) Produto existe (id:1641317)
(00:22:56) Preço Produto: Venda: 6499,99 ( 0 x 0,00 ) Id PrecoProduto: 0
(00:22:56) Preçco mais recente: Venda: 6499,99 ( 0 x 0,00 ) Id PrecoProduto: 6956083
(00:22:56) Mesmo preço
(00:22:56) Produto: Notebook Asus VivoBook 15, Intel® CoreT i5 6200U, 8 GB, 1 TB, Tela de 15,6", Cinza Escuro, X543 - X543UA-GQ3154T ( https://www.americanas.com.br/produto/1867503250?pfm_carac=Notebooks&pfm_index=8&pfm_page=category&pfm_pos=grid&pfm_type=vit_product_grid )  cont: 81
(00:22:57) Produto existe (id:1641318)
(00:22:57) Preço Produto: Venda: 3481,58 ( 0 x 0,00 ) Id PrecoProduto: 0
(00:22:57) Preçco mais recente: Venda: 3481,58 ( 0 x 0,00 ) Id PrecoProduto: 6956084
(00:22:57) Mesmo preço
(00:22:57) Produto: Notebook Gamer Dell G3-3590-A60P 9ª Intel Core i7 8GB (Geforce GTX1660TI com 6GB) 512GB SSD 15,6" W10 ( https://www.americanas.com.br/produto/1535234111?pfm_carac=Notebooks&pfm_index=9&pfm_page=category&pfm_pos=grid&pfm_type=vit_product_grid )  cont: 82
(00:22:58) Produto existe (id:1641319)
(00:22:58) Preço Produto: Venda: 7399,99 ( 0 x 0,00 ) Id PrecoProduto: 0
(00:22:58) Preçco mais recente: Venda: 7399,99 ( 0 x 0,00 ) Id PrecoProduto: 6956085
(00:22:58) Mesmo preço
(00:22:58) Produto: Notebook Lenovo IdeaPad S145 i3-8130U 4GB 128GB SSD+Microsoft 365 Personal W10 15.6" 81XM0007BR ( https://www.americanas.com.br/produto/2120377814?pfm_carac=Notebooks&pfm_index=10&pfm_page=category&pfm_pos=grid&pfm_type=vit_product_grid )  cont: 83
(00:22:59) Produto existe (id:1591378)
(00:22:59) Preço Produto: Venda: 3099,00 ( 0 x 0,00 ) Id PrecoProduto: 0
(00:22:59) Preçco mais recente: Venda: 3099,00 ( 0 x 0,00 ) Id PrecoProduto: 6956086
(00:22:59) Mesmo preço
(00:22:59) Produto: Notebook Acer Aspire A315-54K-53ZP Intel Core i5 4GB 1TB 15,6 Windows 10 - Cinza ( https://www.americanas.com.br/produto/1832110608?pfm_carac=Notebooks&pfm_index=11&pfm_page=category&pfm_pos=grid&pfm_type=vit_product_grid )  cont: 84
(00:23:00) Produto existe (id:1573314)
(00:23:00) Preço Produto: Venda: 3499,99 ( 0 x 0,00 ) Id PrecoProduto: 0
(00:23:01) Preçco mais recente: Venda: 3499,99 ( 0 x 0,00 ) Id PrecoProduto: 6883968
(00:23:01) Mesmo preço
(00:23:01) Produto: Notebook Ultraportátil Dell XPS 13 9300-A30S 10ª geração Intel Core i7 16GB SSD de 1TB 13.4" Ultra HD 4K Windows 10 ( https://www.americanas.com.br/produto/1865374829?pfm_carac=Notebooks&pfm_index=12&pfm_page=category&pfm_pos=grid&pfm_type=vit_product_grid )  cont: 85
(00:23:02) Produto existe (id:1577758)
(00:23:02) Preço Produto: Venda: 11499,00 ( 0 x 0,00 ) Id PrecoProduto: 0
(00:23:02) Preçco mais recente: Venda: 11499,00 ( 0 x 0,00 ) Id PrecoProduto: 6848877
(00:23:02) Mesmo preço
(00:23:02) Produto: Notebook Dell Inspiron 3583-MS110S 8ª Geração Intel Core i7 8GB 1TB 128GB SSD Placa de vídeo AMD 15.6" Windows 10 Prata ( https://www.americanas.com.br/produto/1869936219?pfm_carac=Notebooks&pfm_index=13&pfm_page=category&pfm_pos=grid&pfm_type=vit_product_grid )  cont: 86
(00:23:03) Produto existe (id:1398024)
(00:23:03) Preço Produto: Venda: 5659,00 ( 0 x 0,00 ) Id PrecoProduto: 0
(00:23:03) Preçco mais recente: Venda: 5659,00 ( 0 x 0,00 ) Id PrecoProduto: 6956087
(00:23:03) Mesmo preço
(00:23:03) Produto: Chromebook Samsung Intel Celeron 4GB 32eMMC 11.6" HD - Grafite ( https://www.americanas.com.br/produto/1943745817?pfm_carac=Notebooks&pfm_index=14&pfm_page=category&pfm_pos=grid&pfm_type=vit_product_grid )  cont: 87
(00:23:04) Produto existe (id:1641320)
(00:23:04) Preço Produto: Venda: 1699,99 ( 0 x 0,00 ) Id PrecoProduto: 0
(00:23:04) Preçco mais recente: Venda: 1699,99 ( 0 x 0,00 ) Id PrecoProduto: 6956088
(00:23:04) Mesmo preço
(00:23:04) Produto: Notebook 2 em 1 Dell Inspiron i14-5481-M20 8ª Geração Intel Core i5 8GB 1TB 14" Touch Windows 10 McAfee ( https://www.americanas.com.br/produto/52520913?pfm_carac=Notebooks&pfm_index=15&pfm_page=category&pfm_pos=grid&pfm_type=vit_product_grid )  cont: 88
(00:23:05) Produto existe (id:1641321)
(00:23:05) Preço Produto: Venda: 4499,00 ( 0 x 0,00 ) Id PrecoProduto: 0
(00:23:05) Preçco mais recente: Venda: 4499,00 ( 0 x 0,00 ) Id PrecoProduto: 6956089
(00:23:05) Mesmo preço
(00:23:05) Produto: Notebook Gamer Acer AMD Ryzen 7 3750H 8GB 1TB+128SSD 4GB Tela 15 Polegadas ( https://www.americanas.com.br/produto/1902743532?pfm_carac=Notebooks&pfm_index=16&pfm_page=category&pfm_pos=grid&pfm_type=vit_product_grid )  cont: 89
(00:23:06) Produto existe (id:1641322)
(00:23:06) Preço Produto: Venda: 5353,90 ( 0 x 0,00 ) Id PrecoProduto: 0
(00:23:06) Preçco mais recente: Venda: 5353,90 ( 0 x 0,00 ) Id PrecoProduto: 6956090
(00:23:06) Mesmo preço
(00:23:06) Produto: Notebook Lenovo Ideapad S145 IntelCore7 -8565U 8GB 256GB SSD (Geforce Mx110) W10 15.6" ( https://www.americanas.com.br/produto/1786897761?pfm_carac=Notebooks&pfm_index=17&pfm_page=category&pfm_pos=grid&pfm_type=vit_product_grid )  cont: 90
(00:23:08) Produto existe (id:1603744)
(00:23:08) Preço Produto: Venda: 4399,99 ( 0 x 0,00 ) Id PrecoProduto: 0
(00:23:08) Preçco mais recente: Venda: 4399,99 ( 0 x 0,00 ) Id PrecoProduto: 6970749
(00:23:08) Mesmo preço
(00:23:08) Produto: Notebook VAIO FE14 Core i7 10ª Geração - 8GB - Windows 10 Home - SSD – Chumbo ( https://www.americanas.com.br/produto/1840699336?pfm_carac=Notebooks&pfm_index=18&pfm_page=category&pfm_pos=grid&pfm_type=vit_product_grid )  cont: 91
(00:23:09) Produto existe (id:1641323)
(00:23:09) Preço Produto: Venda: 5404,00 ( 0 x 0,00 ) Id PrecoProduto: 0
(00:23:09) Preçco mais recente: Venda: 5404,00 ( 0 x 0,00 ) Id PrecoProduto: 6956092
(00:23:09) Mesmo preço
(00:23:09) Produto: Notebook Dell Inspiron i15-3583-MFS1P 8ª Ger. Intel Core i5 8GB 256GB SSD 15.6" Windows 10 Preto McAfee ( https://www.americanas.com.br/produto/1668568181?pfm_carac=Notebooks&pfm_index=19&pfm_page=category&pfm_pos=grid&pfm_type=vit_product_grid )  cont: 92
(00:23:10) Produto existe (id:1641324)
(00:23:10) Preço Produto: Venda: 4419,00 ( 0 x 0,00 ) Id PrecoProduto: 0
(00:23:10) Preçco mais recente: Venda: 4419,00 ( 0 x 0,00 ) Id PrecoProduto: 6956093
(00:23:10) Mesmo preço
(00:23:10) Produto: Notebook Dell Inspiron 3583-MS80P 8ª Geração Intel Core i5 8GB 256GB SSD 15.6" Placa de vídeo AMD Windows 10 Preto ( https://www.americanas.com.br/produto/1869301037?pfm_carac=Notebooks&pfm_index=20&pfm_page=category&pfm_pos=grid&pfm_type=vit_product_grid )  cont: 93
(00:23:11) Produto existe (id:1641325)
(00:23:11) Preço Produto: Venda: 4549,00 ( 0 x 0,00 ) Id PrecoProduto: 0
(00:23:11) Preçco mais recente: Venda: 4549,00 ( 0 x 0,00 ) Id PrecoProduto: 6956094
(00:23:11) Mesmo preço
(00:23:11) Produto: Notebook Asus M509DA-BR324T AMD Ryzen 5 8GB 1TB 15,6   Windows 10 - Cinza Escuro ( https://www.americanas.com.br/produto/1674686441?pfm_carac=Notebooks&pfm_index=21&pfm_page=category&pfm_pos=grid&pfm_type=vit_product_grid )  cont: 94
(00:23:12) Produto existe (id:1641326)
(00:23:12) Preço Produto: Venda: 3699,00 ( 0 x 0,00 ) Id PrecoProduto: 0
(00:23:12) Preçco mais recente: Venda: 3699,00 ( 0 x 0,00 ) Id PrecoProduto: 6956095
(00:23:12) Mesmo preço
(00:23:12) Produto: Notebook Ultra Fino Lenovo, Intel® Core i7-1065G7, 8GB,256GB SSD, Tela 14",GeForce® MX250 2GB - Yoga S740 - 81RM0004BR ( https://www.americanas.com.br/produto/1546843042?pfm_carac=Notebooks&pfm_index=22&pfm_page=category&pfm_pos=grid&pfm_type=vit_product_grid )  cont: 95
(00:23:13) Produto existe (id:1641327)
(00:23:13) Preço Produto: Venda: 7959,17 ( 0 x 0,00 ) Id PrecoProduto: 0
(00:23:13) Preçco mais recente: Venda: 7959,17 ( 0 x 0,00 ) Id PrecoProduto: 6970750
(00:23:13) Mesmo preço
(00:23:13) Produto: Chromebook Samsung XE500C13-AD2BR Intel Celeron 4GB 16GB Tela 11.6" LED HD Preto ( https://www.americanas.com.br/produto/49457455?pfm_carac=Notebooks&pfm_index=23&pfm_page=category&pfm_pos=grid&pfm_type=vit_product_grid )  cont: 96
(00:23:14) Produto existe (id:1593368)
(00:23:14) Preço Produto: Venda: 1597,00 ( 0 x 0,00 ) Id PrecoProduto: 0
(00:23:14) Preçco mais recente: Venda: 1597,00 ( 0 x 0,00 ) Id PrecoProduto: 6970751
(00:23:14) Mesmo preço
(00:23:16) Produto: Notebook Asus X509FA-BR876T Intel Core i5 8GB 256GB SSD W10 Cinza Escuro ( https://www.americanas.com.br/produto/1823625044?pfm_carac=Notebooks&pfm_page=category&pfm_pos=grid&pfm_type=vit_product_grid )  cont: 97
(00:23:17) Produto existe (id:1641328)
(00:23:17) Preço Produto: Venda: 4359,99 ( 0 x 0,00 ) Id PrecoProduto: 0
(00:23:17) Preçco mais recente: Venda: 4359,99 ( 0 x 0,00 ) Id PrecoProduto: 6970752
(00:23:17) Mesmo preço
(00:23:17) Produto: Notebook 2 em 1 Dell Inspiron i14-5481-M30 8ª Geração Intel Core i7 8GB 1TB 14" Touch Windows 10 McAfee ( https://www.americanas.com.br/produto/52521601?pfm_carac=Notebooks&pfm_index=1&pfm_page=category&pfm_pos=grid&pfm_type=vit_product_grid )  cont: 98
(00:23:19) Produto existe (id:1644238)
(00:23:19) Preço Produto: Venda: 4999,00 ( 0 x 0,00 ) Id PrecoProduto: 0
(00:23:19) Preçco mais recente: Venda: 4999,00 ( 0 x 0,00 ) Id PrecoProduto: 6960314
(00:23:19) Mesmo preço
(00:23:19) Produto: Notebook Asus Vivobook X512FB-BR501T 10ª Intel Core I5 8GB (Geforce MX110 com 2GB) 1TB 15,6" W10 Cinza ( https://www.americanas.com.br/produto/1871867304?pfm_carac=Notebooks&pfm_index=2&pfm_page=category&pfm_pos=grid&pfm_type=vit_product_grid )  cont: 99
(00:23:20) Produto existe (id:1644239)
(00:23:20) Preço Produto: Venda: 4078,59 ( 0 x 0,00 ) Id PrecoProduto: 0
(00:23:20) Preçco mais recente: Venda: 4078,59 ( 0 x 0,00 ) Id PrecoProduto: 6970753
(00:23:20) Mesmo preço
(00:23:20) Produto: Chromebook Acer N7 C731-C9DA Intel Celeron® 4GB RAM 32 eMMC Tela de 11.6” HD Chrome OS ( https://www.americanas.com.br/produto/42408949?pfm_carac=Notebooks&pfm_index=3&pfm_page=category&pfm_pos=grid&pfm_type=vit_product_grid )  cont: 100
(00:23:21) Produto existe (id:1644240)
(00:23:21) Preço Produto: Venda: 1689,00 ( 0 x 0,00 ) Id PrecoProduto: 0
(00:23:21) Preçco mais recente: Venda: 1689,00 ( 0 x 0,00 ) Id PrecoProduto: 6960316
(00:23:21) Mesmo preço
(00:23:21) Produto: Notebook Dell Inspiron i14-3480-M30S 8ª Geração Intel Core i5 4GB 1TB 14" Windows 10 McAfee Prata ( https://www.americanas.com.br/produto/80805402?pfm_carac=Notebooks&pfm_index=4&pfm_page=category&pfm_pos=grid&pfm_type=vit_product_grid )  cont: 101
(00:23:22) Produto existe (id:1644241)
(00:23:22) Preço Produto: Venda: 3619,00 ( 0 x 0,00 ) Id PrecoProduto: 0
(00:23:22) Preçco mais recente: Venda: 3619,00 ( 0 x 0,00 ) Id PrecoProduto: 6960317
(00:23:22) Mesmo preço
(00:23:22) Produto: Notebook Samsung Ci3 4GB 1TB Windows 10 Tela 15.6 Polegadas ( https://www.americanas.com.br/produto/2069305591?pfm_carac=Notebooks&pfm_index=6&pfm_page=category&pfm_pos=grid&pfm_type=vit_product_grid )  cont: 102
(00:23:23) Produto existe (id:1649936)
(00:23:23) Preço Produto: Venda: 3099,00 ( 0 x 0,00 ) Id PrecoProduto: 0
(00:23:23) Preçco mais recente: Venda: 3099,00 ( 0 x 0,00 ) Id PrecoProduto: 6970754
(00:23:23) Mesmo preço
(00:23:23) Produto: Notebook Multilaser PC132 Legacy Cloud Atom 2GB 32GB 14" Windows 10 - Vermelho ( https://www.americanas.com.br/produto/1850123648?pfm_carac=Notebooks&pfm_index=7&pfm_page=category&pfm_pos=grid&pfm_type=vit_product_grid )  cont: 103
(00:23:24) Produto existe (id:1567357)
(00:23:24) Preço Produto: Venda: 1440,57 ( 0 x 0,00 ) Id PrecoProduto: 0
(00:23:24) Preçco mais recente: Venda: 1440,57 ( 0 x 0,00 ) Id PrecoProduto: 6970755
(00:23:24) Mesmo preço
(00:23:24) Produto: Notebook Gamer Dell G5-5590-M50P 9ª Geração Intel Core i5 8GB 256GB SSD Placa Vídeo NVIDIA GTX 1650 15.6" Windows 10 ( https://www.americanas.com.br/produto/1489327489?pfm_carac=Notebooks&pfm_index=8&pfm_page=category&pfm_pos=grid&pfm_type=vit_product_grid )  cont: 104
(00:23:25) Produto existe (id:1649937)
(00:23:25) Preço Produto: Venda: 7299,00 ( 0 x 0,00 ) Id PrecoProduto: 0
(00:23:25) Preçco mais recente: Venda: 7299,00 ( 0 x 0,00 ) Id PrecoProduto: 6970756
(00:23:25) Mesmo preço
(00:23:25) Produto: Notebook Dell Inspiron I15-3583-AS110S 8ª Intel Core I7 8GB (AMD Radeon 520 com 2GB) 1TB+128gGB SSD 15,6" W10 ( https://www.americanas.com.br/produto/1936036511?pfm_carac=Notebooks&pfm_index=9&pfm_page=category&pfm_pos=grid&pfm_type=vit_product_grid )  cont: 105
(00:23:26) Produto nao existe
(00:23:26) Codigo Produto:1655211
(00:23:26) Preço Produto: Venda: 5199,99 ( 0 x 0,00 ) Id PrecoProduto: 0
(00:23:27) Não existe preço
(00:23:27) Produto: Notebook Compaq Presario CQ32 Intel Pentium 4GB 120GB SSD 14" W10 ( https://www.americanas.com.br/produto/1499041927?pfm_carac=Notebooks&pfm_index=10&pfm_page=category&pfm_pos=grid&pfm_type=vit_product_grid )  cont: 106
(00:23:28) Produto nao existe
(00:23:28) Codigo Produto:1655212
(00:23:28) Preço Produto: Venda: 3099,00 ( 0 x 0,00 ) Id PrecoProduto: 0
(00:23:28) Não existe preço
(00:23:28) Produto: Notebook Ultrafino Dell Inspiron 5590-m30s 10ª Ger. Intel Core I7 16gb 256gb Ssd Nvidia Full Hd 15.6" Windows 10 Prata ( https://www.americanas.com.br/produto/1389552460?pfm_carac=Notebooks&pfm_index=11&pfm_page=category&pfm_pos=grid&pfm_type=vit_product_grid )  cont: 107
(00:23:29) Produto nao existe
(00:23:29) Codigo Produto:1655213
(00:23:29) Preço Produto: Venda: 7429,00 ( 0 x 0,00 ) Id PrecoProduto: 0
(00:23:29) Não existe preço
(00:23:29) Produto: Notebook Vaio FE14 Core i5 10ª 8GB 256GB SSD Windows 10 - Branco ( https://www.americanas.com.br/produto/1966344311?pfm_carac=Notebooks&pfm_index=12&pfm_page=category&pfm_pos=grid&pfm_type=vit_product_grid )  cont: 108
(00:23:30) Produto existe (id:1577028)
(00:23:30) Preço Produto: Venda: 4599,00 ( 0 x 0,00 ) Id PrecoProduto: 0
(00:23:30) Preçco mais recente: Venda: 4599,00 ( 0 x 0,00 ) Id PrecoProduto: 6848118
(00:23:30) Mesmo preço
(00:23:30) Produto: Notebook Dell Inspiron i14-3481-M30S 8ª geração Intel Core i3 4GB 1TB 14" Windows 10 Prata ( https://www.americanas.com.br/produto/71614457?pfm_carac=Notebooks&pfm_index=13&pfm_page=category&pfm_pos=grid&pfm_type=vit_product_grid )  cont: 109
(00:23:31) Produto nao existe
(00:23:31) Codigo Produto:1655214
(00:23:31) Preço Produto: Venda: 3199,00 ( 0 x 0,00 ) Id PrecoProduto: 0
(00:23:31) Não existe preço
(00:23:31) Produto: Notebook Asus Vivobook X512FJ-EJ556T Intel Core I7 8GB (Geforce MX230 com 2GB) 512GB SSD 15,6" W10 Prata Metálico ( https://www.americanas.com.br/produto/1871867611?pfm_carac=Notebooks&pfm_index=14&pfm_page=category&pfm_pos=grid&pfm_type=vit_product_grid )  cont: 110
(00:23:32) Produto nao existe
(00:23:32) Codigo Produto:1655215
(00:23:32) Preço Produto: Venda: 6449,99 ( 0 x 0,00 ) Id PrecoProduto: 0
(00:23:32) Não existe preço
(00:23:32) Produto: Notebook 2 em 1 Inspiron I14-5481-A20S Intel Core i5 8GB 1TB 14" W10 Prata - Dell ( https://www.americanas.com.br/produto/134238188?pfm_carac=Notebooks&pfm_index=15&pfm_page=category&pfm_pos=grid&pfm_type=vit_product_grid )  cont: 111
(00:23:33) Produto nao existe
(00:23:33) Codigo Produto:1655216
(00:23:33) Preço Produto: Venda: 4499,00 ( 0 x 0,00 ) Id PrecoProduto: 0
(00:23:33) Não existe preço
(00:23:33) Produto: Notebook Gamer Dell G3-3590-M50P 9ª Geração Intel Core i5 8GB 512GB SSD Placa Vídeo NVIDIA GTX 1650 15.6" Windows 10 ( https://www.americanas.com.br/produto/1489297435?pfm_carac=Notebooks&pfm_index=16&pfm_page=category&pfm_pos=grid&pfm_type=vit_product_grid )  cont: 112
(00:23:34) Produto nao existe
(00:23:34) Codigo Produto:1655217
(00:23:34) Preço Produto: Venda: 6279,00 ( 0 x 0,00 ) Id PrecoProduto: 0
(00:23:34) Não existe preço
(00:23:34) Produto: Notebook Positivo Motion I54240A Intel Core i5 4GB 240GB SSSD 14" W10 ( https://www.americanas.com.br/produto/1752917524?pfm_carac=Notebooks&pfm_index=17&pfm_page=category&pfm_pos=grid&pfm_type=vit_product_grid )  cont: 113
(00:23:35) Produto existe (id:1598574)
(00:23:35) Preço Produto: Venda: 3099,99 ( 0 x 0,00 ) Id PrecoProduto: 0
(00:23:36) Preçco mais recente: Venda: 3179,99 ( 0 x 0,00 ) Id PrecoProduto: 6884014
(00:23:36) Mudança de preço
(00:23:36) Mudança de preço (Ajuste:2.515731)
(00:23:36) Produto: Notebook Asus Vivobook X512FJ-EJ553T 8ª Intel Core i7 (8GB RAM + 32GB Optane) Geforce MX230 2GB 512GB SSD 15,6   Windows 10 - Prata Metálico ( https://www.americanas.com.br/produto/1677372068?pfm_carac=Notebooks&pfm_index=18&pfm_page=category&pfm_pos=grid&pfm_type=vit_product_grid )  cont: 114
(00:23:37) Produto nao existe
(00:23:37) Codigo Produto:1655218
(00:23:37) Preço Produto: Venda: 6299,99 ( 0 x 0,00 ) Id PrecoProduto: 0
(00:23:37) Não existe preço
(00:23:37) Produto: Notebook Samsung Chromebook AD2BR Intel Celeron Dual Core 2GB 16GB Tela LED HD 11.6" Chrome OS - Preto ( https://www.americanas.com.br/produto/132165827?pfm_carac=Notebooks&pfm_index=19&pfm_page=category&pfm_pos=grid&pfm_type=vit_product_grid )  cont: 115
(00:23:38) Produto nao existe
(00:23:38) Codigo Produto:1655219
(00:23:38) Preço Produto: Venda: 1597,00 ( 0 x 0,00 ) Id PrecoProduto: 0
(00:23:38) Não existe preço
(00:23:38) Produto: Chromebook Samsung XE500C13-AD1BR Intel Celeron Dual Core 2GB 16GB Tela 11.6" LED HD Chrome OS - Preto ( https://www.americanas.com.br/produto/127370711?pfm_carac=Notebooks&pfm_index=20&pfm_page=category&pfm_pos=grid&pfm_type=vit_product_grid )  cont: 116
(00:23:39) Produto existe (id:1644251)
(00:23:39) Preço Produto: Venda: 1597,00 ( 0 x 0,00 ) Id PrecoProduto: 0
(00:23:39) Preçco mais recente: Venda: 1577,00 ( 0 x 0,00 ) Id PrecoProduto: 6960329
(00:23:39) Mudança de preço
(00:23:39) Mudança de preço (Ajuste:-1.2682308)
(00:23:39) Produto: Notebook Acer Chromebook 11 N7, Intel Celeron N3060, 4GB, 32GB, Chrome OS, 11.6 ( https://www.americanas.com.br/produto/1952909924?pfm_carac=Notebooks&pfm_index=21&pfm_page=category&pfm_pos=grid&pfm_type=vit_product_grid )  cont: 117
(00:23:40) Produto existe (id:1576861)
(00:23:40) Preço Produto: Venda: 1789,90 ( 0 x 0,00 ) Id PrecoProduto: 0
(00:23:40) Preçco mais recente: Venda: 1789,90 ( 0 x 0,00 ) Id PrecoProduto: 6847941
(00:23:40) Mesmo preço
(00:23:40) Produto: Notebook Positivo Motion Core i3 4GB 1TB Tela 14” HD Windows 10 Home ( https://www.americanas.com.br/produto/1952135439?pfm_carac=Notebooks&pfm_index=22&pfm_page=category&pfm_pos=grid&pfm_type=vit_product_grid )  cont: 118
(00:23:41) Produto nao existe
(00:23:41) Codigo Produto:1655220
(00:23:41) Preço Produto: Venda: 2548,29 ( 0 x 0,00 ) Id PrecoProduto: 0
(00:23:41) Não existe preço
(00:23:41) Produto: Notebook Dell Inspiron I14-5490-A40L 10ª Intel Core i7 16GB (Geforce MX230 com 2GB) 256GB SSD 14" W10 ( https://www.americanas.com.br/produto/1667775541?pfm_carac=Notebooks&pfm_index=23&pfm_page=category&pfm_pos=grid&pfm_type=vit_product_grid )  cont: 119
(00:23:43) Produto nao existe
(00:23:43) Codigo Produto:1655221
(00:23:43) Preço Produto: Venda: 7199,99 ( 0 x 0,00 ) Id PrecoProduto: 0
(00:23:43) Não existe preço
(00:23:44) Produto: Notebook Dell Inspiron I15-3584-A10P Intel Core I3 4GB 1TB LED 15,6" W10 Preto ( https://www.americanas.com.br/produto/134529524?pfm_carac=Notebooks&pfm_page=category&pfm_pos=grid&pfm_type=vit_product_grid )  cont: 120
(00:23:45) Produto nao existe
(00:23:45) Codigo Produto:1655222
(00:23:45) Preço Produto: Venda: 3399,00 ( 0 x 0,00 ) Id PrecoProduto: 0
(00:23:45) Não existe preço
(00:23:45) Produto: Notebook Positivo Motion C4128D Intel Celeron 4GB 128GB SSD 14” FHD Windows 10 ( https://www.americanas.com.br/produto/1990205872?pfm_carac=Notebooks&pfm_index=1&pfm_page=category&pfm_pos=grid&pfm_type=vit_product_grid )  cont: 121
(00:23:46) Produto existe (id:1556920)
(00:23:46) Preço Produto: Venda: 1999,00 ( 0 x 0,00 ) Id PrecoProduto: 0
(00:23:46) Preçco mais recente: Venda: 2249,00 ( 0 x 0,00 ) Id PrecoProduto: 6815826
(00:23:46) Mudança de preço
(00:23:46) Mudança de preço (Ajuste:11.116052)
(00:23:46) Produto: notebook acer aspire 3 15,6 a315-34-c6zs intel celeron n4000 4gb ram 1tb hd endless os preto ( https://www.americanas.com.br/produto/1882581619?pfm_carac=Notebooks&pfm_index=2&pfm_page=category&pfm_pos=grid&pfm_type=vit_product_grid )  cont: 122
(00:23:47) Produto existe (id:1612875)
(00:23:47) Preço Produto: Venda: 2799,00 ( 0 x 0,00 ) Id PrecoProduto: 0
(00:23:48) Preçco mais recente: Venda: 2599,00 ( 0 x 0,00 ) Id PrecoProduto: 6907526
(00:23:48) Mudança de preço
(00:23:48) Mudança de preço (Ajuste:-7.695267)
(00:23:48) Produto: Notebook Multilaser Legacy Book Celeron 4Gb 120Gb SSD Cinza ( https://www.americanas.com.br/produto/1976906550?pfm_carac=Notebooks&pfm_index=3&pfm_page=category&pfm_pos=grid&pfm_type=vit_product_grid )  cont: 123
(00:23:49) Produto nao existe
(00:23:49) Codigo Produto:1655223
(00:23:49) Preço Produto: Venda: 2537,10 ( 0 x 0,00 ) Id PrecoProduto: 0
(00:23:49) Não existe preço
(00:23:49) Produto: Notebook Dell Inspiron I15-3583-A2XB 8ª Intel Core I5 4GB 1TB LED 15,6" Windows 10 - Branco ( https://www.americanas.com.br/produto/624504821?pfm_carac=Notebooks&pfm_index=4&pfm_page=category&pfm_pos=grid&pfm_type=vit_product_grid )  cont: 124
(00:23:50) Produto nao existe
(00:23:50) Codigo Produto:1655224
(00:23:50) Preço Produto: Venda: 3899,99 ( 0 x 0,00 ) Id PrecoProduto: 0
(00:23:50) Não existe preço
(00:23:50) Produto: Notebook Dell Inspiron i15-3583-MS90S 8ª Geração Intel Core i7 8GB 256GB SSD 15.6" Windows 10 Prata ( https://www.americanas.com.br/produto/1838760142?pfm_carac=Notebooks&pfm_index=5&pfm_page=category&pfm_pos=grid&pfm_type=vit_product_grid )  cont: 125
(00:23:51) Produto existe (id:1603754)
(00:23:51) Preço Produto: Venda: 5319,00 ( 0 x 0,00 ) Id PrecoProduto: 0
(00:23:51) Preçco mais recente: Venda: 5319,00 ( 0 x 0,00 ) Id PrecoProduto: 6892261
(00:23:51) Mesmo preço
(00:23:51) Produto: Notebook Dell Inspiron i15-3584-M30P 8ª geração Intel Core i3 4GB 1TB 15.6" Windows 10 Preto ( https://www.americanas.com.br/produto/66243119?pfm_carac=Notebooks&pfm_index=6&pfm_page=category&pfm_pos=grid&pfm_type=vit_product_grid )  cont: 126
(00:23:52) Produto existe (id:1644256)
(00:23:52) Preço Produto: Venda: 3399,00 ( 0 x 0,00 ) Id PrecoProduto: 0
(00:23:52) Preçco mais recente: Venda: 3399,00 ( 0 x 0,00 ) Id PrecoProduto: 6960334
(00:23:52) Mesmo preço
(00:23:52) Produto: Notebook Gamer Asus M570DD-DM122T AMD R5 8GB (Geforce GTX1050 com 4GB) 1TB W10 15,6   - Black / Blue ( https://www.americanas.com.br/produto/1772437544?pfm_carac=Notebooks&pfm_index=7&pfm_page=category&pfm_pos=grid&pfm_type=vit_product_grid )  cont: 127
(00:23:53) Produto existe (id:1644257)
(00:23:53) Preço Produto: Venda: 4942,17 ( 0 x 0,00 ) Id PrecoProduto: 0
(00:23:53) Preçco mais recente: Venda: 4974,34 ( 0 x 0,00 ) Id PrecoProduto: 6960335
(00:23:53) Mudança de preço
(00:23:53) Mudança de preço (Ajuste:0.6467174)
(00:23:53) Produto: Noteboook Samsung Book E30 10 Intel Core i3 4GB 1TB W10 15,6 FHD Prata + Mochila Targus Intellect Essential 15,6" - Black ( https://www.americanas.com.br/produto/1853010041?pfm_carac=Notebooks&pfm_index=8&pfm_page=category&pfm_pos=grid&pfm_type=vit_product_grid )  cont: 128
(00:23:54) Produto existe (id:1555220)
(00:23:54) Preço Produto: Venda: 3099,99 ( 0 x 0,00 ) Id PrecoProduto: 0
(00:23:54) Preçco mais recente: Venda: 3099,99 ( 0 x 0,00 ) Id PrecoProduto: 6823474
(00:23:54) Mesmo preço
(00:23:54) Produto: Notebook Gamer Dell G5-5590-M70B 9ª Geração Intel Core i7 16GB 512GB SSD Placa Vídeo NVIDIA GTX 1660Ti 15.6" Windows 10 ( https://www.americanas.com.br/produto/1489327307?pfm_carac=Notebooks&pfm_index=9&pfm_page=category&pfm_pos=grid&pfm_type=vit_product_grid )  cont: 129
(00:23:56) Produto existe (id:1644258)
(00:23:56) Preço Produto: Venda: 9599,00 ( 0 x 0,00 ) Id PrecoProduto: 0
(00:23:56) Preçco mais recente: Venda: 9599,00 ( 0 x 0,00 ) Id PrecoProduto: 6960336
(00:23:56) Mesmo preço
(00:23:56) Produto: Notebook Vaio FE14 B0511H Intel Core I3 4GB 128GB SSD 14" W10 ( https://www.americanas.com.br/produto/1729611017?pfm_carac=Notebooks&pfm_index=10&pfm_page=category&pfm_pos=grid&pfm_type=vit_product_grid )  cont: 130
(00:23:57) Produto existe (id:1622458)
(00:23:57) Preço Produto: Venda: 3099,99 ( 0 x 0,00 ) Id PrecoProduto: 0
(00:23:57) Preçco mais recente: Venda: 3149,99 ( 0 x 0,00 ) Id PrecoProduto: 6922271
(00:23:57) Mudança de preço
(00:23:57) Mudança de preço (Ajuste:1.5873067)
(00:23:57) Produto: Notebook Acer Aspire N3060 4GB SSD 120GB 15.6" Windows 10 Pro ( https://www.americanas.com.br/produto/172717711?pfm_carac=Notebooks&pfm_index=11&pfm_page=category&pfm_pos=grid&pfm_type=vit_product_grid )  cont: 131
(00:23:58) Produto existe (id:1600166)
(00:23:58) Preço Produto: Venda: 2989,00 ( 0 x 0,00 ) Id PrecoProduto: 0
(00:23:58) Preçco mais recente: Venda: 2989,00 ( 0 x 0,00 ) Id PrecoProduto: 6885838
(00:23:58) Mesmo preço
(00:23:58) Produto: Macbook Air MWTK2BZ/A Intel Core i3 8GB 256GB SSD 13,3" Prata ( https://www.americanas.com.br/produto/1756005397?pfm_carac=Notebooks&pfm_index=12&pfm_page=category&pfm_pos=grid&pfm_type=vit_product_grid )  cont: 132
(00:23:59) Produto existe (id:1598496)
(00:23:59) Preço Produto: Venda: 8599,99 ( 0 x 0,00 ) Id PrecoProduto: 0
(00:23:59) Preçco mais recente: Venda: 9199,99 ( 0 x 0,00 ) Id PrecoProduto: 6883925
(00:23:59) Mudança de preço
(00:23:59) Mudança de preço (Ajuste:6.5217457)
(00:23:59) Produto: Notebook Lenovo Ultrafino Ideapad S145 8ª Intel Core I7 8GB (Geforce MX110 com 2GB) 1TB FHD 15,6" W10 Prata + Mochila Targus 15,6" Intellect Plus ( https://www.americanas.com.br/produto/1692490556?pfm_carac=Notebooks&pfm_index=13&pfm_page=category&pfm_pos=grid&pfm_type=vit_product_grid )  cont: 133
(00:24:00) Produto existe (id:1584998)
(00:24:00) Preço Produto: Venda: 4199,99 ( 0 x 0,00 ) Id PrecoProduto: 0
(00:24:00) Preçco mais recente: Venda: 4199,99 ( 0 x 0,00 ) Id PrecoProduto: 6862214
(00:24:00) Mesmo preço
(00:24:00) Produto: Notebook Gamer Dell G5-5590-M60P 9ª Geração Intel Core i7 8GB 512GB SSD Placa Vídeo NVIDIA GTX 1660Ti 15.6" Windows 10 ( https://www.americanas.com.br/produto/1939152015?pfm_carac=Notebooks&pfm_index=14&pfm_page=category&pfm_pos=grid&pfm_type=vit_product_grid )  cont: 134
(00:24:02) Produto nao existe
(00:24:02) Codigo Produto:1655225
(00:24:02) Preço Produto: Venda: 8739,00 ( 0 x 0,00 ) Id PrecoProduto: 0
(00:24:02) Não existe preço
(00:24:02) Produto: Notebook Lenovo Core I7-1065g7 20gb 1tbssd+2tb 15,6 Full Hd Customizado ( https://www.americanas.com.br/produto/2218856194?pfm_carac=Notebooks&pfm_index=15&pfm_page=category&pfm_pos=grid&pfm_type=vit_product_grid )  cont: 135
(00:24:03) Produto nao existe
(00:24:03) Codigo Produto:1655226
(00:24:03) Preço Produto: Venda: 8149,00 ( 0 x 0,00 ) Id PrecoProduto: 0
(00:24:03) Não existe preço
(00:24:03) Produto: Notebook Asus X509FA-BR800T 8ª Intel Core i5 8GB 1TB 15,6   Windows 10 Prata - Metálico ( https://www.americanas.com.br/produto/1676380816?pfm_carac=Notebooks&pfm_index=16&pfm_page=category&pfm_pos=grid&pfm_type=vit_product_grid )  cont: 136
(00:24:04) Produto existe (id:1598612)
(00:24:04) Preço Produto: Venda: 3699,90 ( 0 x 0,00 ) Id PrecoProduto: 0
(00:24:04) Preçco mais recente: Venda: 4699,00 ( 0 x 0,00 ) Id PrecoProduto: 6884056
(00:24:04) Mudança de preço
(00:24:04) Mudança de preço (Ajuste:21.261972)
(00:24:04) Produto: Notebook Gamer Dell G3-3590-M60B 9ª Geração Intel Core i7 8GB 512GB SSD Placa Vídeo NVIDIA 1660Ti 15.6" Windows 10 Branco ( https://www.americanas.com.br/produto/1508913100?pfm_carac=Notebooks&pfm_index=17&pfm_page=category&pfm_pos=grid&pfm_type=vit_product_grid )  cont: 137
(00:24:05) Produto existe (id:1556251)
(00:24:05) Preço Produto: Venda: 7599,00 ( 0 x 0,00 ) Id PrecoProduto: 0
(00:24:05) Preçco mais recente: Venda: 7599,00 ( 0 x 0,00 ) Id PrecoProduto: 6815141
(00:24:05) Mesmo preço
(00:24:05) Produto: Notebook Lenovo Yoga S740 i7-1065G7 8GB 256GB SSD MX 250 2GB W10 14" Full HD 81RM0004BR Grafite ( https://www.americanas.com.br/produto/1491253896?pfm_carac=Notebooks&pfm_index=18&pfm_page=category&pfm_pos=grid&pfm_type=vit_product_grid )  cont: 138
(00:24:06) Produto existe (id:1604666)
(00:24:06) Preço Produto: Venda: 8399,00 ( 0 x 0,00 ) Id PrecoProduto: 0
(00:24:06) Preçco mais recente: Venda: 8399,00 ( 0 x 0,00 ) Id PrecoProduto: 6893329
(00:24:06) Mesmo preço
(00:24:06) Produto: Notebook Samsung Book X30 10ª Intel Core I5 8GB 1TB W10 15,6 Prata + Mochila Targus Intellect Essential 15,6" - Black ( https://www.americanas.com.br/produto/1848329778?pfm_carac=Notebooks&pfm_index=19&pfm_page=category&pfm_pos=grid&pfm_type=vit_product_grid )  cont: 139
(00:24:07) Produto existe (id:1585002)
(00:24:07) Preço Produto: Venda: 3729,99 ( 0 x 0,00 ) Id PrecoProduto: 0
(00:24:08) Preçco mais recente: Venda: 3729,99 ( 0 x 0,00 ) Id PrecoProduto: 6862220
(00:24:08) Mesmo preço
(00:24:08) Produto: Notebook Asus Zenbook 14 UX434FAC-A6339T Intel Core I7 8GB 256 SSD W10 Prata Metálico ( https://www.americanas.com.br/produto/1776840541?pfm_carac=Notebooks&pfm_index=20&pfm_page=category&pfm_pos=grid&pfm_type=vit_product_grid )  cont: 140
(00:24:09) Produto existe (id:1562246)
(00:24:09) Preço Produto: Venda: 8049,43 ( 0 x 0,00 ) Id PrecoProduto: 0
(00:24:09) Preçco mais recente: Venda: 8049,43 ( 0 x 0,00 ) Id PrecoProduto: 6824665
(00:24:09) Mesmo preço
(00:24:09) Produto: Notebook Dell Inspiron i15-3584-MS40P 8ª geração Intel Core i3 4GB 128GB SSD 15.6" Windows 10 Preto ( https://www.americanas.com.br/produto/1869300991?pfm_carac=Notebooks&pfm_index=21&pfm_page=category&pfm_pos=grid&pfm_type=vit_product_grid )  cont: 141
(00:24:10) Produto existe (id:1599298)
(00:24:10) Preço Produto: Venda: 3489,00 ( 0 x 0,00 ) Id PrecoProduto: 0
(00:24:10) Preçco mais recente: Venda: 3489,00 ( 0 x 0,00 ) Id PrecoProduto: 6884851
(00:24:10) Mesmo preço
(00:24:10) Produto: Notebook Lenovo I3 Tela 15.6 4GB RAM 1T BS145 ( https://www.americanas.com.br/produto/1738803133?pfm_carac=Notebooks&pfm_index=22&pfm_page=category&pfm_pos=grid&pfm_type=vit_product_grid )  cont: 142
(00:24:12) Produto existe (id:1562495)
(00:24:12) Preço Produto: Venda: 3399,90 ( 0 x 0,00 ) Id PrecoProduto: 0
(00:24:12) Preçco mais recente: Venda: 3399,90 ( 0 x 0,00 ) Id PrecoProduto: 6824937
(00:24:12) Mesmo preço
(00:24:12) Produto: Notebook Ultrafino Dell Inspiron 5590-m20s 10ª Ger. Intel Core I7 8gb 256gb Ssd Nvidia Full Hd 15.6" Windows 10 Prata ( https://www.americanas.com.br/produto/1389552136?pfm_carac=Notebooks&pfm_index=23&pfm_page=category&pfm_pos=grid&pfm_type=vit_product_grid )  cont: 143
(00:24:13) Produto existe (id:1556257)
(00:24:13) Preço Produto: Venda: 6879,00 ( 0 x 0,00 ) Id PrecoProduto: 0
(00:24:13) Preçco mais recente: Venda: 6879,00 ( 0 x 0,00 ) Id PrecoProduto: 6815147
(00:24:13) Mesmo preço
