(02:20:08) Loja:Americanas
(02:22:00) Categoria:Notebooks
(02:22:00) CategoriaLoja(detalhe):CategoriaLoja {IdCategoriaLoja:817;Nome:Notebooks;Url:https://www.americanas.com.br/categoria/informatica/notebooks?pagina-1;DataInclusao:20-03-2015;IdCategoriaLojaF:0;IdNaturezaProdutoRa:10;IdLojaVirtualPa:1;}
(02:22:02) URL: https://www.americanas.com.br/categoria/informatica/notebooks?pagina-1
(02:22:05) Produto: Notebook Positivo Motion Q464B Intel Atom Quad core 4GB 64GB SSD + 64GB Nuvem 14" W10 Vermelho ( https://www.americanas.com.br/produto/1506963998 )  cont: 1
(02:22:05) Origem: https://www.americanas.com.br/categoria/informatica/notebooks?pagina-1
(02:22:07) Produto existe (id:1778959)
(02:22:07) Preço Produto: Venda: 1499,00 ( 0 x 0,00 ) Id PrecoProduto: 0
(02:22:08) Preçco mais recente: Venda: 1449,99 ( 0 x 0,00 ) Id PrecoProduto: 7185241
(02:22:08) Mudança de preço
(02:22:08) Mudança de preço (Ajuste:-3.380024)
(02:22:08) Produto: Notebook Multilaser Pc133 Legacy Cloud Atom Z8350 2gb 32gb 14" ( https://www.americanas.com.br/produto/2428655665 )  cont: 2
(02:22:08) Origem: https://www.americanas.com.br/categoria/informatica/notebooks?pagina-1
(02:22:10) Produto existe (id:1778958)
(02:22:10) Preço Produto: Venda: 1399,99 ( 0 x 0,00 ) Id PrecoProduto: 0
(02:22:11) Preçco mais recente: Venda: 1399,99 ( 0 x 0,00 ) Id PrecoProduto: 7186998
(02:22:11) Mesmo preço
(02:22:11) Produto: Notebook Positivo Motion I54240A Intel Core i5 4GB 240GB SSSD 14  W10 Cinza escuro ( https://www.americanas.com.br/produto/1752917524 )  cont: 3
(02:22:11) Origem: https://www.americanas.com.br/categoria/informatica/notebooks?pagina-1
(02:22:13) Produto existe (id:1778960)
(02:22:13) Preço Produto: Venda: 2799,00 ( 0 x 0,00 ) Id PrecoProduto: 0
(02:22:13) Preçco mais recente: Venda: 2799,99 ( 0 x 0,00 ) Id PrecoProduto: 7186017
(02:22:13) Mudança de preço
(02:22:13) Mudança de preço (Ajuste:0.03535692)
(02:22:13) Produto: Notebook Vaio FE15 Intel Core I5 8GB 256GB SSD 15.6" Linux Chumbo Escuro ( https://www.americanas.com.br/produto/1961678689 )  cont: 4
(02:22:13) Origem: https://www.americanas.com.br/categoria/informatica/notebooks?pagina-1
(02:22:15) Produto existe (id:1778964)
(02:22:15) Preço Produto: Venda: 4299,99 ( 0 x 0,00 ) Id PrecoProduto: 0
(02:22:16) Preçco mais recente: Venda: 3499,99 ( 0 x 0,00 ) Id PrecoProduto: 7186018
(02:22:16) Mudança de preço
(02:22:16) Mudança de preço (Ajuste:-22.857214)
(02:22:16) Produto: Notebook Compaq Presario CQ-25 4GB 120GB SSD 14   ( https://www.americanas.com.br/produto/1818873801 )  cont: 5
(02:22:16) Origem: https://www.americanas.com.br/categoria/informatica/notebooks?pagina-1
(02:22:18) Produto existe (id:1778968)
(02:22:18) Preço Produto: Venda: 1599,99 ( 0 x 0,00 ) Id PrecoProduto: 0
(02:22:18) Preçco mais recente: Venda: 1599,99 ( 0 x 0,00 ) Id PrecoProduto: 7186019
(02:22:18) Mesmo preço
(02:22:18) Produto: Notebook Asus X509FA-BR876T 8ª Intel Core i5 8GB 256GB SSD 15,6" W10 Cinza Escuro ( https://www.americanas.com.br/produto/1823625044 )  cont: 6
(02:22:18) Origem: https://www.americanas.com.br/categoria/informatica/notebooks?pagina-1
(02:22:21) Produto existe (id:1778969)
(02:22:21) Preço Produto: Venda: 4396,99 ( 0 x 0,00 ) Id PrecoProduto: 0
(02:22:21) Preçco mais recente: Venda: 3799,99 ( 0 x 0,00 ) Id PrecoProduto: 7186020
(02:22:21) Mudança de preço
(02:22:21) Mudança de preço (Ajuste:-15.710574)
(02:22:21) Produto: Notebook Acer Aspire 3 A315-56-35ET 10ª Intel Core i3 8GB 512GB SSD W10 15,6   ( https://www.americanas.com.br/produto/1824323427 )  cont: 7
(02:22:21) Origem: https://www.americanas.com.br/categoria/informatica/notebooks?pagina-1
(02:22:23) Produto existe (id:1778967)
(02:22:23) Preço Produto: Venda: 3298,99 ( 0 x 0,00 ) Id PrecoProduto: 0
(02:22:23) Preçco mais recente: Venda: 3199,99 ( 0 x 0,00 ) Id PrecoProduto: 7169773
(02:22:23) Mudança de preço
(02:22:23) Mudança de preço (Ajuste:-3.0937598)
(02:22:23) Produto: Notebook Dell Inspiron I15-3583-AS90P 8ª Intel Core I7 8GB 256GB SSD 15,6" W10 ( https://www.americanas.com.br/produto/1936036537 )  cont: 8
(02:22:23) Origem: https://www.americanas.com.br/categoria/informatica/notebooks?pagina-1
(02:22:25) Produto existe (id:1778973)
(02:22:25) Preço Produto: Venda: 4444,43 ( 0 x 0,00 ) Id PrecoProduto: 0
(02:22:25) Preçco mais recente: Venda: 4444,43 ( 0 x 0,00 ) Id PrecoProduto: 7186024
(02:22:25) Mesmo preço
(02:22:26) Produto: Notebook Dell Inspiron I15-3583-AS100P 8ª Intel Core I7 8GB (Placa AMD Radeon 520 com 2GB) 256GB SSD 15,6" W10 ( https://www.americanas.com.br/produto/1936036502 )  cont: 9
(02:22:26) Origem: https://www.americanas.com.br/categoria/informatica/notebooks?pagina-1
(02:22:28) Produto existe (id:1778971)
(02:22:28) Preço Produto: Venda: 5399,99 ( 0 x 0,00 ) Id PrecoProduto: 0
(02:22:28) Preçco mais recente: Venda: 4549,00 ( 0 x 0,00 ) Id PrecoProduto: 7186021
(02:22:28) Mudança de preço
(02:22:28) Mudança de preço (Ajuste:-18.707193)
(02:22:28) Produto: Notebook Gamer 2AM E550 Intel Core I7 8GB (GeForce GTX 1050 com 3GB) 256GB SSD IPS Full HD 15,6" Freedos Cinza Escuro ( https://www.americanas.com.br/produto/1885942791 )  cont: 10
(02:22:28) Origem: https://www.americanas.com.br/categoria/informatica/notebooks?pagina-1
(02:22:30) Produto existe (id:1778974)
(02:22:30) Preço Produto: Venda: 5599,99 ( 0 x 0,00 ) Id PrecoProduto: 0
(02:22:30) Preçco mais recente: Venda: 5599,99 ( 0 x 0,00 ) Id PrecoProduto: 7186023
(02:22:30) Mesmo preço
(02:22:30) Produto: Notebook Vaio FE15 Intel Core I7 8GB 256GB SSD 15.6" Linux Chumbo Escuro ( https://www.americanas.com.br/produto/1961678523 )  cont: 11
(02:22:30) Origem: https://www.americanas.com.br/categoria/informatica/notebooks?pagina-1
(02:22:33) Produto existe (id:1778972)
(02:22:33) Preço Produto: Venda: 3999,99 ( 0 x 0,00 ) Id PrecoProduto: 0
(02:22:33) Preçco mais recente: Venda: 3999,99 ( 0 x 0,00 ) Id PrecoProduto: 7186025
(02:22:33) Mesmo preço
(02:22:33) Produto: Notebook Ultrafino Lenovo Ideapad S145 Intel Core i3-8130U 8GB 1TB 15.6" W10 - Prata ( https://www.americanas.com.br/produto/2051525501 )  cont: 12
(02:22:33) Origem: https://www.americanas.com.br/categoria/informatica/notebooks?pagina-1
(02:22:35) Produto existe (id:1778975)
(02:22:35) Preço Produto: Venda: 2799,99 ( 0 x 0,00 ) Id PrecoProduto: 0
(02:22:35) Preçco mais recente: Venda: 2759,99 ( 0 x 0,00 ) Id PrecoProduto: 7184206
(02:22:35) Mudança de preço
(02:22:35) Mudança de preço (Ajuste:-1.4492806)
(02:22:35) Produto: Notebook Gamer 2AM E550 Intel Core I5 8GB (GeForce GTX 1050 com 3GB) 1TB HD+128GB SSD IPS Full HD 15,6" Freedos Cinza Escuro ( https://www.americanas.com.br/produto/1885941683 )  cont: 13
(02:22:35) Origem: https://www.americanas.com.br/categoria/informatica/notebooks?pagina-1
(02:22:37) Produto existe (id:1778977)
(02:22:37) Preço Produto: Venda: 4999,99 ( 0 x 0,00 ) Id PrecoProduto: 0
(02:22:37) Preçco mais recente: Venda: 4999,99 ( 0 x 0,00 ) Id PrecoProduto: 7186026
(02:22:37) Mesmo preço
(02:22:37) Produto: Notebook Dell Inspiron I15-3584-D30P 8ª Intel Core i3 4GB 1TB 15,6" Preto Linux ( https://www.americanas.com.br/produto/1897089441 )  cont: 14
(02:22:37) Origem: https://www.americanas.com.br/categoria/informatica/notebooks?pagina-1
(02:22:40) Produto existe (id:1778970)
(02:22:40) Preço Produto: Venda: 2999,99 ( 0 x 0,00 ) Id PrecoProduto: 0
(02:22:40) Preçco mais recente: Venda: 2799,99 ( 0 x 0,00 ) Id PrecoProduto: 7186022
(02:22:40) Mudança de preço
(02:22:40) Mudança de preço (Ajuste:-7.142883)
(02:22:40) Produto: Notebook Samsung Book E20 Intel Celeron 4GB 500GB W10 15,6" Prata ( https://www.americanas.com.br/produto/1772549239 )  cont: 15
(02:22:40) Origem: https://www.americanas.com.br/categoria/informatica/notebooks?pagina-1
(02:22:42) Produto existe (id:1778982)
(02:22:42) Preço Produto: Venda: 2729,57 ( 0 x 0,00 ) Id PrecoProduto: 0
(02:22:42) Preçco mais recente: Venda: 2249,99 ( 0 x 0,00 ) Id PrecoProduto: 7186028
(02:22:42) Mudança de preço
(02:22:42) Mudança de preço (Ajuste:-21.314766)
(02:22:42) Produto: Notebook Asus Zenbook UX434FAC-A6339T 10ª Intel Core I7 8GB 256GB SSD 14   W10 Prata ( https://www.americanas.com.br/produto/1776840541 )  cont: 16
(02:22:42) Origem: https://www.americanas.com.br/categoria/informatica/notebooks?pagina-1
(02:22:44) Produto existe (id:1778978)
(02:22:44) Preço Produto: Venda: 7794,67 ( 0 x 0,00 ) Id PrecoProduto: 0
(02:22:44) Preçco mais recente: Venda: 7299,00 ( 0 x 0,00 ) Id PrecoProduto: 7169784
(02:22:44) Mudança de preço
(02:22:44) Mudança de preço (Ajuste:-6.7909293)
(02:22:45) Produto: Notebook Asus Vivobook X512FB-BR501T 10ª Intel Core I5 8GB (Geforce MX110 com 2GB) 1TB 15,6" W10 Cinza ( https://www.americanas.com.br/produto/1871867304 )  cont: 17
(02:22:45) Origem: https://www.americanas.com.br/categoria/informatica/notebooks?pagina-1
(02:22:47) Produto existe (id:1778981)
(02:22:47) Preço Produto: Venda: 3599,99 ( 0 x 0,00 ) Id PrecoProduto: 0
(02:22:47) Preçco mais recente: Venda: 3599,99 ( 0 x 0,00 ) Id PrecoProduto: 7186999
(02:22:47) Mesmo preço
(02:22:47) Produto: Notebook Asus Zenbook UX431FA-AN203T 10ª Intel Core I7 8GB 256GB SSD 14   W10 Azul Claro Metálico ( https://www.americanas.com.br/produto/1793707988 )  cont: 18
(02:22:47) Origem: https://www.americanas.com.br/categoria/informatica/notebooks?pagina-1
(02:22:49) Produto existe (id:1778980)
(02:22:49) Preço Produto: Venda: 7269,80 ( 0 x 0,00 ) Id PrecoProduto: 0
(02:22:49) Preçco mais recente: Venda: 6299,99 ( 0 x 0,00 ) Id PrecoProduto: 7187000
(02:22:49) Mudança de preço
(02:22:49) Mudança de preço (Ajuste:-15.3938265)
(02:22:49) Produto: MacBook Air MQD32BZ/A com Intel Core i5 Dual Core 8GB 128GB SSD 13   Prata - Apple ( https://www.americanas.com.br/produto/132490742 )  cont: 19
(02:22:49) Origem: https://www.americanas.com.br/categoria/informatica/notebooks?pagina-1
(02:22:52) Produto existe (id:1778983)
(02:22:52) Preço Produto: Venda: 7135,50 ( 0 x 0,00 ) Id PrecoProduto: 0
(02:22:52) Preçco mais recente: Venda: 5599,99 ( 0 x 0,00 ) Id PrecoProduto: 7184722
(02:22:52) Mudança de preço
(02:22:52) Mudança de preço (Ajuste:-27.419865)
(02:22:52) Produto: Notebook Acer Aspire 5 A515-54-59X2 Intel Corei5 8GB 512GB SSD 15.6 W10 ( https://www.americanas.com.br/produto/1824323591 )  cont: 20
(02:22:52) Origem: https://www.americanas.com.br/categoria/informatica/notebooks?pagina-1
(02:22:54) Produto existe (id:1778976)
(02:22:54) Preço Produto: Venda: 3599,00 ( 0 x 0,00 ) Id PrecoProduto: 0
(02:22:54) Preçco mais recente: Venda: 3849,99 ( 0 x 0,00 ) Id PrecoProduto: 7182894
(02:22:54) Mudança de preço
(02:22:54) Mudança de preço (Ajuste:6.519237)
(02:22:54) Produto: Notebook Samsung Book E30 10ª Intel Core i3 4GB 1TB W10 15,6" FHD - Prata ( https://www.americanas.com.br/produto/1772549925 )  cont: 21
(02:22:54) Origem: https://www.americanas.com.br/categoria/informatica/notebooks?pagina-1
(02:22:56) Produto existe (id:1778991)
(02:22:56) Preço Produto: Venda: 3096,50 ( 0 x 0,00 ) Id PrecoProduto: 0
(02:22:56) Preçco mais recente: Venda: 2999,00 ( 0 x 0,00 ) Id PrecoProduto: 7186032
(02:22:56) Mudança de preço
(02:22:57) Mudança de preço (Ajuste:-3.2510836)
(02:22:57) Produto: Notebook Positivo Motion C41TDI Intel Celeron 4GB 1TB 14   Linux ( https://www.americanas.com.br/produto/1724501847 )  cont: 22
(02:22:57) Origem: https://www.americanas.com.br/categoria/informatica/notebooks?pagina-1
(02:22:59) Produto existe (id:1778984)
(02:22:59) Preço Produto: Venda: 1989,66 ( 0 x 0,00 ) Id PrecoProduto: 0
(02:22:59) Preçco mais recente: Venda: 1549,99 ( 0 x 0,00 ) Id PrecoProduto: 7187001
(02:22:59) Mudança de preço
(02:22:59) Mudança de preço (Ajuste:-28.365993)
(02:22:59) Produto: Notebook Lenovo Ultrafino Ideapad S145 8ª Intel Core I7 8GB (Geforce MX110 com 2GB) 1TB FHD 15,6" W10 Prata ( https://www.americanas.com.br/produto/134573381 )  cont: 23
(02:22:59) Origem: https://www.americanas.com.br/categoria/informatica/notebooks?pagina-1
(02:23:01) Produto existe (id:1778996)
(02:23:01) Preço Produto: Venda: 3949,99 ( 0 x 0,00 ) Id PrecoProduto: 0
(02:23:01) Preçco mais recente: Venda: 3949,99 ( 0 x 0,00 ) Id PrecoProduto: 7186029
(02:23:01) Mesmo preço
(02:23:01) Produto: Notebook Dell Inspiron I15-3583-A2XP 8ª Intel Core I5 4GB 1TB LED HD 15,6" W10 Preto ( https://www.americanas.com.br/produto/134521709 )  cont: 24
(02:23:01) Origem: https://www.americanas.com.br/categoria/informatica/notebooks?pagina-1
(02:23:04) Produto existe (id:1778986)
(02:23:04) Preço Produto: Venda: 3569,00 ( 0 x 0,00 ) Id PrecoProduto: 0
(02:23:04) Preçco mais recente: Venda: 3399,99 ( 0 x 0,00 ) Id PrecoProduto: 7186033
(02:23:04) Mudança de preço
(02:23:04) Mudança de preço (Ajuste:-4.970897)
(02:23:05) Produto: Notebook Samsung Book X40 10ª Intel Core i5 8GB (Geforce MX110 com 2GB) 1TB W10 15,6" Prata ( https://www.americanas.com.br/produto/1772549028 )  cont: 25
(02:23:05) Origem: https://www.americanas.com.br/categoria/informatica/notebooks/pagina-2
(02:23:08) Produto existe (id:1778990)
(02:23:08) Preço Produto: Venda: 4890,00 ( 0 x 0,00 ) Id PrecoProduto: 0
(02:23:08) Preçco mais recente: Venda: 4890,00 ( 0 x 0,00 ) Id PrecoProduto: 7187003
(02:23:08) Mesmo preço
(02:23:08) Produto: Notebook Samsung Book X30 10ª Intel Core I5 8GB 1TB Windows 10 15,6" - Prata ( https://www.americanas.com.br/produto/1772551056 )  cont: 26
(02:23:08) Origem: https://www.americanas.com.br/categoria/informatica/notebooks/pagina-2
(02:23:10) Produto existe (id:1779001)
(02:23:10) Preço Produto: Venda: 4208,85 ( 0 x 0,00 ) Id PrecoProduto: 0
(02:23:10) Preçco mais recente: Venda: 3399,99 ( 0 x 0,00 ) Id PrecoProduto: 7186040
(02:23:10) Mudança de preço
(02:23:10) Mudança de preço (Ajuste:-23.790073)
(02:23:10) Produto: Notebook Positivo Motion Intel Atom Q464B 4GB 64GB SSD 14" Windows 10 Cinza ( https://www.americanas.com.br/produto/1682950125 )  cont: 27
(02:23:10) Origem: https://www.americanas.com.br/categoria/informatica/notebooks/pagina-2
(02:23:13) Produto existe (id:1778979)
(02:23:13) Preço Produto: Venda: 1679,00 ( 0 x 0,00 ) Id PrecoProduto: 0
(02:23:13) Preçco mais recente: Venda: 1972,20 ( 0 x 0,00 ) Id PrecoProduto: 7187002
(02:23:13) Mudança de preço
(02:23:13) Mudança de preço (Ajuste:14.866644)
(02:23:13) Produto: Notebook Lenovo Ideapad S145 8ª Intel Core I5 8GB 1TB HD 15,6" W10 Prata ( https://www.americanas.com.br/produto/134573365 )  cont: 28
(02:23:13) Origem: https://www.americanas.com.br/categoria/informatica/notebooks/pagina-2
(02:23:15) Produto existe (id:1778985)
(02:23:15) Preço Produto: Venda: 3699,00 ( 0 x 0,00 ) Id PrecoProduto: 0
(02:23:15) Preçco mais recente: Venda: 3699,00 ( 0 x 0,00 ) Id PrecoProduto: 7187004
(02:23:15) Mesmo preço
(02:23:15) Produto: Notebook Lenovo Ideapad S145 R5 12GB 1TB W10 15.6" Prata ( https://www.americanas.com.br/produto/1608469552 )  cont: 29
(02:23:15) Origem: https://www.americanas.com.br/categoria/informatica/notebooks/pagina-2
(02:23:17) Produto existe (id:1778988)
(02:23:17) Preço Produto: Venda: 3694,22 ( 0 x 0,00 ) Id PrecoProduto: 0
(02:23:17) Preçco mais recente: Venda: 3685,42 ( 0 x 0,00 ) Id PrecoProduto: 7187005
(02:23:17) Mudança de preço
(02:23:17) Mudança de preço (Ajuste:-0.2387801)
(02:23:18) Produto: Notebook Dell Inspiron 3480-U05S 14" Intel Pentium Gold 4GB 500GB Linux Prata ( https://www.americanas.com.br/produto/2606450372 )  cont: 30
(02:23:18) Origem: https://www.americanas.com.br/categoria/informatica/notebooks/pagina-2
(02:23:20) Produto existe (id:1793021)
(02:23:20) Preço Produto: Venda: 2349,00 ( 0 x 0,00 ) Id PrecoProduto: 0
(02:23:20) Preçco mais recente: Venda: 2349,00 ( 0 x 0,00 ) Id PrecoProduto: 7186663
(02:23:20) Mesmo preço
(02:23:20) Produto: Notebook Dell Inspiron 3480-M05S 14" Intel Pentium Gold 4GB 500GB Windows 10 Prata ( https://www.americanas.com.br/produto/2606470031 )  cont: 31
(02:23:20) Origem: https://www.americanas.com.br/categoria/informatica/notebooks/pagina-2
(02:23:22) Produto existe (id:1793022)
(02:23:22) Preço Produto: Venda: 2499,00 ( 0 x 0,00 ) Id PrecoProduto: 0
(02:23:22) Preçco mais recente: Venda: 2499,00 ( 0 x 0,00 ) Id PrecoProduto: 7186664
(02:23:22) Mesmo preço
(02:23:22) Produto: Notebook Dell Inspiron 3480-M05SC 14" Intel Pentium Gold 4GB 500GB Windows 10 Capa Essential Prata ( https://www.americanas.com.br/produto/2606458702 )  cont: 32
(02:23:22) Origem: https://www.americanas.com.br/categoria/informatica/notebooks/pagina-2
(02:23:25) Produto existe (id:1793023)
(02:23:25) Preço Produto: Venda: 2599,00 ( 0 x 0,00 ) Id PrecoProduto: 0
(02:23:25) Preçco mais recente: Venda: 2599,00 ( 0 x 0,00 ) Id PrecoProduto: 7186665
(02:23:25) Mesmo preço
(02:23:25) Produto: Notebook Dell Inspiron 3480-M05SF 14" Intel Pentium Gold 4GB 500GB Windows 10 Microsoft Office 365 Prata ( https://www.americanas.com.br/produto/2606457857 )  cont: 33
(02:23:25) Origem: https://www.americanas.com.br/categoria/informatica/notebooks/pagina-2
(02:23:27) Produto existe (id:1793024)
(02:23:27) Preço Produto: Venda: 2649,00 ( 0 x 0,00 ) Id PrecoProduto: 0
(02:23:27) Preçco mais recente: Venda: 2649,00 ( 0 x 0,00 ) Id PrecoProduto: 7186666
(02:23:27) Mesmo preço
(02:23:27) Produto: Notebook Dell Inspiron 3583-US55P 15.6" 8ª geração Intel Core i3 4GB 256GB SSD Linux Preto ( https://www.americanas.com.br/produto/2632668965 )  cont: 34
(02:23:27) Origem: https://www.americanas.com.br/categoria/informatica/notebooks/pagina-2
(02:23:29) Produto existe (id:1792096)
(02:23:29) Preço Produto: Venda: 3149,00 ( 0 x 0,00 ) Id PrecoProduto: 0
(02:23:29) Preçco mais recente: Venda: 3149,00 ( 0 x 0,00 ) Id PrecoProduto: 7184726
(02:23:29) Mesmo preço
(02:23:30) Produto: Vaio Fe14 Vjfe41f11x-b1021h Intel Core I5 Linux 12gb Ssd 256 Gb Lcd 14" ( https://www.americanas.com.br/produto/2103995354 )  cont: 35
(02:23:30) Origem: https://www.americanas.com.br/categoria/informatica/notebooks/pagina-2
(02:23:32) Produto existe (id:1778993)
(02:23:32) Preço Produto: Venda: 3649,99 ( 0 x 0,00 ) Id PrecoProduto: 0
(02:23:32) Preçco mais recente: Venda: 3649,99 ( 0 x 0,00 ) Id PrecoProduto: 7186662
(02:23:32) Mesmo preço
(02:23:32) Produto: Notebook Gamer Acer Aspire Nitro 5 AN515-54-76XC Intel Corei7 16GB 1TB 256GB SSD HD 15.6 Endless Os Preto/Vermelho ( https://www.americanas.com.br/produto/1825553136 )  cont: 36
(02:23:32) Origem: https://www.americanas.com.br/categoria/informatica/notebooks/pagina-2
(02:23:34) Produto existe (id:1792792)
(02:23:34) Preço Produto: Venda: 6642,26 ( 0 x 0,00 ) Id PrecoProduto: 0
(02:23:34) Preçco mais recente: Venda: 6642,26 ( 0 x 0,00 ) Id PrecoProduto: 7187008
(02:23:34) Mesmo preço
(02:23:34) Produto: Notebook Lenovo Ideapad S145 Intel Celeron 4GB 500GB 15,6" W10 Prata ( https://www.americanas.com.br/produto/471642069 )  cont: 37
(02:23:34) Origem: https://www.americanas.com.br/categoria/informatica/notebooks/pagina-2
(02:23:37) Produto existe (id:1778994)
(02:23:37) Preço Produto: Venda: 2699,00 ( 0 x 0,00 ) Id PrecoProduto: 0
(02:23:37) Preçco mais recente: Venda: 2699,00 ( 0 x 0,00 ) Id PrecoProduto: 7187006
(02:23:37) Mesmo preço
(02:23:37) Produto: Notebook Lenovo Ideapad S145 8ª Intel Core i5 8GB (GeForce MX110 com 2GB) 256GB SSD 15,6" Windows 10 - Prata ( https://www.americanas.com.br/produto/1823634995 )  cont: 38
(02:23:37) Origem: https://www.americanas.com.br/categoria/informatica/notebooks/pagina-2
(02:23:39) Produto existe (id:1779021)
(02:23:39) Preço Produto: Venda: 3825,31 ( 0 x 0,00 ) Id PrecoProduto: 0
(02:23:39) Preçco mais recente: Venda: 3399,99 ( 0 x 0,00 ) Id PrecoProduto: 7187007
(02:23:39) Mudança de preço
(02:23:39) Mudança de preço (Ajuste:-12.50945)
(02:23:39) Produto: Notebook Acer Aspire 5 A515-54G-59C0 10ª Intel Core i5 8GB (GeForce MX250 com 2GB) 512GB SSD 15.6 W10 Prata ( https://www.americanas.com.br/produto/2203752835 )  cont: 39
(02:23:39) Origem: https://www.americanas.com.br/categoria/informatica/notebooks/pagina-2
(02:23:41) Produto existe (id:1778997)
(02:23:41) Preço Produto: Venda: 3869,00 ( 0 x 0,00 ) Id PrecoProduto: 0
(02:23:41) Preçco mais recente: Venda: 4149,99 ( 0 x 0,00 ) Id PrecoProduto: 7182898
(02:23:41) Mudança de preço
(02:23:41) Mudança de preço (Ajuste:6.770865)
(02:23:41) Produto: Notebook Samsung Book X50 10ª Intel Core i7 8GB (Geforce MX110 com 2GB) 1TB 15,6" Windows 10 - Prata ( https://www.americanas.com.br/produto/1772548981 )  cont: 40
(02:23:41) Origem: https://www.americanas.com.br/categoria/informatica/notebooks/pagina-2
(02:23:44) Produto existe (id:1779013)
(02:23:44) Preço Produto: Venda: 5101,14 ( 0 x 0,00 ) Id PrecoProduto: 0
(02:23:44) Preçco mais recente: Venda: 4299,99 ( 0 x 0,00 ) Id PrecoProduto: 7186043
(02:23:44) Mudança de preço
(02:23:44) Mudança de preço (Ajuste:-18.631435)
(02:23:44) Produto: Notebook Dell Inspiron I15-3584-AS40P 8ª Intel Core i3 4GB 128GB SSD 15,6" W10 Preto + Microsoft 365 Personal ( https://www.americanas.com.br/produto/1897089491 )  cont: 41
(02:23:44) Origem: https://www.americanas.com.br/categoria/informatica/notebooks/pagina-2
(02:23:46) Produto existe (id:1778995)
(02:23:46) Preço Produto: Venda: 3049,99 ( 0 x 0,00 ) Id PrecoProduto: 0
(02:23:46) Preçco mais recente: Venda: 3049,99 ( 0 x 0,00 ) Id PrecoProduto: 7186036
(02:23:46) Mesmo preço
(02:23:46) Produto: Notebook Dell Inspiron I15-3584-AS50P 8ª Intel Core I3 4GB 256GB SSD 15,6" W10 Preto ( https://www.americanas.com.br/produto/1809973106 )  cont: 42
(02:23:46) Origem: https://www.americanas.com.br/categoria/informatica/notebooks/pagina-2
(02:23:49) Produto existe (id:1779006)
(02:23:49) Preço Produto: Venda: 3398,00 ( 0 x 0,00 ) Id PrecoProduto: 0
(02:23:49) Preçco mais recente: Venda: 3199,99 ( 0 x 0,00 ) Id PrecoProduto: 7184728
(02:23:49) Mudança de preço
(02:23:49) Mudança de preço (Ajuste:-6.187832)
(02:23:49) Produto: Notebook Samsung Book E30 10ª Intel Core i3 4GB 1TB W10 15,6   FHD Branco ( https://www.americanas.com.br/produto/1772548990 )  cont: 43
(02:23:49) Origem: https://www.americanas.com.br/categoria/informatica/notebooks/pagina-2
(02:23:51) Produto existe (id:1779011)
(02:23:51) Preço Produto: Venda: 3323,34 ( 0 x 0,00 ) Id PrecoProduto: 0
(02:23:51) Preçco mais recente: Venda: 2899,99 ( 0 x 0,00 ) Id PrecoProduto: 7186044
(02:23:51) Mudança de preço
(02:23:51) Mudança de preço (Ajuste:-14.59833)
(02:23:51) Produto: Notebook Samsung Book X30 10ª Intel Core I5 8GB 1TB W10 15,6" Branco ( https://www.americanas.com.br/produto/1774660352 )  cont: 44
(02:23:51) Origem: https://www.americanas.com.br/categoria/informatica/notebooks/pagina-2
(02:23:53) Produto existe (id:1779026)
(02:23:53) Preço Produto: Venda: 4095,18 ( 0 x 0,00 ) Id PrecoProduto: 0
(02:23:53) Preçco mais recente: Venda: 3399,99 ( 0 x 0,00 ) Id PrecoProduto: 7185804
(02:23:53) Mudança de preço
(02:23:53) Mudança de preço (Ajuste:-20.446823)
(02:23:54) Produto: Notebook Samsung Flash F30 Intel Celeron 4GB 64GB SSD Full HD Tela LED 13.3" Windows 10 - Coral ( https://www.americanas.com.br/produto/134187974 )  cont: 45
(02:23:54) Origem: https://www.americanas.com.br/categoria/informatica/notebooks/pagina-2
(02:23:56) Produto existe (id:1778992)
(02:23:56) Preço Produto: Venda: 2798,00 ( 0 x 0,00 ) Id PrecoProduto: 0
(02:23:56) Preçco mais recente: Venda: 2798,00 ( 0 x 0,00 ) Id PrecoProduto: 7169798
(02:23:56) Mesmo preço
(02:23:56) Produto: Notebook Gamer Acer Predator Helios 300 PH315-52-7210 9ª Intel Core i7 16GB (Geforce RTX 2060 com 6GB ) 2TB + 256GB SSD 15,6" Windows 10 - Preto ( https://www.americanas.com.br/produto/1824928346 )  cont: 46
(02:23:56) Origem: https://www.americanas.com.br/categoria/informatica/notebooks/pagina-2
(02:23:58) Produto existe (id:1779022)
(02:23:58) Preço Produto: Venda: 9449,00 ( 0 x 0,00 ) Id PrecoProduto: 0
(02:23:58) Preçco mais recente: Venda: 9099,99 ( 0 x 0,00 ) Id PrecoProduto: 7169828
(02:23:58) Mudança de preço
(02:23:58) Mudança de preço (Ajuste:-3.8352761)
(02:23:58) Produto: Notebook Gamer Lenovo Ideapad 3i 10ª Intel Core i7 (Geforce GTX1650 com 4GB) 8GB 256GB SSD 15,6   FHD IPS Windows 10 - Azul ( https://www.americanas.com.br/produto/1803603542 )  cont: 47
(02:23:58) Origem: https://www.americanas.com.br/categoria/informatica/notebooks/pagina-2
(02:24:01) Produto existe (id:1779014)
(02:24:01) Preço Produto: Venda: 6398,00 ( 0 x 0,00 ) Id PrecoProduto: 0
(02:24:01) Preçco mais recente: Venda: 6398,00 ( 0 x 0,00 ) Id PrecoProduto: 7186668
(02:24:01) Mesmo preço
(02:24:01) Produto: Notebook Gamer Acer Aspire Nitro AN515-43-R9K7 AMD R5 8GB (GeForce GTX1650 4GB) 1TB + 256GB SSD 15,6" Endless Os ( https://www.americanas.com.br/produto/1824323531 )  cont: 48
(02:24:01) Origem: https://www.americanas.com.br/categoria/informatica/notebooks/pagina-2
(02:24:03) Produto existe (id:1778999)
(02:24:03) Preço Produto: Venda: 5458,69 ( 0 x 0,00 ) Id PrecoProduto: 0
(02:24:03) Preçco mais recente: Venda: 5458,69 ( 0 x 0,00 ) Id PrecoProduto: 7187012
(02:24:03) Mesmo preço
(02:24:05) Produto: Notebook Multilaser Legacy Cloud Intel Z8530 2GB RAM HD 32GB Windows 10 Home 14" Cinza PC130 ( https://www.americanas.com.br/produto/1753257468 )  cont: 49
(02:24:05) Origem: https://www.americanas.com.br/categoria/informatica/notebooks/pagina-3
(02:24:08) Produto existe (id:1779005)
(02:24:08) Preço Produto: Venda: 1599,90 ( 0 x 0,00 ) Id PrecoProduto: 0
(02:24:08) Preçco mais recente: Venda: 1399,00 ( 0 x 0,00 ) Id PrecoProduto: 7180370
(02:24:08) Mudança de preço
(02:24:08) Mudança de preço (Ajuste:-14.360259)
(02:24:08) Produto: Notebook Samsung Book E20 Intel Celeron 4GB 500GB W10 15,6" Branco ( https://www.americanas.com.br/produto/1772551021 )  cont: 50
(02:24:08) Origem: https://www.americanas.com.br/categoria/informatica/notebooks/pagina-3
(02:24:10) Produto existe (id:1779003)
(02:24:10) Preço Produto: Venda: 2798,00 ( 0 x 0,00 ) Id PrecoProduto: 0
(02:24:10) Preçco mais recente: Venda: 2798,00 ( 0 x 0,00 ) Id PrecoProduto: 7180368
(02:24:10) Mesmo preço
(02:24:10) Produto: Notebook Asus VivoBook 15, Intel® CoreT i3 6100U, 4 GB, 1 TB, Tela de 15,6", Cinza Escuro, X543 - X543UA-GQ3153T ( https://www.americanas.com.br/produto/1867497427 )  cont: 51
(02:24:10) Origem: https://www.americanas.com.br/categoria/informatica/notebooks/pagina-3
(02:24:12) Produto existe (id:1779000)
(02:24:12) Preço Produto: Venda: 2685,56 ( 0 x 0,00 ) Id PrecoProduto: 0
(02:24:12) Preçco mais recente: Venda: 2685,56 ( 0 x 0,00 ) Id PrecoProduto: 7169806
(02:24:12) Mesmo preço
(02:24:12) Produto: Notebook Lenovo Ideapad S145 10ª Intel Core i5 8GB 1TB W10 15,6   Prata + Mochila Targus Intellect Essential 15,6" - Black ( https://www.americanas.com.br/produto/1858600331 )  cont: 52
(02:24:12) Origem: https://www.americanas.com.br/categoria/informatica/notebooks/pagina-3
(02:24:15) Produto existe (id:1779002)
(02:24:15) Preço Produto: Venda: 3399,99 ( 0 x 0,00 ) Id PrecoProduto: 0
(02:24:15) Preçco mais recente: Venda: 3399,99 ( 0 x 0,00 ) Id PrecoProduto: 7169808
(02:24:15) Mesmo preço
(02:24:15) Produto: Notebook Gamer Lenovo Ideapad L340 9ª Intel Core i5 8GB (Geforce GTX1050 com 3GB) 1TB Tela FHD IPS 15,6" Windows 10 - Preto ( https://www.americanas.com.br/produto/462141836 )  cont: 53
(02:24:15) Origem: https://www.americanas.com.br/categoria/informatica/notebooks/pagina-3
(02:24:17) Produto existe (id:1779043)
(02:24:17) Preço Produto: Venda: 5099,00 ( 0 x 0,00 ) Id PrecoProduto: 0
(02:24:17) Preçco mais recente: Venda: 5099,00 ( 0 x 0,00 ) Id PrecoProduto: 7187009
(02:24:17) Mesmo preço
(02:24:17) Produto: Notebook Gamer Asus M570DD-DM122T AMD Ryzen R5 8GB (Geforce GTX1050 com 4GB) 1TB W10 15,6   W10 ( https://www.americanas.com.br/produto/1772437544 )  cont: 54
(02:24:17) Origem: https://www.americanas.com.br/categoria/informatica/notebooks/pagina-3
(02:24:19) Produto existe (id:1779015)
(02:24:19) Preço Produto: Venda: 5214,88 ( 0 x 0,00 ) Id PrecoProduto: 0
(02:24:19) Preçco mais recente: Venda: 4849,99 ( 0 x 0,00 ) Id PrecoProduto: 7169821
(02:24:19) Mudança de preço
(02:24:19) Mudança de preço (Ajuste:-7.523513)
(02:24:19) Produto: Notebook Samsung Flash F30 Intel Celeron 4GB 64GB SSD Tela Full HD 13.3" Windows 10 - Cinza ( https://www.americanas.com.br/produto/134187878 )  cont: 55
(02:24:19) Origem: https://www.americanas.com.br/categoria/informatica/notebooks/pagina-3
(02:24:22) Produto existe (id:1779009)
(02:24:22) Preço Produto: Venda: 2799,00 ( 0 x 0,00 ) Id PrecoProduto: 0
(02:24:22) Preçco mais recente: Venda: 2799,00 ( 0 x 0,00 ) Id PrecoProduto: 7187011
(02:24:22) Mesmo preço
(02:24:22) Produto: Notebook Lenovo Ideapad S145 10ª Intel Core i5 8GB 1TB W10 15,6   Prata ( https://www.americanas.com.br/produto/1725483978 )  cont: 56
(02:24:22) Origem: https://www.americanas.com.br/categoria/informatica/notebooks/pagina-3
(02:24:24) Produto existe (id:1779008)
(02:24:24) Preço Produto: Venda: 3599,00 ( 0 x 0,00 ) Id PrecoProduto: 0
(02:24:24) Preçco mais recente: Venda: 3599,00 ( 0 x 0,00 ) Id PrecoProduto: 7186046
(02:24:24) Mesmo preço
(02:24:24) Produto: Macbook Air MWTL2BZ/A Intel Core i3 8GB 256GB SSD 13,3" Dourado ( https://www.americanas.com.br/produto/1756855965 )  cont: 57
(02:24:24) Origem: https://www.americanas.com.br/categoria/informatica/notebooks/pagina-3
(02:24:26) Produto existe (id:1779064)
(02:24:26) Preço Produto: Venda: 9886,99 ( 0 x 0,00 ) Id PrecoProduto: 0
(02:24:27) Preçco mais recente: Venda: 9886,99 ( 0 x 0,00 ) Id PrecoProduto: 7186050
(02:24:27) Mesmo preço
(02:24:27) Produto: Chromebook Samsung AD2BR Intel Celeron 4GB 16GB LED HD 11,6" Chrome OS Grafite ( https://www.americanas.com.br/produto/209927739 )  cont: 58
(02:24:27) Origem: https://www.americanas.com.br/categoria/informatica/notebooks/pagina-3
(02:24:29) Produto existe (id:1779024)
(02:24:29) Preço Produto: Venda: 2244,20 ( 0 x 0,00 ) Id PrecoProduto: 0
(02:24:29) Preçco mais recente: Venda: 2244,20 ( 0 x 0,00 ) Id PrecoProduto: 7187014
(02:24:29) Mesmo preço
(02:24:29) Produto: Notebook Lenovo Ideapad S145 8ª Intel Core I3 4GB 1TB W10 15.6" Prata ( https://www.americanas.com.br/produto/1508129497 )  cont: 59
(02:24:29) Origem: https://www.americanas.com.br/categoria/informatica/notebooks/pagina-3
(02:24:31) Produto existe (id:1779010)
(02:24:31) Preço Produto: Venda: 2899,00 ( 0 x 0,00 ) Id PrecoProduto: 0
(02:24:31) Preçco mais recente: Venda: 2899,00 ( 0 x 0,00 ) Id PrecoProduto: 7187010
(02:24:31) Mesmo preço
(02:24:31) Produto: Notebook Gamer Predator PH315-52-79VM Intel Core i7 16GB 256GB SDD 1TB HD RTX 2060 15,6 Endless ( https://www.americanas.com.br/produto/1876922211 )  cont: 60
(02:24:31) Origem: https://www.americanas.com.br/categoria/informatica/notebooks/pagina-3
(02:24:34) Produto existe (id:1779038)
(02:24:34) Preço Produto: Venda: 8999,00 ( 0 x 0,00 ) Id PrecoProduto: 0
(02:24:34) Preçco mais recente: Venda: 8799,00 ( 0 x 0,00 ) Id PrecoProduto: 7185802
(02:24:34) Mudança de preço
(02:24:34) Mudança de preço (Ajuste:-2.2729855)
(02:24:34) Produto: Notebook Acer Aspire 5 A515-54G-53GP Intel Core I5 8GB 256GB SSD 15.6 W10 ( https://www.americanas.com.br/produto/1683269796 )  cont: 61
(02:24:34) Origem: https://www.americanas.com.br/categoria/informatica/notebooks/pagina-3
(02:24:36) Produto existe (id:1779007)
(02:24:36) Preço Produto: Venda: 4135,62 ( 0 x 0,00 ) Id PrecoProduto: 0
(02:24:36) Preçco mais recente: Venda: 4135,62 ( 0 x 0,00 ) Id PrecoProduto: 7187013
(02:24:36) Mesmo preço
(02:24:36) Produto: Notebook Samsung Book X40 10ª Intel Core i5 8GB (Geforce MX110 com 2GB) 1TB W10 15,6" Branco ( https://www.americanas.com.br/produto/1772551064 )  cont: 62
(02:24:36) Origem: https://www.americanas.com.br/categoria/informatica/notebooks/pagina-3
(02:24:38) Produto existe (id:1779023)
(02:24:38) Preço Produto: Venda: 4222,22 ( 0 x 0,00 ) Id PrecoProduto: 0
(02:24:38) Preçco mais recente: Venda: 3999,99 ( 0 x 0,00 ) Id PrecoProduto: 7169829
(02:24:38) Mudança de preço
(02:24:38) Mudança de preço (Ajuste:-5.5557694)
(02:24:38) Produto: Notebook Gamer Acer PH315-52-748U 9ª Intel Core I7 16GB (Geforce GTX1660TI com 6GB) 1TB + 128GB SSD 15.6" W10 ( https://www.americanas.com.br/produto/1335823228 )  cont: 63
(02:24:38) Origem: https://www.americanas.com.br/categoria/informatica/notebooks/pagina-3
(02:24:41) Produto existe (id:1779033)
(02:24:41) Preço Produto: Venda: 8294,00 ( 0 x 0,00 ) Id PrecoProduto: 0
(02:24:41) Preçco mais recente: Venda: 7999,99 ( 0 x 0,00 ) Id PrecoProduto: 7186049
(02:24:41) Mudança de preço
(02:24:41) Mudança de preço (Ajuste:-3.6751266)
(02:24:41) Produto: Notebook Samsung Book X20 10ª Intel Core I5 4GB 1TB W10 15,6" FHD Prata ( https://www.americanas.com.br/produto/1772550483 )  cont: 64
(02:24:41) Origem: https://www.americanas.com.br/categoria/informatica/notebooks/pagina-3
(02:24:43) Produto existe (id:1779081)
(02:24:43) Preço Produto: Venda: 4125,55 ( 0 x 0,00 ) Id PrecoProduto: 0
(02:24:43) Preçco mais recente: Venda: 3199,99 ( 0 x 0,00 ) Id PrecoProduto: 7186059
(02:24:43) Mudança de preço
(02:24:43) Mudança de preço (Ajuste:-28.923834)
(02:24:43) Produto: Notebook Asus Vivobook X512FJ-EJ227T 8ª Intel Core I7 8GB (Geforce MX230 com 2GB) 1TB W10 15,6" Cinza ( https://www.americanas.com.br/produto/1188914217 )  cont: 65
(02:24:43) Origem: https://www.americanas.com.br/categoria/informatica/notebooks/pagina-3
(02:24:46) Produto existe (id:1779032)
(02:24:46) Preço Produto: Venda: 5067,04 ( 0 x 0,00 ) Id PrecoProduto: 0
(02:24:46) Preçco mais recente: Venda: 4699,00 ( 0 x 0,00 ) Id PrecoProduto: 7169838
(02:24:46) Mudança de preço
(02:24:46) Mudança de preço (Ajuste:-7.832306)
(02:24:46) Produto: Notebook Gamer Samsung Odyssey 9ª Intel Core I5 8GB (Geforce GTX1650 4GB) 1TB W10 Full HD 15,6" Prata ( https://www.americanas.com.br/produto/1194254420 )  cont: 66
(02:24:46) Origem: https://www.americanas.com.br/categoria/informatica/notebooks/pagina-3
(02:24:48) Produto existe (id:1779039)
(02:24:48) Preço Produto: Venda: 7199,99 ( 0 x 0,00 ) Id PrecoProduto: 0
(02:24:48) Preçco mais recente: Venda: 6499,00 ( 0 x 0,00 ) Id PrecoProduto: 7186048
(02:24:48) Mudança de preço
(02:24:48) Mudança de preço (Ajuste:-10.786124)
(02:24:48) Produto: Notebook Vaio FE14 B0511H Intel Core I3 4GB 128GB SSD 14" W10 Preto ( https://www.americanas.com.br/produto/1729611017 )  cont: 67
(02:24:48) Origem: https://www.americanas.com.br/categoria/informatica/notebooks/pagina-3
(02:24:50) Produto existe (id:1779053)
(02:24:50) Preço Produto: Venda: 2899,99 ( 0 x 0,00 ) Id PrecoProduto: 0
(02:24:50) Preçco mais recente: Venda: 2899,99 ( 0 x 0,00 ) Id PrecoProduto: 7186054
(02:24:50) Mesmo preço
(02:24:51) Produto: Notebook Gamer Aspire Nitro 5 AN517-51-78YY Intel Core I7 8GB 512GB SSD GTX 1650 17,3  Endless OS ( https://www.americanas.com.br/produto/2013508815 )  cont: 68
(02:24:51) Origem: https://www.americanas.com.br/categoria/informatica/notebooks/pagina-3
(02:24:53) Produto existe (id:1791740)
(02:24:53) Preço Produto: Venda: 6149,00 ( 0 x 0,00 ) Id PrecoProduto: 0
(02:24:53) Preçco mais recente: Venda: 5999,00 ( 0 x 0,00 ) Id PrecoProduto: 7183686
(02:24:53) Mudança de preço
(02:24:53) Mudança de preço (Ajuste:-2.5004168)
(02:24:53) Produto: Notebook Vaio FE14 B0441H 8ª Intel Core I3 4GB 1TB FHD 14" Linux ( https://www.americanas.com.br/produto/1539221034 )  cont: 69
(02:24:53) Origem: https://www.americanas.com.br/categoria/informatica/notebooks/pagina-3
(02:24:55) Produto existe (id:1779044)
(02:24:55) Preço Produto: Venda: 2999,99 ( 0 x 0,00 ) Id PrecoProduto: 0
(02:24:55) Preçco mais recente: Venda: 2999,99 ( 0 x 0,00 ) Id PrecoProduto: 7185244
(02:24:55) Mesmo preço
(02:24:56) Produto: Notebook Dell Inspiron I15-3583-A3XP 8ª Intel Core I5 8GB 1TB Tela 15,6" Windows 10 - Preto ( https://www.americanas.com.br/produto/134544345 )  cont: 70
(02:24:56) Origem: https://www.americanas.com.br/categoria/informatica/notebooks/pagina-3
(02:24:58) Produto existe (id:1779017)
(02:24:58) Preço Produto: Venda: 4139,00 ( 0 x 0,00 ) Id PrecoProduto: 0
(02:24:58) Preçco mais recente: Venda: 4139,00 ( 0 x 0,00 ) Id PrecoProduto: 7169823
(02:24:58) Mesmo preço
(02:24:58) Produto: Notebook Gamer Dell G3-3590-A50P 9ª Intel Core I5 8GB (Geforce GTX1650 com 4GB) 512GB SSD 15,6" W10 Preto ( https://www.americanas.com.br/produto/1578905703 )  cont: 71
(02:24:58) Origem: https://www.americanas.com.br/categoria/informatica/notebooks/pagina-3
(02:25:00) Produto existe (id:1779036)
(02:25:00) Preço Produto: Venda: 7099,99 ( 0 x 0,00 ) Id PrecoProduto: 0
(02:25:00) Preçco mais recente: Venda: 5999,00 ( 0 x 0,00 ) Id PrecoProduto: 7186053
(02:25:00) Mudança de preço
(02:25:00) Mudança de preço (Ajuste:-18.352896)
(02:25:00) Produto: Notebook Positivo Motion C4500A 4GB 500GB Tela 14” HD Intel Celeron Dual-Core Windows 10 Home – Cinz ( https://www.americanas.com.br/produto/444742443 )  cont: 72
(02:25:00) Origem: https://www.americanas.com.br/categoria/informatica/notebooks/pagina-3
(02:25:03) Produto existe (id:1779050)
(02:25:03) Preço Produto: Venda: 2328,48 ( 0 x 0,00 ) Id PrecoProduto: 0
(02:25:03) Preçco mais recente: Venda: 2328,48 ( 0 x 0,00 ) Id PrecoProduto: 7186667
(02:25:03) Mesmo preço
(02:25:04) Produto: Notebook Acer Aspire 5 A514-53-59QJ Intel Core I5 8GB 256GB SSD 14  Windows 10 ( https://www.americanas.com.br/produto/2587924658 )  cont: 73
(02:25:04) Origem: https://www.americanas.com.br/categoria/informatica/notebooks/pagina-4
(02:25:06) Produto existe (id:1778998)
(02:25:06) Preço Produto: Venda: 3949,00 ( 0 x 0,00 ) Id PrecoProduto: 0
(02:25:06) Preçco mais recente: Venda: 3799,00 ( 0 x 0,00 ) Id PrecoProduto: 7169804
(02:25:06) Mudança de preço
(02:25:06) Mudança de preço (Ajuste:-3.9484076)
(02:25:07) Produto: Notebook Acer Aspire 3 A315-42G-R1FT AMD Ryzen 7 8GB 256GB SSD Radeon 540X 15,6  Windows 10 ( https://www.americanas.com.br/produto/1938460631 )  cont: 74
(02:25:07) Origem: https://www.americanas.com.br/categoria/informatica/notebooks/pagina-4
(02:25:09) Produto existe (id:1791499)
(02:25:09) Preço Produto: Venda: 4099,00 ( 0 x 0,00 ) Id PrecoProduto: 0
(02:25:09) Preçco mais recente: Venda: 4099,00 ( 0 x 0,00 ) Id PrecoProduto: 7182905
(02:25:09) Mesmo preço
(02:25:09) Produto: Notebook Dell Inspiron 3583-MS80P 8ª Geração Intel Core i5 8GB 256GB SSD 15.6" Placa de vídeo AMD Windows 10 Preto ( https://www.americanas.com.br/produto/1869301037 )  cont: 75
(02:25:09) Origem: https://www.americanas.com.br/categoria/informatica/notebooks/pagina-4
(02:25:11) Produto existe (id:1779031)
(02:25:11) Preço Produto: Venda: 4399,00 ( 0 x 0,00 ) Id PrecoProduto: 0
(02:25:11) Preçco mais recente: Venda: 4399,00 ( 0 x 0,00 ) Id PrecoProduto: 7169837
(02:25:11) Mesmo preço
(02:25:11) Produto: Notebook Samsung Book E20 Intel Celeron 4GB 500GB W10 15,6 Prata + Mochila Targus Intellect Essential 15,6" - Black ( https://www.americanas.com.br/produto/1853042579 )  cont: 76
(02:25:11) Origem: https://www.americanas.com.br/categoria/informatica/notebooks/pagina-4
(02:25:14) Produto existe (id:1779019)
(02:25:14) Preço Produto: Venda: 2599,99 ( 0 x 0,00 ) Id PrecoProduto: 0
(02:25:14) Preçco mais recente: Venda: 2599,99 ( 0 x 0,00 ) Id PrecoProduto: 7169825
(02:25:14) Mesmo preço
(02:25:14) Produto: Notebook Gamer Acer Aspire Nitro AN515-54-58CL 9ª Intel Core i5 8GB (Geforce GTX1650 com 4GB) 1TB + 128GB SSD 15,6   Endless Os ( https://www.americanas.com.br/produto/1683468138 )  cont: 77
(02:25:14) Origem: https://www.americanas.com.br/categoria/informatica/notebooks/pagina-4
(02:25:16) Produto existe (id:1779057)
(02:25:16) Preço Produto: Venda: 4999,99 ( 0 x 0,00 ) Id PrecoProduto: 0
(02:25:16) Preçco mais recente: Venda: 4999,99 ( 0 x 0,00 ) Id PrecoProduto: 7186671
(02:25:16) Mesmo preço
(02:25:16) Produto: Notebook Dell Inspiron I15-3583-AS110S 8ª Intel Core I7 8GB (AMD Radeon 520 com 2GB) 1TB+128gGB SSD 15,6" W10 ( https://www.americanas.com.br/produto/1936036511 )  cont: 78
(02:25:16) Origem: https://www.americanas.com.br/categoria/informatica/notebooks/pagina-4
(02:25:18) Produto existe (id:1779078)
(02:25:18) Preço Produto: Venda: 5399,99 ( 0 x 0,00 ) Id PrecoProduto: 0
(02:25:18) Preçco mais recente: Venda: 4899,99 ( 0 x 0,00 ) Id PrecoProduto: 7186055
(02:25:18) Mudança de preço
(02:25:18) Mudança de preço (Ajuste:-10.2041025)
(02:25:18) Produto: Notebook Gamer 2AM E550 Intel Core I7 16GB (GeForce GTX 1050 com 3 GB) 1TB HD +128GB SSD IPS Full HD 15,6" W10 ( https://www.americanas.com.br/produto/1885942643 )  cont: 79
(02:25:18) Origem: https://www.americanas.com.br/categoria/informatica/notebooks/pagina-4
(02:25:21) Produto existe (id:1779030)
(02:25:21) Preço Produto: Venda: 7499,99 ( 0 x 0,00 ) Id PrecoProduto: 0
(02:25:21) Preçco mais recente: Venda: 7499,99 ( 0 x 0,00 ) Id PrecoProduto: 7169836
(02:25:21) Mesmo preço
(02:25:21) Produto: Notebook Acer Aspire 5 A514-53G-571X Intel Core I5 8GB 512GB SSD MX 350 14  Windows 10 ( https://www.americanas.com.br/produto/2563681268 )  cont: 80
(02:25:21) Origem: https://www.americanas.com.br/categoria/informatica/notebooks/pagina-4
(02:25:23) Produto existe (id:1779027)
(02:25:23) Preço Produto: Venda: 4599,00 ( 0 x 0,00 ) Id PrecoProduto: 0
(02:25:23) Preçco mais recente: Venda: 4599,00 ( 0 x 0,00 ) Id PrecoProduto: 7185805
(02:25:23) Mesmo preço
(02:25:23) Produto: Notebook Gamer Acer Aspire Nitro AN515-54-75FJ 9ª Intel Core I7 8GB (GeForce GTX1650 com 4GB) 1TB + 128GB SSD 15,6   Endless Os + Mochila Targus 15,6" Intellect Plus ( https://www.americanas.com.br/produto/1803898475 )  cont: 81
(02:25:23) Origem: https://www.americanas.com.br/categoria/informatica/notebooks/pagina-4
(02:25:25) Produto existe (id:1779029)
(02:25:25) Preço Produto: Venda: 5999,99 ( 0 x 0,00 ) Id PrecoProduto: 0
(02:25:25) Preçco mais recente: Venda: 5999,99 ( 0 x 0,00 ) Id PrecoProduto: 7169835
(02:25:25) Mesmo preço
(02:25:25) Produto: Notebook Gamer Dell G3 3500-U10P 15.6" 10ª Geração Intel Core i5 8GB 256GB SSD NVIDIA GTX 1650 Linux ( https://www.americanas.com.br/produto/2261505728 )  cont: 82
(02:25:25) Origem: https://www.americanas.com.br/categoria/informatica/notebooks/pagina-4
(02:25:28) Produto existe (id:1779040)
(02:25:28) Preço Produto: Venda: 6049,00 ( 0 x 0,00 ) Id PrecoProduto: 0
(02:25:28) Preçco mais recente: Venda: 6049,00 ( 0 x 0,00 ) Id PrecoProduto: 7169846
(02:25:28) Mesmo preço
(02:25:28) Produto: Notebook Acer Aspire 3 A315-54-55WY Intel Corei5 8GB 256GB SSD W10 15.6 ( https://www.americanas.com.br/produto/1824323515 )  cont: 83
(02:25:28) Origem: https://www.americanas.com.br/categoria/informatica/notebooks/pagina-4
(02:25:30) Produto existe (id:1779016)
(02:25:30) Preço Produto: Venda: 4399,99 ( 0 x 0,00 ) Id PrecoProduto: 0
(02:25:30) Preçco mais recente: Venda: 3699,99 ( 0 x 0,00 ) Id PrecoProduto: 7187015
(02:25:30) Mudança de preço
(02:25:30) Mudança de preço (Ajuste:-18.918976)
(02:25:30) Produto: Notebook Dell Inspiron i15-3583-M3XB 8ª Geração Intel Core i5 8GB 1TB 15.6" Windows 10 McAfee Branco ( https://www.americanas.com.br/produto/195867084 )  cont: 84
(02:25:30) Origem: https://www.americanas.com.br/categoria/informatica/notebooks/pagina-4
(02:25:32) Produto existe (id:1779048)
(02:25:32) Preço Produto: Venda: 4089,00 ( 0 x 0,00 ) Id PrecoProduto: 0
(02:25:32) Preçco mais recente: Venda: 4089,00 ( 0 x 0,00 ) Id PrecoProduto: 7169854
(02:25:32) Mesmo preço
(02:25:32) Produto: Notebook Lenovo Ideapad S145 R5 12GB 1TB W10 15.6" Prata + Mochila Targus Geolite Essential 15,6" Cinza ( https://www.americanas.com.br/produto/2284325447 )  cont: 85
(02:25:32) Origem: https://www.americanas.com.br/categoria/informatica/notebooks/pagina-4
(02:25:35) Produto existe (id:1779020)
(02:25:35) Preço Produto: Venda: 3399,99 ( 0 x 0,00 ) Id PrecoProduto: 0
(02:25:35) Preçco mais recente: Venda: 3399,99 ( 0 x 0,00 ) Id PrecoProduto: 7169826
(02:25:35) Mesmo preço
(02:25:35) Produto: Notebook Dell Inspiron I15-3583-A5XP 8ª Intel Core i7 8GB 2TB Tela LED 15,6" Windows 10 - Preto ( https://www.americanas.com.br/produto/612449052 )  cont: 86
(02:25:35) Origem: https://www.americanas.com.br/categoria/informatica/notebooks/pagina-4
(02:25:37) Produto existe (id:1779046)
(02:25:37) Preço Produto: Venda: 5066,00 ( 0 x 0,00 ) Id PrecoProduto: 0
(02:25:37) Preçco mais recente: Venda: 5066,00 ( 0 x 0,00 ) Id PrecoProduto: 7180380
(02:25:37) Mesmo preço
(02:25:37) Produto: Notebook Lenovo Ideapad S145 IntelCore7 -8565U 8GB 256GB SSD (Geforce Mx110) W10 15.6" Prata ( https://www.americanas.com.br/produto/1786897761 )  cont: 87
(02:25:37) Origem: https://www.americanas.com.br/categoria/informatica/notebooks/pagina-4
(02:25:39) Produto existe (id:1779087)
(02:25:39) Preço Produto: Venda: 4799,99 ( 0 x 0,00 ) Id PrecoProduto: 0
(02:25:39) Preçco mais recente: Venda: 4049,99 ( 0 x 0,00 ) Id PrecoProduto: 7186061
(02:25:39) Mudança de preço
(02:25:39) Mudança de preço (Ajuste:-18.51857)
(02:25:39) Produto: Notebook Asus Zenbook UX431FA-AN202T 10ª Intel Core I5 8GB 256GB SSD 14   W10 Pro Azul Claro Metálico ( https://www.americanas.com.br/produto/1797116448 )  cont: 88
(02:25:39) Origem: https://www.americanas.com.br/categoria/informatica/notebooks/pagina-4
(02:25:42) Produto existe (id:1779052)
(02:25:42) Preço Produto: Venda: 6561,28 ( 0 x 0,00 ) Id PrecoProduto: 0
(02:25:42) Preçco mais recente: Venda: 5799,00 ( 0 x 0,00 ) Id PrecoProduto: 7185245
(02:25:42) Mudança de preço
(02:25:42) Mudança de preço (Ajuste:-13.1450205)
(02:25:42) Produto: Notebook Gamer Dell G3 3500-M10P 15.6" 10ª Geração Intel Core i5 8GB 256GB SSD NVIDIA GTX 1650 Windows 10 ( https://www.americanas.com.br/produto/2261512127 )  cont: 89
(02:25:42) Origem: https://www.americanas.com.br/categoria/informatica/notebooks/pagina-4
(02:25:44) Produto existe (id:1779045)
(02:25:44) Preço Produto: Venda: 6199,00 ( 0 x 0,00 ) Id PrecoProduto: 0
(02:25:44) Preçco mais recente: Venda: 6199,00 ( 0 x 0,00 ) Id PrecoProduto: 7169851
(02:25:44) Mesmo preço
(02:25:44) Produto: Notebook Dell Inspiron I15-5590-A30S 10ª Intel Core I7 16GB (Geforce MX250 com 2GB) 256GB SSD 15,6" W10 ( https://www.americanas.com.br/produto/1506613496 )  cont: 90
(02:25:44) Origem: https://www.americanas.com.br/categoria/informatica/notebooks/pagina-4
(02:25:46) Produto existe (id:1793025)
(02:25:46) Preço Produto: Venda: 6889,00 ( 0 x 0,00 ) Id PrecoProduto: 0
(02:25:46) Preçco mais recente: Venda: 6889,00 ( 0 x 0,00 ) Id PrecoProduto: 7186670
(02:25:46) Mesmo preço
(02:25:46) Produto: Notebook Acer Aspire A315-54K-53ZP Intel Core i5 4GB 1TB 15,6 Windows 10 - Cinza ( https://www.americanas.com.br/produto/1832110608 )  cont: 91
(02:25:46) Origem: https://www.americanas.com.br/categoria/informatica/notebooks/pagina-4
(02:25:49) Produto existe (id:1779034)
(02:25:49) Preço Produto: Venda: 3620,36 ( 0 x 0,00 ) Id PrecoProduto: 0
(02:25:49) Preçco mais recente: Venda: 3449,00 ( 0 x 0,00 ) Id PrecoProduto: 7169840
(02:25:49) Mudança de preço
(02:25:49) Mudança de preço (Ajuste:-4.9684)
(02:25:49) Produto: Notebook Asus M509DA-BR324T AMD Ryzen 5 8GB 1TB 15,6   Windows 10 - Cinza Escuro ( https://www.americanas.com.br/produto/1674686441 )  cont: 92
(02:25:49) Origem: https://www.americanas.com.br/categoria/informatica/notebooks/pagina-4
(02:25:51) Produto existe (id:1779035)
(02:25:51) Preço Produto: Venda: 3995,00 ( 0 x 0,00 ) Id PrecoProduto: 0
(02:25:51) Preçco mais recente: Venda: 3995,00 ( 0 x 0,00 ) Id PrecoProduto: 7186672
(02:25:51) Mesmo preço
(02:25:51) Produto: Notebook Compaq Presario CQ-25 Intel Pentium 4GB 120GB SSD 14   + Microsoft Office 365 Home 2019 - 12 meses 1TB Nuvem ( https://www.americanas.com.br/produto/2030922882 )  cont: 93
(02:25:51) Origem: https://www.americanas.com.br/categoria/informatica/notebooks/pagina-4
(02:25:53) Produto existe (id:1779042)
(02:25:53) Preço Produto: Venda: 1729,99 ( 0 x 0,00 ) Id PrecoProduto: 0
(02:25:53) Preçco mais recente: Venda: 1729,99 ( 0 x 0,00 ) Id PrecoProduto: 7187016
(02:25:53) Mesmo preço
(02:25:53) Produto: Notebook Gamer Dell G3-3590-A60P 9ª Intel Core i7 8GB (Geforce GTX1660TI com 6GB) 512GB SSD 15,6" W10 Preto ( https://www.americanas.com.br/produto/1535234111 )  cont: 94
(02:25:53) Origem: https://www.americanas.com.br/categoria/informatica/notebooks/pagina-4
(02:25:56) Produto existe (id:1779067)
(02:25:56) Preço Produto: Venda: 9022,32 ( 0 x 0,00 ) Id PrecoProduto: 0
(02:25:56) Preçco mais recente: Venda: 7399,99 ( 0 x 0,00 ) Id PrecoProduto: 7186058
(02:25:56) Mudança de preço
(02:25:56) Mudança de preço (Ajuste:-21.923409)
(02:25:56) Produto: Notebook Lenovo Ideapad S145 81xm0002br I3-8130u 4gb 1tb W10 Prata ( https://www.americanas.com.br/produto/2085165874 )  cont: 95
(02:25:56) Origem: https://www.americanas.com.br/categoria/informatica/notebooks/pagina-4
(02:25:58) Produto existe (id:1779058)
(02:25:58) Preço Produto: Venda: 2999,00 ( 0 x 0,00 ) Id PrecoProduto: 0
(02:25:58) Preçco mais recente: Venda: 2999,00 ( 0 x 0,00 ) Id PrecoProduto: 7169864
(02:25:58) Mesmo preço
(02:25:58) Produto: Notebook Positivo Motion C4500A Intel Celeron 4GB 500GB HD 14" Windows 10 - Prata ( https://www.americanas.com.br/produto/134335068 )  cont: 96
(02:25:58) Origem: https://www.americanas.com.br/categoria/informatica/notebooks/pagina-4
(02:26:00) Produto existe (id:1779056)
(02:26:00) Preço Produto: Venda: 2099,00 ( 0 x 0,00 ) Id PrecoProduto: 0
(02:26:00) Preçco mais recente: Venda: 2099,00 ( 0 x 0,00 ) Id PrecoProduto: 7169862
(02:26:00) Mesmo preço
(02:26:02) Produto: Notebook Gamer Dell G5-5590-A80P 9ª Intel Core I7 16GB (Geforce RTX2060 com 6GB) 512GB SSD 15,6" W10 ( https://www.americanas.com.br/produto/1535883591 )  cont: 97
(02:26:02) Origem: https://www.americanas.com.br/categoria/informatica/notebooks/pagina-5
(02:26:04) Produto existe (id:1779041)
(02:26:04) Preço Produto: Venda: 9999,00 ( 0 x 0,00 ) Id PrecoProduto: 0
(02:26:04) Preçco mais recente: Venda: 9999,00 ( 0 x 0,00 ) Id PrecoProduto: 7186052
(02:26:04) Mesmo preço
(02:26:04) Produto: Notebook Acer Aspire Nitro 5 AN515-54-528V Intel Core i5 8GB 1TB 128GB SSD 15.6 W10 ( https://www.americanas.com.br/produto/2205323461 )  cont: 98
(02:26:04) Origem: https://www.americanas.com.br/categoria/informatica/notebooks/pagina-5
(02:26:06) Produto existe (id:1779076)
(02:26:06) Preço Produto: Venda: 5799,99 ( 0 x 0,00 ) Id PrecoProduto: 0
(02:26:07) Preçco mais recente: Venda: 5699,99 ( 0 x 0,00 ) Id PrecoProduto: 7169882
(02:26:07) Mudança de preço
(02:26:07) Mudança de preço (Ajuste:-1.7543889)
(02:26:07) Produto: Notebook Gamer Aspire Nitro 5 AN515-43-R59W AMD Ryzen 5 8GB 1TB HD 128GB SSD GTX 1650 15,6  Windows 10 ( https://www.americanas.com.br/produto/2321189431 )  cont: 99
(02:26:07) Origem: https://www.americanas.com.br/categoria/informatica/notebooks/pagina-5
(02:26:09) Produto existe (id:1779332)
(02:26:09) Preço Produto: Venda: 5299,00 ( 0 x 0,00 ) Id PrecoProduto: 0
(02:26:09) Preçco mais recente: Venda: 5299,00 ( 0 x 0,00 ) Id PrecoProduto: 7170138
(02:26:09) Mesmo preço
(02:26:09) Produto: Notebook Asus X543UA-GQ3213T Intel Core I5 8GB 256GB SSD W10 Cinza Escuro ( https://www.americanas.com.br/produto/1774800790 )  cont: 100
(02:26:09) Origem: https://www.americanas.com.br/categoria/informatica/notebooks/pagina-5
(02:26:11) Produto existe (id:1779051)
(02:26:11) Preço Produto: Venda: 3581,08 ( 0 x 0,00 ) Id PrecoProduto: 0
(02:26:11) Preçco mais recente: Venda: 3581,08 ( 0 x 0,00 ) Id PrecoProduto: 7184731
(02:26:11) Mesmo preço
(02:26:12) Produto: Notebook Dell Inspiron I13-7391-A30S 10ª Intel Core I7 8GB (Geforce MX250 com 2GB) 512GB SSD Windows 10 13,3" - Prata ( https://www.americanas.com.br/produto/1237560532 )  cont: 101
(02:26:12) Origem: https://www.americanas.com.br/categoria/informatica/notebooks/pagina-5
(02:26:14) Produto existe (id:1779080)
(02:26:14) Preço Produto: Venda: 7501,53 ( 0 x 0,00 ) Id PrecoProduto: 0
(02:26:14) Preçco mais recente: Venda: 6699,99 ( 0 x 0,00 ) Id PrecoProduto: 7186062
(02:26:14) Mudança de preço
(02:26:14) Mudança de preço (Ajuste:-11.963294)
(02:26:14) Produto: Notebook Acer Aspire 5 A515-54-59X2 10ª Intel Core i5 8GB 512GB SSD 15,6   W10 + Mochila Targus Geolite Essential 15,6" Cinza ( https://www.americanas.com.br/produto/2284276809 )  cont: 102
(02:26:14) Origem: https://www.americanas.com.br/categoria/informatica/notebooks/pagina-5
(02:26:16) Produto existe (id:1779074)
(02:26:16) Preço Produto: Venda: 3899,99 ( 0 x 0,00 ) Id PrecoProduto: 0
(02:26:16) Preçco mais recente: Venda: 3899,99 ( 0 x 0,00 ) Id PrecoProduto: 7169880
(02:26:16) Mesmo preço
(02:26:16) Produto: Notebook 2 em 1 Duo Q232a Intel Atom 2GB 32GB LCD 14" W10 Prata - Positivo ( https://www.americanas.com.br/produto/133359703 )  cont: 103
(02:26:16) Origem: https://www.americanas.com.br/categoria/informatica/notebooks/pagina-5
(02:26:18) Produto existe (id:1790762)
(02:26:18) Preço Produto: Venda: 999,00 ( 0 x 0,00 ) Id PrecoProduto: 0
(02:26:18) Preçco mais recente: Venda: 999,00 ( 0 x 0,00 ) Id PrecoProduto: 7181728
(02:26:18) Mesmo preço
(02:26:19) Produto: Notebook Dell Inspiron I15-3584-A10P Intel Core I3 4GB 1TB LED 15,6" W10 Preto ( https://www.americanas.com.br/produto/134529524 )  cont: 104
(02:26:19) Origem: https://www.americanas.com.br/categoria/informatica/notebooks/pagina-5
(02:26:21) Produto existe (id:1779060)
(02:26:21) Preço Produto: Venda: 3299,00 ( 0 x 0,00 ) Id PrecoProduto: 0
(02:26:21) Preçco mais recente: Venda: 3299,00 ( 0 x 0,00 ) Id PrecoProduto: 7169866
(02:26:21) Mesmo preço
(02:26:21) Produto: Notebook Acer Aspire 3 Intel Core i3-1035G1 4GB SSD 256GB Endless OS 15.6" - A315-56-569F ( https://www.americanas.com.br/produto/2452234991 )  cont: 105
(02:26:21) Origem: https://www.americanas.com.br/categoria/informatica/notebooks/pagina-5
(02:26:23) Produto existe (id:1779070)
(02:26:23) Preço Produto: Venda: 3359,00 ( 0 x 0,00 ) Id PrecoProduto: 0
(02:26:23) Preçco mais recente: Venda: 3359,00 ( 0 x 0,00 ) Id PrecoProduto: 7169876
(02:26:23) Mesmo preço
(02:26:23) Produto: Notebook Acer Aspire 3 Intel Celeron 4GB 1TB Endless ( https://www.americanas.com.br/produto/1850094189 )  cont: 106
(02:26:23) Origem: https://www.americanas.com.br/categoria/informatica/notebooks/pagina-5
(02:26:26) Produto existe (id:1779062)
(02:26:26) Preço Produto: Venda: 2699,90 ( 0 x 0,00 ) Id PrecoProduto: 0
(02:26:26) Preçco mais recente: Venda: 2699,90 ( 0 x 0,00 ) Id PrecoProduto: 7187017
(02:26:26) Mesmo preço
(02:26:26) Produto: Notebook Lenovo Ideapad S145 Celeron 4gb - Linux 15.6" Prata ( https://www.americanas.com.br/produto/1588368868 )  cont: 107
(02:26:26) Origem: https://www.americanas.com.br/categoria/informatica/notebooks/pagina-5
(02:26:28) Produto existe (id:1779054)
(02:26:28) Preço Produto: Venda: 2890,00 ( 0 x 0,00 ) Id PrecoProduto: 0
(02:26:28) Preçco mais recente: Venda: 2890,00 ( 0 x 0,00 ) Id PrecoProduto: 7169860
(02:26:28) Mesmo preço
(02:26:28) Produto: Notebook Acer A315-34-C6ZS Intel Celeron N4000 4gb 1tb 15,6" Linux ( https://www.americanas.com.br/produto/1871867291 )  cont: 108
(02:26:28) Origem: https://www.americanas.com.br/categoria/informatica/notebooks/pagina-5
(02:26:30) Produto existe (id:1779028)
(02:26:30) Preço Produto: Venda: 2599,00 ( 0 x 0,00 ) Id PrecoProduto: 0
(02:26:30) Preçco mais recente: Venda: 2599,00 ( 0 x 0,00 ) Id PrecoProduto: 7180379
(02:26:30) Mesmo preço
(02:26:30) Produto: Legion 5i i7-10750H 16GB 512GB SSD RTX2060 6GB Win 10 15.6" ( https://www.americanas.com.br/produto/1877142777 )  cont: 109
(02:26:30) Origem: https://www.americanas.com.br/categoria/informatica/notebooks/pagina-5
(02:26:33) Produto existe (id:1791960)
(02:26:33) Preço Produto: Venda: 9899,00 ( 0 x 0,00 ) Id PrecoProduto: 0
(02:26:33) Preçco mais recente: Venda: 9899,00 ( 0 x 0,00 ) Id PrecoProduto: 7184214
(02:26:33) Mesmo preço
(02:26:33) Produto: 14 polegadas para o Windows 10 Redstone os Notebook pc Laptop 1920 * 1080p HD Display ( https://www.americanas.com.br/produto/2326906911 )  cont: 110
(02:26:33) Origem: https://www.americanas.com.br/categoria/informatica/notebooks/pagina-5
(02:26:35) Produto existe (id:1791501)
(02:26:35) Preço Produto: Venda: 1406,70 ( 0 x 0,00 ) Id PrecoProduto: 0
(02:26:35) Preçco mais recente: Venda: 1406,70 ( 0 x 0,00 ) Id PrecoProduto: 7183688
(02:26:35) Mesmo preço
(02:26:35) Produto: Notebook Asus Cel Dual Core 4GB 500GB Windows 10 Tela 15.6 Polegadas X543MA-GO596T ( https://www.americanas.com.br/produto/1981860453 )  cont: 111
(02:26:35) Origem: https://www.americanas.com.br/categoria/informatica/notebooks/pagina-5
(02:26:37) Produto existe (id:1792793)
(02:26:37) Preço Produto: Venda: 2499,00 ( 0 x 0,00 ) Id PrecoProduto: 0
(02:26:37) Preçco mais recente: Venda: 2499,00 ( 0 x 0,00 ) Id PrecoProduto: 7186060
(02:26:37) Mesmo preço
(02:26:37) Produto: Notebook Positivo Motion C41TDI Intel Celeron 4GB 1TB 14 Linux + Mochila Targus Intellect Essential 15,6" - Black ( https://www.americanas.com.br/produto/1850663871 )  cont: 112
(02:26:37) Origem: https://www.americanas.com.br/categoria/informatica/notebooks/pagina-5
(02:26:40) Produto existe (id:1779059)
(02:26:40) Preço Produto: Venda: 1999,99 ( 0 x 0,00 ) Id PrecoProduto: 0
(02:26:40) Preçco mais recente: Venda: 1999,99 ( 0 x 0,00 ) Id PrecoProduto: 7169865
(02:26:40) Mesmo preço
(02:26:40) Produto: Notebook Acer Aspire 3 A315-42G-R2LK AMD Ryzen 7 12GB 512GB SSD Radeon 540X 15,6  Windows 10 ( https://www.americanas.com.br/produto/1938460454 )  cont: 113
(02:26:40) Origem: https://www.americanas.com.br/categoria/informatica/notebooks/pagina-5
(02:26:42) Produto existe (id:1791503)
(02:26:42) Preço Produto: Venda: 4399,00 ( 0 x 0,00 ) Id PrecoProduto: 0
(02:26:42) Preçco mais recente: Venda: 4399,00 ( 0 x 0,00 ) Id PrecoProduto: 7185815
(02:26:42) Mesmo preço
(02:26:42) Produto: Notebook Gamer Dell G3-3590-A40P 9ª Intel Core I5 8GB (Geforce GTX1050 com 3GB) 256GB SSD 15,6" W10 ( https://www.americanas.com.br/produto/1535257700 )  cont: 114
(02:26:42) Origem: https://www.americanas.com.br/categoria/informatica/notebooks/pagina-5
(02:26:44) Produto existe (id:1779047)
(02:26:44) Preço Produto: Venda: 6199,99 ( 0 x 0,00 ) Id PrecoProduto: 0
(02:26:44) Preçco mais recente: Venda: 5999,99 ( 0 x 0,00 ) Id PrecoProduto: 7169853
(02:26:44) Mudança de preço
(02:26:44) Mudança de preço (Ajuste:-3.3333387)
(02:26:44) Produto: Notebook Gamer Dell G3 3500-U15P 15.6" 10ª Geração Intel Core i5 8GB 512GB SSD NVIDIA GTX 1650 Linux ( https://www.americanas.com.br/produto/2367103655 )  cont: 115
(02:26:44) Origem: https://www.americanas.com.br/categoria/informatica/notebooks/pagina-5
(02:26:47) Produto existe (id:1779079)
(02:26:47) Preço Produto: Venda: 6349,00 ( 0 x 0,00 ) Id PrecoProduto: 0
(02:26:47) Preçco mais recente: Venda: 6349,00 ( 0 x 0,00 ) Id PrecoProduto: 7169885
(02:26:47) Mesmo preço
(02:26:47) Produto: Notebook Positivo Motion Q464B Intel Atom Quad core 4GB 64GB SSD + 64GB Nuvem 14¿ W10 Vermelho + Mochila Targus Geolite Essential 15,6" Cinza ( https://www.americanas.com.br/produto/2285633409 )  cont: 116
(02:26:47) Origem: https://www.americanas.com.br/categoria/informatica/notebooks/pagina-5
(02:26:49) Produto existe (id:1779061)
(02:26:49) Preço Produto: Venda: 1699,99 ( 0 x 0,00 ) Id PrecoProduto: 0
(02:26:49) Preçco mais recente: Venda: 1699,99 ( 0 x 0,00 ) Id PrecoProduto: 7169867
(02:26:49) Mesmo preço
(02:26:49) Produto: Notebook Dell Inspiron i15-3583-U3XP 8ª Geração Intel Core i5 8GB 1TB 15.6" Linux McAfee Preto ( https://www.americanas.com.br/produto/80805391 )  cont: 117
(02:26:49) Origem: https://www.americanas.com.br/categoria/informatica/notebooks/pagina-5
(02:26:52) Produto existe (id:1779071)
(02:26:52) Preço Produto: Venda: 3889,00 ( 0 x 0,00 ) Id PrecoProduto: 0
(02:26:52) Preçco mais recente: Venda: 3889,00 ( 0 x 0,00 ) Id PrecoProduto: 7169877
(02:26:52) Mesmo preço
(02:26:52) Produto: Notebook Ultrafino Dell Inspiron 5490-U10S 10ª Geração Intel Core i5 8GB 256GB SSD Full HD 14" Linux Prata ( https://www.americanas.com.br/produto/1391378413 )  cont: 118
(02:26:52) Origem: https://www.americanas.com.br/categoria/informatica/notebooks/pagina-5
(02:26:54) Produto existe (id:1793027)
(02:26:54) Preço Produto: Venda: 4849,00 ( 0 x 0,00 ) Id PrecoProduto: 0
(02:26:54) Preçco mais recente: Venda: 4849,00 ( 0 x 0,00 ) Id PrecoProduto: 7186675
(02:26:54) Mesmo preço
(02:26:54) Produto: Notebook Positivo Stilo XC3650 Intel Celeron Dual Core 4GB 500GB Tela LCD 14" Windows 10 - Cinza Escuro ( https://www.americanas.com.br/produto/29859261 )  cont: 119
(02:26:54) Origem: https://www.americanas.com.br/categoria/informatica/notebooks/pagina-5
(02:26:56) Produto existe (id:1790763)
(02:26:56) Preço Produto: Venda: 1499,00 ( 0 x 0,00 ) Id PrecoProduto: 0
(02:26:56) Preçco mais recente: Venda: 1499,00 ( 0 x 0,00 ) Id PrecoProduto: 7181729
(02:26:56) Mesmo preço
(02:26:56) Produto: Notebook Gamer Dell G5-5590-M80P 9ª Geração Intel Core i7 16GB 512GB SSD Placa Vídeo NVIDIA RTX 2060 15.6" Windows 10 ( https://www.americanas.com.br/produto/1508920908 )  cont: 120
(02:26:56) Origem: https://www.americanas.com.br/categoria/informatica/notebooks/pagina-5
(02:26:59) Produto existe (id:1779073)
(02:26:59) Preço Produto: Venda: 9809,00 ( 0 x 0,00 ) Id PrecoProduto: 0
(02:26:59) Preçco mais recente: Venda: 9809,00 ( 0 x 0,00 ) Id PrecoProduto: 7186676
(02:26:59) Mesmo preço
(02:27:01) Loja:Magazine Luiza
(02:28:23) Categoria:Notebooks
(02:28:23) CategoriaLoja(detalhe):CategoriaLoja {IdCategoriaLoja:820;Nome:Notebooks;Url:http://www.magazineluiza.com.br/notebook/informatica/s/in/note/;DataInclusao:27-03-2015;IdCategoriaLojaF:0;IdNaturezaProdutoRa:10;IdLojaVirtualPa:2;}
(02:28:23) URL: http://www.magazineluiza.com.br/notebook/informatica/s/in/note/
(02:28:25) Loja:Extra
(02:29:46) Categoria:Notebooks
(02:29:46) CategoriaLoja(detalhe):CategoriaLoja {IdCategoriaLoja:818;Nome:Notebooks;Url:https://www.extra.com.br/Informatica/Notebook/?Filtro=C56_C57;DataInclusao:20-03-2015;IdCategoriaLojaF:0;IdNaturezaProdutoRa:10;IdLojaVirtualPa:3;}
(02:29:46) URL: https://www.extra.com.br/Informatica/Notebook/?Filtro=C56_C57
(02:29:50) Produto: Notebook Acer Core i3-1005G1 8GB 256GB SSD Tela 15.6” Windows 10 Aspire 3 A315-56-3090 ( https://www.extra.com.br/Informatica/Notebook/notebook-acer-core-i3-1005g1-8gb-256gb-ssd-tela-15-6-windows-10-aspire-3-a315-56-3090-55010097.html )  cont: 1
(02:29:50) Origem: https://www.extra.com.br/Informatica/Notebook/?Filtro=C56_C57
(02:29:52) Produto existe (id:1750009)
(02:29:52) Preço Produto: Venda: 3049,00 ( 10 x 304,90 ) Id PrecoProduto: 0
(02:29:52) Preçco mais recente: Venda: 3049,00 ( 10 x 304,90 ) Id PrecoProduto: 7186711
(02:29:52) Mesmo preço
(02:29:52) Produto: Notebook Samsung Book X30 Intel Core i5-10210U 10ª Geração 8GB 1TB 15.6   Windows 10 Home NP550XCJ-KF1BR - Prata ( https://www.extra.com.br/Informatica/Notebook/notebook-samsung-book-x30-intel-core-i5-10210u-10-geracao-8gb-1tb-15-6-windows-10-home-np550xcj-kf1br-prata-55008238.html )  cont: 2
(02:29:52) Origem: https://www.extra.com.br/Informatica/Notebook/?Filtro=C56_C57
(02:29:54) Produto existe (id:1750010)
(02:29:54) Preço Produto: Venda: 3599,00 ( 10 x 359,90 ) Id PrecoProduto: 0
(02:29:54) Preçco mais recente: Venda: 3599,00 ( 10 x 359,90 ) Id PrecoProduto: 7186712
(02:29:54) Mesmo preço
(02:29:54) Produto: Notebook Dell Pentium Gold 4GB 500GB Tela 15.6” Windows 10 Inspiron I15-3583-A05P ( https://www.extra.com.br/Informatica/Notebook/notebook-dell-pentium-gold-4gb-500gb-tela-15-6-windows-10-inspiron-i15-3583-a05p-50005139.html )  cont: 3
(02:29:54) Origem: https://www.extra.com.br/Informatica/Notebook/?Filtro=C56_C57
(02:29:56) Produto existe (id:1750011)
(02:29:56) Preço Produto: Venda: 2699,00 ( 10 x 269,90 ) Id PrecoProduto: 0
(02:29:56) Preçco mais recente: Venda: 2699,00 ( 10 x 269,90 ) Id PrecoProduto: 7127490
(02:29:56) Mesmo preço
(02:29:56) Produto: Notebook Positivo Dual Core 4GB 1TB Tela 14” Windows 10 Motion C41TD ( https://www.extra.com.br/Informatica/Notebook/notebook-positivo-dual-core-4gb-1tb-tela-14-windows-10-motion-c41td-55008805.html )  cont: 4
(02:29:56) Origem: https://www.extra.com.br/Informatica/Notebook/?Filtro=C56_C57
(02:29:58) Produto existe (id:1750012)
(02:29:58) Preço Produto: Venda: 2399,00 ( 10 x 239,90 ) Id PrecoProduto: 0
(02:29:58) Preçco mais recente: Venda: 2399,00 ( 10 x 239,90 ) Id PrecoProduto: 7127491
(02:29:58) Mesmo preço
(02:29:58) Produto: Notebook Positivo Quad Core 4GB 64GB SSD Tela 14” Windows 10 Motion Plus Q464B ( https://www.extra.com.br/Informatica/Notebook/notebook-positivo-quad-core-4gb-64gb-ssd-tela-14-windows-10-motion-plus-q464b-50004960.html )  cont: 5
(02:29:58) Origem: https://www.extra.com.br/Informatica/Notebook/?Filtro=C56_C57
(02:29:59) Produto existe (id:1750013)
(02:30:00) Preço Produto: Venda: 1649,00 ( 10 x 164,90 ) Id PrecoProduto: 0
(02:30:00) Preçco mais recente: Venda: 1649,00 ( 10 x 164,90 ) Id PrecoProduto: 7186713
(02:30:00) Mesmo preço
(02:30:00) Produto: Notebook Acer Core i5-10210U 8GB 512GB SSD Tela 15.6” Windows 10 Aspire 5 A515-54-59X2 ( https://www.extra.com.br/Informatica/Notebook/notebook-acer-core-i5-10210u-8gb-512gb-ssd-tela-15-6-windows-10-aspire-5-a515-54-59x2-55010096.html )  cont: 6
(02:30:00) Origem: https://www.extra.com.br/Informatica/Notebook/?Filtro=C56_C57
(02:30:02) Produto existe (id:1750014)
(02:30:02) Preço Produto: Venda: 3849,00 ( 10 x 384,90 ) Id PrecoProduto: 0
(02:30:02) Preçco mais recente: Venda: 3849,00 ( 10 x 384,90 ) Id PrecoProduto: 7186714
(02:30:02) Mesmo preço
(02:30:02) Produto: Notebook Positivo Quad Core 2GB 32GB SSD Tela 14” Windows 10 Motion Gray Q232 ( https://www.extra.com.br/Informatica/Notebook/notebook-positivo-quad-core-2gb-32gb-ssd-tela-14-windows-10-motion-gray-q232-50000828.html )  cont: 7
(02:30:02) Origem: https://www.extra.com.br/Informatica/Notebook/?Filtro=C56_C57
(02:30:04) Produto existe (id:1750015)
(02:30:04) Preço Produto: Venda: 1349,00 ( 10 x 134,90 ) Id PrecoProduto: 0
(02:30:04) Preçco mais recente: Venda: 1349,00 ( 10 x 134,90 ) Id PrecoProduto: 7186715
(02:30:04) Mesmo preço
(02:30:04) Produto: Notebook Lenovo AMD Ryzen 5-3500U 12GB 1TB Tela 15.6” Windows 10 Ideapad S145 ( https://www.extra.com.br/Informatica/Notebook/notebook-lenovo-amd-ryzen-5-3500u-12gb-1tb-tela-15-6-windows-10-ideapad-s145-55008960.html )  cont: 8
(02:30:04) Origem: https://www.extra.com.br/Informatica/Notebook/?Filtro=C56_C57
(02:30:06) Produto existe (id:1750016)
(02:30:06) Preço Produto: Venda: 5319,00 ( 10 x 531,90 ) Id PrecoProduto: 0
(02:30:06) Preçco mais recente: Venda: 5319,00 ( 10 x 531,90 ) Id PrecoProduto: 7187044
(02:30:06) Mesmo preço
(02:30:06) Produto: Notebook Acer Core i5-10210U 8GB 256GB SSD Placa de Vídeo 2GB Tela 15.6” Windows 10 Aspire 5 A515-54G-53GP ( https://www.extra.com.br/Informatica/Notebook/notebook-acer-core-i5-10210u-8gb-256gb-ssd-placa-de-video-2gb-tela-15-6-windows-10-aspire-5-a515-54g-53gp-55010093.html )  cont: 9
(02:30:06) Origem: https://www.extra.com.br/Informatica/Notebook/?Filtro=C56_C57
(02:30:08) Produto existe (id:1750017)
(02:30:08) Preço Produto: Venda: 3749,00 ( 10 x 374,90 ) Id PrecoProduto: 0
(02:30:08) Preçco mais recente: Venda: 3749,00 ( 10 x 374,90 ) Id PrecoProduto: 7186717
(02:30:08) Mesmo preço
(02:30:08) Produto: Notebook Lenovo AMD Ryzen 5-3500U 8GB 1TB Tela 15.6” Windows 10 Ideapad S145 81V70004BR ( https://www.extra.com.br/Informatica/Notebook/notebook-lenovo-amd-ryzen-5-3500u-8gb-1tb-tela-15-6-windows-10-ideapad-s145-81v70004br-55003873.html )  cont: 10
(02:30:08) Origem: https://www.extra.com.br/Informatica/Notebook/?Filtro=C56_C57
(02:30:10) Produto existe (id:1791742)
(02:30:10) Preço Produto: Venda: 3299,00 ( 10 x 329,90 ) Id PrecoProduto: 0
(02:30:10) Preçco mais recente: Venda: 3299,00 ( 10 x 329,90 ) Id PrecoProduto: 7186718
(02:30:10) Mesmo preço
(02:30:10) Produto: Notebook Positivo Dual Core 4GB 500GB Tela 14” Windows 10 Motion C4500D ( https://www.extra.com.br/Informatica/Notebook/notebook-positivo-dual-core-4gb-500gb-tela-14-windows-10-motion-c4500d-55009824.html )  cont: 11
(02:30:10) Origem: https://www.extra.com.br/Informatica/Notebook/?Filtro=C56_C57
(02:30:12) Produto existe (id:1750019)
(02:30:12) Preço Produto: Venda: 2399,00 ( 10 x 239,90 ) Id PrecoProduto: 0
(02:30:12) Preçco mais recente: Venda: 2399,00 ( 10 x 239,90 ) Id PrecoProduto: 7127498
(02:30:12) Mesmo preço
(02:30:12) Produto: Notebook Acer Core i3-1005G1 8GB 512GB SSD Tela 15.6” Windows 10 Aspire 3 A315-56-35ET ( https://www.extra.com.br/Informatica/Notebook/notebook-acer-core-i3-1005g1-8gb-512gb-ssd-tela-15-6-windows-10-aspire-3-a315-56-35et-55010095.html )  cont: 12
(02:30:12) Origem: https://www.extra.com.br/Informatica/Notebook/?Filtro=C56_C57
(02:30:13) Produto existe (id:1750020)
(02:30:13) Preço Produto: Venda: 3249,00 ( 10 x 324,90 ) Id PrecoProduto: 0
(02:30:13) Preçco mais recente: Venda: 3249,00 ( 10 x 324,90 ) Id PrecoProduto: 7186719
(02:30:13) Mesmo preço
(02:30:14) Produto: Notebook Samsung Book X50 Intel Core i7-10510U 10ª Geração 8GB, 1TB, Placa de Vídeo 2GB, 15.6   Windows 10 Home NP550XCJ-XS1BR - Prata ( https://www.extra.com.br/Informatica/Notebook/notebook-samsung-book-x50-intel-core-i7-10510u-10-geracao-8gb-1tb-placa-de-video-2gb-15-6-windows-10-home-np550xcj-xs1br-prata-55008242.html )  cont: 13
(02:30:14) Origem: https://www.extra.com.br/Informatica/Notebook/?Filtro=C56_C57
(02:30:15) Produto existe (id:1750021)
(02:30:15) Preço Produto: Venda: 4999,00 ( 10 x 499,90 ) Id PrecoProduto: 0
(02:30:15) Preçco mais recente: Venda: 4999,00 ( 10 x 499,90 ) Id PrecoProduto: 7127500
(02:30:15) Mesmo preço
(02:30:15) Produto: Notebook Samsung Dual Core 4GB 500GB Tela 15.6" Windows 10 Book E20 NP550XCJ-KO1BR ( https://www.extra.com.br/Informatica/Notebook/notebook-samsung-dual-core-4gb-500gb-tela-15-6-windows-10-book-e20-np550xcj-ko1br-55008233.html )  cont: 14
(02:30:15) Origem: https://www.extra.com.br/Informatica/Notebook/?Filtro=C56_C57
(02:30:17) Produto existe (id:1750022)
(02:30:17) Preço Produto: Venda: 2449,00 ( 10 x 244,90 ) Id PrecoProduto: 0
(02:30:17) Preçco mais recente: Venda: 2449,00 ( 10 x 244,90 ) Id PrecoProduto: 7186720
(02:30:17) Mesmo preço
(02:30:17) Produto: Notebook Gamer Acer NVIDIA GeForce GTX 1650 AMD Ryzen 7-3750H 8GB 1TB 128GB SSD Tela Full HD 15.6” Endless OS Aspire Nitro 5 AN515-43-R4C3 ( https://www.extra.com.br/Informatica/Notebook/notebook-gamer-acer-nvidia-geforce-gtx-1650-amd-ryzen-7-3750h-8gb-1tb-128gb-ssd-tela-full-hd-15-6-endless-os-aspire-nitro-5-an515-43-r4c3-55010090.html )  cont: 15
(02:30:17) Origem: https://www.extra.com.br/Informatica/Notebook/?Filtro=C56_C57
(02:30:19) Produto existe (id:1750023)
(02:30:19) Preço Produto: Venda: 5399,00 ( 10 x 539,90 ) Id PrecoProduto: 0
(02:30:19) Preçco mais recente: Venda: 5399,00 ( 10 x 539,90 ) Id PrecoProduto: 7172314
(02:30:19) Mesmo preço
(02:30:19) Produto: Notebook Samsung Book E30 Intel Core i3-10110U 10ª Geração 4GB 1TB 15.6   Windows 10 Home NP550XCJ-KT1BR - Prata ( https://www.extra.com.br/Informatica/Notebook/notebook-samsung-book-e30-intel-core-i3-10110u-10-geracao-4gb-1tb-15-6-windows-10-home-np550xcj-kt1br-prata-55008235.html )  cont: 16
(02:30:19) Origem: https://www.extra.com.br/Informatica/Notebook/?Filtro=C56_C57
(02:30:21) Produto existe (id:1750024)
(02:30:21) Preço Produto: Venda: 2899,00 ( 10 x 289,90 ) Id PrecoProduto: 0
(02:30:21) Preçco mais recente: Venda: 2899,00 ( 10 x 289,90 ) Id PrecoProduto: 7186126
(02:30:21) Mesmo preço
(02:30:21) Produto: Notebook Lenovo Core i5-1035G1 8GB 1TB Tela 15.6” Windows 10 Ideapad S145 ( https://www.extra.com.br/Informatica/Notebook/notebook-lenovo-core-i5-1035g1-8gb-1tb-tela-15-6-windows-10-ideapad-s145-55007372.html )  cont: 17
(02:30:21) Origem: https://www.extra.com.br/Informatica/Notebook/?Filtro=C56_C57
(02:30:23) Produto existe (id:1750025)
(02:30:23) Preço Produto: Venda: 3599,00 ( 10 x 359,90 ) Id PrecoProduto: 0
(02:30:23) Preçco mais recente: Venda: 3599,00 ( 10 x 359,90 ) Id PrecoProduto: 7172315
(02:30:23) Mesmo preço
(02:30:23) Produto: Notebook Lenovo Core i5-8265U 8GB 256GB SSD Placa de Vídeo 2GB Tela 15.6” Windows 10 Ideapad S145 ( https://www.extra.com.br/Informatica/Notebook/notebook-lenovo-core-i5-8265u-8gb-256gb-ssd-placa-de-video-2gb-tela-15-6-windows-10-ideapad-s145-55010085.html )  cont: 18
(02:30:23) Origem: https://www.extra.com.br/Informatica/Notebook/?Filtro=C56_C57
(02:30:25) Produto existe (id:1750028)
(02:30:25) Preço Produto: Venda: 3849,00 ( 10 x 384,90 ) Id PrecoProduto: 0
(02:30:25) Preçco mais recente: Venda: 3849,00 ( 10 x 384,90 ) Id PrecoProduto: 7186722
(02:30:25) Mesmo preço
(02:30:25) Produto: Notebook Acer Aspire 5 A514-53G-571X Intel Core I5 8GB 512GB SSD MX 350 14` Windows 10 ( https://www.extra.com.br/Informatica/Notebook/notebook-acer-aspire-5-a514-53g-571x-intel-core-i5-8gb-512gb-ssd-mx-350-14-windows-10-1506840412.html )  cont: 19
(02:30:25) Origem: https://www.extra.com.br/Informatica/Notebook/?Filtro=C56_C57
(02:30:27) Produto existe (id:1750029)
(02:30:27) Preço Produto: Venda: 4399,00 ( 10 x 439,90 ) Id PrecoProduto: 0
(02:30:27) Preçco mais recente: Venda: 4399,00 ( 10 x 439,90 ) Id PrecoProduto: 7186127
(02:30:27) Mesmo preço
(02:30:27) Produto: Notebook VAIO Core i3-8130U 4GB 1TB Tela 15.6” Windows 10 FE15 VJFE51F11X-B0111H ( https://www.extra.com.br/Informatica/Notebook/notebook-vaio-core-i3-8130u-4gb-1tb-tela-15-6-windows-10-fe15-vjfe51f11x-b0111h-55004116.html )  cont: 20
(02:30:27) Origem: https://www.extra.com.br/Informatica/Notebook/?Filtro=C56_C57
(02:30:29) Produto existe (id:1781506)
(02:30:29) Preço Produto: Venda: 2999,00 ( 10 x 299,90 ) Id PrecoProduto: 0
(02:30:29) Preçco mais recente: Venda: 2999,00 ( 10 x 299,90 ) Id PrecoProduto: 7186723
(02:30:29) Mesmo preço
(02:30:29) Produto: Notebook Lenovo Core i7-8565U 8GB 1TB Placa de Vídeo 2GB Tela Full HD 15.6” Windows 10 Ideapad S145 ( https://www.extra.com.br/Informatica/Notebook/notebook-lenovo-core-i7-8565u-8gb-1tb-placa-de-video-2gb-tela-full-hd-15-6-windows-10-ideapad-s145-55004395.html )  cont: 21
(02:30:29) Origem: https://www.extra.com.br/Informatica/Notebook/?Filtro=C56_C57
(02:30:30) Produto existe (id:1781507)
(02:30:30) Preço Produto: Venda: 4099,00 ( 10 x 409,90 ) Id PrecoProduto: 0
(02:30:30) Preçco mais recente: Venda: 4099,00 ( 10 x 409,90 ) Id PrecoProduto: 7186128
(02:30:30) Mesmo preço
(02:30:31) Loja:Walmart
(02:31:55) Categoria:Notebooks
(02:31:55) CategoriaLoja(detalhe):CategoriaLoja {IdCategoriaLoja:821;Nome:Notebooks;Url:https://www.walmart.com.br/categoria/informatica/notebooks-e-ultrabooks/?fq=C:4699/4701/;DataInclusao:27-03-2015;IdCategoriaLojaF:0;IdNaturezaProdutoRa:10;IdLojaVirtualPa:4;}
(02:31:55) URL: https://www.walmart.com.br/categoria/informatica/notebooks-e-ultrabooks/?fq=C:4699/4701/
(02:31:55) Loja:Submarino
(02:33:18) Categoria:Notebooks
(02:33:18) CategoriaLoja(detalhe):CategoriaLoja {IdCategoriaLoja:819;Nome:Notebooks;Url:http://www.submarino.com.br/linha/271288/informatica/notebook;DataInclusao:20-03-2015;IdCategoriaLojaF:0;IdNaturezaProdutoRa:10;IdLojaVirtualPa:5;}
(02:33:18) URL: http://www.submarino.com.br/linha/271288/informatica/notebook
(02:34:19) Loja:Ricardo Eletro
(02:35:40) Categoria:Notebooks
(02:35:40) CategoriaLoja(detalhe):CategoriaLoja {IdCategoriaLoja:822;Nome:Notebooks;Url:http://www.ricardoeletro.com.br/Loja/Informatica/Notebooks-Ultrabooks/49-82;DataInclusao:27-03-2015;IdCategoriaLojaF:0;IdNaturezaProdutoRa:10;IdLojaVirtualPa:6;}
(02:35:40) URL: http://www.ricardoeletro.com.br/Loja/Informatica/Notebooks-Ultrabooks/49-82
(02:35:49) Loja:Ponto Frio
(02:37:14) Categoria:Notebooks
(02:37:14) CategoriaLoja(detalhe):CategoriaLoja {IdCategoriaLoja:823;Nome:Notebooks;Url:http://www.pontofrio.com.br/Informatica/Notebook/?Filtro=C56_C57;DataInclusao:27-03-2015;IdCategoriaLojaF:0;IdNaturezaProdutoRa:10;IdLojaVirtualPa:7;}
(02:37:14) URL: http://www.pontofrio.com.br/Informatica/Notebook/?Filtro=C56_C57
(02:37:19) Produto: Notebook Positivo Quad Core 4GB 64GB SSD Tela 14” Windows 10 Motion Plus Q464B ( https://www.pontofrio.com.br/Informatica/Notebook/notebook-positivo-quad-core-4gb-64gb-ssd-tela-14-windows-10-motion-plus-q464b-50004960.html )  cont: 1
(02:37:19) Origem: http://www.pontofrio.com.br/Informatica/Notebook/?Filtro=C56_C57
(02:37:21) Produto existe (id:1555501)
(02:37:21) Preço Produto: Venda: 1599,00 ( 10 x 159,90 ) Id PrecoProduto: 0
(02:37:21) Preçco mais recente: Venda: 1599,00 ( 10 x 159,90 ) Id PrecoProduto: 7184226
(02:37:21) Mesmo preço
(02:37:21) Produto: Notebook Samsung Book X30 Intel Core i5-10210U 10ª Geração 8GB 1TB 15.6   Windows 10 Home NP550XCJ-KF1BR - Prata ( https://www.pontofrio.com.br/Informatica/Notebook/notebook-samsung-book-x30-intel-core-i5-10210u-10-geracao-8gb-1tb-15-6-windows-10-home-np550xcj-kf1br-prata-55008238.html )  cont: 2
(02:37:21) Origem: http://www.pontofrio.com.br/Informatica/Notebook/?Filtro=C56_C57
(02:37:23) Produto existe (id:1555502)
(02:37:23) Preço Produto: Venda: 3599,00 ( 10 x 359,90 ) Id PrecoProduto: 0
(02:37:23) Preçco mais recente: Venda: 3599,00 ( 10 x 359,90 ) Id PrecoProduto: 7186724
(02:37:23) Mesmo preço
(02:37:23) Produto: Notebook Lenovo AMD Ryzen 5-3500U 8GB 1TB Tela 15.6” Windows 10 Ideapad S145 81V70004BR ( https://www.pontofrio.com.br/Informatica/Notebook/notebook-lenovo-amd-ryzen-5-3500u-8gb-1tb-tela-15-6-windows-10-ideapad-s145-81v70004br-55003873.html )  cont: 3
(02:37:23) Origem: http://www.pontofrio.com.br/Informatica/Notebook/?Filtro=C56_C57
(02:37:25) Produto existe (id:1791520)
(02:37:25) Preço Produto: Venda: 3299,00 ( 10 x 329,90 ) Id PrecoProduto: 0
(02:37:25) Preçco mais recente: Venda: 3299,00 ( 10 x 329,90 ) Id PrecoProduto: 7186725
(02:37:25) Mesmo preço
(02:37:25) Produto: Notebook Lenovo AMD Ryzen 5-3500U 12GB 1TB Tela 15.6” Windows 10 Ideapad S145 ( https://www.pontofrio.com.br/Informatica/Notebook/notebook-lenovo-amd-ryzen-5-3500u-12gb-1tb-tela-15-6-windows-10-ideapad-s145-55008960.html )  cont: 4
(02:37:25) Origem: http://www.pontofrio.com.br/Informatica/Notebook/?Filtro=C56_C57
(02:37:26) Produto existe (id:1555504)
(02:37:26) Preço Produto: Venda: 5319,00 ( 10 x 531,90 ) Id PrecoProduto: 0
(02:37:26) Preçco mais recente: Venda: 5319,00 ( 10 x 531,90 ) Id PrecoProduto: 7187045
(02:37:26) Mesmo preço
(02:37:26) Produto: Notebook Acer Core i5-10210U 8GB 256GB SSD Placa de Vídeo 2GB Tela 15.6” Windows 10 Aspire 5 A515-54G-53GP ( https://www.pontofrio.com.br/Informatica/Notebook/notebook-acer-core-i5-10210u-8gb-256gb-ssd-placa-de-video-2gb-tela-15-6-windows-10-aspire-5-a515-54g-53gp-55010093.html )  cont: 5
(02:37:26) Origem: http://www.pontofrio.com.br/Informatica/Notebook/?Filtro=C56_C57
(02:37:28) Produto existe (id:1750031)
(02:37:28) Preço Produto: Venda: 3699,00 ( 10 x 369,90 ) Id PrecoProduto: 0
(02:37:28) Preçco mais recente: Venda: 3699,00 ( 10 x 369,90 ) Id PrecoProduto: 7186727
(02:37:28) Mesmo preço
(02:37:28) Produto: Notebook Samsung Book X30 Intel Core i5-10210U 10ª Geração 8GB 1TB 15.6   Windows 10 Home NP550XCJ-KF2BR - Branco ( https://www.pontofrio.com.br/Informatica/Notebook/notebook-samsung-book-x30-intel-core-i5-10210u-10-geracao-8gb-1tb-15-6-windows-10-home-np550xcj-kf2br-branco-55008239.html )  cont: 6
(02:37:28) Origem: http://www.pontofrio.com.br/Informatica/Notebook/?Filtro=C56_C57
(02:37:30) Produto existe (id:1750032)
(02:37:30) Preço Produto: Venda: 3499,00 ( 10 x 349,90 ) Id PrecoProduto: 0
(02:37:30) Preçco mais recente: Venda: 3499,00 ( 10 x 349,90 ) Id PrecoProduto: 7186728
(02:37:30) Mesmo preço
(02:37:30) Produto: Notebook Samsung Book E30 Intel Core i3-10110U 10ª Geração 4GB 1TB 15.6   Windows 10 Home NP550XCJ-KT1BR - Prata ( https://www.pontofrio.com.br/Informatica/Notebook/notebook-samsung-book-e30-intel-core-i3-10110u-10-geracao-4gb-1tb-15-6-windows-10-home-np550xcj-kt1br-prata-55008235.html )  cont: 7
(02:37:30) Origem: http://www.pontofrio.com.br/Informatica/Notebook/?Filtro=C56_C57
(02:37:32) Produto existe (id:1555509)
(02:37:32) Preço Produto: Venda: 2899,00 ( 10 x 289,90 ) Id PrecoProduto: 0
(02:37:32) Preçco mais recente: Venda: 2899,00 ( 10 x 289,90 ) Id PrecoProduto: 7186729
(02:37:32) Mesmo preço
(02:37:32) Produto: Notebook Acer Core i5-10210U 8GB 512GB SSD Tela 15.6” Windows 10 Aspire 5 A515-54-59X2 ( https://www.pontofrio.com.br/Informatica/Notebook/notebook-acer-core-i5-10210u-8gb-512gb-ssd-tela-15-6-windows-10-aspire-5-a515-54-59x2-55010096.html )  cont: 8
(02:37:32) Origem: http://www.pontofrio.com.br/Informatica/Notebook/?Filtro=C56_C57
(02:37:34) Produto existe (id:1750035)
(02:37:34) Preço Produto: Venda: 3799,00 ( 10 x 379,90 ) Id PrecoProduto: 0
(02:37:34) Preçco mais recente: Venda: 3799,00 ( 10 x 379,90 ) Id PrecoProduto: 7186730
(02:37:34) Mesmo preço
(02:37:34) Produto: Notebook Lenovo Core i5-1035G1 8GB 1TB Tela 15.6” Windows 10 Ideapad S145 ( https://www.pontofrio.com.br/Informatica/Notebook/notebook-lenovo-core-i5-1035g1-8gb-1tb-tela-15-6-windows-10-ideapad-s145-55007372.html )  cont: 9
(02:37:34) Origem: http://www.pontofrio.com.br/Informatica/Notebook/?Filtro=C56_C57
(02:37:36) Produto existe (id:1555507)
(02:37:36) Preço Produto: Venda: 3699,00 ( 10 x 369,90 ) Id PrecoProduto: 0
(02:37:36) Preçco mais recente: Venda: 3699,00 ( 12 x 308,25 ) Id PrecoProduto: 6814358
(02:37:36) Mesmo preço
(02:37:36) Produto: MacBook Air 13" Apple Intel Core i5 8GB RAM 128GB SSD Prateado ( https://www.pontofrio.com.br/Informatica/Notebook/macbook-air-13-apple-intel-core-i5-8gb-ram-128gb-ssd-prateado-11639797.html )  cont: 10
(02:37:36) Origem: http://www.pontofrio.com.br/Informatica/Notebook/?Filtro=C56_C57
(02:37:38) Produto existe (id:1750036)
(02:37:38) Preço Produto: Venda: 5599,00 ( 10 x 559,90 ) Id PrecoProduto: 0
(02:37:38) Preçco mais recente: Venda: 5599,00 ( 10 x 559,90 ) Id PrecoProduto: 7186132
(02:37:38) Mesmo preço
(02:37:38) Produto: Notebook Gamer Acer NVIDIA GeForce GTX 1650 AMD Ryzen 7-3750H 8GB 1TB 128GB SSD Tela Full HD 15.6” Endless OS Aspire Nitro 5 AN515-43-R4C3 ( https://www.pontofrio.com.br/Informatica/Notebook/notebook-gamer-acer-nvidia-geforce-gtx-1650-amd-ryzen-7-3750h-8gb-1tb-128gb-ssd-tela-full-hd-15-6-endless-os-aspire-nitro-5-an515-43-r4c3-55010090.html )  cont: 11
(02:37:38) Origem: http://www.pontofrio.com.br/Informatica/Notebook/?Filtro=C56_C57
(02:37:40) Produto existe (id:1555518)
(02:37:40) Preço Produto: Venda: 5299,00 ( 10 x 529,90 ) Id PrecoProduto: 0
(02:37:40) Preçco mais recente: Venda: 5299,00 ( 10 x 529,90 ) Id PrecoProduto: 7172326
(02:37:40) Mesmo preço
(02:37:40) Produto: Notebook Acer Core i3-1005G1 8GB 512GB SSD Tela 15.6” Windows 10 Aspire 3 A315-56-35ET ( https://www.pontofrio.com.br/Informatica/Notebook/notebook-acer-core-i3-1005g1-8gb-512gb-ssd-tela-15-6-windows-10-aspire-3-a315-56-35et-55010095.html )  cont: 12
(02:37:40) Origem: http://www.pontofrio.com.br/Informatica/Notebook/?Filtro=C56_C57
(02:37:42) Produto existe (id:1555505)
(02:37:42) Preço Produto: Venda: 3199,00 ( 10 x 319,90 ) Id PrecoProduto: 0
(02:37:42) Preçco mais recente: Venda: 3199,00 ( 10 x 319,90 ) Id PrecoProduto: 7186731
(02:37:42) Mesmo preço
(02:37:42) Produto: Notebook Samsung Dual Core 4GB 64GB SSD Tela Full HD 13.3” Windows 10 Flash F30 NP530XBB-AD1BR ( https://www.pontofrio.com.br/Informatica/Notebook/notebook-samsung-dual-core-4gb-64gb-ssd-tela-full-hd-13-3-windows-10-flash-f30-np530xbb-ad1br-14536935.html )  cont: 13
(02:37:42) Origem: http://www.pontofrio.com.br/Informatica/Notebook/?Filtro=C56_C57
(02:37:44) Produto existe (id:1750037)
(02:37:44) Preço Produto: Venda: 2399,00 ( 10 x 239,90 ) Id PrecoProduto: 0
(02:37:44) Preçco mais recente: Venda: 2399,00 ( 10 x 239,90 ) Id PrecoProduto: 7186732
(02:37:44) Mesmo preço
(02:37:44) Produto: Notebook Lenovo Core i5-1035G1 20GB (4GB RAM + 16GB Optane) 1TB Tela 15.6” Windows 10 Ideapad S145 ( https://www.pontofrio.com.br/Informatica/Notebook/notebook-lenovo-core-i5-1035g1-20gb-4gb-ram-16gb-optane-1tb-tela-15-6-windows-10-ideapad-s145-55010086.html )  cont: 14
(02:37:44) Origem: http://www.pontofrio.com.br/Informatica/Notebook/?Filtro=C56_C57
(02:37:46) Produto existe (id:1750038)
(02:37:46) Preço Produto: Venda: 3199,00 ( 10 x 319,90 ) Id PrecoProduto: 0
(02:37:46) Preçco mais recente: Venda: 3199,00 ( 10 x 319,90 ) Id PrecoProduto: 7183016
(02:37:46) Mesmo preço
(02:37:46) Produto: Notebook Samsung Dual Core 4GB 500GB Tela 15.6" Windows 10 Book E20 NP550XCJ-KO1BR ( https://www.pontofrio.com.br/Informatica/Notebook/notebook-samsung-dual-core-4gb-500gb-tela-15-6-windows-10-book-e20-np550xcj-ko1br-55008233.html )  cont: 15
(02:37:46) Origem: http://www.pontofrio.com.br/Informatica/Notebook/?Filtro=C56_C57
(02:37:47) Produto existe (id:1555503)
(02:37:47) Preço Produto: Venda: 2399,00 ( 10 x 239,90 ) Id PrecoProduto: 0
(02:37:47) Preçco mais recente: Venda: 2399,00 ( 10 x 239,90 ) Id PrecoProduto: 7186733
(02:37:47) Mesmo preço
(02:37:48) Produto: Notebook Lenovo Core i5-8265U 8GB 256GB SSD Placa de Vídeo 2GB Tela 15.6” Windows 10 Ideapad S145 ( https://www.pontofrio.com.br/Informatica/Notebook/notebook-lenovo-core-i5-8265u-8gb-256gb-ssd-placa-de-video-2gb-tela-15-6-windows-10-ideapad-s145-55010085.html )  cont: 16
(02:37:48) Origem: http://www.pontofrio.com.br/Informatica/Notebook/?Filtro=C56_C57
(02:37:49) Produto existe (id:1750039)
(02:37:49) Preço Produto: Venda: 3799,00 ( 10 x 379,90 ) Id PrecoProduto: 0
(02:37:49) Preçco mais recente: Venda: 3799,00 ( 10 x 379,90 ) Id PrecoProduto: 7186734
(02:37:49) Mesmo preço
(02:37:49) Produto: Notebook Positivo Dual Core 4GB 500GB Tela 14” Windows 10 Motion C4500D ( https://www.pontofrio.com.br/Informatica/Notebook/notebook-positivo-dual-core-4gb-500gb-tela-14-windows-10-motion-c4500d-55009824.html )  cont: 17
(02:37:49) Origem: http://www.pontofrio.com.br/Informatica/Notebook/?Filtro=C56_C57
(02:37:51) Produto existe (id:1555506)
(02:37:51) Preço Produto: Venda: 2399,00 ( 10 x 239,90 ) Id PrecoProduto: 0
(02:37:51) Preçco mais recente: Venda: 2399,00 ( 10 x 239,90 ) Id PrecoProduto: 7127526
(02:37:51) Mesmo preço
(02:37:51) Produto: Notebook Dell Core i5-8265U 8GB 1TB Tela 15.6” Windows 10 Inspiron I15-3583-A3XP ( https://www.pontofrio.com.br/Informatica/Notebook/notebook-dell-core-i5-8265u-8gb-1tb-tela-15-6-windows-10-inspiron-i15-3583-a3xp-50005141.html )  cont: 18
(02:37:51) Origem: http://www.pontofrio.com.br/Informatica/Notebook/?Filtro=C56_C57
(02:37:53) Produto existe (id:1555516)
(02:37:53) Preço Produto: Venda: 3899,00 ( 10 x 389,90 ) Id PrecoProduto: 0
(02:37:53) Preçco mais recente: Venda: 3899,00 ( 10 x 389,90 ) Id PrecoProduto: 7172329
(02:37:53) Mesmo preço
(02:37:53) Produto: Notebook Acer Core i3-1005G1 8GB 256GB SSD Tela 15.6” Windows 10 Aspire 3 A315-56-3090 ( https://www.pontofrio.com.br/Informatica/Notebook/notebook-acer-core-i3-1005g1-8gb-256gb-ssd-tela-15-6-windows-10-aspire-3-a315-56-3090-55010097.html )  cont: 19
(02:37:53) Origem: http://www.pontofrio.com.br/Informatica/Notebook/?Filtro=C56_C57
(02:37:55) Produto existe (id:1781511)
(02:37:55) Preço Produto: Venda: 2999,00 ( 10 x 299,90 ) Id PrecoProduto: 0
(02:37:55) Preçco mais recente: Venda: 2999,00 ( 10 x 299,90 ) Id PrecoProduto: 7186735
(02:37:55) Mesmo preço
(02:37:55) Produto: Notebook Lenovo Core i7-8565U 8GB 1TB Placa de Vídeo 2GB Tela Full HD 15.6” Windows 10 Ideapad S145 ( https://www.pontofrio.com.br/Informatica/Notebook/notebook-lenovo-core-i7-8565u-8gb-1tb-placa-de-video-2gb-tela-full-hd-15-6-windows-10-ideapad-s145-55004395.html )  cont: 20
(02:37:55) Origem: http://www.pontofrio.com.br/Informatica/Notebook/?Filtro=C56_C57
(02:37:57) Produto existe (id:1781512)
(02:37:57) Preço Produto: Venda: 4049,00 ( 10 x 404,90 ) Id PrecoProduto: 0
(02:37:57) Preçco mais recente: Venda: 4049,00 ( 10 x 404,90 ) Id PrecoProduto: 7186133
(02:37:57) Mesmo preço
(02:37:57) Produto: Notebook Gamer Acer NVIDIA GeForce GTX 1650 Core i5-9300H 8GB 1TB 128GB SSD Tela Full HD 15.6" Windows 10 Aspire Nitro 5 AN515-54-528V ( https://www.pontofrio.com.br/Informatica/Notebook/notebook-gamer-acer-nvidia-geforce-gtx-1650-core-i5-9300h-8gb-1tb-128gb-ssd-tela-full-hd-15-6-windows-10-aspire-nitro-5-an515-54-528v-55007925.html )  cont: 21
(02:37:57) Origem: http://www.pontofrio.com.br/Informatica/Notebook/?Filtro=C56_C57
(02:37:59) Produto existe (id:1781513)
(02:37:59) Preço Produto: Venda: 5699,00 ( 10 x 569,90 ) Id PrecoProduto: 0
(02:37:59) Preçco mais recente: Venda: 5699,00 ( 10 x 569,90 ) Id PrecoProduto: 7172332
(02:37:59) Mesmo preço
(02:37:59) Loja:Casas Bahia
(02:39:21) Categoria:Notebooks
(02:39:21) CategoriaLoja(detalhe):CategoriaLoja {IdCategoriaLoja:824;Nome:Notebooks;Url:https://www.casasbahia.com.br/Informatica/Notebook/?Filtro=C56_C57;DataInclusao:27-03-2015;IdCategoriaLojaF:0;IdNaturezaProdutoRa:10;IdLojaVirtualPa:8;}
(02:39:21) URL: https://www.casasbahia.com.br/Informatica/Notebook/?Filtro=C56_C57
