(00:20:04) Loja:Americanas
(00:21:40) Categoria:Notebooks
(00:21:40) CategoriaLoja(detalhe):CategoriaLoja {IdCategoriaLoja:817;Nome:Notebooks;Url:https://www.americanas.com.br/categoria/informatica/notebooks?pagina-1;DataInclusao:20-03-2015;IdCategoriaLojaF:0;IdNaturezaProdutoRa:10;IdLojaVirtualPa:1;}
(00:21:42) URL: https://www.americanas.com.br/categoria/informatica/notebooks?pagina-1
(00:21:45) Produto: Notebook Lenovo Ideapad S145 AMD Ryzen 5 12GB 1TB W10 15,6" Prata ( https://www.americanas.com.br/produto/1608469552?pfm_carac=Notebooks&pfm_page=category&pfm_pos=grid&pfm_type=vit_product_grid )  cont: 1
(00:21:47) Produto existe (id:1612184)
(00:21:47) Preço Produto: Venda: 3199,99 ( 0 x 0,00 ) Id PrecoProduto: 0
(00:21:47) Preçco mais recente: Venda: 3199,99 ( 0 x 0,00 ) Id PrecoProduto: 6970715
(00:21:47) Mesmo preço
(00:21:48) Produto: Notebook Lenovo Ideapad S145 8ª Intel Core I3 4GB 1TB W10 15.6" Prata ( https://www.americanas.com.br/produto/1508129497?pfm_carac=Notebooks&pfm_index=1&pfm_page=category&pfm_pos=grid&pfm_type=vit_product_grid )  cont: 2
(00:21:50) Produto existe (id:1566887)
(00:21:50) Preço Produto: Venda: 2944,99 ( 0 x 0,00 ) Id PrecoProduto: 0
(00:21:50) Preçco mais recente: Venda: 3099,00 ( 0 x 0,00 ) Id PrecoProduto: 6922156
(00:21:50) Mudança de preço
(00:21:50) Mudança de preço (Ajuste:4.969668)
(00:21:50) Produto: Notebook Compaq Presario CQ-25 Intel Pentium 4GB 120GB SSD 14   Windows 10 - Cinza ( https://www.americanas.com.br/produto/1818873801?pfm_carac=Notebooks&pfm_index=2&pfm_page=category&pfm_pos=grid&pfm_type=vit_product_grid )  cont: 3
(00:21:52) Produto existe (id:1612185)
(00:21:52) Preço Produto: Venda: 1799,99 ( 0 x 0,00 ) Id PrecoProduto: 0
(00:21:52) Preçco mais recente: Venda: 1799,99 ( 0 x 0,00 ) Id PrecoProduto: 6906713
(00:21:52) Mesmo preço
(00:21:52) Produto: Notebook Dell Inspiron I15-3584-D30P 8ª Intel Core i3 4GB 1TB 15,6" Preto Linux ( https://www.americanas.com.br/produto/1897089441?pfm_carac=Notebooks&pfm_index=3&pfm_page=category&pfm_pos=grid&pfm_type=vit_product_grid )  cont: 4
(00:21:54) Produto existe (id:1612186)
(00:21:54) Preço Produto: Venda: 2899,99 ( 0 x 0,00 ) Id PrecoProduto: 0
(00:21:54) Preçco mais recente: Venda: 2899,99 ( 0 x 0,00 ) Id PrecoProduto: 6906714
(00:21:54) Mesmo preço
(00:21:54) Produto: Notebook Samsung Book X30 10ª Intel Core I5 8GB 1TB Windows 10 15,6" - Prata ( https://www.americanas.com.br/produto/1772551056?pfm_carac=Notebooks&pfm_index=4&pfm_page=category&pfm_pos=grid&pfm_type=vit_product_grid )  cont: 5
(00:21:57) Produto existe (id:1562207)
(00:21:57) Preço Produto: Venda: 3799,99 ( 0 x 0,00 ) Id PrecoProduto: 0
(00:21:57) Preçco mais recente: Venda: 3799,99 ( 0 x 0,00 ) Id PrecoProduto: 6960245
(00:21:57) Mesmo preço
(00:21:57) Produto: Notebook Positivo Motion Q464B Intel Atom Quad core 4GB 64GB SSD + 64GB Nuvem 14" W10 Vermelho ( https://www.americanas.com.br/produto/1506963998?pfm_carac=Notebooks&pfm_index=5&pfm_page=category&pfm_pos=grid&pfm_type=vit_product_grid )  cont: 6
(00:21:59) Produto existe (id:1561143)
(00:21:59) Preço Produto: Venda: 1699,99 ( 0 x 0,00 ) Id PrecoProduto: 0
(00:21:59) Preçco mais recente: Venda: 2013,89 ( 0 x 0,00 ) Id PrecoProduto: 6990926
(00:21:59) Mudança de preço
(00:21:59) Mudança de preço (Ajuste:15.586752)
(00:21:59) Produto: Notebook Lenovo Ideapad S145 AMD Ryzen 5 8GB 1TB W10 15,6" Prata ( https://www.americanas.com.br/produto/1507968328?pfm_carac=Notebooks&pfm_index=6&pfm_page=category&pfm_pos=grid&pfm_type=vit_product_grid )  cont: 7
(00:22:01) Produto existe (id:1612187)
(00:22:01) Preço Produto: Venda: 3099,99 ( 0 x 0,00 ) Id PrecoProduto: 0
(00:22:01) Preçco mais recente: Venda: 3099,99 ( 0 x 0,00 ) Id PrecoProduto: 6970716
(00:22:01) Mesmo preço
(00:22:02) Produto: Notebook Acer Aspire 3 A315-56-35ET 10ª Intel Core i3 8GB 512GB SSD 15,6" Windows 10 - Cinza ( https://www.americanas.com.br/produto/1824323427?pfm_carac=Notebooks&pfm_index=7&pfm_page=category&pfm_pos=grid&pfm_type=vit_product_grid )  cont: 8
(00:22:04) Produto existe (id:1644196)
(00:22:04) Preço Produto: Venda: 3199,99 ( 0 x 0,00 ) Id PrecoProduto: 0
(00:22:04) Preçco mais recente: Venda: 3199,99 ( 0 x 0,00 ) Id PrecoProduto: 6970717
(00:22:04) Mesmo preço
(00:22:04) Produto: Notebook Acer Aspire 5 A515-54-59X2 10ª Intel Core i5 8GB 512GB SSD 15,6" Windows 10 - Prata ( https://www.americanas.com.br/produto/1824323591?pfm_carac=Notebooks&pfm_index=8&pfm_page=category&pfm_pos=grid&pfm_type=vit_product_grid )  cont: 9
(00:22:06) Produto existe (id:1644197)
(00:22:06) Preço Produto: Venda: 3949,99 ( 0 x 0,00 ) Id PrecoProduto: 0
(00:22:06) Preçco mais recente: Venda: 3949,99 ( 0 x 0,00 ) Id PrecoProduto: 6970718
(00:22:06) Mesmo preço
(00:22:06) Produto: Notebook Lenovo Ideapad S145 8ª Intel Core i5 8GB (GeForce MX110 com 2GB) 256GB SSD 15,6" Windows 10 - Prata ( https://www.americanas.com.br/produto/1823634995?pfm_carac=Notebooks&pfm_index=9&pfm_page=category&pfm_pos=grid&pfm_type=vit_product_grid )  cont: 10
(00:22:08) Produto existe (id:1581380)
(00:22:08) Preço Produto: Venda: 4099,99 ( 0 x 0,00 ) Id PrecoProduto: 0
(00:22:08) Preçco mais recente: Venda: 4099,99 ( 0 x 0,00 ) Id PrecoProduto: 6990927
(00:22:08) Mesmo preço
(00:22:09) Produto: Notebook Samsung Book E20 Intel Celeron 4GB 500GB W10 15,6" Prata ( https://www.americanas.com.br/produto/1772549239?pfm_carac=Notebooks&pfm_index=10&pfm_page=category&pfm_pos=grid&pfm_type=vit_product_grid )  cont: 11
(00:22:11) Produto existe (id:1644198)
(00:22:11) Preço Produto: Venda: 2599,99 ( 0 x 0,00 ) Id PrecoProduto: 0
(00:22:11) Preçco mais recente: Venda: 2599,99 ( 0 x 0,00 ) Id PrecoProduto: 6990928
(00:22:11) Mesmo preço
(00:22:11) Produto: Notebook Lenovo Ideapad S145 AMD Ryzen 7 8GB W10 SSD 256GB 15.6 Prata ( https://www.americanas.com.br/produto/1507408048?pfm_carac=Notebooks&pfm_index=11&pfm_page=category&pfm_pos=grid&pfm_type=vit_product_grid )  cont: 12
(00:22:13) Produto existe (id:1644199)
(00:22:13) Preço Produto: Venda: 3849,99 ( 0 x 0,00 ) Id PrecoProduto: 0
(00:22:13) Preçco mais recente: Venda: 3849,99 ( 0 x 0,00 ) Id PrecoProduto: 6966427
(00:22:13) Mesmo preço
(00:22:13) Produto: Notebook Samsung Book E30 10ª Intel Core i3 4GB 1TB W10 15,6" FHD - Prata ( https://www.americanas.com.br/produto/1772549925?pfm_carac=Notebooks&pfm_index=12&pfm_page=category&pfm_pos=grid&pfm_type=vit_product_grid )  cont: 13
(00:22:15) Produto existe (id:1581383)
(00:22:15) Preço Produto: Venda: 3399,99 ( 0 x 0,00 ) Id PrecoProduto: 0
(00:22:15) Preçco mais recente: Venda: 3399,99 ( 0 x 0,00 ) Id PrecoProduto: 6990929
(00:22:15) Mesmo preço
(00:22:15) Produto: Notebook Samsung Book X40 10ª Intel Core i5 8GB (Geforce MX110 com 2GB) 1TB W10 15,6" Prata ( https://www.americanas.com.br/produto/1772549028?pfm_carac=Notebooks&pfm_index=13&pfm_page=category&pfm_pos=grid&pfm_type=vit_product_grid )  cont: 14
(00:22:18) Produto existe (id:1622204)
(00:22:18) Preço Produto: Venda: 3999,99 ( 0 x 0,00 ) Id PrecoProduto: 0
(00:22:18) Preçco mais recente: Venda: 3999,99 ( 0 x 0,00 ) Id PrecoProduto: 6956057
(00:22:18) Mesmo preço
(00:22:18) Produto: Notebook Acer Aspire 3 A315-54-55WY Intel Corei5 8GB 256GB SSD W10 15.6 ( https://www.americanas.com.br/produto/1824323515?pfm_carac=Notebooks&pfm_index=14&pfm_page=category&pfm_pos=grid&pfm_type=vit_product_grid )  cont: 15
(00:22:20) Produto existe (id:1577137)
(00:22:20) Preço Produto: Venda: 3699,99 ( 0 x 0,00 ) Id PrecoProduto: 0
(00:22:20) Preçco mais recente: Venda: 3699,99 ( 0 x 0,00 ) Id PrecoProduto: 6921826
(00:22:20) Mesmo preço
(00:22:20) Produto: MacBook Air MQD32BZ/A com Intel Core i5 Dual Core 8GB 128GB SSD 13   Prata - Apple ( https://www.americanas.com.br/produto/132490742?pfm_carac=Notebooks&pfm_index=15&pfm_page=category&pfm_pos=grid&pfm_type=vit_product_grid )  cont: 16
(00:22:22) Produto existe (id:1622382)
(00:22:22) Preço Produto: Venda: 6599,99 ( 0 x 0,00 ) Id PrecoProduto: 0
(00:22:22) Preçco mais recente: Venda: 6799,99 ( 0 x 0,00 ) Id PrecoProduto: 6922163
(00:22:22) Mudança de preço
(00:22:22) Mudança de preço (Ajuste:2.9411807)
(00:22:22) Produto: Notebook Dell Inspiron I15-3584-AS40P 8ª Intel Core i3 4GB 128GB SSD 15,6" W10 Preto + Microsoft 365 Personal ( https://www.americanas.com.br/produto/1897089491?pfm_carac=Notebooks&pfm_index=16&pfm_page=category&pfm_pos=grid&pfm_type=vit_product_grid )  cont: 17
(00:22:25) Produto existe (id:1622383)
(00:22:25) Preço Produto: Venda: 3099,99 ( 0 x 0,00 ) Id PrecoProduto: 0
(00:22:25) Preçco mais recente: Venda: 3099,99 ( 0 x 0,00 ) Id PrecoProduto: 6922164
(00:22:25) Mesmo preço
(00:22:25) Produto: Notebook Lenovo Ideapad S145 8ª Intel Core i5 8GB (GeForce MX110 com 2GB) 1TB 15,6" Windows 10 - Prata ( https://www.americanas.com.br/produto/1824484458?pfm_carac=Notebooks&pfm_index=17&pfm_page=category&pfm_pos=grid&pfm_type=vit_product_grid )  cont: 18
(00:22:27) Produto existe (id:1612195)
(00:22:27) Preço Produto: Venda: 3599,99 ( 0 x 0,00 ) Id PrecoProduto: 0
(00:22:27) Preçco mais recente: Venda: 3599,99 ( 0 x 0,00 ) Id PrecoProduto: 6970722
(00:22:27) Mesmo preço
(00:22:27) Produto: Notebook Lenovo Ideapad S145 8ª Intel Core I5 8GB 1TB HD 15,6" W10 Prata ( https://www.americanas.com.br/produto/134573365?pfm_carac=Notebooks&pfm_index=18&pfm_page=category&pfm_pos=grid&pfm_type=vit_product_grid )  cont: 19
(00:22:29) Produto existe (id:1622384)
(00:22:29) Preço Produto: Venda: 3399,99 ( 0 x 0,00 ) Id PrecoProduto: 0
(00:22:29) Preçco mais recente: Venda: 3399,99 ( 0 x 0,00 ) Id PrecoProduto: 6979120
(00:22:29) Mesmo preço
(00:22:29) Produto: Notebook Asus X543UA-GQ3213T Intel Core I5 8GB 256GB SSD W10 Cinza Escuro ( https://www.americanas.com.br/produto/1774800790?pfm_carac=Notebooks&pfm_index=19&pfm_page=category&pfm_pos=grid&pfm_type=vit_product_grid )  cont: 20
(00:22:31) Produto existe (id:1622385)
(00:22:31) Preço Produto: Venda: 3680,59 ( 0 x 0,00 ) Id PrecoProduto: 0
(00:22:31) Preçco mais recente: Venda: 3899,90 ( 0 x 0,00 ) Id PrecoProduto: 6979121
(00:22:31) Mudança de preço
(00:22:31) Mudança de preço (Ajuste:5.6234727)
(00:22:31) Produto: Notebook Acer Aspire 3 A315-42G-R2LK AMD Ryzen 7 12GB 512GB SSD Radeon 540X 15,6  Windows 10 ( https://www.americanas.com.br/produto/1938460454?pfm_carac=Notebooks&pfm_index=20&pfm_page=category&pfm_pos=grid&pfm_type=vit_product_grid )  cont: 21
(00:22:33) Produto existe (id:1589120)
(00:22:33) Preço Produto: Venda: 4499,00 ( 0 x 0,00 ) Id PrecoProduto: 0
(00:22:33) Preçco mais recente: Venda: 4499,00 ( 0 x 0,00 ) Id PrecoProduto: 6922168
(00:22:33) Mesmo preço
(00:22:34) Produto: Notebook Dell Inspiron I15-3584-AS50P 8ª Intel Core I3 4GB 256GB SSD 15,6" W10 Preto ( https://www.americanas.com.br/produto/1809973106?pfm_carac=Notebooks&pfm_index=21&pfm_page=category&pfm_pos=grid&pfm_type=vit_product_grid )  cont: 22
(00:22:36) Produto existe (id:1622386)
(00:22:36) Preço Produto: Venda: 3299,99 ( 0 x 0,00 ) Id PrecoProduto: 0
(00:22:36) Preçco mais recente: Venda: 3299,99 ( 0 x 0,00 ) Id PrecoProduto: 6922169
(00:22:36) Mesmo preço
(00:22:36) Produto: Notebook Samsung Book X30 10ª Intel Core I5 8GB 1TB W10 15,6" Branco ( https://www.americanas.com.br/produto/1774660352?pfm_carac=Notebooks&pfm_index=22&pfm_page=category&pfm_pos=grid&pfm_type=vit_product_grid )  cont: 23
(00:22:38) Produto existe (id:1622387)
(00:22:38) Preço Produto: Venda: 3799,99 ( 0 x 0,00 ) Id PrecoProduto: 0
(00:22:38) Preçco mais recente: Venda: 3799,99 ( 0 x 0,00 ) Id PrecoProduto: 6956059
(00:22:38) Mesmo preço
(00:22:38) Produto: Notebook Samsung Book X40 10ª Intel Core i5 8GB (Geforce MX110 com 2GB) 1TB W10 15,6" Branco ( https://www.americanas.com.br/produto/1772551064?pfm_carac=Notebooks&pfm_index=23&pfm_page=category&pfm_pos=grid&pfm_type=vit_product_grid )  cont: 24
(00:22:40) Produto existe (id:1622388)
(00:22:40) Preço Produto: Venda: 4299,99 ( 0 x 0,00 ) Id PrecoProduto: 0
(00:22:40) Preçco mais recente: Venda: 3999,99 ( 0 x 0,00 ) Id PrecoProduto: 6970724
(00:22:40) Mudança de preço
(00:22:40) Mudança de preço (Ajuste:-7.500025)
(00:22:42) Produto: Notebook Samsung Book X50 10ª Intel Core i7 8GB (Geforce MX110 com 2GB) 1TB 15,6" Windows 10 - Prata ( https://www.americanas.com.br/produto/1772548981?pfm_carac=Notebooks&pfm_page=category&pfm_pos=grid&pfm_type=vit_product_grid )  cont: 25
(00:22:44) Produto existe (id:1622389)
(00:22:44) Preço Produto: Venda: 4699,99 ( 0 x 0,00 ) Id PrecoProduto: 0
(00:22:44) Preçco mais recente: Venda: 4499,99 ( 0 x 0,00 ) Id PrecoProduto: 6922172
(00:22:44) Mudança de preço
(00:22:44) Mudança de preço (Ajuste:-4.444454)
(00:22:44) Produto: Notebook Lenovo Ideapad S145 Intel Celeron 4GB 500GB 15,6" W10 Prata ( https://www.americanas.com.br/produto/471642069?pfm_carac=Notebooks&pfm_index=1&pfm_page=category&pfm_pos=grid&pfm_type=vit_product_grid )  cont: 26
(00:22:46) Produto existe (id:1622390)
(00:22:46) Preço Produto: Venda: 2399,00 ( 0 x 0,00 ) Id PrecoProduto: 0
(00:22:46) Preçco mais recente: Venda: 2399,00 ( 0 x 0,00 ) Id PrecoProduto: 6922173
(00:22:46) Mesmo preço
(00:22:46) Produto: Notebook Acer Aspire A515-54G-53GP 10ª Intel Core I5 8GB (Geforce MX250 com 2GB) 256GB SSD 15,6   W10 ( https://www.americanas.com.br/produto/1683269796?pfm_carac=Notebooks&pfm_index=2&pfm_page=category&pfm_pos=grid&pfm_type=vit_product_grid )  cont: 27
(00:22:49) Produto existe (id:1622391)
(00:22:49) Preço Produto: Venda: 4059,99 ( 0 x 0,00 ) Id PrecoProduto: 0
(00:22:49) Preçco mais recente: Venda: 4059,99 ( 0 x 0,00 ) Id PrecoProduto: 6970725
(00:22:49) Mesmo preço
(00:22:49) Produto: Notebook Positivo 2 em 1 Duo C464C Intel Celeron 4GB 64GB W10 IPS Full HD 11.6" ( https://www.americanas.com.br/produto/1885941991?pfm_carac=Notebooks&pfm_index=3&pfm_page=category&pfm_pos=grid&pfm_type=vit_product_grid )  cont: 28
(00:22:51) Produto existe (id:1598487)
(00:22:51) Preço Produto: Venda: 1719,99 ( 0 x 0,00 ) Id PrecoProduto: 0
(00:22:51) Preçco mais recente: Venda: 1719,99 ( 0 x 0,00 ) Id PrecoProduto: 6970726
(00:22:51) Mesmo preço
(00:22:51) Produto: Notebook Samsung Book E20 Intel Celeron 4GB 500GB W10 15,6" Branco ( https://www.americanas.com.br/produto/1772551021?pfm_carac=Notebooks&pfm_index=4&pfm_page=category&pfm_pos=grid&pfm_type=vit_product_grid )  cont: 29
(00:22:53) Produto existe (id:1556012)
(00:22:53) Preço Produto: Venda: 2499,99 ( 0 x 0,00 ) Id PrecoProduto: 0
(00:22:53) Preçco mais recente: Venda: 2499,99 ( 0 x 0,00 ) Id PrecoProduto: 6970727
(00:22:53) Mesmo preço
(00:22:53) Produto: Notebook Vaio FE14 B0441H 8ª Intel Core I3 4GB 1TB FHD 14" Linux ( https://www.americanas.com.br/produto/1539221034?pfm_carac=Notebooks&pfm_index=5&pfm_page=category&pfm_pos=grid&pfm_type=vit_product_grid )  cont: 30
(00:22:56) Produto existe (id:1622392)
(00:22:56) Preço Produto: Venda: 3199,99 ( 0 x 0,00 ) Id PrecoProduto: 0
(00:22:56) Preçco mais recente: Venda: 3199,99 ( 0 x 0,00 ) Id PrecoProduto: 6970728
(00:22:56) Mesmo preço
(00:22:56) Produto: Chromebook Samsung AD2BR Intel Celeron 4GB 16GB LED HD 11,6" Chrome OS Grafite ( https://www.americanas.com.br/produto/209927739?pfm_carac=Notebooks&pfm_index=6&pfm_page=category&pfm_pos=grid&pfm_type=vit_product_grid )  cont: 31
(00:22:58) Produto existe (id:1555554)
(00:22:58) Preço Produto: Venda: 1597,00 ( 0 x 0,00 ) Id PrecoProduto: 0
(00:22:58) Preçco mais recente: Venda: 1729,90 ( 0 x 0,00 ) Id PrecoProduto: 6979122
(00:22:58) Mudança de preço
(00:22:58) Mudança de preço (Ajuste:7.682526)
(00:22:58) Produto: Notebook Dell Inspiron 3583-M05P Intel Pentium Gold 4GB 500GB 15.6" Windows 10 Preto ( https://www.americanas.com.br/produto/107955650?pfm_carac=Notebooks&pfm_index=7&pfm_page=category&pfm_pos=grid&pfm_type=vit_product_grid )  cont: 32
(00:23:00) Produto existe (id:1565917)
(00:23:00) Preço Produto: Venda: 3099,00 ( 0 x 0,00 ) Id PrecoProduto: 0
(00:23:00) Preçco mais recente: Venda: 2898,00 ( 0 x 0,00 ) Id PrecoProduto: 6922178
(00:23:00) Mudança de preço
(00:23:00) Mudança de preço (Ajuste:-6.9358177)
(00:23:00) Produto: Notebook Ultrafino Dell Inspiron 5490-u10s 10ª Geração Intel Core I5 8gb 256gb Ssd Full Hd 14" Linux Prata ( https://www.americanas.com.br/produto/1391378413?pfm_carac=Notebooks&pfm_index=8&pfm_page=category&pfm_pos=grid&pfm_type=vit_product_grid )  cont: 33
(00:23:02) Produto existe (id:1622393)
(00:23:02) Preço Produto: Venda: 5449,00 ( 0 x 0,00 ) Id PrecoProduto: 0
(00:23:02) Preçco mais recente: Venda: 5449,00 ( 0 x 0,00 ) Id PrecoProduto: 6947691
(00:23:02) Mesmo preço
(00:23:03) Produto: Notebook Gamer Dell G5-5590-A80P 9ª Intel Core I7 16GB (Geforce RTX2060 com 6GB) 512GB SSD 15,6" W10 ( https://www.americanas.com.br/produto/1535883591?pfm_carac=Notebooks&pfm_index=9&pfm_page=category&pfm_pos=grid&pfm_type=vit_product_grid )  cont: 34
(00:23:05) Produto existe (id:1649930)
(00:23:05) Preço Produto: Venda: 10099,99 ( 0 x 0,00 ) Id PrecoProduto: 0
(00:23:05) Preçco mais recente: Venda: 9959,00 ( 0 x 0,00 ) Id PrecoProduto: 6979123
(00:23:05) Mudança de preço
(00:23:05) Mudança de preço (Ajuste:-1.4157068)
(00:23:05) Produto: Notebook Positivo Motion Intel Atom Q464B 4GB 64GB SSD 14" Windows 10 Cinza ( https://www.americanas.com.br/produto/1682950125?pfm_carac=Notebooks&pfm_index=10&pfm_page=category&pfm_pos=grid&pfm_type=vit_product_grid )  cont: 35
(00:23:07) Produto existe (id:1557540)
(00:23:07) Preço Produto: Venda: 1742,72 ( 0 x 0,00 ) Id PrecoProduto: 0
(00:23:07) Preçco mais recente: Venda: 1742,72 ( 0 x 0,00 ) Id PrecoProduto: 6970730
(00:23:07) Mesmo preço
(00:23:07) Produto: Notebook Dell Inspiron 3583-FS1P 15.6" 8ª Geração Intel Core i5 8GB 256GB SSD Windows 10 Preto ( https://www.americanas.com.br/produto/2104418559?pfm_carac=Notebooks&pfm_index=11&pfm_page=category&pfm_pos=grid&pfm_type=vit_product_grid )  cont: 36
(00:23:09) Produto existe (id:1589146)
(00:23:09) Preço Produto: Venda: 4419,00 ( 0 x 0,00 ) Id PrecoProduto: 0
(00:23:09) Preçco mais recente: Venda: 4289,00 ( 0 x 0,00 ) Id PrecoProduto: 6970731
(00:23:09) Mudança de preço
(00:23:09) Mudança de preço (Ajuste:-3.0310097)
(00:23:09) Produto: Notebook Lenovo Ultrafino Ideapad S145 8ª Intel Core I7 8GB (Geforce MX110 com 2GB) 1TB FHD 15,6" W10 Prata ( https://www.americanas.com.br/produto/134573381?pfm_carac=Notebooks&pfm_index=12&pfm_page=category&pfm_pos=grid&pfm_type=vit_product_grid )  cont: 37
(00:23:12) Produto existe (id:1649931)
(00:23:12) Preço Produto: Venda: 4249,99 ( 0 x 0,00 ) Id PrecoProduto: 0
(00:23:12) Preçco mais recente: Venda: 4249,99 ( 0 x 0,00 ) Id PrecoProduto: 6970732
(00:23:12) Mesmo preço
(00:23:12) Produto: Notebook Samsung Flash F30 Intel Celeron 4GB 64GB SSD Tela Full HD 13.3" Windows 10 - Cinza ( https://www.americanas.com.br/produto/134187878?pfm_carac=Notebooks&pfm_index=13&pfm_page=category&pfm_pos=grid&pfm_type=vit_product_grid )  cont: 38
(00:23:14) Produto existe (id:1554997)
(00:23:14) Preço Produto: Venda: 2899,00 ( 0 x 0,00 ) Id PrecoProduto: 0
(00:23:14) Preçco mais recente: Venda: 2798,00 ( 0 x 0,00 ) Id PrecoProduto: 6979124
(00:23:14) Mudança de preço
(00:23:14) Mudança de preço (Ajuste:-3.6097214)
(00:23:14) Produto: Notebook Positivo Motion C4500DI 14.1   HD Celeron Dual Core 500GB 4GB Linux Cinza Escuro ( https://www.americanas.com.br/produto/1861735471?pfm_carac=Notebooks&pfm_index=14&pfm_page=category&pfm_pos=grid&pfm_type=vit_product_grid )  cont: 39
(00:23:16) Produto existe (id:1649932)
(00:23:16) Preço Produto: Venda: 2199,00 ( 0 x 0,00 ) Id PrecoProduto: 0
(00:23:16) Preçco mais recente: Venda: 2199,00 ( 0 x 0,00 ) Id PrecoProduto: 6970734
(00:23:16) Mesmo preço
(00:23:16) Produto: Notebook Acer A315-42-R1B0 AMD Ryzen 5 12GB 1TB 15,6" W10 ( https://www.americanas.com.br/produto/1669977307?pfm_carac=Notebooks&pfm_index=15&pfm_page=category&pfm_pos=grid&pfm_type=vit_product_grid )  cont: 40
(00:23:18) Produto existe (id:1649933)
(00:23:18) Preço Produto: Venda: 3699,99 ( 0 x 0,00 ) Id PrecoProduto: 0
(00:23:18) Preçco mais recente: Venda: 3699,99 ( 0 x 0,00 ) Id PrecoProduto: 6970735
(00:23:18) Mesmo preço
(00:23:18) Produto: Notebook Samsung Book X20 10ª Intel Core I5 4GB 1TB W10 15,6" FHD Prata ( https://www.americanas.com.br/produto/1772550483?pfm_carac=Notebooks&pfm_index=16&pfm_page=category&pfm_pos=grid&pfm_type=vit_product_grid )  cont: 41
(00:23:21) Produto existe (id:1622214)
(00:23:21) Preço Produto: Venda: 3899,99 ( 0 x 0,00 ) Id PrecoProduto: 0
(00:23:21) Preçco mais recente: Venda: 3599,99 ( 0 x 0,00 ) Id PrecoProduto: 6921843
(00:23:21) Mudança de preço
(00:23:21) Mudança de preço (Ajuste:-8.333357)
(00:23:21) Produto: Notebook Samsung Flash F30 Intel Celeron 4GB 128GB SSD Tela Full HD LED 13.3" Windows 10 - Branco ( https://www.americanas.com.br/produto/134187894?pfm_carac=Notebooks&pfm_index=17&pfm_page=category&pfm_pos=grid&pfm_type=vit_product_grid )  cont: 42
(00:23:23) Produto existe (id:1649934)
(00:23:23) Preço Produto: Venda: 2685,56 ( 0 x 0,00 ) Id PrecoProduto: 0
(00:23:23) Preçco mais recente: Venda: 2685,56 ( 0 x 0,00 ) Id PrecoProduto: 6970736
(00:23:23) Mesmo preço
(00:23:23) Produto: Notebook Gamer Samsung Odyssey 9ª Intel Core I5 8GB (Geforce GTX1650 4GB) 1TB W10 Full HD 15,6" Prata ( https://www.americanas.com.br/produto/1194254420?pfm_carac=Notebooks&pfm_index=18&pfm_page=category&pfm_pos=grid&pfm_type=vit_product_grid )  cont: 43
(00:23:25) Produto existe (id:1622395)
(00:23:25) Preço Produto: Venda: 6199,99 ( 0 x 0,00 ) Id PrecoProduto: 0
(00:23:25) Preçco mais recente: Venda: 6199,99 ( 0 x 0,00 ) Id PrecoProduto: 6922188
(00:23:25) Mesmo preço
(00:23:25) Produto: Notebook Dell Inspiron 3583-U05P Intel Pentium Gold 4GB 500GB 15.6" Linux Preto ( https://www.americanas.com.br/produto/107955654?pfm_carac=Notebooks&pfm_index=19&pfm_page=category&pfm_pos=grid&pfm_type=vit_product_grid )  cont: 44
(00:23:27) Produto existe (id:1576235)
(00:23:27) Preço Produto: Venda: 2949,00 ( 0 x 0,00 ) Id PrecoProduto: 0
(00:23:27) Preçco mais recente: Venda: 2748,00 ( 0 x 0,00 ) Id PrecoProduto: 6922189
(00:23:27) Mudança de preço
(00:23:27) Mudança de preço (Ajuste:-7.3144107)
(00:23:27) Produto: Notebook Samsung Style S51 8ª Intel Core i3 4GB 256GB SSD Tela Full HD 13,3" Windows 10 - Prata ( https://www.americanas.com.br/produto/1236976958?pfm_carac=Notebooks&pfm_index=20&pfm_page=category&pfm_pos=grid&pfm_type=vit_product_grid )  cont: 45
(00:23:29) Produto existe (id:1622396)
(00:23:29) Preço Produto: Venda: 4799,99 ( 0 x 0,00 ) Id PrecoProduto: 0
(00:23:29) Preçco mais recente: Venda: 4799,99 ( 0 x 0,00 ) Id PrecoProduto: 6922190
(00:23:29) Mesmo preço
(00:23:29) Produto: Notebook 2 em 1 Dell Inspiron i14-5481-M11 8ª Geração Intel Core i3 4GB 128GB SSD 14" Touch Windows 10 McAfee ( https://www.americanas.com.br/produto/93608447?pfm_carac=Notebooks&pfm_index=21&pfm_page=category&pfm_pos=grid&pfm_type=vit_product_grid )  cont: 46
(00:23:32) Produto existe (id:1555005)
(00:23:32) Preço Produto: Venda: 3939,00 ( 0 x 0,00 ) Id PrecoProduto: 0
(00:23:32) Preçco mais recente: Venda: 3709,00 ( 0 x 0,00 ) Id PrecoProduto: 6970737
(00:23:32) Mudança de preço
(00:23:32) Mudança de preço (Ajuste:-6.2011323)
(00:23:32) Produto: Notebook Gamer Predator PH315-52-79VM Intel Core i7 16GB 256GB SDD 1TB HD RTX 2060 15,6 Endless ( https://www.americanas.com.br/produto/1876922211?pfm_carac=Notebooks&pfm_index=22&pfm_page=category&pfm_pos=grid&pfm_type=vit_product_grid )  cont: 47
(00:23:34) Produto existe (id:1622397)
(00:23:34) Preço Produto: Venda: 8799,00 ( 0 x 0,00 ) Id PrecoProduto: 0
(00:23:34) Preçco mais recente: Venda: 8799,00 ( 0 x 0,00 ) Id PrecoProduto: 6922192
(00:23:34) Mesmo preço
(00:23:34) Produto: Notebook Acer Aspire 3 A315-42G-R1FT AMD Ryzen 7 8GB 256GB SSD Radeon 540X 15,6  Windows 10 ( https://www.americanas.com.br/produto/1938460631?pfm_carac=Notebooks&pfm_index=23&pfm_page=category&pfm_pos=grid&pfm_type=vit_product_grid )  cont: 48
(00:23:36) Produto nao existe
(00:23:36) Codigo Produto:1666846
(00:23:36) Preço Produto: Venda: 3999,00 ( 0 x 0,00 ) Id PrecoProduto: 0
(00:23:36) Não existe preço
(00:23:38) Produto: Notebook Dell Inspiron I15-3583-A5XP 8ª Intel Core i7 8GB 2TB Tela LED 15,6" Windows 10 - Preto ( https://www.americanas.com.br/produto/612449052?pfm_carac=Notebooks&pfm_page=category&pfm_pos=grid&pfm_type=vit_product_grid )  cont: 49
(00:23:40) Produto existe (id:1612232)
(00:23:40) Preço Produto: Venda: 4699,99 ( 0 x 0,00 ) Id PrecoProduto: 0
(00:23:40) Preçco mais recente: Venda: 4699,99 ( 0 x 0,00 ) Id PrecoProduto: 6906774
(00:23:40) Mesmo preço
(00:23:40) Produto: Notebook Lenovo Ultrafino ideapad S145 i7-1065G7 8GB  Placa de Vídeo Intel Iris Plus  256GB SSD W10 15.6" FHD - Prata ( https://www.americanas.com.br/produto/1961678662?pfm_carac=Notebooks&pfm_index=1&pfm_page=category&pfm_pos=grid&pfm_type=vit_product_grid )  cont: 50
(00:23:42) Produto nao existe
(00:23:42) Codigo Produto:1666847
(00:23:42) Preço Produto: Venda: 4399,99 ( 0 x 0,00 ) Id PrecoProduto: 0
(00:23:42) Não existe preço
(00:23:43) Produto: Notebook Lenovo Ideapad S145 10ª Intel Core i5 8GB 1TB Windows 10 15,6" Prata ( https://www.americanas.com.br/produto/1725483978?pfm_carac=Notebooks&pfm_index=2&pfm_page=category&pfm_pos=grid&pfm_type=vit_product_grid )  cont: 51
(00:23:45) Produto nao existe
(00:23:45) Codigo Produto:1666848
(00:23:45) Preço Produto: Venda: 3699,00 ( 0 x 0,00 ) Id PrecoProduto: 0
(00:23:45) Não existe preço
(00:23:45) Produto: Notebook Asus Vivobook X512FB-BR468T Intel Core I5 8GB 1TB Cinza Escuro ( https://www.americanas.com.br/produto/1774800811?pfm_carac=Notebooks&pfm_index=3&pfm_page=category&pfm_pos=grid&pfm_type=vit_product_grid )  cont: 52
(00:23:47) Produto existe (id:1572851)
(00:23:47) Preço Produto: Venda: 4099,99 ( 0 x 0,00 ) Id PrecoProduto: 0
(00:23:47) Preçco mais recente: Venda: 3799,99 ( 0 x 0,00 ) Id PrecoProduto: 6869709
(00:23:47) Mudança de preço
(00:23:47) Mudança de preço (Ajuste:-7.894764)
(00:23:47) Produto: Notebook Dell Inspiron I15-3583-AS100P 8ª Intel Core I7 8GB (Placa AMD Radeon 520 com 2GB) 256GB SSD 15,6" W10 ( https://www.americanas.com.br/produto/1936036502?pfm_carac=Notebooks&pfm_index=4&pfm_page=category&pfm_pos=grid&pfm_type=vit_product_grid )  cont: 53
(00:23:49) Produto existe (id:1598488)
(00:23:49) Preço Produto: Venda: 4899,99 ( 0 x 0,00 ) Id PrecoProduto: 0
(00:23:49) Preçco mais recente: Venda: 4899,99 ( 0 x 0,00 ) Id PrecoProduto: 6883917
(00:23:49) Mesmo preço
(00:23:49) Produto: Notebook Ultrafino Dell Inspiron 5490-m20s 10ª Geração Intel Core I5 8gb 256gb Ssd Nvidia Full Hd 14" Windows 10 Prata ( https://www.americanas.com.br/produto/1389530914?pfm_carac=Notebooks&pfm_index=5&pfm_page=category&pfm_pos=grid&pfm_type=vit_product_grid )  cont: 54
(00:23:51) Produto nao existe
(00:23:51) Codigo Produto:1666849
(00:23:51) Preço Produto: Venda: 5859,00 ( 0 x 0,00 ) Id PrecoProduto: 0
(00:23:51) Não existe preço
(00:23:52) Produto: Notebook Samsung Flash F30 Intel Celeron 4GB 64GB SSD Full HD Tela LED 13.3" Windows 10 - Coral ( https://www.americanas.com.br/produto/134187974?pfm_carac=Notebooks&pfm_index=6&pfm_page=category&pfm_pos=grid&pfm_type=vit_product_grid )  cont: 55
(00:23:54) Produto existe (id:1617115)
(00:23:54) Preço Produto: Venda: 2999,99 ( 0 x 0,00 ) Id PrecoProduto: 0
(00:23:54) Preçco mais recente: Venda: 2849,99 ( 0 x 0,00 ) Id PrecoProduto: 6914273
(00:23:54) Mudança de preço
(00:23:54) Mudança de preço (Ajuste:-5.2631764)
(00:23:54) Produto: Notebook Dell Inspiron i14-3481-M40S 8ª geração Intel Core i3 4GB 128GB SSD 14" Windows 10 Prata ( https://www.americanas.com.br/produto/80805415?pfm_carac=Notebooks&pfm_index=7&pfm_page=category&pfm_pos=grid&pfm_type=vit_product_grid )  cont: 56
(00:23:56) Produto existe (id:1598514)
(00:23:56) Preço Produto: Venda: 3489,00 ( 0 x 0,00 ) Id PrecoProduto: 0
(00:23:56) Preçco mais recente: Venda: 3389,00 ( 0 x 0,00 ) Id PrecoProduto: 6883944
(00:23:56) Mudança de preço
(00:23:56) Mudança de preço (Ajuste:-2.950723)
(00:23:56) Produto: Notebook Gamer Dell G3-3590-A40P 9ª Intel Core I5 8GB (Geforce GTX1050 com 3GB) 256GB SSD 15,6" W10 ( https://www.americanas.com.br/produto/1535257700?pfm_carac=Notebooks&pfm_index=8&pfm_page=category&pfm_pos=grid&pfm_type=vit_product_grid )  cont: 57
(00:23:58) Produto nao existe
(00:23:58) Codigo Produto:1666850
(00:23:58) Preço Produto: Venda: 5499,99 ( 0 x 0,00 ) Id PrecoProduto: 0
(00:23:58) Não existe preço
(00:23:58) Produto: Notebook Dell Inspiron I15-3583-A2XP 8ª Intel Core I5 4GB 1TB LED HD 15,6" W10 Preto ( https://www.americanas.com.br/produto/134521709?pfm_carac=Notebooks&pfm_index=9&pfm_page=category&pfm_pos=grid&pfm_type=vit_product_grid )  cont: 58
(00:24:00) Produto nao existe
(00:24:00) Codigo Produto:1666851
(00:24:00) Preço Produto: Venda: 3699,99 ( 0 x 0,00 ) Id PrecoProduto: 0
(00:24:00) Não existe preço
(00:24:00) Produto: Notebook Acer Aspire 3 Intel Celeron 4GB 1TB Endless ( https://www.americanas.com.br/produto/1850094189?pfm_carac=Notebooks&pfm_index=10&pfm_page=category&pfm_pos=grid&pfm_type=vit_product_grid )  cont: 59
(00:24:03) Produto nao existe
(00:24:03) Codigo Produto:1666852
(00:24:03) Preço Produto: Venda: 2523,80 ( 0 x 0,00 ) Id PrecoProduto: 0
(00:24:03) Não existe preço
(00:24:03) Produto: Notebook Gamer Dell G3-3590-U50P 9ª Geração Intel Core i5 8GB 512GB SSD Placa Vídeo NVIDIA GTX 1650 15.6" Linux ( https://www.americanas.com.br/produto/1489297478?pfm_carac=Notebooks&pfm_index=11&pfm_page=category&pfm_pos=grid&pfm_type=vit_product_grid )  cont: 60
(00:24:05) Produto existe (id:1585033)
(00:24:05) Preço Produto: Venda: 6399,00 ( 0 x 0,00 ) Id PrecoProduto: 0
(00:24:05) Preçco mais recente: Venda: 6029,00 ( 0 x 0,00 ) Id PrecoProduto: 6862254
(00:24:05) Mudança de preço
(00:24:05) Mudança de preço (Ajuste:-6.1370044)
(00:24:05) Produto: Notebook Dell Inspiron I15-3583-AS90P 8ª Intel Core I7 8GB 256GB SSD 15,6" W10 ( https://www.americanas.com.br/produto/1936036537?pfm_carac=Notebooks&pfm_index=12&pfm_page=category&pfm_pos=grid&pfm_type=vit_product_grid )  cont: 61
(00:24:07) Produto existe (id:1603741)
(00:24:07) Preço Produto: Venda: 4799,99 ( 0 x 0,00 ) Id PrecoProduto: 0
(00:24:07) Preçco mais recente: Venda: 4899,99 ( 0 x 0,00 ) Id PrecoProduto: 6892246
(00:24:07) Mudança de preço
(00:24:07) Mudança de preço (Ajuste:2.0408204)
(00:24:07) Produto: Notebook Inspiron I15-3583-A20P Intel Core i5 8GB (AMD Radeon 520 com 2GB) 2TB 15,6   W10 Preto - Dell ( https://www.americanas.com.br/produto/134388602?pfm_carac=Notebooks&pfm_index=13&pfm_page=category&pfm_pos=grid&pfm_type=vit_product_grid )  cont: 62
(00:24:09) Produto nao existe
(00:24:09) Codigo Produto:1666853
(00:24:09) Preço Produto: Venda: 6590,00 ( 0 x 0,00 ) Id PrecoProduto: 0
(00:24:09) Não existe preço
(00:24:10) Produto: Macbook Air MVH42BZ/A Intel Core i5 8GB 512GB SSD 13,3" Prata ( https://www.americanas.com.br/produto/1587385324?pfm_carac=Notebooks&pfm_index=14&pfm_page=category&pfm_pos=grid&pfm_type=vit_product_grid )  cont: 63
(00:24:12) Produto existe (id:1398721)
(00:24:12) Preço Produto: Venda: 11199,99 ( 0 x 0,00 ) Id PrecoProduto: 0
(00:24:12) Preçco mais recente: Venda: 11399,99 ( 0 x 0,00 ) Id PrecoProduto: 6921856
(00:24:12) Mudança de preço
(00:24:12) Mudança de preço (Ajuste:1.7543875)
(00:24:12) Produto: Notebook Ultrafino Dell Inspiron 5490-m40s 10ª Geração Intel Core I7 16gb 256gb Ssd Nvidia Full Hd 14" Windows 10 Prata ( https://www.americanas.com.br/produto/1389531095?pfm_carac=Notebooks&pfm_index=15&pfm_page=category&pfm_pos=grid&pfm_type=vit_product_grid )  cont: 64
(00:24:14) Produto existe (id:1398794)
(00:24:14) Preço Produto: Venda: 7239,00 ( 0 x 0,00 ) Id PrecoProduto: 0
(00:24:14) Preçco mais recente: Venda: 6999,00 ( 0 x 0,00 ) Id PrecoProduto: 6921857
(00:24:14) Mudança de preço
(00:24:14) Mudança de preço (Ajuste:-3.4290612)
(00:24:14) Produto: Notebook Dell Inspiron i15-3583-M3XB 8ª Geração Intel Core i5 8GB 1TB 15.6" Windows 10 McAfee Branco ( https://www.americanas.com.br/produto/195867084?pfm_carac=Notebooks&pfm_index=16&pfm_page=category&pfm_pos=grid&pfm_type=vit_product_grid )  cont: 65
(00:24:16) Produto existe (id:1555851)
(00:24:16) Preço Produto: Venda: 4309,00 ( 0 x 0,00 ) Id PrecoProduto: 0
(00:24:16) Preçco mais recente: Venda: 4169,00 ( 0 x 0,00 ) Id PrecoProduto: 6814724
(00:24:16) Mudança de preço
(00:24:17) Mudança de preço (Ajuste:-3.3581192)
(00:24:17) Produto: Notebook Gamer Legion 5i i7-10750H 16GB 512GB SSD RTX2060 6GB W10 15.6" Full HD WVA 82CF0002BR ( https://www.americanas.com.br/produto/1877142777?pfm_carac=Notebooks&pfm_index=17&pfm_page=category&pfm_pos=grid&pfm_type=vit_product_grid )  cont: 66
(00:24:19) Produto nao existe
(00:24:19) Codigo Produto:1666854
(00:24:19) Preço Produto: Venda: 9899,00 ( 0 x 0,00 ) Id PrecoProduto: 0
(00:24:19) Não existe preço
(00:24:19) Produto: Notebook Vaio FE15 Intel Core i7 8GB 512GB SSD 15" FHD Windows 10 - Prata ( https://www.americanas.com.br/produto/2067353003?pfm_carac=Notebooks&pfm_index=18&pfm_page=category&pfm_pos=grid&pfm_type=vit_product_grid )  cont: 67
(00:24:21) Produto nao existe
(00:24:21) Codigo Produto:1666855
(00:24:21) Preço Produto: Venda: 5899,00 ( 0 x 0,00 ) Id PrecoProduto: 0
(00:24:21) Não existe preço
(00:24:21) Produto: Notebook Acer A315-54-54B1 10ª Intel Core i5 8GB 1TB 15,6" W10 ( https://www.americanas.com.br/produto/1669977315?pfm_carac=Notebooks&pfm_index=19&pfm_page=category&pfm_pos=grid&pfm_type=vit_product_grid )  cont: 68
(00:24:23) Produto existe (id:1644224)
(00:24:23) Preço Produto: Venda: 5625,60 ( 0 x 0,00 ) Id PrecoProduto: 0
(00:24:23) Preçco mais recente: Venda: 5625,60 ( 0 x 0,00 ) Id PrecoProduto: 6979127
(00:24:23) Mesmo preço
(00:24:23) Produto: Notebook Dell Inspiron I15-3584-D30B 8ª Intel Core I3 4GB 1TB 15,6" Linux Branco ( https://www.americanas.com.br/produto/1936036490?pfm_carac=Notebooks&pfm_index=20&pfm_page=category&pfm_pos=grid&pfm_type=vit_product_grid )  cont: 69
(00:24:25) Produto existe (id:1644225)
(00:24:25) Preço Produto: Venda: 2899,99 ( 0 x 0,00 ) Id PrecoProduto: 0
(00:24:25) Preçco mais recente: Venda: 2899,99 ( 0 x 0,00 ) Id PrecoProduto: 6960292
(00:24:25) Mesmo preço
(00:24:25) Produto: Notebook Gamer Dell G3-3590-A60B 9ª Intel Core I7 8GB (Geforce GTX 1660TI com 6GB) 512GB SSD 15,6" W10 Branco ( https://www.americanas.com.br/produto/1809973114?pfm_carac=Notebooks&pfm_index=21&pfm_page=category&pfm_pos=grid&pfm_type=vit_product_grid )  cont: 70
(00:24:27) Produto existe (id:1617145)
(00:24:27) Preço Produto: Venda: 7399,99 ( 0 x 0,00 ) Id PrecoProduto: 0
(00:24:27) Preçco mais recente: Venda: 7399,99 ( 0 x 0,00 ) Id PrecoProduto: 6970745
(00:24:27) Mesmo preço
(00:24:28) Produto: Notebook Dell Inspiron I15-5590-A30S 10ª Intel Core I7 16GB (Geforce MX250 com 2GB) 256GB SSD 15,6" W10 ( https://www.americanas.com.br/produto/1506613496?pfm_carac=Notebooks&pfm_index=22&pfm_page=category&pfm_pos=grid&pfm_type=vit_product_grid )  cont: 71
(00:24:30) Produto existe (id:1644226)
(00:24:30) Preço Produto: Venda: 7429,00 ( 0 x 0,00 ) Id PrecoProduto: 0
(00:24:30) Preçco mais recente: Venda: 7429,00 ( 0 x 0,00 ) Id PrecoProduto: 6960293
(00:24:30) Mesmo preço
(00:24:30) Produto: Notebook Dell Inspiron I13-7391-A30S 10ª Intel Core I7 8GB (Geforce MX250 com 2GB) 512GB SSD Windows 10 13,3" - Prata ( https://www.americanas.com.br/produto/1237560532?pfm_carac=Notebooks&pfm_index=23&pfm_page=category&pfm_pos=grid&pfm_type=vit_product_grid )  cont: 72
(00:24:32) Produto existe (id:1398610)
(00:24:32) Preço Produto: Venda: 7299,99 ( 0 x 0,00 ) Id PrecoProduto: 0
(00:24:32) Preçco mais recente: Venda: 7299,99 ( 0 x 0,00 ) Id PrecoProduto: 6960294
(00:24:32) Mesmo preço
