(11:41:24) Loja:Ponto Frio
(11:42:28) Categoria:Notebooks
(11:42:28) CategoriaLoja(detalhe):CategoriaLoja {IdCategoriaLoja:823;Nome:Notebooks;Url:http://www.pontofrio.com.br/Informatica/Notebook/?Filtro=C56_C57;DataInclusao:27-03-2015;IdCategoriaLojaF:0;IdNaturezaProdutoRa:10;IdLojaVirtualPa:7;}
(11:42:29) URL: http://www.pontofrio.com.br/Informatica/Notebook/?Filtro=C56_C57
(11:50:30) Loja:Ponto Frio
(11:51:37) Categoria:Notebooks
(11:51:37) CategoriaLoja(detalhe):CategoriaLoja {IdCategoriaLoja:823;Nome:Notebooks;Url:http://www.pontofrio.com.br/Informatica/Notebook/?Filtro=C56_C57;DataInclusao:27-03-2015;IdCategoriaLojaF:0;IdNaturezaProdutoRa:10;IdLojaVirtualPa:7;}
(11:51:38) URL: http://www.pontofrio.com.br/Informatica/Notebook/?Filtro=C56_C57
(11:51:40) Produto: MacBook Air Apple Core i5 8GB 128GB SSD Tela 13.3” MacOS Sierra MQD32BZ/A ( https://www.pontofrio.com.br/Informatica/Notebook/macbook-air-apple-core-i5-8gb-128gb-ssd-tela-13-3-macos-sierra-mqd32bz-a-11639797.html )  cont: 1
(11:51:41) Produto nao existe
(11:51:41) Codigo Produto:1555498
(11:51:41) Preço Produto: Venda: 6549,00 ( 12 x 545,75 ) Id PrecoProduto: 0
(11:51:41) Não existe preço
(11:51:41) Produto: Notebook Positivo Quad Core 2GB 32GB SSD Tela 14” Windows 10 Motion Gray Q232 ( https://www.pontofrio.com.br/Informatica/Notebook/notebook-positivo-quad-core-2gb-32gb-ssd-tela-14-windows-10-motion-gray-q232-50000828.html )  cont: 2
(11:51:43) Produto nao existe
(11:51:43) Codigo Produto:1555499
(11:51:43) Preço Produto: Venda: 1599,00 ( 10 x 159,90 ) Id PrecoProduto: 0
(11:51:43) Não existe preço
(11:51:43) Produto: Notebook Positivo Dual Core 4GB 1TB Tela 14” Windows 10 Motion C41TD ( https://www.pontofrio.com.br/Informatica/Notebook/notebook-positivo-dual-core-4gb-1tb-tela-14-windows-10-motion-c41td-55008805.html )  cont: 3
(11:51:44) Produto nao existe
(11:51:44) Codigo Produto:1555500
(11:51:44) Preço Produto: Venda: 2249,00 ( 11 x 204,45 ) Id PrecoProduto: 0
(11:51:44) Não existe preço
(11:51:44) Produto: Notebook Positivo Quad Core 4GB 64GB SSD Tela 14” Windows 10 Motion Plus Q464B ( https://www.pontofrio.com.br/Informatica/Notebook/notebook-positivo-quad-core-4gb-64gb-ssd-tela-14-windows-10-motion-plus-q464b-50004960.html )  cont: 4
(11:51:46) Produto nao existe
(11:51:46) Codigo Produto:1555501
(11:51:46) Preço Produto: Venda: 1899,00 ( 10 x 189,90 ) Id PrecoProduto: 0
(11:51:46) Não existe preço
(11:51:46) Produto: Notebook Samsung Book X30 Intel Core i5-10210U 10ª Geração 8GB 1TB 15.6   Windows 10 Home NP550XCJ-KF1BR - Prata ( https://www.pontofrio.com.br/Informatica/Notebook/notebook-samsung-book-x30-intel-core-i5-10210u-10-geracao-8gb-1tb-15-6-windows-10-home-np550xcj-kf1br-prata-55008238.html )  cont: 5
(11:51:47) Produto nao existe
(11:51:47) Codigo Produto:1555502
(11:51:47) Preço Produto: Venda: 3899,00 ( 12 x 324,92 ) Id PrecoProduto: 0
(11:51:47) Não existe preço
(11:51:47) Produto: Notebook Samsung Dual Core 4GB 500GB Tela 15.6" Windows 10 Book E20 NP550XCJ-KO1BR ( https://www.pontofrio.com.br/Informatica/Notebook/notebook-samsung-dual-core-4gb-500gb-tela-15-6-windows-10-book-e20-np550xcj-ko1br-55008233.html )  cont: 6
(11:51:49) Produto nao existe
(11:51:49) Codigo Produto:1555503
(11:51:49) Preço Produto: Venda: 2649,00 ( 12 x 220,75 ) Id PrecoProduto: 0
(11:51:49) Não existe preço
(11:51:49) Produto: Notebook Lenovo AMD Ryzen 5-3500U 12GB 1TB Tela 15.6” Windows 10 Ideapad S145 ( https://www.pontofrio.com.br/Informatica/Notebook/notebook-lenovo-amd-ryzen-5-3500u-12gb-1tb-tela-15-6-windows-10-ideapad-s145-55008960.html )  cont: 7
(11:51:50) Produto nao existe
(11:51:50) Codigo Produto:1555504
(11:51:50) Preço Produto: Venda: 3399,00 ( 12 x 283,25 ) Id PrecoProduto: 0
(11:51:50) Não existe preço
(11:51:50) Produto: Notebook Acer Core i3-1005G1 8GB 512GB SSD Tela 15.6” Windows 10 Aspire 3 A315-56-35ET ( https://www.pontofrio.com.br/Informatica/Notebook/notebook-acer-core-i3-1005g1-8gb-512gb-ssd-tela-15-6-windows-10-aspire-3-a315-56-35et-55010095.html )  cont: 8
(11:51:52) Produto nao existe
(11:51:52) Codigo Produto:1555505
(11:51:52) Preço Produto: Venda: 3499,00 ( 12 x 291,58 ) Id PrecoProduto: 0
(11:51:52) Não existe preço
(11:51:52) Produto: Notebook Positivo Dual Core 4GB 500GB Tela 14” Windows 10 Motion C4500D ( https://www.pontofrio.com.br/Informatica/Notebook/notebook-positivo-dual-core-4gb-500gb-tela-14-windows-10-motion-c4500d-55009824.html )  cont: 9
(11:51:53) Produto nao existe
(11:51:53) Codigo Produto:1555506
(11:51:53) Preço Produto: Venda: 2149,00 ( 10 x 214,90 ) Id PrecoProduto: 0
(11:51:53) Não existe preço
(11:51:53) Produto: Notebook Lenovo Core i5-1035G1 8GB 1TB Tela 15.6” Windows 10 Ideapad S145 ( https://www.pontofrio.com.br/Informatica/Notebook/notebook-lenovo-core-i5-1035g1-8gb-1tb-tela-15-6-windows-10-ideapad-s145-55007372.html )  cont: 10
(11:51:55) Produto nao existe
(11:51:55) Codigo Produto:1555507
(11:51:55) Preço Produto: Venda: 3699,00 ( 12 x 308,25 ) Id PrecoProduto: 0
(11:51:55) Não existe preço
(11:51:55) Produto: Notebook Acer AMD Ryzen 5-3500U 8GB 1TB Placa de Vídeo 2GB Tela 15.6" Windows 10 Aspire 3 A315-42G-R6FZ ( https://www.pontofrio.com.br/Informatica/Notebook/notebook-acer-amd-ryzen-5-3500u-8gb-1tb-placa-de-video-2gb-tela-15-6-windows-10-aspire-3-a315-42g-r6fz-55007919.html )  cont: 11
(11:51:56) Produto nao existe
(11:51:56) Codigo Produto:1555508
(11:51:56) Preço Produto: Venda: 3689,00 ( 12 x 307,42 ) Id PrecoProduto: 0
(11:51:56) Não existe preço
(11:51:56) Produto: Notebook Samsung Book E30 Intel Core i3-10110U 10ª Geração 4GB 1TB 15.6   Windows 10 Home NP550XCJ-KT1BR - Prata ( https://www.pontofrio.com.br/Informatica/Notebook/notebook-samsung-book-e30-intel-core-i3-10110u-10-geracao-4gb-1tb-15-6-windows-10-home-np550xcj-kt1br-prata-55008235.html )  cont: 12
(11:51:58) Produto nao existe
(11:51:58) Codigo Produto:1555509
(11:51:58) Preço Produto: Venda: 3149,00 ( 12 x 262,42 ) Id PrecoProduto: 0
(11:51:58) Não existe preço
(11:51:58) Produto: Notebook Lenovo Core i3-8130U 4GB 1TB Tela 15.6” Windows 10 Ideapad S145 ( https://www.pontofrio.com.br/Informatica/Notebook/notebook-lenovo-core-i3-8130u-4gb-1tb-tela-15-6-windows-10-ideapad-s145-55004394.html )  cont: 13
(11:52:00) Produto nao existe
(11:52:00) Codigo Produto:1555510
(11:52:00) Preço Produto: Venda: 2999,00 ( 12 x 249,92 ) Id PrecoProduto: 0
(11:52:00) Não existe preço
(11:52:00) Produto: Notebook Samsung Book E20 Intel Dual-Core 4GB 500GB 15.6   Windows 10 Home NP550XCJ-KO2BR – Branco ( https://www.pontofrio.com.br/Informatica/Notebook/notebook-samsung-book-e20-intel-dual-core-4gb-500gb-15-6-windows-10-home-np550xcj-ko2br-branco-55008234.html )  cont: 14
(11:52:20) Loja:Ponto Frio
(11:53:23) Categoria:Notebooks
(11:53:23) CategoriaLoja(detalhe):CategoriaLoja {IdCategoriaLoja:823;Nome:Notebooks;Url:http://www.pontofrio.com.br/Informatica/Notebook/?Filtro=C56_C57;DataInclusao:27-03-2015;IdCategoriaLojaF:0;IdNaturezaProdutoRa:10;IdLojaVirtualPa:7;}
(11:53:25) URL: http://www.pontofrio.com.br/Informatica/Notebook/?Filtro=C56_C57
(11:53:26) Produto: MacBook Air Apple Core i5 8GB 128GB SSD Tela 13.3” MacOS Sierra MQD32BZ/A ( https://www.pontofrio.com.br/Informatica/Notebook/macbook-air-apple-core-i5-8gb-128gb-ssd-tela-13-3-macos-sierra-mqd32bz-a-11639797.html )  cont: 1
(11:53:28) Produto existe (id:1555498)
(11:53:28) Preço Produto: Venda: 6549,00 ( 12 x 545,75 ) Id PrecoProduto: 0
(11:53:28) Preçco mais recente: Venda: 6549,00 ( 12 x 545,75 ) Id PrecoProduto: 6814349
(11:53:28) Mesmo preço
(11:53:28) Produto: Notebook Positivo Quad Core 2GB 32GB SSD Tela 14” Windows 10 Motion Gray Q232 ( https://www.pontofrio.com.br/Informatica/Notebook/notebook-positivo-quad-core-2gb-32gb-ssd-tela-14-windows-10-motion-gray-q232-50000828.html )  cont: 2
(11:53:29) Produto existe (id:1555499)
(11:53:29) Preço Produto: Venda: 1599,00 ( 10 x 159,90 ) Id PrecoProduto: 0
(11:53:29) Preçco mais recente: Venda: 1599,00 ( 10 x 159,90 ) Id PrecoProduto: 6814350
(11:53:30) Mesmo preço
(11:53:30) Produto: Notebook Positivo Dual Core 4GB 1TB Tela 14” Windows 10 Motion C41TD ( https://www.pontofrio.com.br/Informatica/Notebook/notebook-positivo-dual-core-4gb-1tb-tela-14-windows-10-motion-c41td-55008805.html )  cont: 3
(11:53:31) Produto existe (id:1555500)
(11:53:31) Preço Produto: Venda: 2249,00 ( 11 x 204,45 ) Id PrecoProduto: 0
(11:53:31) Preçco mais recente: Venda: 2249,00 ( 11 x 204,45 ) Id PrecoProduto: 6814351
(11:53:31) Mesmo preço
(11:53:31) Produto: Notebook Positivo Quad Core 4GB 64GB SSD Tela 14” Windows 10 Motion Plus Q464B ( https://www.pontofrio.com.br/Informatica/Notebook/notebook-positivo-quad-core-4gb-64gb-ssd-tela-14-windows-10-motion-plus-q464b-50004960.html )  cont: 4
(11:53:33) Produto existe (id:1555501)
(11:53:33) Preço Produto: Venda: 1899,00 ( 10 x 189,90 ) Id PrecoProduto: 0
(11:53:33) Preçco mais recente: Venda: 1899,00 ( 10 x 189,90 ) Id PrecoProduto: 6814352
(11:53:33) Mesmo preço
(11:53:33) Produto: Notebook Samsung Book X30 Intel Core i5-10210U 10ª Geração 8GB 1TB 15.6   Windows 10 Home NP550XCJ-KF1BR - Prata ( https://www.pontofrio.com.br/Informatica/Notebook/notebook-samsung-book-x30-intel-core-i5-10210u-10-geracao-8gb-1tb-15-6-windows-10-home-np550xcj-kf1br-prata-55008238.html )  cont: 5
(11:53:34) Produto existe (id:1555502)
(11:53:34) Preço Produto: Venda: 3899,00 ( 12 x 324,92 ) Id PrecoProduto: 0
(11:53:34) Preçco mais recente: Venda: 3899,00 ( 12 x 324,92 ) Id PrecoProduto: 6814353
(11:53:34) Mesmo preço
(11:53:34) Produto: Notebook Samsung Dual Core 4GB 500GB Tela 15.6" Windows 10 Book E20 NP550XCJ-KO1BR ( https://www.pontofrio.com.br/Informatica/Notebook/notebook-samsung-dual-core-4gb-500gb-tela-15-6-windows-10-book-e20-np550xcj-ko1br-55008233.html )  cont: 6
(11:53:36) Produto existe (id:1555503)
(11:53:36) Preço Produto: Venda: 2649,00 ( 12 x 220,75 ) Id PrecoProduto: 0
(11:53:36) Preçco mais recente: Venda: 2649,00 ( 12 x 220,75 ) Id PrecoProduto: 6814354
(11:53:36) Mesmo preço
(11:53:36) Produto: Notebook Lenovo AMD Ryzen 5-3500U 12GB 1TB Tela 15.6” Windows 10 Ideapad S145 ( https://www.pontofrio.com.br/Informatica/Notebook/notebook-lenovo-amd-ryzen-5-3500u-12gb-1tb-tela-15-6-windows-10-ideapad-s145-55008960.html )  cont: 7
(11:53:37) Produto existe (id:1555504)
(11:53:37) Preço Produto: Venda: 3399,00 ( 12 x 283,25 ) Id PrecoProduto: 0
(11:53:37) Preçco mais recente: Venda: 3399,00 ( 12 x 283,25 ) Id PrecoProduto: 6814355
(11:53:37) Mesmo preço
(11:53:37) Produto: Notebook Acer Core i3-1005G1 8GB 512GB SSD Tela 15.6” Windows 10 Aspire 3 A315-56-35ET ( https://www.pontofrio.com.br/Informatica/Notebook/notebook-acer-core-i3-1005g1-8gb-512gb-ssd-tela-15-6-windows-10-aspire-3-a315-56-35et-55010095.html )  cont: 8
(11:53:39) Produto existe (id:1555505)
(11:53:39) Preço Produto: Venda: 3499,00 ( 12 x 291,58 ) Id PrecoProduto: 0
(11:53:39) Preçco mais recente: Venda: 3499,00 ( 12 x 291,58 ) Id PrecoProduto: 6814356
(11:53:39) Mesmo preço
(11:53:39) Produto: Notebook Positivo Dual Core 4GB 500GB Tela 14” Windows 10 Motion C4500D ( https://www.pontofrio.com.br/Informatica/Notebook/notebook-positivo-dual-core-4gb-500gb-tela-14-windows-10-motion-c4500d-55009824.html )  cont: 9
(11:53:40) Produto existe (id:1555506)
(11:53:40) Preço Produto: Venda: 2149,00 ( 10 x 214,90 ) Id PrecoProduto: 0
(11:53:40) Preçco mais recente: Venda: 2149,00 ( 10 x 214,90 ) Id PrecoProduto: 6814357
(11:53:40) Mesmo preço
(11:53:40) Produto: Notebook Lenovo Core i5-1035G1 8GB 1TB Tela 15.6” Windows 10 Ideapad S145 ( https://www.pontofrio.com.br/Informatica/Notebook/notebook-lenovo-core-i5-1035g1-8gb-1tb-tela-15-6-windows-10-ideapad-s145-55007372.html )  cont: 10
(11:53:41) Produto existe (id:1555507)
(11:53:41) Preço Produto: Venda: 3699,00 ( 12 x 308,25 ) Id PrecoProduto: 0
(11:53:41) Preçco mais recente: Venda: 3699,00 ( 12 x 308,25 ) Id PrecoProduto: 6814358
(11:53:41) Mesmo preço
(11:53:41) Produto: Notebook Acer AMD Ryzen 5-3500U 8GB 1TB Placa de Vídeo 2GB Tela 15.6" Windows 10 Aspire 3 A315-42G-R6FZ ( https://www.pontofrio.com.br/Informatica/Notebook/notebook-acer-amd-ryzen-5-3500u-8gb-1tb-placa-de-video-2gb-tela-15-6-windows-10-aspire-3-a315-42g-r6fz-55007919.html )  cont: 11
(11:53:43) Produto existe (id:1555508)
(11:53:43) Preço Produto: Venda: 3689,00 ( 12 x 307,42 ) Id PrecoProduto: 0
(11:53:43) Preçco mais recente: Venda: 3689,00 ( 12 x 307,42 ) Id PrecoProduto: 6814359
(11:53:43) Mesmo preço
(11:53:43) Produto: Notebook Samsung Book E30 Intel Core i3-10110U 10ª Geração 4GB 1TB 15.6   Windows 10 Home NP550XCJ-KT1BR - Prata ( https://www.pontofrio.com.br/Informatica/Notebook/notebook-samsung-book-e30-intel-core-i3-10110u-10-geracao-4gb-1tb-15-6-windows-10-home-np550xcj-kt1br-prata-55008235.html )  cont: 12
(11:53:44) Produto existe (id:1555509)
(11:53:44) Preço Produto: Venda: 3149,00 ( 12 x 262,42 ) Id PrecoProduto: 0
(11:53:45) Preçco mais recente: Venda: 3149,00 ( 12 x 262,42 ) Id PrecoProduto: 6814360
(11:53:45) Mesmo preço
(11:53:45) Produto: Notebook Lenovo Core i3-8130U 4GB 1TB Tela 15.6” Windows 10 Ideapad S145 ( https://www.pontofrio.com.br/Informatica/Notebook/notebook-lenovo-core-i3-8130u-4gb-1tb-tela-15-6-windows-10-ideapad-s145-55004394.html )  cont: 13
(11:53:46) Produto existe (id:1555510)
(11:53:46) Preço Produto: Venda: 2999,00 ( 12 x 249,92 ) Id PrecoProduto: 0
(11:53:46) Preçco mais recente: Venda: 2999,00 ( 12 x 249,92 ) Id PrecoProduto: 6814361
(11:53:46) Mesmo preço
(11:53:46) Produto: Notebook Samsung Book E20 Intel Dual-Core 4GB 500GB 15.6   Windows 10 Home NP550XCJ-KO2BR – Branco ( https://www.pontofrio.com.br/Informatica/Notebook/notebook-samsung-book-e20-intel-dual-core-4gb-500gb-15-6-windows-10-home-np550xcj-ko2br-branco-55008234.html )  cont: 14
(11:53:47) Produto nao existe
(11:53:47) Codigo Produto:1555511
(11:53:47) Preço Produto: Venda: 2599,00 ( 12 x 216,58 ) Id PrecoProduto: 0
(11:53:47) Não existe preço
(11:53:48) Produto: Notebook Lenovo Dual Core 4GB 500GB Tela 15.6” Windows 10 Ideapad S145 ( https://www.pontofrio.com.br/Informatica/Notebook/notebook-lenovo-dual-core-4gb-500gb-tela-15-6-windows-10-ideapad-s145-50004961.html )  cont: 15
(11:53:49) Produto nao existe
(11:53:49) Codigo Produto:1555512
(11:53:49) Preço Produto: Venda: 2599,00 ( 12 x 216,58 ) Id PrecoProduto: 0
(11:53:49) Não existe preço
(11:53:49) Produto: MacBook Air Apple Core i5 8GB 512GB SSD Tela Retina 13.3” macOS MVH22BZ/A – Cinza Espacial ( https://www.pontofrio.com.br/Informatica/Notebook/macbook-air-apple-core-i5-8gb-512gb-ssd-tela-retina-13-3-macos-mvh22bz-a-cinza-espacial-55006647.html )  cont: 16
(11:53:51) Produto nao existe
(11:53:51) Codigo Produto:1555513
(11:53:51) Preço Produto: Venda: 10799,00 ( 12 x 899,92 ) Id PrecoProduto: 0
(11:53:51) Não existe preço
(11:53:51) Produto: Notebook Lenovo Core i5-1035G1 20GB (4GB + 16GB Optane) 1TB Tela 15.6” Windows 10 Ideapad S145 ( https://www.pontofrio.com.br/Informatica/Notebook/notebook-lenovo-core-i5-1035g1-20gb-4gb-16gb-optane-1tb-tela-15-6-windows-10-ideapad-s145-55010086.html )  cont: 17
(11:53:52) Produto nao existe
(11:53:52) Codigo Produto:1555514
(11:53:52) Preço Produto: Venda: 3799,00 ( 12 x 316,58 ) Id PrecoProduto: 0
(11:53:52) Não existe preço
(11:53:52) Produto: Notebook Asus Core i3-6100U 4GB 1TB Tela 15.6” Endless OS X543UA-GQ3153 ( https://www.pontofrio.com.br/Informatica/Notebook/notebook-asus-core-i3-6100u-4gb-1tb-tela-15-6-endless-os-x543ua-gq3153-55009674.html )  cont: 18
(11:53:54) Produto nao existe
(11:53:54) Codigo Produto:1555515
(11:53:54) Preço Produto: Venda: 2999,00 ( 12 x 249,92 ) Id PrecoProduto: 0
(11:53:54) Não existe preço
(11:53:54) Produto: Notebook Dell Core i5-8265U 8GB 1TB Tela 15.6” Windows 10 Inspiron I15-3583-A3XP ( https://www.pontofrio.com.br/Informatica/Notebook/notebook-dell-core-i5-8265u-8gb-1tb-tela-15-6-windows-10-inspiron-i15-3583-a3xp-50005141.html )  cont: 19
(11:53:55) Produto nao existe
(11:53:55) Codigo Produto:1555516
(11:53:55) Preço Produto: Venda: 3949,00 ( 12 x 329,08 ) Id PrecoProduto: 0
(11:53:55) Não existe preço
(11:53:55) Produto: Notebook Samsung Book E30 Intel Core i3-10110U 10ª Geração 4GB 1TB 15.6   Windows 10 Home NP550XCJ-KT2BR – Branco ( https://www.pontofrio.com.br/Informatica/Notebook/notebook-samsung-book-e30-intel-core-i3-10110u-10-geracao-4gb-1tb-15-6-windows-10-home-np550xcj-kt2br-branco-55008236.html )  cont: 20
(11:53:56) Produto nao existe
(11:53:56) Codigo Produto:1555517
(11:53:56) Preço Produto: Venda: 3299,00 ( 12 x 274,92 ) Id PrecoProduto: 0
(11:53:56) Não existe preço
(11:53:56) Produto: Notebook Gamer Acer NVIDIA GeForce GTX 1650 AMD Ryzen 7-3750H 8GB 1TB 128GB SSD Tela Full HD 15.6” Endless OS Aspire Nitro 5 AN515-43-R4C3 ( https://www.pontofrio.com.br/Informatica/Notebook/notebook-gamer-acer-nvidia-geforce-gtx-1650-amd-ryzen-7-3750h-8gb-1tb-128gb-ssd-tela-full-hd-15-6-endless-os-aspire-nitro-5-an515-43-r4c3-55010090.html )  cont: 21
(11:53:58) Produto nao existe
(11:53:58) Codigo Produto:1555518
(11:53:58) Preço Produto: Venda: 5399,00 ( 12 x 449,92 ) Id PrecoProduto: 0
(11:53:58) Não existe preço
