(10:34:28) Loja:Extra
(10:34:48) Categoria:Notebooks
(10:34:48) CategoriaLoja(detalhe):CategoriaLoja {IdCategoriaLoja:818;Nome:Notebooks;Url:https://www.extra.com.br/Informatica/Notebook/?Filtro=C56_C57;DataInclusao:20-03-2015;IdCategoriaLojaF:0;IdNaturezaProdutoRa:10;IdLojaVirtualPa:3;}
(10:34:48) URL: https://www.extra.com.br/Informatica/Notebook/?Filtro=C56_C57
(10:48:53) Loja:Americanas
(10:49:12) Categoria:Notebooks
(10:49:12) CategoriaLoja(detalhe):CategoriaLoja {IdCategoriaLoja:817;Nome:Notebooks;Url:http://www.americanas.com.br/linha/267868/informatica/notebook;DataInclusao:20-03-2015;IdCategoriaLojaF:0;IdNaturezaProdutoRa:10;IdLojaVirtualPa:1;}
(10:49:13) URL: http://www.americanas.com.br/linha/267868/informatica/notebook
(10:49:13) Loja:Magazine Luiza
(10:49:35) Categoria:Notebooks
(10:49:35) CategoriaLoja(detalhe):CategoriaLoja {IdCategoriaLoja:820;Nome:Notebooks;Url:http://www.magazineluiza.com.br/notebook/informatica/s/in/note/;DataInclusao:27-03-2015;IdCategoriaLojaF:0;IdNaturezaProdutoRa:10;IdLojaVirtualPa:2;}
(10:49:35) URL: http://www.magazineluiza.com.br/notebook/informatica/s/in/note/
(10:49:36) Loja:Extra
(10:50:14) Categoria:Notebooks
(10:50:14) CategoriaLoja(detalhe):CategoriaLoja {IdCategoriaLoja:818;Nome:Notebooks;Url:https://www.extra.com.br/Informatica/Notebook/?Filtro=C56_C57;DataInclusao:20-03-2015;IdCategoriaLojaF:0;IdNaturezaProdutoRa:10;IdLojaVirtualPa:3;}
(10:50:14) URL: https://www.extra.com.br/Informatica/Notebook/?Filtro=C56_C57
(10:53:53) Loja:Americanas
(10:54:50) Categoria:Notebooks
(10:54:50) CategoriaLoja(detalhe):CategoriaLoja {IdCategoriaLoja:817;Nome:Notebooks;Url:http://www.americanas.com.br/linha/267868/informatica/notebook;DataInclusao:20-03-2015;IdCategoriaLojaF:0;IdNaturezaProdutoRa:10;IdLojaVirtualPa:1;}
(10:54:51) URL: http://www.americanas.com.br/linha/267868/informatica/notebook
(10:54:52) Loja:Magazine Luiza
(10:55:04) Loja:Americanas
(10:56:40) Categoria:Notebooks
(10:56:40) CategoriaLoja(detalhe):CategoriaLoja {IdCategoriaLoja:817;Nome:Notebooks;Url:https://www.americanas.com.br/categoria/informatica/notebooks;DataInclusao:20-03-2015;IdCategoriaLojaF:0;IdNaturezaProdutoRa:10;IdLojaVirtualPa:1;}
(10:56:41) URL: https://www.americanas.com.br/categoria/informatica/notebooks
(10:56:43) URL: https://www.americanas.com.br/categoria/informatica/notebooks
(10:56:44) URL: https://www.americanas.com.br/categoria/informatica/notebooks
(10:56:45) URL: https://www.americanas.com.br/categoria/informatica/notebooks
(10:56:46) URL: https://www.americanas.com.br/categoria/informatica/notebooks
(10:56:47) URL: https://www.americanas.com.br/categoria/informatica/notebooks
(10:56:48) URL: https://www.americanas.com.br/categoria/informatica/notebooks
(10:56:49) URL: https://www.americanas.com.br/categoria/informatica/notebooks
(10:56:49) URL: https://www.americanas.com.br/categoria/informatica/notebooks
(10:56:50) URL: https://www.americanas.com.br/categoria/informatica/notebooks
(10:56:51) URL: https://www.americanas.com.br/categoria/informatica/notebooks
(10:56:52) URL: https://www.americanas.com.br/categoria/informatica/notebooks
(10:56:53) URL: https://www.americanas.com.br/categoria/informatica/notebooks
(10:56:54) URL: https://www.americanas.com.br/categoria/informatica/notebooks
(10:56:54) URL: https://www.americanas.com.br/categoria/informatica/notebooks
(10:56:55) URL: https://www.americanas.com.br/categoria/informatica/notebooks
(10:56:56) URL: https://www.americanas.com.br/categoria/informatica/notebooks
(10:56:57) URL: https://www.americanas.com.br/categoria/informatica/notebooks
(10:56:58) URL: https://www.americanas.com.br/categoria/informatica/notebooks
(10:56:59) URL: https://www.americanas.com.br/categoria/informatica/notebooks
(10:57:00) URL: https://www.americanas.com.br/categoria/informatica/notebooks
(10:57:00) URL: https://www.americanas.com.br/categoria/informatica/notebooks
(10:57:01) URL: https://www.americanas.com.br/categoria/informatica/notebooks
(10:57:02) URL: https://www.americanas.com.br/categoria/informatica/notebooks
(10:57:03) URL: https://www.americanas.com.br/categoria/informatica/notebooks
(10:57:04) URL: https://www.americanas.com.br/categoria/informatica/notebooks
(10:57:04) URL: https://www.americanas.com.br/categoria/informatica/notebooks
(10:57:05) URL: https://www.americanas.com.br/categoria/informatica/notebooks
(10:57:06) URL: https://www.americanas.com.br/categoria/informatica/notebooks
(10:57:07) URL: https://www.americanas.com.br/categoria/informatica/notebooks
(10:57:08) URL: https://www.americanas.com.br/categoria/informatica/notebooks
(10:58:22) Loja:Americanas
(10:59:13) Categoria:Notebooks
(10:59:13) CategoriaLoja(detalhe):CategoriaLoja {IdCategoriaLoja:817;Nome:Notebooks;Url:https://www.americanas.com.br/categoria/informatica/notebooks;DataInclusao:20-03-2015;IdCategoriaLojaF:0;IdNaturezaProdutoRa:10;IdLojaVirtualPa:1;}
(10:59:15) URL: https://www.americanas.com.br/categoria/informatica/notebooks
(11:02:31) Loja:Americanas
(11:03:29) Categoria:Notebooks
(11:03:29) CategoriaLoja(detalhe):CategoriaLoja {IdCategoriaLoja:817;Nome:Notebooks;Url:https://www.americanas.com.br/categoria/informatica/notebooks?pagina-1;DataInclusao:20-03-2015;IdCategoriaLojaF:0;IdNaturezaProdutoRa:10;IdLojaVirtualPa:1;}
(11:03:30) URL: https://www.americanas.com.br/categoria/informatica/notebooks?pagina-1
(11:03:33) Produto: Notebook Lenovo Ideapad S145 8ª Intel Core I5 8GB 1TB HD 15,6" W10 Prata ( https://www.americanas.com.br/produto/134573365?pfm_carac=Notebooks&pfm_page=category&pfm_pos=grid&pfm_type=vit_product_grid )  cont: 1
(11:03:34) Produto nao existe
(11:03:34) Codigo Produto:1397356
(11:03:34) Preço Produto: Venda: 3449,99 ( 0 x 0,00 ) Id PrecoProduto: 0
(11:03:34) Não existe preço
(11:03:34) Produto: Notebook Samsung Essentials E30 Intel Core I3 4GB 1TB LED Full HD 15.6   W10 - Cinza Titânio ( https://www.americanas.com.br/produto/133794123?pfm_carac=Notebooks&pfm_index=1&pfm_page=category&pfm_pos=grid&pfm_type=vit_product_grid )  cont: 2
(11:03:36) Produto nao existe
(11:03:36) Codigo Produto:1397357
(11:03:36) Preço Produto: Venda: 2899,00 ( 0 x 0,00 ) Id PrecoProduto: 0
(11:03:36) Não existe preço
(11:03:36) Produto: MacBook Air MQD32BZ/A com Intel Core i5 Dual Core 8GB 128GB SSD 13   Prata - Apple ( https://www.americanas.com.br/produto/132490742?pfm_carac=Notebooks&pfm_index=2&pfm_page=category&pfm_pos=grid&pfm_type=vit_product_grid )  cont: 3
(11:03:37) Produto nao existe
(11:03:37) Codigo Produto:1397358
(11:03:37) Preço Produto: Venda: 6599,99 ( 0 x 0,00 ) Id PrecoProduto: 0
(11:03:37) Não existe preço
(11:03:38) Produto: Notebook Samsung Expert X30 Intel Core I5 Quad-core 8GB 1TB Tela LED HD 15.6” Windows 10 Home - Cinza ( https://www.americanas.com.br/produto/134412941?pfm_carac=Notebooks&pfm_index=3&pfm_page=category&pfm_pos=grid&pfm_type=vit_product_grid )  cont: 4
(11:03:39) Produto nao existe
(11:03:39) Codigo Produto:1397359
(11:03:39) Preço Produto: Venda: 4399,00 ( 0 x 0,00 ) Id PrecoProduto: 0
(11:03:39) Não existe preço
(11:03:39) Produto: Notebook Lenovo Ultrafino Ideapad S145 8ª Intel Core I7 8GB (Geforce MX110 com 2GB) 1TB FHD 15,6" W10 Prata ( https://www.americanas.com.br/produto/134573381?pfm_carac=Notebooks&pfm_index=4&pfm_page=category&pfm_pos=grid&pfm_type=vit_product_grid )  cont: 5
(11:03:41) Produto nao existe
(11:03:41) Codigo Produto:1397360
(11:03:41) Preço Produto: Venda: 3899,99 ( 0 x 0,00 ) Id PrecoProduto: 0
(11:03:41) Não existe preço
(11:03:41) Produto: Notebook Lenovo Ideapad S145 Intel Celeron 4GB 500GB 15,6" W10 Prata ( https://www.americanas.com.br/produto/471642069?pfm_carac=Notebooks&pfm_index=5&pfm_page=category&pfm_pos=grid&pfm_type=vit_product_grid )  cont: 6
(11:03:42) Produto nao existe
(11:03:42) Codigo Produto:1397361
(11:03:42) Preço Produto: Venda: 2299,99 ( 0 x 0,00 ) Id PrecoProduto: 0
(11:03:42) Não existe preço
(11:03:42) Produto: Notebook Ideapad 330 7ª Intel Core i3 4GB 1TB W10 HD 15.6" Prata - Lenovo ( https://www.americanas.com.br/produto/134361371?pfm_carac=Notebooks&pfm_index=6&pfm_page=category&pfm_pos=grid&pfm_type=vit_product_grid )  cont: 7
(11:03:44) Produto nao existe
(11:03:44) Codigo Produto:1397362
(11:03:44) Preço Produto: Venda: 2899,00 ( 0 x 0,00 ) Id PrecoProduto: 0
(11:03:44) Não existe preço
(11:03:44) Produto: Notebook Dell Inspiron I15-3583-A3XB 8ª Intel Core I5 8GB 1TB 15,6" W10 Branco ( https://www.americanas.com.br/produto/209927430?pfm_carac=Notebooks&pfm_index=7&pfm_page=category&pfm_pos=grid&pfm_type=vit_product_grid )  cont: 8
(11:03:45) Produto nao existe
(11:03:45) Codigo Produto:1397363
(11:03:45) Preço Produto: Venda: 4048,00 ( 0 x 0,00 ) Id PrecoProduto: 0
(11:03:45) Não existe preço
(11:03:45) Produto: Notebook Samsung Flash F30 Intel Celeron 4GB 64GB SSD Full HD Tela LED 13.3" Windows 10 - Coral ( https://www.americanas.com.br/produto/134187974?pfm_carac=Notebooks&pfm_index=8&pfm_page=category&pfm_pos=grid&pfm_type=vit_product_grid )  cont: 9
(11:03:47) Produto nao existe
(11:03:47) Codigo Produto:1397364
(11:03:47) Preço Produto: Venda: 2699,00 ( 0 x 0,00 ) Id PrecoProduto: 0
(11:03:47) Não existe preço
(11:03:47) Produto: Notebook Samsung Essentials E20 Intel Celeron 4GB 500GB HD LED 15,6   W10 Cinza ( https://www.americanas.com.br/produto/134403702?pfm_carac=Notebooks&pfm_index=9&pfm_page=category&pfm_pos=grid&pfm_type=vit_product_grid )  cont: 10
(11:03:48) Produto nao existe
(11:03:48) Codigo Produto:1397365
(11:03:48) Preço Produto: Venda: 2299,00 ( 0 x 0,00 ) Id PrecoProduto: 0
(11:03:48) Não existe preço
(11:03:48) Produto: Notebook Lenovo Ultrafino Ideapad S145 8ª Intel Core I5 8GB (Geforce MX110 com 2GB) 1TB HD Tela 15,6" Windows 10 - Prata ( https://www.americanas.com.br/produto/134572506?pfm_carac=Notebooks&pfm_index=10&pfm_page=category&pfm_pos=grid&pfm_type=vit_product_grid )  cont: 11
(11:03:50) Produto nao existe
(11:03:50) Codigo Produto:1397366
(11:03:50) Preço Produto: Venda: 3428,40 ( 0 x 0,00 ) Id PrecoProduto: 0
(11:03:50) Não existe preço
(11:03:50) Produto: Notebook Samsung Flash F30 Intel Celeron 4GB 64GB SSD Tela Full HD 13.3" Windows 10 - Cinza ( https://www.americanas.com.br/produto/134187878?pfm_carac=Notebooks&pfm_index=11&pfm_page=category&pfm_pos=grid&pfm_type=vit_product_grid )  cont: 12
(11:03:51) Produto nao existe
(11:03:51) Codigo Produto:1397367
(11:03:51) Preço Produto: Venda: 2399,99 ( 0 x 0,00 ) Id PrecoProduto: 0
(11:03:51) Não existe preço
(11:03:52) Produto: Notebook Asus Vivobook X512FJ-EJ227T 8ª Intel Core I7 8GB (Geforce MX230 com 2GB) 1TB W10 15,6" Cinza ( https://www.americanas.com.br/produto/1188914217?pfm_carac=Notebooks&pfm_index=12&pfm_page=category&pfm_pos=grid&pfm_type=vit_product_grid )  cont: 13
(11:03:53) Produto nao existe
(11:03:53) Codigo Produto:1397368
(11:03:53) Preço Produto: Venda: 5199,99 ( 0 x 0,00 ) Id PrecoProduto: 0
(11:03:53) Não existe preço
(11:03:53) Produto: Notebook Dell Inspiron I15-3583-A2XP 8ª Intel Core I5 4GB 1TB LED HD 15,6" W10 Preto ( https://www.americanas.com.br/produto/134521709?pfm_carac=Notebooks&pfm_index=13&pfm_page=category&pfm_pos=grid&pfm_type=vit_product_grid )  cont: 14
(11:03:54) Produto nao existe
(11:03:54) Codigo Produto:1397369
(11:03:54) Preço Produto: Venda: 3799,99 ( 0 x 0,00 ) Id PrecoProduto: 0
(11:03:54) Não existe preço
(11:03:54) Produto: Notebook Dell Gaming G5-5590-A30P 9ª Intel Core I7 16GB (Geforce GTX1660TI com 6GB) 1TB + 256GB SSD W10 15,6" Preto ( https://www.americanas.com.br/produto/144557617?pfm_carac=Notebooks&pfm_index=14&pfm_page=category&pfm_pos=grid&pfm_type=vit_product_grid )  cont: 15
(11:03:56) Produto nao existe
(11:03:56) Codigo Produto:1397370
(11:03:56) Preço Produto: Venda: 9200,00 ( 0 x 0,00 ) Id PrecoProduto: 0
(11:03:56) Não existe preço
(11:03:56) Produto: Notebook Positivo Motion I341TAI Intel Core i3 4GB 1TB HD 14" Linux - Positivo ( https://www.americanas.com.br/produto/134366067?pfm_carac=Notebooks&pfm_index=15&pfm_page=category&pfm_pos=grid&pfm_type=vit_product_grid )  cont: 16
(11:03:58) Produto nao existe
(11:03:58) Codigo Produto:1397371
(11:03:58) Preço Produto: Venda: 2695,13 ( 0 x 0,00 ) Id PrecoProduto: 0
(11:03:58) Não existe preço
(11:03:58) Produto: Notebook Inspiron I15-3583-A20P Intel Core i5 8GB (AMD Radeon 520 com 2GB) 2TB 15,6   W10 Preto - Dell ( https://www.americanas.com.br/produto/134388602?pfm_carac=Notebooks&pfm_index=16&pfm_page=category&pfm_pos=grid&pfm_type=vit_product_grid )  cont: 17
(11:03:59) Produto nao existe
(11:03:59) Codigo Produto:1397372
(11:03:59) Preço Produto: Venda: 3899,99 ( 0 x 0,00 ) Id PrecoProduto: 0
(11:03:59) Não existe preço
(11:03:59) Produto: Notebook Dell Inspiron i15-3583-M3XP 8ª Geração Intel Core i5 8GB 1TB 15.6" Windows 10 McAfee Preto ( https://www.americanas.com.br/produto/80805338?pfm_carac=Notebooks&pfm_index=17&pfm_page=category&pfm_pos=grid&pfm_type=vit_product_grid )  cont: 18
(11:04:01) Produto nao existe
(11:04:01) Codigo Produto:1397373
(11:04:01) Preço Produto: Venda: 4199,00 ( 0 x 0,00 ) Id PrecoProduto: 0
(11:04:01) Não existe preço
(11:04:01) Produto: Notebook 2 em 1 Dell Inspiron i14-5481-M11 8ª Geração Intel Core i3 4GB 128GB SSD 14" Touch Windows 10 McAfee ( https://www.americanas.com.br/produto/93608447?pfm_carac=Notebooks&pfm_index=18&pfm_page=category&pfm_pos=grid&pfm_type=vit_product_grid )  cont: 19
(11:04:03) Produto nao existe
(11:04:03) Codigo Produto:1397374
(11:04:03) Preço Produto: Venda: 3779,00 ( 0 x 0,00 ) Id PrecoProduto: 0
(11:04:03) Não existe preço
(11:04:03) Produto: Notebook Dell Inspiron i15-5584-A20S Intel Core i5 8GB ( GeForce MX130 com 2GB) 1TB 15,6" W10 Prata ( https://www.americanas.com.br/produto/134511121?pfm_carac=Notebooks&pfm_index=19&pfm_page=category&pfm_pos=grid&pfm_type=vit_product_grid )  cont: 20
(11:04:04) Produto nao existe
(11:04:04) Codigo Produto:1397375
(11:04:04) Preço Produto: Venda: 5087,25 ( 0 x 0,00 ) Id PrecoProduto: 0
(11:04:04) Não existe preço
(11:04:04) Produto: Notebook Ideapad 330 Intel Celeron 4GB 500GB HD 15,6" W10 Preto - Lenovo ( https://www.americanas.com.br/produto/134360044?pfm_carac=Notebooks&pfm_index=20&pfm_page=category&pfm_pos=grid&pfm_type=vit_product_grid )  cont: 21
(11:04:06) Produto nao existe
(11:04:06) Codigo Produto:1397376
(11:04:06) Preço Produto: Venda: 2399,00 ( 0 x 0,00 ) Id PrecoProduto: 0
(11:04:06) Não existe preço
(11:04:06) Produto: Notebook Gamer Lenovo Ideapad L340 9ª Intel Core i5 8GB (Geforce GTX1050 com 3GB) 1TB Tela FHD IPS 15,6" Windows 10 - Preto ( https://www.americanas.com.br/produto/462141836?pfm_carac=Notebooks&pfm_index=21&pfm_page=category&pfm_pos=grid&pfm_type=vit_product_grid )  cont: 22
(11:04:07) Produto nao existe
(11:04:07) Codigo Produto:1397377
(11:04:07) Preço Produto: Venda: 4999,99 ( 0 x 0,00 ) Id PrecoProduto: 0
(11:04:07) Não existe preço
(11:04:07) Produto: Notebook 2 em 1 Inspiron I14-5481-A20S Intel Core i5 8GB 1TB 14" W10 Prata - Dell ( https://www.americanas.com.br/produto/134238188?pfm_carac=Notebooks&pfm_index=22&pfm_page=category&pfm_pos=grid&pfm_type=vit_product_grid )  cont: 23
(11:04:09) Produto nao existe
(11:04:09) Codigo Produto:1397378
(11:04:09) Preço Produto: Venda: 4699,00 ( 0 x 0,00 ) Id PrecoProduto: 0
(11:04:09) Não existe preço
(11:04:09) Produto: Notebook Dell Inspiron i14-3481-M30S 8ª geração Intel Core i3 4GB 1TB 14" Windows 10 Prata ( https://www.americanas.com.br/produto/71614457?pfm_carac=Notebooks&pfm_index=23&pfm_page=category&pfm_pos=grid&pfm_type=vit_product_grid )  cont: 24
(11:04:11) Produto nao existe
(11:04:11) Codigo Produto:1397379
(11:04:11) Preço Produto: Venda: 3359,00 ( 0 x 0,00 ) Id PrecoProduto: 0
(11:04:11) Não existe preço
(11:04:13) Produto: Notebook Dell Inspiron i15-3583-M2XP 8ª Geração Intel Core i5 4GB 1TB 15.6" Windows 10 Preto McAfee ( https://www.americanas.com.br/produto/80805331?pfm_carac=Notebooks&pfm_page=category&pfm_pos=grid&pfm_type=vit_product_grid )  cont: 25
(11:04:15) Produto nao existe
(11:04:15) Codigo Produto:1397380
(11:04:15) Preço Produto: Venda: 3999,00 ( 0 x 0,00 ) Id PrecoProduto: 0
(11:04:15) Não existe preço
(11:04:15) Produto: Notebook Dell Inspiron I15-3584-A10P Intel Core I3 4GB 1TB LED 15,6" W10 Preto ( https://www.americanas.com.br/produto/134529524?pfm_carac=Notebooks&pfm_index=1&pfm_page=category&pfm_pos=grid&pfm_type=vit_product_grid )  cont: 26
(11:04:17) Produto nao existe
(11:04:17) Codigo Produto:1397381
(11:04:17) Preço Produto: Venda: 3273,51 ( 0 x 0,00 ) Id PrecoProduto: 0
(11:04:17) Não existe preço
(11:04:17) Produto: Notebook Positivo Motion C4500A Intel Celeron 4GB 500GB HD 14" Windows 10 - Prata ( https://www.americanas.com.br/produto/134335068?pfm_carac=Notebooks&pfm_index=2&pfm_page=category&pfm_pos=grid&pfm_type=vit_product_grid )  cont: 27
(11:04:18) Produto nao existe
(11:04:18) Codigo Produto:1397382
(11:04:18) Preço Produto: Venda: 1699,00 ( 0 x 0,00 ) Id PrecoProduto: 0
(11:04:18) Não existe preço
(11:04:18) Produto: Notebook Dell Inspiron i14-3480-M30F 8ª Geração Intel Core i5 4GB 1TB 14" Windows 10 Prata Microsoft 365 ( https://www.americanas.com.br/produto/80805444?pfm_carac=Notebooks&pfm_index=3&pfm_page=category&pfm_pos=grid&pfm_type=vit_product_grid )  cont: 28
(11:04:20) Produto nao existe
(11:04:20) Codigo Produto:1397383
(11:04:20) Preço Produto: Venda: 4129,00 ( 0 x 0,00 ) Id PrecoProduto: 0
(11:04:20) Não existe preço
(11:04:20) Produto: Notebook Dell Inspiron i14-3481-M30SF 8ª geração Intel Core i3 4GB 1TB 14" Windows 10 Microsoft 365 Prata ( https://www.americanas.com.br/produto/71614376?pfm_carac=Notebooks&pfm_index=4&pfm_page=category&pfm_pos=grid&pfm_type=vit_product_grid )  cont: 29
(11:04:22) Produto nao existe
(11:04:22) Codigo Produto:1397384
(11:04:22) Preço Produto: Venda: 3569,00 ( 0 x 0,00 ) Id PrecoProduto: 0
(11:04:22) Não existe preço
(11:04:22) Produto: Notebook Ideapad 320 Intel Core i3 4GB 1TB Full HD 15.6   Prata Windows 10 - Lenovo ( https://www.americanas.com.br/produto/132952708?pfm_carac=Notebooks&pfm_index=5&pfm_page=category&pfm_pos=grid&pfm_type=vit_product_grid )  cont: 30
(11:04:23) Produto nao existe
(11:04:23) Codigo Produto:1397385
(11:04:23) Preço Produto: Venda: 2899,00 ( 0 x 0,00 ) Id PrecoProduto: 0
(11:04:23) Não existe preço
(11:04:23) Produto: Notebook Inspiron i15-3583-A30P 8ª Intel Core i7 8GB (AMD Radeon 520 com 2GB) 2TB LED HD 15,6" W10 Preto - Dell ( https://www.americanas.com.br/produto/134385663?pfm_carac=Notebooks&pfm_index=6&pfm_page=category&pfm_pos=grid&pfm_type=vit_product_grid )  cont: 31
(11:04:25) Produto nao existe
(11:04:25) Codigo Produto:1397386
(11:04:25) Preço Produto: Venda: 6021,96 ( 0 x 0,00 ) Id PrecoProduto: 0
(11:04:25) Não existe preço
(11:04:25) Produto: Notebook 2 em 1 Dell Inspiron i14-5481-M20 8ª Geração Intel Core i5 8GB 1TB 14" Touch Windows 10 McAfee ( https://www.americanas.com.br/produto/52520913?pfm_carac=Notebooks&pfm_index=7&pfm_page=category&pfm_pos=grid&pfm_type=vit_product_grid )  cont: 32
(11:04:27) Produto nao existe
(11:04:27) Codigo Produto:1397387
(11:04:27) Preço Produto: Venda: 4699,00 ( 0 x 0,00 ) Id PrecoProduto: 0
(11:04:27) Não existe preço
(11:04:27) Produto: Notebook Dell Inspiron i15-3583-U2XP 8ª Geração Intel Core i5 4GB 1TB 15.6" Linux McAfee Preto ( https://www.americanas.com.br/produto/80805379?pfm_carac=Notebooks&pfm_index=8&pfm_page=category&pfm_pos=grid&pfm_type=vit_product_grid )  cont: 33
(11:04:28) Produto nao existe
(11:04:28) Codigo Produto:1397388
(11:04:28) Preço Produto: Venda: 3649,00 ( 0 x 0,00 ) Id PrecoProduto: 0
(11:04:28) Não existe preço
(11:04:28) Produto: Notebook Dell Inspiron i14-3481-M40S 8ª geração Intel Core i3 4GB 128GB SSD 14" Windows 10 Prata ( https://www.americanas.com.br/produto/80805415?pfm_carac=Notebooks&pfm_index=9&pfm_page=category&pfm_pos=grid&pfm_type=vit_product_grid )  cont: 34
(11:04:30) Produto nao existe
(11:04:30) Codigo Produto:1397389
(11:04:30) Preço Produto: Venda: 3359,00 ( 0 x 0,00 ) Id PrecoProduto: 0
(11:04:30) Não existe preço
(11:04:30) Produto: Notebook Ultrafino Dell Inspiron i13-7391-M30S 10ª Ger. Intel Core i7 8GB 512GB SSD Placa Vídeo NVIDIA 13.3" Windows 10 ( https://www.americanas.com.br/produto/1288658986?pfm_carac=Notebooks&pfm_index=10&pfm_page=category&pfm_pos=grid&pfm_type=vit_product_grid )  cont: 35
(11:04:31) Produto nao existe
(11:04:31) Codigo Produto:1397390
(11:04:31) Preço Produto: Venda: 7699,00 ( 0 x 0,00 ) Id PrecoProduto: 0
(11:04:31) Não existe preço
(11:04:31) Produto: Notebook Vaio S13 Core i7 8GB 256GB SSD Full HD 13.3" Windows 10 Home - Prata ( https://www.americanas.com.br/produto/35895852?pfm_carac=Notebooks&pfm_index=11&pfm_page=category&pfm_pos=grid&pfm_type=vit_product_grid )  cont: 36
(11:04:33) Produto nao existe
(11:04:33) Codigo Produto:1397391
(11:04:33) Preço Produto: Venda: 11799,00 ( 0 x 0,00 ) Id PrecoProduto: 0
(11:04:33) Não existe preço
(11:04:33) Produto: Notebook 2 em 1 Dell Inspiron i14-5481-M30 8ª Geração Intel Core i7 8GB 1TB 14" Touch Windows 10 McAfee ( https://www.americanas.com.br/produto/52521601?pfm_carac=Notebooks&pfm_index=12&pfm_page=category&pfm_pos=grid&pfm_type=vit_product_grid )  cont: 37
(11:04:35) Produto nao existe
(11:04:35) Codigo Produto:1397392
(11:04:35) Preço Produto: Venda: 5279,00 ( 0 x 0,00 ) Id PrecoProduto: 0
(11:04:35) Não existe preço
(11:04:35) Produto: Notebook Ultrafino Dell Inspiron i13-7391-M20S 10ª Ger. Intel Core i5 8GB 512GB SSD Placa Vídeo NVIDIA 13.3" Windows 10 ( https://www.americanas.com.br/produto/1288634861?pfm_carac=Notebooks&pfm_index=13&pfm_page=category&pfm_pos=grid&pfm_type=vit_product_grid )  cont: 38
(11:04:36) Produto nao existe
(11:04:36) Codigo Produto:1397393
(11:04:36) Preço Produto: Venda: 7069,00 ( 0 x 0,00 ) Id PrecoProduto: 0
(11:04:36) Não existe preço
(11:04:36) Produto: Notebook Dell Inspiron i15-3583-M4XP 8ª Ger. Intel Core i5 8GB 256GB SSD Full HD 15.6" Windows 10 Preto Leitor Biométrico ( https://www.americanas.com.br/produto/96526014?pfm_carac=Notebooks&pfm_index=14&pfm_page=category&pfm_pos=grid&pfm_type=vit_product_grid )  cont: 39
(11:04:37) Produto nao existe
(11:04:37) Codigo Produto:1397394
(11:04:37) Preço Produto: Venda: 4599,00 ( 0 x 0,00 ) Id PrecoProduto: 0
(11:04:37) Não existe preço
(11:04:37) Produto: Notebook Fit 15S B0311B Intel Core I7 8GB 1TB HD 15,6   W10 Chumbo - VAIO ( https://www.americanas.com.br/produto/132729717?pfm_carac=Notebooks&pfm_index=15&pfm_page=category&pfm_pos=grid&pfm_type=vit_product_grid )  cont: 40
(11:04:39) Produto nao existe
(11:04:39) Codigo Produto:1397395
(11:04:39) Preço Produto: Venda: 4789,99 ( 0 x 0,00 ) Id PrecoProduto: 0
(11:04:39) Não existe preço
(11:04:39) Produto: Notebook Dell Inspiron i15-3583-U4XP 8ª Ger. Intel Core i5 8GB 256GB SSD Full HD 15.6" Linux Preto Leitor Biométrico ( https://www.americanas.com.br/produto/96465991?pfm_carac=Notebooks&pfm_index=16&pfm_page=category&pfm_pos=grid&pfm_type=vit_product_grid )  cont: 41
