(18:28:29) Loja:Americanas
(18:35:04) Loja:Americanas
(18:37:04) Categoria:Labios
(18:37:04) CategoriaLoja(detalhe):CategoriaLoja {IdCategoriaLoja:1583;Nome:Labios;Url:https://www.americanas.com.br/categoria/beleza-e-perfumaria/maquiagem/labios?ordenacao=topSelling;DataInclusao:05-08-2019;IdCategoriaLojaF:0;IdNaturezaProdutoRa:26;IdLojaVirtualPa:1;}
(18:37:05) URL: https://www.americanas.com.br/categoria/beleza-e-perfumaria/maquiagem/labios?ordenacao=topSelling
(18:37:33) Produto: Zanzea Mulheres Manga Curta Casual Splice Solto Oversize Vestido Midi Sundress Plus ( https://www.americanas.com.br/produto/1524522328?pfm_carac=L%C3%A1bios&pfm_page=category&pfm_pos=grid&pfm_type=vit_product_grid )  cont: 1
(18:37:33) Origem: https://www.americanas.com.br/categoria/beleza-e-perfumaria/maquiagem/labios?ordenacao=topSelling
(18:37:35) Produto nao existe
(18:37:35) Codigo Produto:1728034
(18:37:35) Preço Produto: Venda: 99,53 ( 0 x 0,00 ) Id PrecoProduto: 0
(18:37:35) Não existe preço
(18:37:36) Produto: Zanzea Mulheres Manga Curta Casual Splice Solto Oversize Vestido Midi Sundress Plus ( https://www.americanas.com.br/produto/1524819818?pfm_carac=L%C3%A1bios&pfm_index=1&pfm_page=category&pfm_pos=grid&pfm_type=vit_product_grid )  cont: 2
(18:37:36) Origem: https://www.americanas.com.br/categoria/beleza-e-perfumaria/maquiagem/labios?ordenacao=topSelling
(18:37:38) Produto nao existe
(18:37:38) Codigo Produto:1728035
(18:37:38) Preço Produto: Venda: 98,12 ( 0 x 0,00 ) Id PrecoProduto: 0
(18:37:38) Não existe preço
(18:37:38) Produto: Protetor Labial Nivea - Cereja Shine ( https://www.americanas.com.br/produto/599909148?pfm_carac=L%C3%A1bios&pfm_index=2&pfm_page=category&pfm_pos=grid&pfm_type=vit_product_grid )  cont: 3
(18:37:38) Origem: https://www.americanas.com.br/categoria/beleza-e-perfumaria/maquiagem/labios?ordenacao=topSelling
(18:37:41) Produto existe (id:1632986)
(18:37:41) Preço Produto: Venda: 17,90 ( 0 x 0,00 ) Id PrecoProduto: 0
(18:37:41) Preçco mais recente: Venda: 16,99 ( 0 x 0,00 ) Id PrecoProduto: 7042087
(18:37:41) Mudança de preço
(18:37:41) Mudança de preço (Ajuste:-5.356091)
(18:37:41) Produto: Nivea - Lip Care Morango ( https://www.americanas.com.br/produto/325905?pfm_carac=L%C3%A1bios&pfm_index=3&pfm_page=category&pfm_pos=grid&pfm_type=vit_product_grid )  cont: 4
(18:37:41) Origem: https://www.americanas.com.br/categoria/beleza-e-perfumaria/maquiagem/labios?ordenacao=topSelling
(18:37:44) Produto existe (id:1711842)
(18:37:44) Preço Produto: Venda: 14,69 ( 0 x 0,00 ) Id PrecoProduto: 0
(18:37:44) Preçco mais recente: Venda: 13,99 ( 0 x 0,00 ) Id PrecoProduto: 7084984
(18:37:44) Mudança de preço
(18:37:44) Mudança de preço (Ajuste:-5.0035725)
(18:37:44) Produto: Dalla Makeup Top Coat Labial Efeito Espelhado Vegano ( https://www.americanas.com.br/produto/1740290787?pfm_carac=L%C3%A1bios&pfm_index=4&pfm_page=category&pfm_pos=grid&pfm_type=vit_product_grid )  cont: 5
(18:37:44) Origem: https://www.americanas.com.br/categoria/beleza-e-perfumaria/maquiagem/labios?ordenacao=topSelling
(18:37:46) Produto nao existe
(18:37:46) Codigo Produto:1728036
(18:37:46) Preço Produto: Venda: 13,90 ( 0 x 0,00 ) Id PrecoProduto: 0
(18:37:46) Não existe preço
(18:37:46) Produto: Batom Mate Soul Kiss Me Vinho Expressão 3,5g - Eudora ( https://www.americanas.com.br/produto/1393875798?pfm_carac=L%C3%A1bios&pfm_index=5&pfm_page=category&pfm_pos=grid&pfm_type=vit_product_grid )  cont: 6
(18:37:46) Origem: https://www.americanas.com.br/categoria/beleza-e-perfumaria/maquiagem/labios?ordenacao=topSelling
(18:37:49) Produto existe (id:1194939)
(18:37:49) Preço Produto: Venda: 15,33 ( 0 x 0,00 ) Id PrecoProduto: 0
(18:37:49) Preçco mais recente: Venda: 15,33 ( 0 x 0,00 ) Id PrecoProduto: 6218859
(18:37:49) Mesmo preço
(18:37:49) Produto: Batom Longa Duração Lip Deluxe Nude Único 3,5g - Eudora ( https://www.americanas.com.br/produto/1393867448?pfm_carac=L%C3%A1bios&pfm_index=6&pfm_page=category&pfm_pos=grid&pfm_type=vit_product_grid )  cont: 7
(18:37:49) Origem: https://www.americanas.com.br/categoria/beleza-e-perfumaria/maquiagem/labios?ordenacao=topSelling
(18:37:52) Produto existe (id:1217075)
(18:37:52) Preço Produto: Venda: 17,69 ( 0 x 0,00 ) Id PrecoProduto: 0
(18:37:52) Preçco mais recente: Venda: 19,99 ( 0 x 0,00 ) Id PrecoProduto: 6373077
(18:37:52) Mudança de preço
(18:37:52) Mudança de preço (Ajuste:11.505749)
(18:37:52) Produto: Batom Tinta Dna Italy Love Lip Color 10ml Cor Love Red 1und ( https://www.americanas.com.br/produto/49934433?pfm_carac=L%C3%A1bios&pfm_index=7&pfm_page=category&pfm_pos=grid&pfm_type=vit_product_grid )  cont: 8
(18:37:52) Origem: https://www.americanas.com.br/categoria/beleza-e-perfumaria/maquiagem/labios?ordenacao=topSelling
(18:37:54) Produto existe (id:1379998)
(18:37:54) Preço Produto: Venda: 24,87 ( 0 x 0,00 ) Id PrecoProduto: 0
(18:37:55) Preçco mais recente: Venda: 13,90 ( 0 x 0,00 ) Id PrecoProduto: 7011710
(18:37:55) Mudança de preço
(18:37:55) Mudança de preço (Ajuste:-78.920876)
(18:37:55) Produto: Protetor Labial Nivea Fruity Shine Melancia 4,8g ( https://www.americanas.com.br/produto/51962838?pfm_carac=L%C3%A1bios&pfm_index=8&pfm_page=category&pfm_pos=grid&pfm_type=vit_product_grid )  cont: 9
(18:37:55) Origem: https://www.americanas.com.br/categoria/beleza-e-perfumaria/maquiagem/labios?ordenacao=topSelling
(18:37:57) Produto existe (id:1689142)
(18:37:57) Preço Produto: Venda: 18,49 ( 0 x 0,00 ) Id PrecoProduto: 0
(18:37:57) Preçco mais recente: Venda: 18,49 ( 0 x 0,00 ) Id PrecoProduto: 7042091
(18:37:57) Mesmo preço
(18:37:57) Produto: Hidra Cover 7N 4ml Maria Margarida ( https://www.americanas.com.br/produto/1693510580?pfm_carac=L%C3%A1bios&pfm_index=9&pfm_page=category&pfm_pos=grid&pfm_type=vit_product_grid )  cont: 10
(18:37:57) Origem: https://www.americanas.com.br/categoria/beleza-e-perfumaria/maquiagem/labios?ordenacao=topSelling
(18:38:00) Produto nao existe
(18:38:00) Codigo Produto:1728037
(18:38:00) Preço Produto: Venda: 36,90 ( 0 x 0,00 ) Id PrecoProduto: 0
(18:38:00) Não existe preço
(18:38:00) Produto: Brs-1815-02 Pincel Princesa Ariel Verde ( https://www.americanas.com.br/produto/1651576281?pfm_carac=L%C3%A1bios&pfm_index=10&pfm_page=category&pfm_pos=grid&pfm_type=vit_product_grid )  cont: 11
(18:38:00) Origem: https://www.americanas.com.br/categoria/beleza-e-perfumaria/maquiagem/labios?ordenacao=topSelling
(18:38:02) Produto nao existe
(18:38:02) Codigo Produto:1728038
(18:38:02) Preço Produto: Venda: 17,60 ( 0 x 0,00 ) Id PrecoProduto: 0
(18:38:02) Não existe preço
(18:38:02) Produto: Hidra Cover 6N 4ml Maria Margarida ( https://www.americanas.com.br/produto/1693514986?pfm_carac=L%C3%A1bios&pfm_index=11&pfm_page=category&pfm_pos=grid&pfm_type=vit_product_grid )  cont: 12
(18:38:02) Origem: https://www.americanas.com.br/categoria/beleza-e-perfumaria/maquiagem/labios?ordenacao=topSelling
(18:38:04) Produto nao existe
(18:38:04) Codigo Produto:1728039
(18:38:04) Preço Produto: Venda: 38,90 ( 0 x 0,00 ) Id PrecoProduto: 0
(18:38:04) Não existe preço
(18:38:04) Produto: Hidra Cover 8N 4ml Maria Margarida ( https://www.americanas.com.br/produto/1693512201?pfm_carac=L%C3%A1bios&pfm_index=12&pfm_page=category&pfm_pos=grid&pfm_type=vit_product_grid )  cont: 13
(18:38:04) Origem: https://www.americanas.com.br/categoria/beleza-e-perfumaria/maquiagem/labios?ordenacao=topSelling
(18:38:07) Produto nao existe
(18:38:07) Codigo Produto:1728040
(18:38:07) Preço Produto: Venda: 38,90 ( 0 x 0,00 ) Id PrecoProduto: 0
(18:38:07) Não existe preço
(18:38:07) Produto: Lip & Cheek Paleta De Blushes Cremosos Nathalia Capelo ( https://www.americanas.com.br/produto/1878100430?pfm_carac=L%C3%A1bios&pfm_index=13&pfm_page=category&pfm_pos=grid&pfm_type=vit_product_grid )  cont: 14
(18:38:07) Origem: https://www.americanas.com.br/categoria/beleza-e-perfumaria/maquiagem/labios?ordenacao=topSelling
(18:38:09) Produto existe (id:1706527)
(18:38:09) Preço Produto: Venda: 74,90 ( 0 x 0,00 ) Id PrecoProduto: 0
(18:38:09) Preçco mais recente: Venda: 74,90 ( 0 x 0,00 ) Id PrecoProduto: 7065880
(18:38:09) Mesmo preço
(18:38:09) Produto: Batom Super Mate Soul Kiss Me Nude Básico 3,5g - Eudora ( https://www.americanas.com.br/produto/1393859691?pfm_carac=L%C3%A1bios&pfm_index=14&pfm_page=category&pfm_pos=grid&pfm_type=vit_product_grid )  cont: 15
(18:38:09) Origem: https://www.americanas.com.br/categoria/beleza-e-perfumaria/maquiagem/labios?ordenacao=topSelling
(18:38:12) Produto existe (id:1241526)
(18:38:12) Preço Produto: Venda: 11,79 ( 0 x 0,00 ) Id PrecoProduto: 0
(18:38:12) Preçco mais recente: Venda: 11,79 ( 0 x 0,00 ) Id PrecoProduto: 6273229
(18:38:12) Mesmo preço
(18:38:12) Produto: Kit 2 batons Maybelline cores - coral 520 e rosa 80 ( https://www.americanas.com.br/produto/2388760638?pfm_carac=L%C3%A1bios&pfm_index=15&pfm_page=category&pfm_pos=grid&pfm_type=vit_product_grid )  cont: 16
(18:38:12) Origem: https://www.americanas.com.br/categoria/beleza-e-perfumaria/maquiagem/labios?ordenacao=topSelling
(18:38:15) Produto nao existe
(18:38:15) Codigo Produto:1728041
(18:38:15) Preço Produto: Venda: 62,40 ( 0 x 0,00 ) Id PrecoProduto: 0
(18:38:15) Não existe preço
(18:38:15) Produto: Zanzea Mulheres Manga Curta Casual Splice Solto Oversize Vestido Midi Sundress Plus ( https://www.americanas.com.br/produto/1524591489?pfm_carac=L%C3%A1bios&pfm_index=16&pfm_page=category&pfm_pos=grid&pfm_type=vit_product_grid )  cont: 17
(18:38:15) Origem: https://www.americanas.com.br/categoria/beleza-e-perfumaria/maquiagem/labios?ordenacao=topSelling
(18:38:17) Produto nao existe
(18:38:17) Codigo Produto:1728042
(18:38:17) Preço Produto: Venda: 118,03 ( 0 x 0,00 ) Id PrecoProduto: 0
(18:38:17) Não existe preço
(18:38:17) Produto: Kit 2 batons Maybelline cores - vermelho 20 e rosa 95 ( https://www.americanas.com.br/produto/2388435350?pfm_carac=L%C3%A1bios&pfm_index=17&pfm_page=category&pfm_pos=grid&pfm_type=vit_product_grid )  cont: 18
(18:38:17) Origem: https://www.americanas.com.br/categoria/beleza-e-perfumaria/maquiagem/labios?ordenacao=topSelling
(18:38:20) Produto nao existe
(18:38:20) Codigo Produto:1728043
(18:38:20) Preço Produto: Venda: 62,40 ( 0 x 0,00 ) Id PrecoProduto: 0
(18:38:20) Não existe preço
(18:38:20) Produto: Kit 2 batons Maybelline cores -rosa 510 e roxo 535 ( https://www.americanas.com.br/produto/2388437259?pfm_carac=L%C3%A1bios&pfm_index=18&pfm_page=category&pfm_pos=grid&pfm_type=vit_product_grid )  cont: 19
(18:38:20) Origem: https://www.americanas.com.br/categoria/beleza-e-perfumaria/maquiagem/labios?ordenacao=topSelling
(18:38:22) Produto nao existe
(18:38:22) Codigo Produto:1728044
(18:38:22) Preço Produto: Venda: 62,40 ( 0 x 0,00 ) Id PrecoProduto: 0
(18:38:22) Não existe preço
(18:38:22) Produto: Kit 2 batons Maybelline cores - coral 520 e rosa 95 ( https://www.americanas.com.br/produto/2388438649?pfm_carac=L%C3%A1bios&pfm_index=19&pfm_page=category&pfm_pos=grid&pfm_type=vit_product_grid )  cont: 20
(18:38:22) Origem: https://www.americanas.com.br/categoria/beleza-e-perfumaria/maquiagem/labios?ordenacao=topSelling
(18:38:24) Produto nao existe
(18:38:24) Codigo Produto:1728045
(18:38:24) Preço Produto: Venda: 62,40 ( 0 x 0,00 ) Id PrecoProduto: 0
(18:38:24) Não existe preço
(18:38:24) Produto: Kit 2 batons Maybelline cores - rosa 75 e rosa 100 ( https://www.americanas.com.br/produto/2388438737?pfm_carac=L%C3%A1bios&pfm_index=20&pfm_page=category&pfm_pos=grid&pfm_type=vit_product_grid )  cont: 21
(18:38:24) Origem: https://www.americanas.com.br/categoria/beleza-e-perfumaria/maquiagem/labios?ordenacao=topSelling
(18:38:27) Produto nao existe
(18:38:27) Codigo Produto:1728046
(18:38:27) Preço Produto: Venda: 62,40 ( 0 x 0,00 ) Id PrecoProduto: 0
(18:38:27) Não existe preço
(18:38:27) Produto: Kit 2 batons Maybelline cores - rosa 100 e roxo 50 ( https://www.americanas.com.br/produto/2387745241?pfm_carac=L%C3%A1bios&pfm_index=21&pfm_page=category&pfm_pos=grid&pfm_type=vit_product_grid )  cont: 22
(18:38:27) Origem: https://www.americanas.com.br/categoria/beleza-e-perfumaria/maquiagem/labios?ordenacao=topSelling
(18:38:29) Produto nao existe
(18:38:29) Codigo Produto:1728047
(18:38:29) Preço Produto: Venda: 62,40 ( 0 x 0,00 ) Id PrecoProduto: 0
(18:38:29) Não existe preço
(18:38:29) Produto: Kit 2 batons Maybelline cores - rosa 75 e roxo 50 ( https://www.americanas.com.br/produto/2388435122?pfm_carac=L%C3%A1bios&pfm_index=22&pfm_page=category&pfm_pos=grid&pfm_type=vit_product_grid )  cont: 23
(18:38:29) Origem: https://www.americanas.com.br/categoria/beleza-e-perfumaria/maquiagem/labios?ordenacao=topSelling
(18:38:31) Produto existe (id:1683413)
(18:38:31) Preço Produto: Venda: 62,40 ( 0 x 0,00 ) Id PrecoProduto: 0
(18:38:31) Preçco mais recente: Venda: 62,40 ( 0 x 0,00 ) Id PrecoProduto: 7030019
(18:38:31) Mesmo preço
(18:38:32) Produto: Kit 2 batons Maybelline cores - rosa 75 e roxo 515 ( https://www.americanas.com.br/produto/2388434226?pfm_carac=L%C3%A1bios&pfm_index=23&pfm_page=category&pfm_pos=grid&pfm_type=vit_product_grid )  cont: 24
(18:38:32) Origem: https://www.americanas.com.br/categoria/beleza-e-perfumaria/maquiagem/labios?ordenacao=topSelling
(18:38:34) Produto nao existe
(18:38:34) Codigo Produto:1728048
(18:38:34) Preço Produto: Venda: 62,40 ( 0 x 0,00 ) Id PrecoProduto: 0
(18:38:34) Não existe preço
(18:38:55) Produto: Protetor Labial Nivea Essential Care ( https://www.americanas.com.br/produto/325899?pfm_carac=L%C3%A1bios&pfm_page=category&pfm_pos=grid&pfm_type=vit_product_grid )  cont: 25
(18:38:55) Origem: https://www.americanas.com.br/categoria/beleza-e-perfumaria/maquiagem/labios/pagina-2?ordenacao=topSelling
(18:38:57) Produto nao existe
(18:38:58) Codigo Produto:1728049
(18:38:58) Preço Produto: Venda: 14,69 ( 0 x 0,00 ) Id PrecoProduto: 0
(18:38:58) Não existe preço
(18:38:58) Produto: Batom Super Mate Soul Kiss Me Nude Queridinho 3,5g - Eudora ( https://www.americanas.com.br/produto/1393860705?pfm_carac=L%C3%A1bios&pfm_index=1&pfm_page=category&pfm_pos=grid&pfm_type=vit_product_grid )  cont: 26
(18:38:58) Origem: https://www.americanas.com.br/categoria/beleza-e-perfumaria/maquiagem/labios/pagina-2?ordenacao=topSelling
(18:39:00) Produto existe (id:1285123)
(18:39:00) Preço Produto: Venda: 15,33 ( 0 x 0,00 ) Id PrecoProduto: 0
(18:39:00) Preçco mais recente: Venda: 15,33 ( 0 x 0,00 ) Id PrecoProduto: 6614939
(18:39:00) Mesmo preço
(18:39:00) Produto: Gloss Lip Volumoso Max Love Produto Vegano 4ml ( https://www.americanas.com.br/produto/525825355?pfm_carac=L%C3%A1bios&pfm_index=2&pfm_page=category&pfm_pos=grid&pfm_type=vit_product_grid )  cont: 27
(18:39:00) Origem: https://www.americanas.com.br/categoria/beleza-e-perfumaria/maquiagem/labios/pagina-2?ordenacao=topSelling
(18:39:03) Produto existe (id:1363803)
(18:39:03) Preço Produto: Venda: 16,49 ( 0 x 0,00 ) Id PrecoProduto: 0
(18:39:03) Preçco mais recente: Venda: 16,49 ( 0 x 0,00 ) Id PrecoProduto: 6634023
(18:39:03) Mesmo preço
(18:39:03) Produto: Biore Women Pore Cleansing Pack for Nose White 4Pcs ( https://www.americanas.com.br/produto/1765626072?pfm_carac=L%C3%A1bios&pfm_index=3&pfm_page=category&pfm_pos=grid&pfm_type=vit_product_grid )  cont: 28
(18:39:03) Origem: https://www.americanas.com.br/categoria/beleza-e-perfumaria/maquiagem/labios/pagina-2?ordenacao=topSelling
(18:39:05) Produto nao existe
(18:39:05) Codigo Produto:1728050
(18:39:05) Preço Produto: Venda: 32,09 ( 0 x 0,00 ) Id PrecoProduto: 0
(18:39:05) Não existe preço
(18:39:05) Produto: Batom Vult ( https://www.americanas.com.br/produto/117268158?pfm_carac=L%C3%A1bios&pfm_index=4&pfm_page=category&pfm_pos=grid&pfm_type=vit_product_grid )  cont: 29
(18:39:05) Origem: https://www.americanas.com.br/categoria/beleza-e-perfumaria/maquiagem/labios/pagina-2?ordenacao=topSelling
(18:39:08) Produto existe (id:1154715)
(18:39:08) Preço Produto: Venda: 12,99 ( 0 x 0,00 ) Id PrecoProduto: 0
(18:39:08) Preçco mais recente: Venda: 18,52 ( 0 x 0,00 ) Id PrecoProduto: 6699382
(18:39:08) Mudança de preço
(18:39:08) Mudança de preço (Ajuste:29.859615)
(18:39:08) Produto: kit 3 batons Maybellin cores : rosa 10 - pink 85 - roxo 535 ( https://www.americanas.com.br/produto/2388441549?pfm_carac=L%C3%A1bios&pfm_index=5&pfm_page=category&pfm_pos=grid&pfm_type=vit_product_grid )  cont: 30
(18:39:08) Origem: https://www.americanas.com.br/categoria/beleza-e-perfumaria/maquiagem/labios/pagina-2?ordenacao=topSelling
(18:39:10) Produto nao existe
(18:39:10) Codigo Produto:1728051
(18:39:10) Preço Produto: Venda: 93,60 ( 0 x 0,00 ) Id PrecoProduto: 0
(18:39:10) Não existe preço
(18:39:10) Produto: Lip Tint Para Lábios E Bochechas Tropic Tint 2,5ml Morango Ruby Rose Hb 550 01 Unidade ( https://www.americanas.com.br/produto/176508191?pfm_carac=L%C3%A1bios&pfm_index=6&pfm_page=category&pfm_pos=grid&pfm_type=vit_product_grid )  cont: 31
(18:39:10) Origem: https://www.americanas.com.br/categoria/beleza-e-perfumaria/maquiagem/labios/pagina-2?ordenacao=topSelling
(18:39:13) Produto existe (id:1182593)
(18:39:13) Preço Produto: Venda: 18,90 ( 0 x 0,00 ) Id PrecoProduto: 0
(18:39:13) Preçco mais recente: Venda: 8,99 ( 0 x 0,00 ) Id PrecoProduto: 6503897
(18:39:13) Mudança de preço
(18:39:13) Mudança de preço (Ajuste:-110.2336)
(18:39:13) Produto: Protetor Labial Nivea Med Protection FPS 15 ( https://www.americanas.com.br/produto/120469196?pfm_carac=L%C3%A1bios&pfm_index=7&pfm_page=category&pfm_pos=grid&pfm_type=vit_product_grid )  cont: 32
(18:39:13) Origem: https://www.americanas.com.br/categoria/beleza-e-perfumaria/maquiagem/labios/pagina-2?ordenacao=topSelling
(18:39:16) Produto existe (id:1244074)
(18:39:16) Preço Produto: Venda: 21,36 ( 0 x 0,00 ) Id PrecoProduto: 0
(18:39:16) Preçco mais recente: Venda: 16,99 ( 0 x 0,00 ) Id PrecoProduto: 6276084
(18:39:16) Mudança de preço
(18:39:16) Mudança de preço (Ajuste:-25.721016)
(18:39:16) Produto: Batom Anastasia Batom Rosa ( https://www.americanas.com.br/produto/1868307365?pfm_carac=L%C3%A1bios&pfm_index=8&pfm_page=category&pfm_pos=grid&pfm_type=vit_product_grid )  cont: 33
(18:39:16) Origem: https://www.americanas.com.br/categoria/beleza-e-perfumaria/maquiagem/labios/pagina-2?ordenacao=topSelling
(18:39:18) Produto existe (id:1474770)
(18:39:18) Preço Produto: Venda: 217,78 ( 0 x 0,00 ) Id PrecoProduto: 0
(18:39:19) Preçco mais recente: Venda: 217,78 ( 0 x 0,00 ) Id PrecoProduto: 6645285
(18:39:19) Mesmo preço
(18:39:19) Produto: Batom Anastasia Batom Dourado ( https://www.americanas.com.br/produto/1868307074?pfm_carac=L%C3%A1bios&pfm_index=9&pfm_page=category&pfm_pos=grid&pfm_type=vit_product_grid )  cont: 34
(18:39:19) Origem: https://www.americanas.com.br/categoria/beleza-e-perfumaria/maquiagem/labios/pagina-2?ordenacao=topSelling
(18:39:21) Produto existe (id:1540913)
(18:39:21) Preço Produto: Venda: 217,78 ( 0 x 0,00 ) Id PrecoProduto: 0
(18:39:21) Preçco mais recente: Venda: 217,78 ( 0 x 0,00 ) Id PrecoProduto: 6785863
(18:39:21) Mesmo preço
(18:39:21) Produto: Lip Tint Tropic Tutti-Frutti - Ruby Rose ( https://www.americanas.com.br/produto/1394129578?pfm_carac=L%C3%A1bios&pfm_index=10&pfm_page=category&pfm_pos=grid&pfm_type=vit_product_grid )  cont: 35
(18:39:21) Origem: https://www.americanas.com.br/categoria/beleza-e-perfumaria/maquiagem/labios/pagina-2?ordenacao=topSelling
(18:39:24) Produto existe (id:1340663)
(18:39:24) Preço Produto: Venda: 15,69 ( 0 x 0,00 ) Id PrecoProduto: 0
(18:39:24) Preçco mais recente: Venda: 14,99 ( 0 x 0,00 ) Id PrecoProduto: 6427902
(18:39:24) Mudança de preço
(18:39:24) Mudança de preço (Ajuste:-4.669779)
(18:39:24) Produto: Batom Gloss Incolor com brilho Látex Max Love MAÇA ( https://www.americanas.com.br/produto/1772110939?pfm_carac=L%C3%A1bios&pfm_index=11&pfm_page=category&pfm_pos=grid&pfm_type=vit_product_grid )  cont: 36
(18:39:24) Origem: https://www.americanas.com.br/categoria/beleza-e-perfumaria/maquiagem/labios/pagina-2?ordenacao=topSelling
(18:39:27) Produto nao existe
(18:39:27) Codigo Produto:1728052
(18:39:27) Preço Produto: Venda: 12,99 ( 0 x 0,00 ) Id PrecoProduto: 0
(18:39:27) Não existe preço
(18:39:27) Produto: Batom Maybelline Color Sensational Matte 315 Faça Acontecer ( https://www.americanas.com.br/produto/127370931?pfm_carac=L%C3%A1bios&pfm_index=12&pfm_page=category&pfm_pos=grid&pfm_type=vit_product_grid )  cont: 37
(18:39:27) Origem: https://www.americanas.com.br/categoria/beleza-e-perfumaria/maquiagem/labios/pagina-2?ordenacao=topSelling
(18:39:29) Produto nao existe
(18:39:29) Codigo Produto:1728053
(18:39:29) Preço Produto: Venda: 26,90 ( 0 x 0,00 ) Id PrecoProduto: 0
(18:39:29) Não existe preço
(18:39:29) Produto: Lip Tint Boca Rosa Beauty - Payot ( https://www.americanas.com.br/produto/72150761?pfm_carac=L%C3%A1bios&pfm_index=13&pfm_page=category&pfm_pos=grid&pfm_type=vit_product_grid )  cont: 38
(18:39:29) Origem: https://www.americanas.com.br/categoria/beleza-e-perfumaria/maquiagem/labios/pagina-2?ordenacao=topSelling
(18:39:31) Produto existe (id:1256846)
(18:39:31) Preço Produto: Venda: 39,99 ( 0 x 0,00 ) Id PrecoProduto: 0
(18:39:31) Preçco mais recente: Venda: 59,90 ( 0 x 0,00 ) Id PrecoProduto: 7073137
(18:39:31) Mudança de preço
(18:39:31) Mudança de preço (Ajuste:33.23873)
(18:42:33) Loja:Americanas
(18:44:34) Categoria:Labios
(18:44:34) CategoriaLoja(detalhe):CategoriaLoja {IdCategoriaLoja:1583;Nome:Labios;Url:https://www.americanas.com.br/categoria/beleza-e-perfumaria/maquiagem/labios?ordenacao=topSelling;DataInclusao:05-08-2019;IdCategoriaLojaF:0;IdNaturezaProdutoRa:26;IdLojaVirtualPa:1;}
(18:44:36) URL: https://www.americanas.com.br/categoria/beleza-e-perfumaria/maquiagem/labios?ordenacao=topSelling
(18:44:38) Produto: Zanzea Mulheres Manga Curta Casual Splice Solto Oversize Vestido Midi Sundress Plus ( https://www.americanas.com.br/produto/1524522328?pfm_carac=L%C3%A1bios&pfm_page=category&pfm_pos=grid&pfm_type=vit_product_grid )  cont: 1
(18:44:38) Origem: https://www.americanas.com.br/categoria/beleza-e-perfumaria/maquiagem/labios?ordenacao=topSelling
(18:44:41) Produto existe (id:1728034)
(18:44:41) Preço Produto: Venda: 99,53 ( 0 x 0,00 ) Id PrecoProduto: 0
(18:44:41) Preçco mais recente: Venda: 99,53 ( 0 x 0,00 ) Id PrecoProduto: 7094852
(18:44:41) Mesmo preço
(18:44:41) Produto: Zanzea Mulheres Manga Curta Casual Splice Solto Oversize Vestido Midi Sundress Plus ( https://www.americanas.com.br/produto/1524819818?pfm_carac=L%C3%A1bios&pfm_index=1&pfm_page=category&pfm_pos=grid&pfm_type=vit_product_grid )  cont: 2
(18:44:41) Origem: https://www.americanas.com.br/categoria/beleza-e-perfumaria/maquiagem/labios?ordenacao=topSelling
(18:44:43) Produto existe (id:1728035)
(18:44:43) Preço Produto: Venda: 98,12 ( 0 x 0,00 ) Id PrecoProduto: 0
(18:44:43) Preçco mais recente: Venda: 98,12 ( 0 x 0,00 ) Id PrecoProduto: 7094853
(18:44:43) Mesmo preço
(18:44:43) Produto: Protetor Labial Nivea - Cereja Shine ( https://www.americanas.com.br/produto/599909148?pfm_carac=L%C3%A1bios&pfm_index=2&pfm_page=category&pfm_pos=grid&pfm_type=vit_product_grid )  cont: 3
(18:44:43) Origem: https://www.americanas.com.br/categoria/beleza-e-perfumaria/maquiagem/labios?ordenacao=topSelling
(18:44:46) Produto existe (id:1632986)
(18:44:46) Preço Produto: Venda: 17,90 ( 0 x 0,00 ) Id PrecoProduto: 0
(18:44:46) Preçco mais recente: Venda: 17,90 ( 0 x 0,00 ) Id PrecoProduto: 7094854
(18:44:46) Mesmo preço
(18:44:46) Produto: Nivea - Lip Care Morango ( https://www.americanas.com.br/produto/325905?pfm_carac=L%C3%A1bios&pfm_index=3&pfm_page=category&pfm_pos=grid&pfm_type=vit_product_grid )  cont: 4
(18:44:46) Origem: https://www.americanas.com.br/categoria/beleza-e-perfumaria/maquiagem/labios?ordenacao=topSelling
(18:44:48) Produto existe (id:1711842)
(18:44:48) Preço Produto: Venda: 14,69 ( 0 x 0,00 ) Id PrecoProduto: 0
(18:44:48) Preçco mais recente: Venda: 14,69 ( 0 x 0,00 ) Id PrecoProduto: 7094855
(18:44:48) Mesmo preço
(18:44:48) Produto: Dalla Makeup Top Coat Labial Efeito Espelhado Vegano ( https://www.americanas.com.br/produto/1740290787?pfm_carac=L%C3%A1bios&pfm_index=4&pfm_page=category&pfm_pos=grid&pfm_type=vit_product_grid )  cont: 5
(18:44:48) Origem: https://www.americanas.com.br/categoria/beleza-e-perfumaria/maquiagem/labios?ordenacao=topSelling
(18:44:51) Produto existe (id:1728036)
(18:44:51) Preço Produto: Venda: 13,90 ( 0 x 0,00 ) Id PrecoProduto: 0
(18:44:51) Preçco mais recente: Venda: 13,90 ( 0 x 0,00 ) Id PrecoProduto: 7094856
(18:44:51) Mesmo preço
(18:44:51) Produto: Batom Mate Soul Kiss Me Vinho Expressão 3,5g - Eudora ( https://www.americanas.com.br/produto/1393875798?pfm_carac=L%C3%A1bios&pfm_index=5&pfm_page=category&pfm_pos=grid&pfm_type=vit_product_grid )  cont: 6
(18:44:51) Origem: https://www.americanas.com.br/categoria/beleza-e-perfumaria/maquiagem/labios?ordenacao=topSelling
(18:44:53) Produto existe (id:1194939)
(18:44:53) Preço Produto: Venda: 15,33 ( 0 x 0,00 ) Id PrecoProduto: 0
(18:44:53) Preçco mais recente: Venda: 15,33 ( 0 x 0,00 ) Id PrecoProduto: 6218859
(18:44:53) Mesmo preço
(18:44:53) Produto: Batom Longa Duração Lip Deluxe Nude Único 3,5g - Eudora ( https://www.americanas.com.br/produto/1393867448?pfm_carac=L%C3%A1bios&pfm_index=6&pfm_page=category&pfm_pos=grid&pfm_type=vit_product_grid )  cont: 7
(18:44:53) Origem: https://www.americanas.com.br/categoria/beleza-e-perfumaria/maquiagem/labios?ordenacao=topSelling
(18:44:55) Produto existe (id:1217075)
(18:44:55) Preço Produto: Venda: 17,69 ( 0 x 0,00 ) Id PrecoProduto: 0
(18:44:55) Preçco mais recente: Venda: 17,69 ( 0 x 0,00 ) Id PrecoProduto: 7094857
(18:44:55) Mesmo preço
(18:44:55) Produto: Batom Tinta Dna Italy Love Lip Color 10ml Cor Love Red 1und ( https://www.americanas.com.br/produto/49934433?pfm_carac=L%C3%A1bios&pfm_index=7&pfm_page=category&pfm_pos=grid&pfm_type=vit_product_grid )  cont: 8
(18:44:55) Origem: https://www.americanas.com.br/categoria/beleza-e-perfumaria/maquiagem/labios?ordenacao=topSelling
