(12:18:17) Loja:Casas Bahia
(12:19:21) Categoria:Notebooks
(12:19:21) CategoriaLoja(detalhe):CategoriaLoja {IdCategoriaLoja:824;Nome:Notebooks;Url:http://www.casasbahia.com.br/Informatica/Notebook/?Filtro=C56_C57;DataInclusao:27-03-2015;IdCategoriaLojaF:0;IdNaturezaProdutoRa:10;IdLojaVirtualPa:8;}
(12:19:23) URL: http://www.casasbahia.com.br/Informatica/Notebook/?Filtro=C56_C57
(12:25:14) Loja:Casas Bahia
(12:26:19) Categoria:Notebooks
(12:26:19) CategoriaLoja(detalhe):CategoriaLoja {IdCategoriaLoja:824;Nome:Notebooks;Url:http://www.casasbahia.com.br/Informatica/Notebook/?Filtro=C56_C57;DataInclusao:27-03-2015;IdCategoriaLojaF:0;IdNaturezaProdutoRa:10;IdLojaVirtualPa:8;}
(12:26:45) URL: http://www.casasbahia.com.br/Informatica/Notebook/?Filtro=C56_C57
(12:37:48) Loja:Casas Bahia
(12:38:50) Categoria:Notebooks
(12:38:50) CategoriaLoja(detalhe):CategoriaLoja {IdCategoriaLoja:824;Nome:Notebooks;Url:http://www.casasbahia.com.br/Informatica/Notebook/?Filtro=C56_C57;DataInclusao:27-03-2015;IdCategoriaLojaF:0;IdNaturezaProdutoRa:10;IdLojaVirtualPa:8;}
(12:39:10) URL: http://www.casasbahia.com.br/Informatica/Notebook/?Filtro=C56_C57
(12:41:02) Loja:Casas Bahia
(12:42:11) Categoria:Notebooks
(12:42:11) CategoriaLoja(detalhe):CategoriaLoja {IdCategoriaLoja:824;Nome:Notebooks;Url:https://www.casasbahia.com.br/Informatica/Notebook/?Filtro=C56_C57;DataInclusao:27-03-2015;IdCategoriaLojaF:0;IdNaturezaProdutoRa:10;IdLojaVirtualPa:8;}
(12:42:17) URL: https://www.casasbahia.com.br/Informatica/Notebook/?Filtro=C56_C57
(12:44:30) Loja:Casas Bahia
(12:45:35) Categoria:Notebooks
(12:45:35) CategoriaLoja(detalhe):CategoriaLoja {IdCategoriaLoja:824;Nome:Notebooks;Url:https://www.casasbahia.com.br/Informatica/Notebook/?Filtro=C56_C57;DataInclusao:27-03-2015;IdCategoriaLojaF:0;IdNaturezaProdutoRa:10;IdLojaVirtualPa:8;}
(12:45:40) URL: https://www.casasbahia.com.br/Informatica/Notebook/?Filtro=C56_C57
(12:46:30) Loja:Casas Bahia
(12:47:34) Categoria:Notebooks
(12:47:34) CategoriaLoja(detalhe):CategoriaLoja {IdCategoriaLoja:824;Nome:Notebooks;Url:https://www.casasbahia.com.br/Informatica/Notebook/?Filtro=C56_C57;DataInclusao:27-03-2015;IdCategoriaLojaF:0;IdNaturezaProdutoRa:10;IdLojaVirtualPa:8;}
(12:49:39) Loja:Casas Bahia
(12:50:44) Categoria:Notebooks
(12:50:44) CategoriaLoja(detalhe):CategoriaLoja {IdCategoriaLoja:824;Nome:Notebooks;Url:https://www.casasbahia.com.br/Informatica/Notebook/?Filtro=C56_C57;DataInclusao:27-03-2015;IdCategoriaLojaF:0;IdNaturezaProdutoRa:10;IdLojaVirtualPa:8;}
(12:51:12) URL: https://www.casasbahia.com.br/Informatica/Notebook/?Filtro=C56_C57
(12:52:04) Loja:Casas Bahia
(12:53:10) Categoria:Notebooks
(12:53:10) CategoriaLoja(detalhe):CategoriaLoja {IdCategoriaLoja:824;Nome:Notebooks;Url:https://www.casasbahia.com.br/Informatica/Notebook/?Filtro=C56_C57;DataInclusao:27-03-2015;IdCategoriaLojaF:0;IdNaturezaProdutoRa:10;IdLojaVirtualPa:8;}
(12:53:11) URL: https://www.casasbahia.com.br/Informatica/Notebook/?Filtro=C56_C57
